<?xml version="1.0" encoding="UTF-8"?>
<testsuite xmlns:xsi="http://www.w3.org/2001/XMLSchema-instance" xsi:noNamespaceSchemaLocation="https://maven.apache.org/surefire/maven-surefire-plugin/xsd/surefire-test-report-3.0.xsd" version="3.0" name="br.com.FuriniSolutions.dao.ItemNotaDAOIT" time="0.426" tests="5" errors="0" skipped="0" failures="0">
  <properties>
    <property name="java.specification.version" value="18"/>
    <property name="sun.cpu.isalist" value="amd64"/>
    <property name="sun.jnu.encoding" value="Cp1252"/>
    <property name="java.class.path" value="E:\LPIII\Trabalho_2bim\target\test-classes;E:\LPIII\Trabalho_2bim\target\classes;C:\Users\lucas\.m2\repository\com\mysql\mysql-connector-j\9.0.0\mysql-connector-j-9.0.0.jar;C:\Users\lucas\.m2\repository\com\google\protobuf\protobuf-java\4.26.1\protobuf-java-4.26.1.jar;C:\Users\lucas\.m2\repository\org\junit\jupiter\junit-jupiter-api\5.9.0\junit-jupiter-api-5.9.0.jar;C:\Users\lucas\.m2\repository\org\opentest4j\opentest4j\1.2.0\opentest4j-1.2.0.jar;C:\Users\lucas\.m2\repository\org\junit\platform\junit-platform-commons\1.9.0\junit-platform-commons-1.9.0.jar;C:\Users\lucas\.m2\repository\org\apiguardian\apiguardian-api\1.1.2\apiguardian-api-1.1.2.jar;C:\Users\lucas\.m2\repository\org\junit\jupiter\junit-jupiter-engine\5.9.0\junit-jupiter-engine-5.9.0.jar;C:\Users\lucas\.m2\repository\org\junit\platform\junit-platform-engine\1.9.0\junit-platform-engine-1.9.0.jar;C:\Users\lucas\.m2\repository\org\junit\platform\junit-platform-launcher\1.9.0\junit-platform-launcher-1.9.0.jar;"/>
    <property name="java.vm.vendor" value="Oracle Corporation"/>
    <property name="sun.arch.data.model" value="64"/>
    <property name="user.variant" value=""/>
    <property name="java.vendor.url" value="https://java.oracle.com/"/>
    <property name="user.timezone" value="America/Sao_Paulo"/>
    <property name="os.name" value="Windows 11"/>
    <property name="java.vm.specification.version" value="18"/>
    <property name="user.country" value="BR"/>
    <property name="sun.java.launcher" value="SUN_STANDARD"/>
    <property name="sun.boot.library.path" value="C:\Program Files\Java\jdk-18.0.1.1\bin"/>
    <property name="sun.java.command" value="C:\Users\lucas\AppData\Local\Temp\surefire10797039776706962719\surefirebooter5212887175098713821.jar C:\Users\lucas\AppData\Local\Temp\surefire10797039776706962719 2024-10-03T22-35-20_803-jvmRun1 surefire15758695845241723921tmp surefire_01377124968357675464tmp"/>
    <property name="jdk.debug" value="release"/>
    <property name="test" value="br.com.FuriniSolutions.dao.ItemNotaDAOIT"/>
    <property name="surefire.test.class.path" value="E:\LPIII\Trabalho_2bim\target\test-classes;E:\LPIII\Trabalho_2bim\target\classes;C:\Users\lucas\.m2\repository\com\mysql\mysql-connector-j\9.0.0\mysql-connector-j-9.0.0.jar;C:\Users\lucas\.m2\repository\com\google\protobuf\protobuf-java\4.26.1\protobuf-java-4.26.1.jar;C:\Users\lucas\.m2\repository\org\junit\jupiter\junit-jupiter-api\5.9.0\junit-jupiter-api-5.9.0.jar;C:\Users\lucas\.m2\repository\org\opentest4j\opentest4j\1.2.0\opentest4j-1.2.0.jar;C:\Users\lucas\.m2\repository\org\junit\platform\junit-platform-commons\1.9.0\junit-platform-commons-1.9.0.jar;C:\Users\lucas\.m2\repository\org\apiguardian\apiguardian-api\1.1.2\apiguardian-api-1.1.2.jar;C:\Users\lucas\.m2\repository\org\junit\jupiter\junit-jupiter-engine\5.9.0\junit-jupiter-engine-5.9.0.jar;C:\Users\lucas\.m2\repository\org\junit\platform\junit-platform-engine\1.9.0\junit-platform-engine-1.9.0.jar;C:\Users\lucas\.m2\repository\org\junit\platform\junit-platform-launcher\1.9.0\junit-platform-launcher-1.9.0.jar;"/>
    <property name="sun.cpu.endian" value="little"/>
    <property name="user.home" value="C:\Users\lucas"/>
    <property name="user.language" value="pt"/>
    <property name="java.specification.vendor" value="Oracle Corporation"/>
    <property name="java.version.date" value="2022-04-22"/>
    <property name="java.home" value="C:\Program Files\Java\jdk-18.0.1.1"/>
    <property name="file.separator" value="\"/>
    <property name="basedir" value="E:\LPIII\Trabalho_2bim"/>
    <property name="java.vm.compressedOopsMode" value="Zero based"/>
    <property name="line.separator" value="&#10;"/>
    <property name="java.vm.specification.vendor" value="Oracle Corporation"/>
    <property name="java.specification.name" value="Java Platform API Specification"/>
    <property name="surefire.real.class.path" value="C:\Users\lucas\AppData\Local\Temp\surefire10797039776706962719\surefirebooter5212887175098713821.jar"/>
    <property name="jdk.net.URLClassPath.disableClassPathURLCheck" value="true"/>
    <property name="user.script" value=""/>
    <property name="sun.management.compiler" value="HotSpot 64-Bit Tiered Compilers"/>
    <property name="java.runtime.version" value="18.0.1.1+2-6"/>
    <property name="user.name" value="lucas"/>
    <property name="path.separator" value=";"/>
    <property name="os.version" value="10.0"/>
    <property name="java.runtime.name" value="Java(TM) SE Runtime Environment"/>
    <property name="file.encoding" value="UTF-8"/>
    <property name="java.vm.name" value="Java HotSpot(TM) 64-Bit Server VM"/>
    <property name="maven.ext.class.path" value="C:\Program Files\NetBeans-13\netbeans\java\maven-nblib\netbeans-eventspy.jar;C:\Program Files\NetBeans-13\netbeans\java\maven-nblib\netbeans-eventspy.jar"/>
    <property name="localRepository" value="C:\Users\lucas\.m2\repository"/>
    <property name="java.vendor.url.bug" value="https://bugreport.java.com/bugreport/"/>
    <property name="java.io.tmpdir" value="C:\Users\lucas\AppData\Local\Temp\"/>
    <property name="java.version" value="18.0.1.1"/>
    <property name="user.dir" value="E:\LPIII\Trabalho_2bim"/>
    <property name="os.arch" value="amd64"/>
    <property name="java.vm.specification.name" value="Java Virtual Machine Specification"/>
    <property name="sun.os.patch.level" value=""/>
    <property name="native.encoding" value="Cp1252"/>
    <property name="java.library.path" value="C:\Program Files\Java\jdk-18.0.1.1\bin;C:\WINDOWS\Sun\Java\bin;C:\WINDOWS\system32;C:\WINDOWS;C:\Program Files\Common Files\Oracle\Java\javapath;C:\WINDOWS\system32;C:\WINDOWS;C:\WINDOWS\System32\Wbem;C:\WINDOWS\System32\WindowsPowerShell\v1.0\;C:\WINDOWS\System32\OpenSSH\;C:\Program Files\Microsoft VS Code\bin;C:\ProgramData\UNIVALI\Portugol Studio;C:\Users\lucas\.PHP;C:\Program Files\Git\cmd;C:\composer;C:\Program Files\nodejs\;C:\Users\lucas\AppData\Local\Microsoft\WindowsApps;C:\Users\lucas\AppData\Roaming\Composer\vendor\bin;C:\php;C:\Users\lucas\AppData\Roaming\npm;."/>
    <property name="java.vm.info" value="mixed mode, sharing"/>
    <property name="java.vendor" value="Oracle Corporation"/>
    <property name="java.vm.version" value="18.0.1.1+2-6"/>
    <property name="sun.io.unicode.encoding" value="UnicodeLittle"/>
    <property name="java.class.version" value="62.0"/>
  </properties>
  <testcase name="testFindAll" classname="br.com.FuriniSolutions.dao.ItemNotaDAOIT" time="0.335">
    <system-out><![CDATA[TESTANDO FINDALL
ItemNota{id=1, quantidade=60, valorItem=3.0, produto=Produto{id=1, descricao=Produto Teste, valor=20.0}, notaFiscal=NotaFiscal{id=1, dataEmissao=2024-10-03, cliente=Cliente{id=1, nome=Cliente Teste, endereco=Rua Exemplo}}}
ItemNota{id=2, quantidade=100, valorItem=5.0, produto=Produto{id=2, descricao=Produto Teste, valor=20.0}, notaFiscal=NotaFiscal{id=2, dataEmissao=2024-10-03, cliente=Cliente{id=2, nome=Cliente Teste, endereco=Rua Exemplo}}}
ItemNota{id=4, quantidade=60, valorItem=2.0, produto=Produto{id=4, descricao=Produto Teste, valor=30.0}, notaFiscal=NotaFiscal{id=4, dataEmissao=2024-10-03, cliente=Cliente{id=4, nome=Cliente Teste, endereco=Rua Exemplo}}}
ItemNota{id=5, quantidade=60, valorItem=3.0, produto=Produto{id=5, descricao=Produto Teste, valor=20.0}, notaFiscal=NotaFiscal{id=5, dataEmissao=2024-10-03, cliente=Cliente{id=5, nome=Cliente Teste, endereco=Rua Exemplo}}}
ItemNota{id=6, quantidade=100, valorItem=5.0, produto=Produto{id=6, descricao=Produto Teste, valor=20.0}, notaFiscal=NotaFiscal{id=6, dataEmissao=2024-10-03, cliente=Cliente{id=6, nome=Cliente Teste, endereco=Rua Exemplo}}}
ItemNota{id=8, quantidade=60, valorItem=2.0, produto=Produto{id=8, descricao=Produto Teste, valor=30.0}, notaFiscal=NotaFiscal{id=8, dataEmissao=2024-10-03, cliente=Cliente{id=8, nome=Cliente Teste, endereco=Rua Exemplo}}}
ItemNota{id=9, quantidade=60, valorItem=3.0, produto=Produto{id=9, descricao=Produto Teste, valor=20.0}, notaFiscal=NotaFiscal{id=9, dataEmissao=2024-10-03, cliente=Cliente{id=9, nome=Cliente Teste, endereco=Rua Exemplo}}}
ItemNota{id=10, quantidade=100, valorItem=5.0, produto=Produto{id=10, descricao=Produto Teste, valor=20.0}, notaFiscal=NotaFiscal{id=10, dataEmissao=2024-10-03, cliente=Cliente{id=10, nome=Cliente Teste, endereco=Rua Exemplo}}}
ItemNota{id=12, quantidade=60, valorItem=2.0, produto=Produto{id=12, descricao=Produto Teste, valor=30.0}, notaFiscal=NotaFiscal{id=12, dataEmissao=2024-10-03, cliente=Cliente{id=12, nome=Cliente Teste, endereco=Rua Exemplo}}}
ItemNota{id=13, quantidade=60, valorItem=3.0, produto=Produto{id=13, descricao=Produto Teste, valor=20.0}, notaFiscal=NotaFiscal{id=13, dataEmissao=2024-10-03, cliente=Cliente{id=13, nome=Cliente Teste, endereco=Rua Exemplo}}}
ItemNota{id=14, quantidade=100, valorItem=5.0, produto=Produto{id=14, descricao=Produto Teste, valor=20.0}, notaFiscal=NotaFiscal{id=14, dataEmissao=2024-10-03, cliente=Cliente{id=14, nome=Cliente Teste, endereco=Rua Exemplo}}}
ItemNota{id=16, quantidade=60, valorItem=2.0, produto=Produto{id=16, descricao=Produto Teste, valor=30.0}, notaFiscal=NotaFiscal{id=16, dataEmissao=2024-10-03, cliente=Cliente{id=16, nome=Cliente Teste, endereco=Rua Exemplo}}}
]]></system-out>
  </testcase>
  <testcase name="testRetrieve" classname="br.com.FuriniSolutions.dao.ItemNotaDAOIT" time="0.032">
    <system-out><![CDATA[TESTANDO RETRIEVE
]]></system-out>
  </testcase>
  <testcase name="testCreate" classname="br.com.FuriniSolutions.dao.ItemNotaDAOIT" time="0.009">
    <system-out><![CDATA[TESTANDO CREATE
ItemNota{id=18, quantidade=5, valorItem=100.0, produto=Produto{id=18, descricao=Produto Teste, valor=20.0}, notaFiscal=NotaFiscal{id=18, dataEmissao=2024-10-03, cliente=Cliente{id=18, nome=Cliente Teste, endereco=Rua Exemplo}}}
]]></system-out>
  </testcase>
  <testcase name="testDelete" classname="br.com.FuriniSolutions.dao.ItemNotaDAOIT" time="0.012">
    <system-out><![CDATA[TESTANDO DELETE
]]></system-out>
  </testcase>
  <testcase name="testUpdate" classname="br.com.FuriniSolutions.dao.ItemNotaDAOIT" time="0.018">
    <system-out><![CDATA[TESTANDO UPDATE
]]></system-out>
  </testcase>
</testsuite>