<?xml version="1.0" encoding="UTF-8"?>
<testsuite xmlns:xsi="http://www.w3.org/2001/XMLSchema-instance" xsi:noNamespaceSchemaLocation="https://maven.apache.org/surefire/maven-surefire-plugin/xsd/surefire-test-report-3.0.xsd" version="3.0" name="br.com.FuriniSolutions.dao.ClienteDAOIT" time="0.034" tests="5" errors="0" skipped="0" failures="0">
  <properties>
    <property name="java.specification.version" value="17"/>
    <property name="sun.cpu.isalist" value="amd64"/>
    <property name="sun.jnu.encoding" value="Cp1252"/>
    <property name="java.class.path" value="E:\LPIII\2_bim\Trabalho_2bim\target\test-classes;E:\LPIII\2_bim\Trabalho_2bim\target\classes;C:\Users\Aluno\.m2\repository\com\mysql\mysql-connector-j\9.0.0\mysql-connector-j-9.0.0.jar;C:\Users\Aluno\.m2\repository\com\google\protobuf\protobuf-java\4.26.1\protobuf-java-4.26.1.jar;C:\Users\Aluno\.m2\repository\org\junit\jupiter\junit-jupiter-api\5.9.0\junit-jupiter-api-5.9.0.jar;C:\Users\Aluno\.m2\repository\org\opentest4j\opentest4j\1.2.0\opentest4j-1.2.0.jar;C:\Users\Aluno\.m2\repository\org\junit\platform\junit-platform-commons\1.9.0\junit-platform-commons-1.9.0.jar;C:\Users\Aluno\.m2\repository\org\apiguardian\apiguardian-api\1.1.2\apiguardian-api-1.1.2.jar;C:\Users\Aluno\.m2\repository\org\junit\jupiter\junit-jupiter-engine\5.9.0\junit-jupiter-engine-5.9.0.jar;C:\Users\Aluno\.m2\repository\org\junit\platform\junit-platform-engine\1.9.0\junit-platform-engine-1.9.0.jar;C:\Users\Aluno\.m2\repository\org\junit\platform\junit-platform-launcher\1.9.0\junit-platform-launcher-1.9.0.jar;"/>
    <property name="java.vm.vendor" value="Oracle Corporation"/>
    <property name="sun.arch.data.model" value="64"/>
    <property name="user.variant" value=""/>
    <property name="java.vendor.url" value="https://java.oracle.com/"/>
    <property name="user.timezone" value="America/Sao_Paulo"/>
    <property name="os.name" value="Windows 10"/>
    <property name="java.vm.specification.version" value="17"/>
    <property name="user.country" value="BR"/>
    <property name="sun.java.launcher" value="SUN_STANDARD"/>
    <property name="sun.boot.library.path" value="C:\Program Files\Java\jdk-17.0.2\bin"/>
    <property name="sun.java.command" value="C:\Users\Aluno\AppData\Local\Temp\surefire11471626704693069077\surefirebooter8635016296226223952.jar C:\Users\Aluno\AppData\Local\Temp\surefire11471626704693069077 2024-10-09T22-23-33_394-jvmRun1 surefire5898526465267891917tmp surefire_011445412845156099349tmp"/>
    <property name="jdk.debug" value="release"/>
    <property name="test" value="br/com/FuriniSolutions/dao/**/*IT.java"/>
    <property name="surefire.test.class.path" value="E:\LPIII\2_bim\Trabalho_2bim\target\test-classes;E:\LPIII\2_bim\Trabalho_2bim\target\classes;C:\Users\Aluno\.m2\repository\com\mysql\mysql-connector-j\9.0.0\mysql-connector-j-9.0.0.jar;C:\Users\Aluno\.m2\repository\com\google\protobuf\protobuf-java\4.26.1\protobuf-java-4.26.1.jar;C:\Users\Aluno\.m2\repository\org\junit\jupiter\junit-jupiter-api\5.9.0\junit-jupiter-api-5.9.0.jar;C:\Users\Aluno\.m2\repository\org\opentest4j\opentest4j\1.2.0\opentest4j-1.2.0.jar;C:\Users\Aluno\.m2\repository\org\junit\platform\junit-platform-commons\1.9.0\junit-platform-commons-1.9.0.jar;C:\Users\Aluno\.m2\repository\org\apiguardian\apiguardian-api\1.1.2\apiguardian-api-1.1.2.jar;C:\Users\Aluno\.m2\repository\org\junit\jupiter\junit-jupiter-engine\5.9.0\junit-jupiter-engine-5.9.0.jar;C:\Users\Aluno\.m2\repository\org\junit\platform\junit-platform-engine\1.9.0\junit-platform-engine-1.9.0.jar;C:\Users\Aluno\.m2\repository\org\junit\platform\junit-platform-launcher\1.9.0\junit-platform-launcher-1.9.0.jar;"/>
    <property name="sun.cpu.endian" value="little"/>
    <property name="user.home" value="C:\Users\Aluno"/>
    <property name="user.language" value="pt"/>
    <property name="java.specification.vendor" value="Oracle Corporation"/>
    <property name="java.version.date" value="2022-01-18"/>
    <property name="java.home" value="C:\Program Files\Java\jdk-17.0.2"/>
    <property name="file.separator" value="\"/>
    <property name="basedir" value="E:\LPIII\2_bim\Trabalho_2bim"/>
    <property name="java.vm.compressedOopsMode" value="Zero based"/>
    <property name="line.separator" value="&#10;"/>
    <property name="java.vm.specification.vendor" value="Oracle Corporation"/>
    <property name="java.specification.name" value="Java Platform API Specification"/>
    <property name="surefire.real.class.path" value="C:\Users\Aluno\AppData\Local\Temp\surefire11471626704693069077\surefirebooter8635016296226223952.jar"/>
    <property name="jdk.net.URLClassPath.disableClassPathURLCheck" value="true"/>
    <property name="user.script" value=""/>
    <property name="sun.management.compiler" value="HotSpot 64-Bit Tiered Compilers"/>
    <property name="java.runtime.version" value="17.0.2+8-LTS-86"/>
    <property name="user.name" value="Aluno"/>
    <property name="path.separator" value=";"/>
    <property name="os.version" value="10.0"/>
    <property name="java.runtime.name" value="Java(TM) SE Runtime Environment"/>
    <property name="file.encoding" value="UTF-8"/>
    <property name="java.vm.name" value="Java HotSpot(TM) 64-Bit Server VM"/>
    <property name="maven.ext.class.path" value="C:\Program Files\NetBeans-14\netbeans\java\maven-nblib\netbeans-eventspy.jar;C:\Program Files\NetBeans-14\netbeans\java\maven-nblib\netbeans-eventspy.jar"/>
    <property name="localRepository" value="C:\Users\Aluno\.m2\repository"/>
    <property name="java.vendor.url.bug" value="https://bugreport.java.com/bugreport/"/>
    <property name="java.io.tmpdir" value="C:\Users\Aluno\AppData\Local\Temp\"/>
    <property name="java.version" value="17.0.2"/>
    <property name="user.dir" value="E:\LPIII\2_bim\Trabalho_2bim"/>
    <property name="os.arch" value="amd64"/>
    <property name="java.vm.specification.name" value="Java Virtual Machine Specification"/>
    <property name="sun.os.patch.level" value=""/>
    <property name="native.encoding" value="Cp1252"/>
    <property name="java.library.path" value="C:\Program Files\Java\jdk-17.0.2\bin;C:\Windows\Sun\Java\bin;C:\Windows\system32;C:\Windows;C:\Program Files\Common Files\Oracle\Java\javapath;C:\Program Files (x86)\Common Files\Oracle\Java\java8path;C:\Program Files (x86)\Common Files\Oracle\Java\javapath;C:\Windows\system32;C:\Windows;C:\Windows\System32\Wbem;C:\Windows\System32\WindowsPowerShell\v1.0\;C:\Windows\System32\OpenSSH\;C:\Program Files\Java\jdk-17.0.2\bin;C:\Program Files\dotnet\;C:\Program Files\Microsoft SQL Server\120\Tools\Binn\;C:\Program Files\Common Files\Autodesk Shared\;C:\Program Files\Git\cmd;C:\Program Files\nodejs\;C:\ProgramData\UNIVALI\Portugol Studio;C:\Program Files\Microsoft VS Code\bin;C:\Program Files\Docker\Docker\resources\bin;C:\Program Files\Shield\;C:\Users\Aluno\AppData\Local\Microsoft\WindowsApps;;."/>
    <property name="java.vm.info" value="mixed mode, sharing"/>
    <property name="java.vendor" value="Oracle Corporation"/>
    <property name="java.vm.version" value="17.0.2+8-LTS-86"/>
    <property name="sun.io.unicode.encoding" value="UnicodeLittle"/>
    <property name="java.class.version" value="61.0"/>
  </properties>
  <testcase name="testDeleteCliente" classname="br.com.FuriniSolutions.dao.ClienteDAOIT" time="0.006">
    <system-out><![CDATA[TESTANDO O DELETE
]]></system-out>
  </testcase>
  <testcase name="testRetrieveCliente" classname="br.com.FuriniSolutions.dao.ClienteDAOIT" time="0.005">
    <system-out><![CDATA[TESTANDO O RETRIEVE
Cliente{id=1, nome=João Silva, endereco=Rua A, 123}
]]></system-out>
  </testcase>
  <testcase name="testFindAllCliente" classname="br.com.FuriniSolutions.dao.ClienteDAOIT" time="0.006">
    <system-out><![CDATA[TESTANDO O FINDALL
Cliente{id=1, nome=João Silva, endereco=Rua A, 123}
Cliente{id=2, nome=Maria Oliveira, endereco=Rua B, 456}
Cliente{id=3, nome=Pedro Santos, endereco=Rua C, 789}
Cliente{id=4, nome=Ana Souza, endereco=Rua D, 101}
Cliente{id=5, nome=Carlos Pereira, endereco=Rua E, 202}
Cliente{id=6, nome=Fernanda Costa, endereco=Rua F, 303}
Cliente{id=7, nome=Ricardo Nunes, endereco=Rua G, 404}
Cliente{id=8, nome=Juliana Almeida, endereco=Rua H, 505}
Cliente{id=9, nome=Gustavo Martins, endereco=Rua I, 606}
Cliente{id=10, nome=Larissa Monteiro, endereco=Rua J, 707}
Cliente{id=11, nome=Bruno Fernandes, endereco=Rua K, 808}
Cliente{id=12, nome=Isabela Ferreira, endereco=Rua L, 909}
Cliente{id=13, nome=Lucas Rocha, endereco=Rua M, 1010}
Cliente{id=14, nome=Gabriela Mendes, endereco=Rua N, 1111}
Cliente{id=15, nome=Marcos Lima, endereco=Rua O, 1212}
Cliente{id=16, nome=Cliente Teste, endereco=Rua Exemplo}
Cliente{id=17, nome=Cliente Teste, endereco=Rua Exemplo}
Cliente{id=18, nome=Cliente Teste, endereco=Rua Exemplo}
Cliente{id=19, nome=Cliente Teste, endereco=Rua Exemplo}
Cliente{id=20, nome=Cliente Teste, endereco=Rua Exemplo}
Cliente{id=21, nome=Cliente Teste, endereco=Rua Exemplo}
Cliente{id=22, nome=Cliente Teste, endereco=Rua Exemplo}
Cliente{id=23, nome=Cliente Teste, endereco=Rua Exemplo}
Cliente{id=24, nome=Cliente Teste, endereco=Rua Exemplo}
Cliente{id=25, nome=Cliente Teste, endereco=Rua Exemplo}
Cliente{id=27, nome=Joaquim, endereco=Rua das fevereiro, 123}
Cliente{id=28, nome=Teste do update, endereco=Rua das palmeiras, 321}
Cliente{id=29, nome=Ana, endereco=Rua das flores, 123}
Cliente{id=30, nome=Cliente para deletar, endereco=Rua do Teste de Deleção, 123}
Cliente{id=31, nome=João Henrique, endereco=Rua das palmeiras, 321}
Cliente{id=32, nome=Cliente Teste, endereco=Rua Exemplo}
Cliente{id=33, nome=Cliente Teste, endereco=Rua Exemplo}
Cliente{id=34, nome=Cliente Teste, endereco=Rua Exemplo}
Cliente{id=35, nome=Cliente Teste, endereco=Rua Exemplo}
Cliente{id=36, nome=Cliente Teste, endereco=Rua Exemplo}
Cliente{id=38, nome=Joaquim, endereco=Rua das fevereiro, 123}
Cliente{id=39, nome=Teste do update, endereco=Rua das palmeiras, 321}
Cliente{id=40, nome=Cliente Teste, endereco=Rua Exemplo}
Cliente{id=41, nome=Cliente Teste, endereco=Rua Exemplo}
Cliente{id=42, nome=Cliente Teste, endereco=Rua Exemplo}
Cliente{id=43, nome=Cliente Teste, endereco=Rua Exemplo}
Cliente{id=44, nome=Cliente Teste, endereco=Rua Exemplo}
Cliente{id=45, nome=Ana, endereco=Rua das flores, 123}
Cliente{id=46, nome=Cliente para deletar, endereco=Rua do Teste de Deleção, 123}
Cliente{id=47, nome=João Henrique, endereco=Rua das palmeiras, 321}
Cliente{id=49, nome=Joaquim, endereco=Rua das fevereiro, 123}
Cliente{id=50, nome=Teste do update, endereco=Rua das palmeiras, 321}
Cliente{id=51, nome=Ana, endereco=Rua das flores, 123}
Cliente{id=52, nome=Cliente para deletar, endereco=Rua do Teste de Deleção, 123}
Cliente{id=53, nome=João Henrique, endereco=Rua das palmeiras, 321}
Cliente{id=54, nome=Cliente Teste, endereco=Rua Exemplo}
Cliente{id=55, nome=Cliente Teste, endereco=Rua Exemplo}
Cliente{id=56, nome=Cliente Teste, endereco=Rua Exemplo}
Cliente{id=57, nome=Cliente Teste, endereco=Rua Exemplo}
Cliente{id=58, nome=Cliente Teste, endereco=Rua Exemplo}
]]></system-out>
  </testcase>
  <testcase name="testCreateCliente" classname="br.com.FuriniSolutions.dao.ClienteDAOIT" time="0.004">
    <system-out><![CDATA[TESTANDO O CREATE
Cliente{id=60, nome=Joaquim, endereco=Rua das fevereiro, 123}
]]></system-out>
  </testcase>
  <testcase name="testUpdateCliente" classname="br.com.FuriniSolutions.dao.ClienteDAOIT" time="0.007">
    <system-out><![CDATA[TESTANDO O UPDATE
Cliente{id=61, nome=Teste do update, endereco=Rua das palmeiras, 321}
]]></system-out>
  </testcase>
</testsuite>