<?xml version="1.0" encoding="UTF-8"?>
<testsuite xmlns:xsi="http://www.w3.org/2001/XMLSchema-instance" xsi:noNamespaceSchemaLocation="https://maven.apache.org/surefire/maven-surefire-plugin/xsd/surefire-test-report-3.0.xsd" version="3.0" name="br.com.FuriniSolutions.dao.ItemNotaDAOIT" time="5.787" tests="6" errors="0" skipped="0" failures="1">
  <properties>
    <property name="java.specification.version" value="18"/>
    <property name="sun.cpu.isalist" value="amd64"/>
    <property name="sun.jnu.encoding" value="Cp1252"/>
    <property name="java.class.path" value="E:\LPIII\2_bim\Trabalho_2bim\target\test-classes;E:\LPIII\2_bim\Trabalho_2bim\target\classes;C:\Users\lucas\.m2\repository\com\mysql\mysql-connector-j\9.0.0\mysql-connector-j-9.0.0.jar;C:\Users\lucas\.m2\repository\com\google\protobuf\protobuf-java\4.26.1\protobuf-java-4.26.1.jar;C:\Users\lucas\.m2\repository\org\junit\jupiter\junit-jupiter-api\5.9.0\junit-jupiter-api-5.9.0.jar;C:\Users\lucas\.m2\repository\org\opentest4j\opentest4j\1.2.0\opentest4j-1.2.0.jar;C:\Users\lucas\.m2\repository\org\junit\platform\junit-platform-commons\1.9.0\junit-platform-commons-1.9.0.jar;C:\Users\lucas\.m2\repository\org\apiguardian\apiguardian-api\1.1.2\apiguardian-api-1.1.2.jar;C:\Users\lucas\.m2\repository\org\junit\jupiter\junit-jupiter-engine\5.9.0\junit-jupiter-engine-5.9.0.jar;C:\Users\lucas\.m2\repository\org\junit\platform\junit-platform-engine\1.9.0\junit-platform-engine-1.9.0.jar;C:\Users\lucas\.m2\repository\org\junit\platform\junit-platform-launcher\1.9.0\junit-platform-launcher-1.9.0.jar;"/>
    <property name="java.vm.vendor" value="Oracle Corporation"/>
    <property name="sun.arch.data.model" value="64"/>
    <property name="user.variant" value=""/>
    <property name="java.vendor.url" value="https://java.oracle.com/"/>
    <property name="user.timezone" value="America/Sao_Paulo"/>
    <property name="os.name" value="Windows 11"/>
    <property name="java.vm.specification.version" value="18"/>
    <property name="user.country" value="BR"/>
    <property name="sun.java.launcher" value="SUN_STANDARD"/>
    <property name="sun.boot.library.path" value="C:\Program Files\Java\jdk-18.0.1.1\bin"/>
    <property name="sun.java.command" value="C:\Users\lucas\AppData\Local\Temp\surefire12971670471615608264\surefirebooter12405581081818357933.jar C:\Users\lucas\AppData\Local\Temp\surefire12971670471615608264 2024-10-10T19-57-54_331-jvmRun1 surefire2666686312721287256tmp surefire_05610364589099262572tmp"/>
    <property name="jdk.debug" value="release"/>
    <property name="test" value="br.com.FuriniSolutions.dao.ItemNotaDAOIT"/>
    <property name="surefire.test.class.path" value="E:\LPIII\2_bim\Trabalho_2bim\target\test-classes;E:\LPIII\2_bim\Trabalho_2bim\target\classes;C:\Users\lucas\.m2\repository\com\mysql\mysql-connector-j\9.0.0\mysql-connector-j-9.0.0.jar;C:\Users\lucas\.m2\repository\com\google\protobuf\protobuf-java\4.26.1\protobuf-java-4.26.1.jar;C:\Users\lucas\.m2\repository\org\junit\jupiter\junit-jupiter-api\5.9.0\junit-jupiter-api-5.9.0.jar;C:\Users\lucas\.m2\repository\org\opentest4j\opentest4j\1.2.0\opentest4j-1.2.0.jar;C:\Users\lucas\.m2\repository\org\junit\platform\junit-platform-commons\1.9.0\junit-platform-commons-1.9.0.jar;C:\Users\lucas\.m2\repository\org\apiguardian\apiguardian-api\1.1.2\apiguardian-api-1.1.2.jar;C:\Users\lucas\.m2\repository\org\junit\jupiter\junit-jupiter-engine\5.9.0\junit-jupiter-engine-5.9.0.jar;C:\Users\lucas\.m2\repository\org\junit\platform\junit-platform-engine\1.9.0\junit-platform-engine-1.9.0.jar;C:\Users\lucas\.m2\repository\org\junit\platform\junit-platform-launcher\1.9.0\junit-platform-launcher-1.9.0.jar;"/>
    <property name="sun.cpu.endian" value="little"/>
    <property name="user.home" value="C:\Users\lucas"/>
    <property name="user.language" value="pt"/>
    <property name="java.specification.vendor" value="Oracle Corporation"/>
    <property name="java.version.date" value="2022-04-22"/>
    <property name="java.home" value="C:\Program Files\Java\jdk-18.0.1.1"/>
    <property name="file.separator" value="\"/>
    <property name="basedir" value="E:\LPIII\2_bim\Trabalho_2bim"/>
    <property name="java.vm.compressedOopsMode" value="Zero based"/>
    <property name="line.separator" value="&#10;"/>
    <property name="java.vm.specification.vendor" value="Oracle Corporation"/>
    <property name="java.specification.name" value="Java Platform API Specification"/>
    <property name="surefire.real.class.path" value="C:\Users\lucas\AppData\Local\Temp\surefire12971670471615608264\surefirebooter12405581081818357933.jar"/>
    <property name="jdk.net.URLClassPath.disableClassPathURLCheck" value="true"/>
    <property name="user.script" value=""/>
    <property name="sun.management.compiler" value="HotSpot 64-Bit Tiered Compilers"/>
    <property name="java.runtime.version" value="18.0.1.1+2-6"/>
    <property name="user.name" value="lucas"/>
    <property name="path.separator" value=";"/>
    <property name="os.version" value="10.0"/>
    <property name="java.runtime.name" value="Java(TM) SE Runtime Environment"/>
    <property name="file.encoding" value="UTF-8"/>
    <property name="java.vm.name" value="Java HotSpot(TM) 64-Bit Server VM"/>
    <property name="maven.ext.class.path" value="C:\Program Files\NetBeans-13\netbeans\java\maven-nblib\netbeans-eventspy.jar;C:\Program Files\NetBeans-13\netbeans\java\maven-nblib\netbeans-eventspy.jar"/>
    <property name="localRepository" value="C:\Users\lucas\.m2\repository"/>
    <property name="java.vendor.url.bug" value="https://bugreport.java.com/bugreport/"/>
    <property name="java.io.tmpdir" value="C:\Users\lucas\AppData\Local\Temp\"/>
    <property name="java.version" value="18.0.1.1"/>
    <property name="user.dir" value="E:\LPIII\2_bim\Trabalho_2bim"/>
    <property name="os.arch" value="amd64"/>
    <property name="java.vm.specification.name" value="Java Virtual Machine Specification"/>
    <property name="sun.os.patch.level" value=""/>
    <property name="native.encoding" value="Cp1252"/>
    <property name="java.library.path" value="C:\Program Files\Java\jdk-18.0.1.1\bin;C:\WINDOWS\Sun\Java\bin;C:\WINDOWS\system32;C:\WINDOWS;C:\Program Files\Common Files\Oracle\Java\javapath;C:\WINDOWS\system32;C:\WINDOWS;C:\WINDOWS\System32\Wbem;C:\WINDOWS\System32\WindowsPowerShell\v1.0\;C:\WINDOWS\System32\OpenSSH\;C:\Program Files\Microsoft VS Code\bin;C:\ProgramData\UNIVALI\Portugol Studio;C:\Users\lucas\.PHP;C:\Program Files\Git\cmd;C:\composer;C:\Program Files\nodejs\;C:\Users\lucas\AppData\Local\Microsoft\WindowsApps;C:\Users\lucas\AppData\Roaming\Composer\vendor\bin;C:\php;C:\Users\lucas\AppData\Roaming\npm;."/>
    <property name="java.vm.info" value="mixed mode, sharing"/>
    <property name="java.vendor" value="Oracle Corporation"/>
    <property name="java.vm.version" value="18.0.1.1+2-6"/>
    <property name="sun.io.unicode.encoding" value="UnicodeLittle"/>
    <property name="java.class.version" value="62.0"/>
  </properties>
  <testcase name="testFindAll" classname="br.com.FuriniSolutions.dao.ItemNotaDAOIT" time="4.796">
    <system-out><![CDATA[INICIANDO TESTES DE ITEM NOTA
TESTANDO FINDALL
não foi possível conectar ao banco de dados
jdbc:mysql://localhost:3306/furini
Connection exception, SQL-server rejected establishment of SQL-connection,  message from server: "Too many connections"
não foi possível conectar ao banco de dados
jdbc:mysql://localhost:3306/furini
Connection exception, SQL-server rejected establishment of SQL-connection,  message from server: "Too many connections"
não foi possível conectar ao banco de dados
jdbc:mysql://localhost:3306/furini
Connection exception, SQL-server rejected establishment of SQL-connection,  message from server: "Too many connections"
não foi possível conectar ao banco de dados
jdbc:mysql://localhost:3306/furini
Connection exception, SQL-server rejected establishment of SQL-connection,  message from server: "Too many connections"
não foi possível conectar ao banco de dados
jdbc:mysql://localhost:3306/furini
Connection exception, SQL-server rejected establishment of SQL-connection,  message from server: "Too many connections"
não foi possível conectar ao banco de dados
jdbc:mysql://localhost:3306/furini
Connection exception, SQL-server rejected establishment of SQL-connection,  message from server: "Too many connections"
não foi possível conectar ao banco de dados
jdbc:mysql://localhost:3306/furini
Connection exception, SQL-server rejected establishment of SQL-connection,  message from server: "Too many connections"
não foi possível conectar ao banco de dados
jdbc:mysql://localhost:3306/furini
Connection exception, SQL-server rejected establishment of SQL-connection,  message from server: "Too many connections"
não foi possível conectar ao banco de dados
jdbc:mysql://localhost:3306/furini
Connection exception, SQL-server rejected establishment of SQL-connection,  message from server: "Too many connections"
não foi possível conectar ao banco de dados
jdbc:mysql://localhost:3306/furini
Connection exception, SQL-server rejected establishment of SQL-connection,  message from server: "Too many connections"
não foi possível conectar ao banco de dados
jdbc:mysql://localhost:3306/furini
Connection exception, SQL-server rejected establishment of SQL-connection,  message from server: "Too many connections"
não foi possível conectar ao banco de dados
jdbc:mysql://localhost:3306/furini
Connection exception, SQL-server rejected establishment of SQL-connection,  message from server: "Too many connections"
não foi possível conectar ao banco de dados
jdbc:mysql://localhost:3306/furini
Connection exception, SQL-server rejected establishment of SQL-connection,  message from server: "Too many connections"
não foi possível conectar ao banco de dados
jdbc:mysql://localhost:3306/furini
Connection exception, SQL-server rejected establishment of SQL-connection,  message from server: "Too many connections"
não foi possível conectar ao banco de dados
jdbc:mysql://localhost:3306/furini
Connection exception, SQL-server rejected establishment of SQL-connection,  message from server: "Too many connections"
ItemNota{id=1, quantidade=60, valorItem=3.0, produto=Produto{id=16, descricao=Produto Teste, valor=20.0}, notaFiscal=NotaFiscal{id=1, dataEmissao=2024-10-10, cliente=Cliente{id=16, nome=Cliente Teste, endereco=Rua Exemplo}}}
ItemNota{id=2, quantidade=100, valorItem=5.0, produto=Produto{id=17, descricao=Produto Teste, valor=20.0}, notaFiscal=NotaFiscal{id=2, dataEmissao=2024-10-10, cliente=Cliente{id=17, nome=Cliente Teste, endereco=Rua Exemplo}}}
ItemNota{id=4, quantidade=100, valorItem=5.0, produto=Produto{id=19, descricao=Produto Teste, valor=20.0}, notaFiscal=NotaFiscal{id=4, dataEmissao=2024-10-10, cliente=Cliente{id=19, nome=Cliente Teste, endereco=Rua Exemplo}}}
ItemNota{id=5, quantidade=60, valorItem=3.0, produto=Produto{id=20, descricao=Produto Teste, valor=20.0}, notaFiscal=NotaFiscal{id=5, dataEmissao=2024-10-10, cliente=Cliente{id=20, nome=Cliente Teste, endereco=Rua Exemplo}}}
ItemNota{id=6, quantidade=100, valorItem=5.0, produto=Produto{id=21, descricao=Produto Teste, valor=20.0}, notaFiscal=NotaFiscal{id=6, dataEmissao=2024-10-10, cliente=Cliente{id=21, nome=Cliente Teste, endereco=Rua Exemplo}}}
ItemNota{id=8, quantidade=10, valorItem=60.0, produto=Produto{id=23, descricao=Produto Teste, valor=30.0}, notaFiscal=NotaFiscal{id=8, dataEmissao=2024-10-10, cliente=Cliente{id=23, nome=Cliente Teste, endereco=Rua Exemplo}}}
ItemNota{id=9, quantidade=100, valorItem=5.0, produto=Produto{id=24, descricao=Produto Teste, valor=20.0}, notaFiscal=NotaFiscal{id=9, dataEmissao=2024-10-10, cliente=Cliente{id=24, nome=Cliente Teste, endereco=Rua Exemplo}}}
ItemNota{id=10, quantidade=60, valorItem=3.0, produto=Produto{id=25, descricao=Produto Teste, valor=20.0}, notaFiscal=NotaFiscal{id=10, dataEmissao=2024-10-10, cliente=Cliente{id=25, nome=Cliente Teste, endereco=Rua Exemplo}}}
ItemNota{id=11, quantidade=100, valorItem=5.0, produto=Produto{id=26, descricao=Produto Teste, valor=20.0}, notaFiscal=NotaFiscal{id=11, dataEmissao=2024-10-10, cliente=Cliente{id=26, nome=Cliente Teste, endereco=Rua Exemplo}}}
ItemNota{id=13, quantidade=10, valorItem=60.0, produto=Produto{id=28, descricao=Produto Teste, valor=30.0}, notaFiscal=NotaFiscal{id=13, dataEmissao=2024-10-10, cliente=Cliente{id=28, nome=Cliente Teste, endereco=Rua Exemplo}}}
ItemNota{id=14, quantidade=100, valorItem=5.0, produto=Produto{id=29, descricao=Produto Teste, valor=20.0}, notaFiscal=NotaFiscal{id=14, dataEmissao=2024-10-10, cliente=Cliente{id=29, nome=Cliente Teste, endereco=Rua Exemplo}}}
ItemNota{id=15, quantidade=60, valorItem=3.0, produto=Produto{id=30, descricao=Produto Teste, valor=20.0}, notaFiscal=NotaFiscal{id=15, dataEmissao=2024-10-10, cliente=Cliente{id=30, nome=Cliente Teste, endereco=Rua Exemplo}}}
ItemNota{id=16, quantidade=100, valorItem=5.0, produto=Produto{id=31, descricao=Produto Teste, valor=20.0}, notaFiscal=NotaFiscal{id=16, dataEmissao=2024-10-10, cliente=Cliente{id=31, nome=Cliente Teste, endereco=Rua Exemplo}}}
ItemNota{id=18, quantidade=10, valorItem=60.0, produto=Produto{id=33, descricao=Produto Teste, valor=30.0}, notaFiscal=NotaFiscal{id=18, dataEmissao=2024-10-10, cliente=Cliente{id=33, nome=Cliente Teste, endereco=Rua Exemplo}}}
ItemNota{id=19, quantidade=100, valorItem=5.0, produto=Produto{id=34, descricao=Produto Teste, valor=20.0}, notaFiscal=NotaFiscal{id=19, dataEmissao=2024-10-10, cliente=Cliente{id=34, nome=Cliente Teste, endereco=Rua Exemplo}}}
FINALIZANDO TESTES DE ITEM NOTA
]]></system-out>
    <system-err><![CDATA[Erro ao buscar ItemNotas com IDNota: Cannot invoke "java.sql.Connection.prepareStatement(String)" because "connection" is null
java.lang.NullPointerException: Cannot invoke "java.sql.Connection.prepareStatement(String)" because "connection" is null
	at br.com.FuriniSolutions.dao.ItemNotaDAO.findAllWithIDNota(ItemNotaDAO.java:173)
	at br.com.FuriniSolutions.dao.NotaFiscalDAO.retrive(NotaFiscalDAO.java:100)
	at br.com.FuriniSolutions.dao.ItemNotaDAO.findAllWithIDNota(ItemNotaDAO.java:190)
	at br.com.FuriniSolutions.dao.NotaFiscalDAO.retrive(NotaFiscalDAO.java:100)
	at br.com.FuriniSolutions.dao.ItemNotaDAO.findAllWithIDNota(ItemNotaDAO.java:190)
	at br.com.FuriniSolutions.dao.NotaFiscalDAO.retrive(NotaFiscalDAO.java:100)
	at br.com.FuriniSolutions.dao.ItemNotaDAO.findAllWithIDNota(ItemNotaDAO.java:190)
	at br.com.FuriniSolutions.dao.NotaFiscalDAO.retrive(NotaFiscalDAO.java:100)
	at br.com.FuriniSolutions.dao.ItemNotaDAO.findAllWithIDNota(ItemNotaDAO.java:190)
	at br.com.FuriniSolutions.dao.NotaFiscalDAO.retrive(NotaFiscalDAO.java:100)
	at br.com.FuriniSolutions.dao.ItemNotaDAO.findAllWithIDNota(ItemNotaDAO.java:190)
	at br.com.FuriniSolutions.dao.NotaFiscalDAO.retrive(NotaFiscalDAO.java:100)
	at br.com.FuriniSolutions.dao.ItemNotaDAO.findAllWithIDNota(ItemNotaDAO.java:190)
	at br.com.FuriniSolutions.dao.NotaFiscalDAO.retrive(NotaFiscalDAO.java:100)
	at br.com.FuriniSolutions.dao.ItemNotaDAO.findAllWithIDNota(ItemNotaDAO.java:190)
	at br.com.FuriniSolutions.dao.NotaFiscalDAO.retrive(NotaFiscalDAO.java:100)
	at br.com.FuriniSolutions.dao.ItemNotaDAO.findAllWithIDNota(ItemNotaDAO.java:190)
	at br.com.FuriniSolutions.dao.NotaFiscalDAO.retrive(NotaFiscalDAO.java:100)
	at br.com.FuriniSolutions.dao.ItemNotaDAO.findAllWithIDNota(ItemNotaDAO.java:190)
	at br.com.FuriniSolutions.dao.NotaFiscalDAO.retrive(NotaFiscalDAO.java:100)
	at br.com.FuriniSolutions.dao.ItemNotaDAO.findAllWithIDNota(ItemNotaDAO.java:190)
	at br.com.FuriniSolutions.dao.NotaFiscalDAO.retrive(NotaFiscalDAO.java:100)
	at br.com.FuriniSolutions.dao.ItemNotaDAO.findAllWithIDNota(ItemNotaDAO.java:190)
	at br.com.FuriniSolutions.dao.NotaFiscalDAO.retrive(NotaFiscalDAO.java:100)
	at br.com.FuriniSolutions.dao.ItemNotaDAO.findAllWithIDNota(ItemNotaDAO.java:190)
	at br.com.FuriniSolutions.dao.NotaFiscalDAO.retrive(NotaFiscalDAO.java:100)
	at br.com.FuriniSolutions.dao.ItemNotaDAO.findAllWithIDNota(ItemNotaDAO.java:190)
	at br.com.FuriniSolutions.dao.NotaFiscalDAO.retrive(NotaFiscalDAO.java:100)
	at br.com.FuriniSolutions.dao.ItemNotaDAO.findAllWithIDNota(ItemNotaDAO.java:190)
	at br.com.FuriniSolutions.dao.NotaFiscalDAO.retrive(NotaFiscalDAO.java:100)
	at br.com.FuriniSolutions.dao.ItemNotaDAO.findAllWithIDNota(ItemNotaDAO.java:190)
	at br.com.FuriniSolutions.dao.NotaFiscalDAO.retrive(NotaFiscalDAO.java:100)
	at br.com.FuriniSolutions.dao.ItemNotaDAO.findAllWithIDNota(ItemNotaDAO.java:190)
	at br.com.FuriniSolutions.dao.NotaFiscalDAO.retrive(NotaFiscalDAO.java:100)
	at br.com.FuriniSolutions.dao.ItemNotaDAO.findAllWithIDNota(ItemNotaDAO.java:190)
	at br.com.FuriniSolutions.dao.NotaFiscalDAO.retrive(NotaFiscalDAO.java:100)
	at br.com.FuriniSolutions.dao.ItemNotaDAO.findAllWithIDNota(ItemNotaDAO.java:190)
	at br.com.FuriniSolutions.dao.NotaFiscalDAO.retrive(NotaFiscalDAO.java:100)
	at br.com.FuriniSolutions.dao.ItemNotaDAO.findAllWithIDNota(ItemNotaDAO.java:190)
	at br.com.FuriniSolutions.dao.NotaFiscalDAO.retrive(NotaFiscalDAO.java:100)
	at br.com.FuriniSolutions.dao.ItemNotaDAO.findAllWithIDNota(ItemNotaDAO.java:190)
	at br.com.FuriniSolutions.dao.NotaFiscalDAO.retrive(NotaFiscalDAO.java:100)
	at br.com.FuriniSolutions.dao.ItemNotaDAO.findAllWithIDNota(ItemNotaDAO.java:190)
	at br.com.FuriniSolutions.dao.NotaFiscalDAO.retrive(NotaFiscalDAO.java:100)
	at br.com.FuriniSolutions.dao.ItemNotaDAO.findAllWithIDNota(ItemNotaDAO.java:190)
	at br.com.FuriniSolutions.dao.NotaFiscalDAO.retrive(NotaFiscalDAO.java:100)
	at br.com.FuriniSolutions.dao.ItemNotaDAO.findAllWithIDNota(ItemNotaDAO.java:190)
	at br.com.FuriniSolutions.dao.NotaFiscalDAO.retrive(NotaFiscalDAO.java:100)
	at br.com.FuriniSolutions.dao.ItemNotaDAO.findAllWithIDNota(ItemNotaDAO.java:190)
	at br.com.FuriniSolutions.dao.NotaFiscalDAO.retrive(NotaFiscalDAO.java:100)
	at br.com.FuriniSolutions.dao.ItemNotaDAO.findAllWithIDNota(ItemNotaDAO.java:190)
	at br.com.FuriniSolutions.dao.NotaFiscalDAO.retrive(NotaFiscalDAO.java:100)
	at br.com.FuriniSolutions.dao.ItemNotaDAO.findAllWithIDNota(ItemNotaDAO.java:190)
	at br.com.FuriniSolutions.dao.NotaFiscalDAO.retrive(NotaFiscalDAO.java:100)
	at br.com.FuriniSolutions.dao.ItemNotaDAO.findAllWithIDNota(ItemNotaDAO.java:190)
	at br.com.FuriniSolutions.dao.NotaFiscalDAO.retrive(NotaFiscalDAO.java:100)
	at br.com.FuriniSolutions.dao.ItemNotaDAO.findAllWithIDNota(ItemNotaDAO.java:190)
	at br.com.FuriniSolutions.dao.NotaFiscalDAO.retrive(NotaFiscalDAO.java:100)
	at br.com.FuriniSolutions.dao.ItemNotaDAO.findAllWithIDNota(ItemNotaDAO.java:190)
	at br.com.FuriniSolutions.dao.NotaFiscalDAO.retrive(NotaFiscalDAO.java:100)
	at br.com.FuriniSolutions.dao.ItemNotaDAO.findAllWithIDNota(ItemNotaDAO.java:190)
	at br.com.FuriniSolutions.dao.NotaFiscalDAO.retrive(NotaFiscalDAO.java:100)
	at br.com.FuriniSolutions.dao.ItemNotaDAO.findAllWithIDNota(ItemNotaDAO.java:190)
	at br.com.FuriniSolutions.dao.NotaFiscalDAO.retrive(NotaFiscalDAO.java:100)
	at br.com.FuriniSolutions.dao.ItemNotaDAO.findAllWithIDNota(ItemNotaDAO.java:190)
	at br.com.FuriniSolutions.dao.NotaFiscalDAO.retrive(NotaFiscalDAO.java:100)
	at br.com.FuriniSolutions.dao.ItemNotaDAO.findAllWithIDNota(ItemNotaDAO.java:190)
	at br.com.FuriniSolutions.dao.NotaFiscalDAO.retrive(NotaFiscalDAO.java:100)
	at br.com.FuriniSolutions.dao.ItemNotaDAO.findAllWithIDNota(ItemNotaDAO.java:190)
	at br.com.FuriniSolutions.dao.NotaFiscalDAO.retrive(NotaFiscalDAO.java:100)
	at br.com.FuriniSolutions.dao.ItemNotaDAO.findAllWithIDNota(ItemNotaDAO.java:190)
	at br.com.FuriniSolutions.dao.NotaFiscalDAO.retrive(NotaFiscalDAO.java:100)
	at br.com.FuriniSolutions.dao.ItemNotaDAO.findAllWithIDNota(ItemNotaDAO.java:190)
	at br.com.FuriniSolutions.dao.NotaFiscalDAO.retrive(NotaFiscalDAO.java:100)
	at br.com.FuriniSolutions.dao.ItemNotaDAO.findAllWithIDNota(ItemNotaDAO.java:190)
	at br.com.FuriniSolutions.dao.NotaFiscalDAO.retrive(NotaFiscalDAO.java:100)
	at br.com.FuriniSolutions.dao.ItemNotaDAO.findAllWithIDNota(ItemNotaDAO.java:190)
	at br.com.FuriniSolutions.dao.NotaFiscalDAO.retrive(NotaFiscalDAO.java:100)
	at br.com.FuriniSolutions.dao.ItemNotaDAO.findAllWithIDNota(ItemNotaDAO.java:190)
	at br.com.FuriniSolutions.dao.NotaFiscalDAO.retrive(NotaFiscalDAO.java:100)
	at br.com.FuriniSolutions.dao.ItemNotaDAO.findAllWithIDNota(ItemNotaDAO.java:190)
	at br.com.FuriniSolutions.dao.NotaFiscalDAO.retrive(NotaFiscalDAO.java:100)
	at br.com.FuriniSolutions.dao.ItemNotaDAO.findAllWithIDNota(ItemNotaDAO.java:190)
	at br.com.FuriniSolutions.dao.NotaFiscalDAO.retrive(NotaFiscalDAO.java:100)
	at br.com.FuriniSolutions.dao.ItemNotaDAO.findAllWithIDNota(ItemNotaDAO.java:190)
	at br.com.FuriniSolutions.dao.NotaFiscalDAO.retrive(NotaFiscalDAO.java:100)
	at br.com.FuriniSolutions.dao.ItemNotaDAO.findAllWithIDNota(ItemNotaDAO.java:190)
	at br.com.FuriniSolutions.dao.NotaFiscalDAO.retrive(NotaFiscalDAO.java:100)
	at br.com.FuriniSolutions.dao.ItemNotaDAO.findAllWithIDNota(ItemNotaDAO.java:190)
	at br.com.FuriniSolutions.dao.NotaFiscalDAO.retrive(NotaFiscalDAO.java:100)
	at br.com.FuriniSolutions.dao.ItemNotaDAO.findAllWithIDNota(ItemNotaDAO.java:190)
	at br.com.FuriniSolutions.dao.NotaFiscalDAO.retrive(NotaFiscalDAO.java:100)
	at br.com.FuriniSolutions.dao.ItemNotaDAO.findAllWithIDNota(ItemNotaDAO.java:190)
	at br.com.FuriniSolutions.dao.NotaFiscalDAO.retrive(NotaFiscalDAO.java:100)
	at br.com.FuriniSolutions.dao.ItemNotaDAO.findAllWithIDNota(ItemNotaDAO.java:190)
	at br.com.FuriniSolutions.dao.NotaFiscalDAO.retrive(NotaFiscalDAO.java:100)
	at br.com.FuriniSolutions.dao.ItemNotaDAO.findAllWithIDNota(ItemNotaDAO.java:190)
	at br.com.FuriniSolutions.dao.NotaFiscalDAO.retrive(NotaFiscalDAO.java:100)
	at br.com.FuriniSolutions.dao.ItemNotaDAO.findAllWithIDNota(ItemNotaDAO.java:190)
	at br.com.FuriniSolutions.dao.NotaFiscalDAO.retrive(NotaFiscalDAO.java:100)
	at br.com.FuriniSolutions.dao.ItemNotaDAO.findAllWithIDNota(ItemNotaDAO.java:190)
	at br.com.FuriniSolutions.dao.NotaFiscalDAO.retrive(NotaFiscalDAO.java:100)
	at br.com.FuriniSolutions.dao.ItemNotaDAO.findAllWithIDNota(ItemNotaDAO.java:190)
	at br.com.FuriniSolutions.dao.NotaFiscalDAO.retrive(NotaFiscalDAO.java:100)
	at br.com.FuriniSolutions.dao.ItemNotaDAO.findAllWithIDNota(ItemNotaDAO.java:190)
	at br.com.FuriniSolutions.dao.NotaFiscalDAO.retrive(NotaFiscalDAO.java:100)
	at br.com.FuriniSolutions.dao.ItemNotaDAO.findAllWithIDNota(ItemNotaDAO.java:190)
	at br.com.FuriniSolutions.dao.NotaFiscalDAO.retrive(NotaFiscalDAO.java:100)
	at br.com.FuriniSolutions.dao.ItemNotaDAO.findAllWithIDNota(ItemNotaDAO.java:190)
	at br.com.FuriniSolutions.dao.NotaFiscalDAO.retrive(NotaFiscalDAO.java:100)
	at br.com.FuriniSolutions.dao.ItemNotaDAO.findAllWithIDNota(ItemNotaDAO.java:190)
	at br.com.FuriniSolutions.dao.NotaFiscalDAO.retrive(NotaFiscalDAO.java:100)
	at br.com.FuriniSolutions.dao.ItemNotaDAO.findAllWithIDNota(ItemNotaDAO.java:190)
	at br.com.FuriniSolutions.dao.NotaFiscalDAO.retrive(NotaFiscalDAO.java:100)
	at br.com.FuriniSolutions.dao.ItemNotaDAO.findAllWithIDNota(ItemNotaDAO.java:190)
	at br.com.FuriniSolutions.dao.NotaFiscalDAO.retrive(NotaFiscalDAO.java:100)
	at br.com.FuriniSolutions.dao.ItemNotaDAO.findAllWithIDNota(ItemNotaDAO.java:190)
	at br.com.FuriniSolutions.dao.NotaFiscalDAO.retrive(NotaFiscalDAO.java:100)
	at br.com.FuriniSolutions.dao.ItemNotaDAO.findAllWithIDNota(ItemNotaDAO.java:190)
	at br.com.FuriniSolutions.dao.NotaFiscalDAO.retrive(NotaFiscalDAO.java:100)
	at br.com.FuriniSolutions.dao.ItemNotaDAO.findAllWithIDNota(ItemNotaDAO.java:190)
	at br.com.FuriniSolutions.dao.NotaFiscalDAO.retrive(NotaFiscalDAO.java:100)
	at br.com.FuriniSolutions.dao.ItemNotaDAO.findAllWithIDNota(ItemNotaDAO.java:190)
	at br.com.FuriniSolutions.dao.NotaFiscalDAO.retrive(NotaFiscalDAO.java:100)
	at br.com.FuriniSolutions.dao.ItemNotaDAO.findAllWithIDNota(ItemNotaDAO.java:190)
	at br.com.FuriniSolutions.dao.NotaFiscalDAO.retrive(NotaFiscalDAO.java:100)
	at br.com.FuriniSolutions.dao.ItemNotaDAO.findAllWithIDNota(ItemNotaDAO.java:190)
	at br.com.FuriniSolutions.dao.NotaFiscalDAO.retrive(NotaFiscalDAO.java:100)
	at br.com.FuriniSolutions.dao.ItemNotaDAO.findAllWithIDNota(ItemNotaDAO.java:190)
	at br.com.FuriniSolutions.dao.NotaFiscalDAO.retrive(NotaFiscalDAO.java:100)
	at br.com.FuriniSolutions.dao.ItemNotaDAO.findAllWithIDNota(ItemNotaDAO.java:190)
	at br.com.FuriniSolutions.dao.NotaFiscalDAO.retrive(NotaFiscalDAO.java:100)
	at br.com.FuriniSolutions.dao.ItemNotaDAO.findAllWithIDNota(ItemNotaDAO.java:190)
	at br.com.FuriniSolutions.dao.NotaFiscalDAO.retrive(NotaFiscalDAO.java:100)
	at br.com.FuriniSolutions.dao.ItemNotaDAO.findAllWithIDNota(ItemNotaDAO.java:190)
	at br.com.FuriniSolutions.dao.NotaFiscalDAO.retrive(NotaFiscalDAO.java:100)
	at br.com.FuriniSolutions.dao.ItemNotaDAO.findAllWithIDNota(ItemNotaDAO.java:190)
	at br.com.FuriniSolutions.dao.NotaFiscalDAO.retrive(NotaFiscalDAO.java:100)
	at br.com.FuriniSolutions.dao.ItemNotaDAO.findAllWithIDNota(ItemNotaDAO.java:190)
	at br.com.FuriniSolutions.dao.NotaFiscalDAO.retrive(NotaFiscalDAO.java:100)
	at br.com.FuriniSolutions.dao.ItemNotaDAO.findAllWithIDNota(ItemNotaDAO.java:190)
	at br.com.FuriniSolutions.dao.NotaFiscalDAO.retrive(NotaFiscalDAO.java:100)
	at br.com.FuriniSolutions.dao.ItemNotaDAO.findAllWithIDNota(ItemNotaDAO.java:190)
	at br.com.FuriniSolutions.dao.NotaFiscalDAO.retrive(NotaFiscalDAO.java:100)
	at br.com.FuriniSolutions.dao.ItemNotaDAO.findAllWithIDNota(ItemNotaDAO.java:190)
	at br.com.FuriniSolutions.dao.NotaFiscalDAO.retrive(NotaFiscalDAO.java:100)
	at br.com.FuriniSolutions.dao.ItemNotaDAO.findAllWithIDNota(ItemNotaDAO.java:190)
	at br.com.FuriniSolutions.dao.NotaFiscalDAO.retrive(NotaFiscalDAO.java:100)
	at br.com.FuriniSolutions.dao.ItemNotaDAO.findAllWithIDNota(ItemNotaDAO.java:190)
	at br.com.FuriniSolutions.dao.NotaFiscalDAO.retrive(NotaFiscalDAO.java:100)
	at br.com.FuriniSolutions.dao.ItemNotaDAO.findAll(ItemNotaDAO.java:151)
	at br.com.FuriniSolutions.dao.ItemNotaDAOIT.testFindAll(ItemNotaDAOIT.java:211)
	at java.base/jdk.internal.reflect.DirectMethodHandleAccessor.invoke(DirectMethodHandleAccessor.java:104)
	at java.base/java.lang.reflect.Method.invoke(Method.java:577)
	at org.junit.platform.commons.util.ReflectionUtils.invokeMethod(ReflectionUtils.java:727)
	at org.junit.jupiter.engine.execution.MethodInvocation.proceed(MethodInvocation.java:60)
	at org.junit.jupiter.engine.execution.InvocationInterceptorChain$ValidatingInvocation.proceed(InvocationInterceptorChain.java:131)
	at org.junit.jupiter.engine.extension.TimeoutExtension.intercept(TimeoutExtension.java:156)
	at org.junit.jupiter.engine.extension.TimeoutExtension.interceptTestableMethod(TimeoutExtension.java:147)
	at org.junit.jupiter.engine.extension.TimeoutExtension.interceptTestMethod(TimeoutExtension.java:86)
	at org.junit.jupiter.engine.execution.InterceptingExecutableInvoker$ReflectiveInterceptorCall.lambda$ofVoidMethod$0(InterceptingExecutableInvoker.java:103)
	at org.junit.jupiter.engine.execution.InterceptingExecutableInvoker.lambda$invoke$0(InterceptingExecutableInvoker.java:93)
	at org.junit.jupiter.engine.execution.InvocationInterceptorChain$InterceptedInvocation.proceed(InvocationInterceptorChain.java:106)
	at org.junit.jupiter.engine.execution.InvocationInterceptorChain.proceed(InvocationInterceptorChain.java:64)
	at org.junit.jupiter.engine.execution.InvocationInterceptorChain.chainAndInvoke(InvocationInterceptorChain.java:45)
	at org.junit.jupiter.engine.execution.InvocationInterceptorChain.invoke(InvocationInterceptorChain.java:37)
	at org.junit.jupiter.engine.execution.InterceptingExecutableInvoker.invoke(InterceptingExecutableInvoker.java:92)
	at org.junit.jupiter.engine.execution.InterceptingExecutableInvoker.invoke(InterceptingExecutableInvoker.java:86)
	at org.junit.jupiter.engine.descriptor.TestMethodTestDescriptor.lambda$invokeTestMethod$7(TestMethodTestDescriptor.java:217)
	at org.junit.platform.engine.support.hierarchical.ThrowableCollector.execute(ThrowableCollector.java:73)
	at org.junit.jupiter.engine.descriptor.TestMethodTestDescriptor.invokeTestMethod(TestMethodTestDescriptor.java:213)
	at org.junit.jupiter.engine.descriptor.TestMethodTestDescriptor.execute(TestMethodTestDescriptor.java:138)
	at org.junit.jupiter.engine.descriptor.TestMethodTestDescriptor.execute(TestMethodTestDescriptor.java:68)
	at org.junit.platform.engine.support.hierarchical.NodeTestTask.lambda$executeRecursively$6(NodeTestTask.java:151)
	at org.junit.platform.engine.support.hierarchical.ThrowableCollector.execute(ThrowableCollector.java:73)
	at org.junit.platform.engine.support.hierarchical.NodeTestTask.lambda$executeRecursively$8(NodeTestTask.java:141)
	at org.junit.platform.engine.support.hierarchical.Node.around(Node.java:137)
	at org.junit.platform.engine.support.hierarchical.NodeTestTask.lambda$executeRecursively$9(NodeTestTask.java:139)
	at org.junit.platform.engine.support.hierarchical.ThrowableCollector.execute(ThrowableCollector.java:73)
	at org.junit.platform.engine.support.hierarchical.NodeTestTask.executeRecursively(NodeTestTask.java:138)
	at org.junit.platform.engine.support.hierarchical.NodeTestTask.execute(NodeTestTask.java:95)
	at java.base/java.util.ArrayList.forEach(ArrayList.java:1511)
	at org.junit.platform.engine.support.hierarchical.SameThreadHierarchicalTestExecutorService.invokeAll(SameThreadHierarchicalTestExecutorService.java:41)
	at org.junit.platform.engine.support.hierarchical.NodeTestTask.lambda$executeRecursively$6(NodeTestTask.java:155)
	at org.junit.platform.engine.support.hierarchical.ThrowableCollector.execute(ThrowableCollector.java:73)
	at org.junit.platform.engine.support.hierarchical.NodeTestTask.lambda$executeRecursively$8(NodeTestTask.java:141)
	at org.junit.platform.engine.support.hierarchical.Node.around(Node.java:137)
	at org.junit.platform.engine.support.hierarchical.NodeTestTask.lambda$executeRecursively$9(NodeTestTask.java:139)
	at org.junit.platform.engine.support.hierarchical.ThrowableCollector.execute(ThrowableCollector.java:73)
	at org.junit.platform.engine.support.hierarchical.NodeTestTask.executeRecursively(NodeTestTask.java:138)
	at org.junit.platform.engine.support.hierarchical.NodeTestTask.execute(NodeTestTask.java:95)
	at java.base/java.util.ArrayList.forEach(ArrayList.java:1511)
	at org.junit.platform.engine.support.hierarchical.SameThreadHierarchicalTestExecutorService.invokeAll(SameThreadHierarchicalTestExecutorService.java:41)
	at org.junit.platform.engine.support.hierarchical.NodeTestTask.lambda$executeRecursively$6(NodeTestTask.java:155)
	at org.junit.platform.engine.support.hierarchical.ThrowableCollector.execute(ThrowableCollector.java:73)
	at org.junit.platform.engine.support.hierarchical.NodeTestTask.lambda$executeRecursively$8(NodeTestTask.java:141)
	at org.junit.platform.engine.support.hierarchical.Node.around(Node.java:137)
	at org.junit.platform.engine.support.hierarchical.NodeTestTask.lambda$executeRecursively$9(NodeTestTask.java:139)
	at org.junit.platform.engine.support.hierarchical.ThrowableCollector.execute(ThrowableCollector.java:73)
	at org.junit.platform.engine.support.hierarchical.NodeTestTask.executeRecursively(NodeTestTask.java:138)
	at org.junit.platform.engine.support.hierarchical.NodeTestTask.execute(NodeTestTask.java:95)
	at org.junit.platform.engine.support.hierarchical.SameThreadHierarchicalTestExecutorService.submit(SameThreadHierarchicalTestExecutorService.java:35)
	at org.junit.platform.engine.support.hierarchical.HierarchicalTestExecutor.execute(HierarchicalTestExecutor.java:57)
	at org.junit.platform.engine.support.hierarchical.HierarchicalTestEngine.execute(HierarchicalTestEngine.java:54)
	at org.junit.platform.launcher.core.EngineExecutionOrchestrator.execute(EngineExecutionOrchestrator.java:147)
	at org.junit.platform.launcher.core.EngineExecutionOrchestrator.execute(EngineExecutionOrchestrator.java:127)
	at org.junit.platform.launcher.core.EngineExecutionOrchestrator.execute(EngineExecutionOrchestrator.java:90)
	at org.junit.platform.launcher.core.EngineExecutionOrchestrator.lambda$execute$0(EngineExecutionOrchestrator.java:55)
	at org.junit.platform.launcher.core.EngineExecutionOrchestrator.withInterceptedStreams(EngineExecutionOrchestrator.java:102)
	at org.junit.platform.launcher.core.EngineExecutionOrchestrator.execute(EngineExecutionOrchestrator.java:54)
	at org.junit.platform.launcher.core.DefaultLauncher.execute(DefaultLauncher.java:114)
	at org.junit.platform.launcher.core.DefaultLauncher.execute(DefaultLauncher.java:86)
	at org.junit.platform.launcher.core.DefaultLauncherSession$DelegatingLauncher.execute(DefaultLauncherSession.java:86)
	at org.junit.platform.launcher.core.SessionPerRequestLauncher.execute(SessionPerRequestLauncher.java:53)
	at org.apache.maven.surefire.junitplatform.JUnitPlatformProvider.execute(JUnitPlatformProvider.java:188)
	at org.apache.maven.surefire.junitplatform.JUnitPlatformProvider.invokeAllTests(JUnitPlatformProvider.java:154)
	at org.apache.maven.surefire.junitplatform.JUnitPlatformProvider.invoke(JUnitPlatformProvider.java:128)
	at org.apache.maven.surefire.booter.ForkedBooter.runSuitesInProcess(ForkedBooter.java:428)
	at org.apache.maven.surefire.booter.ForkedBooter.execute(ForkedBooter.java:162)
	at org.apache.maven.surefire.booter.ForkedBooter.run(ForkedBooter.java:562)
	at org.apache.maven.surefire.booter.ForkedBooter.main(ForkedBooter.java:548)
Erro ao buscar ItemNotas com IDNota: Cannot invoke "java.sql.Connection.prepareStatement(String)" because "connection" is null
java.lang.NullPointerException: Cannot invoke "java.sql.Connection.prepareStatement(String)" because "connection" is null
	at br.com.FuriniSolutions.dao.ItemNotaDAO.findAllWithIDNota(ItemNotaDAO.java:173)
	at br.com.FuriniSolutions.dao.NotaFiscalDAO.retrive(NotaFiscalDAO.java:100)
	at br.com.FuriniSolutions.dao.ItemNotaDAO.findAllWithIDNota(ItemNotaDAO.java:190)
	at br.com.FuriniSolutions.dao.NotaFiscalDAO.retrive(NotaFiscalDAO.java:100)
	at br.com.FuriniSolutions.dao.ItemNotaDAO.findAllWithIDNota(ItemNotaDAO.java:190)
	at br.com.FuriniSolutions.dao.NotaFiscalDAO.retrive(NotaFiscalDAO.java:100)
	at br.com.FuriniSolutions.dao.ItemNotaDAO.findAllWithIDNota(ItemNotaDAO.java:190)
	at br.com.FuriniSolutions.dao.NotaFiscalDAO.retrive(NotaFiscalDAO.java:100)
	at br.com.FuriniSolutions.dao.ItemNotaDAO.findAllWithIDNota(ItemNotaDAO.java:190)
	at br.com.FuriniSolutions.dao.NotaFiscalDAO.retrive(NotaFiscalDAO.java:100)
	at br.com.FuriniSolutions.dao.ItemNotaDAO.findAllWithIDNota(ItemNotaDAO.java:190)
	at br.com.FuriniSolutions.dao.NotaFiscalDAO.retrive(NotaFiscalDAO.java:100)
	at br.com.FuriniSolutions.dao.ItemNotaDAO.findAllWithIDNota(ItemNotaDAO.java:190)
	at br.com.FuriniSolutions.dao.NotaFiscalDAO.retrive(NotaFiscalDAO.java:100)
	at br.com.FuriniSolutions.dao.ItemNotaDAO.findAllWithIDNota(ItemNotaDAO.java:190)
	at br.com.FuriniSolutions.dao.NotaFiscalDAO.retrive(NotaFiscalDAO.java:100)
	at br.com.FuriniSolutions.dao.ItemNotaDAO.findAllWithIDNota(ItemNotaDAO.java:190)
	at br.com.FuriniSolutions.dao.NotaFiscalDAO.retrive(NotaFiscalDAO.java:100)
	at br.com.FuriniSolutions.dao.ItemNotaDAO.findAllWithIDNota(ItemNotaDAO.java:190)
	at br.com.FuriniSolutions.dao.NotaFiscalDAO.retrive(NotaFiscalDAO.java:100)
	at br.com.FuriniSolutions.dao.ItemNotaDAO.findAllWithIDNota(ItemNotaDAO.java:190)
	at br.com.FuriniSolutions.dao.NotaFiscalDAO.retrive(NotaFiscalDAO.java:100)
	at br.com.FuriniSolutions.dao.ItemNotaDAO.findAllWithIDNota(ItemNotaDAO.java:190)
	at br.com.FuriniSolutions.dao.NotaFiscalDAO.retrive(NotaFiscalDAO.java:100)
	at br.com.FuriniSolutions.dao.ItemNotaDAO.findAllWithIDNota(ItemNotaDAO.java:190)
	at br.com.FuriniSolutions.dao.NotaFiscalDAO.retrive(NotaFiscalDAO.java:100)
	at br.com.FuriniSolutions.dao.ItemNotaDAO.findAllWithIDNota(ItemNotaDAO.java:190)
	at br.com.FuriniSolutions.dao.NotaFiscalDAO.retrive(NotaFiscalDAO.java:100)
	at br.com.FuriniSolutions.dao.ItemNotaDAO.findAllWithIDNota(ItemNotaDAO.java:190)
	at br.com.FuriniSolutions.dao.NotaFiscalDAO.retrive(NotaFiscalDAO.java:100)
	at br.com.FuriniSolutions.dao.ItemNotaDAO.findAllWithIDNota(ItemNotaDAO.java:190)
	at br.com.FuriniSolutions.dao.NotaFiscalDAO.retrive(NotaFiscalDAO.java:100)
	at br.com.FuriniSolutions.dao.ItemNotaDAO.findAllWithIDNota(ItemNotaDAO.java:190)
	at br.com.FuriniSolutions.dao.NotaFiscalDAO.retrive(NotaFiscalDAO.java:100)
	at br.com.FuriniSolutions.dao.ItemNotaDAO.findAllWithIDNota(ItemNotaDAO.java:190)
	at br.com.FuriniSolutions.dao.NotaFiscalDAO.retrive(NotaFiscalDAO.java:100)
	at br.com.FuriniSolutions.dao.ItemNotaDAO.findAllWithIDNota(ItemNotaDAO.java:190)
	at br.com.FuriniSolutions.dao.NotaFiscalDAO.retrive(NotaFiscalDAO.java:100)
	at br.com.FuriniSolutions.dao.ItemNotaDAO.findAllWithIDNota(ItemNotaDAO.java:190)
	at br.com.FuriniSolutions.dao.NotaFiscalDAO.retrive(NotaFiscalDAO.java:100)
	at br.com.FuriniSolutions.dao.ItemNotaDAO.findAllWithIDNota(ItemNotaDAO.java:190)
	at br.com.FuriniSolutions.dao.NotaFiscalDAO.retrive(NotaFiscalDAO.java:100)
	at br.com.FuriniSolutions.dao.ItemNotaDAO.findAllWithIDNota(ItemNotaDAO.java:190)
	at br.com.FuriniSolutions.dao.NotaFiscalDAO.retrive(NotaFiscalDAO.java:100)
	at br.com.FuriniSolutions.dao.ItemNotaDAO.findAllWithIDNota(ItemNotaDAO.java:190)
	at br.com.FuriniSolutions.dao.NotaFiscalDAO.retrive(NotaFiscalDAO.java:100)
	at br.com.FuriniSolutions.dao.ItemNotaDAO.findAllWithIDNota(ItemNotaDAO.java:190)
	at br.com.FuriniSolutions.dao.NotaFiscalDAO.retrive(NotaFiscalDAO.java:100)
	at br.com.FuriniSolutions.dao.ItemNotaDAO.findAllWithIDNota(ItemNotaDAO.java:190)
	at br.com.FuriniSolutions.dao.NotaFiscalDAO.retrive(NotaFiscalDAO.java:100)
	at br.com.FuriniSolutions.dao.ItemNotaDAO.findAllWithIDNota(ItemNotaDAO.java:190)
	at br.com.FuriniSolutions.dao.NotaFiscalDAO.retrive(NotaFiscalDAO.java:100)
	at br.com.FuriniSolutions.dao.ItemNotaDAO.findAllWithIDNota(ItemNotaDAO.java:190)
	at br.com.FuriniSolutions.dao.NotaFiscalDAO.retrive(NotaFiscalDAO.java:100)
	at br.com.FuriniSolutions.dao.ItemNotaDAO.findAllWithIDNota(ItemNotaDAO.java:190)
	at br.com.FuriniSolutions.dao.NotaFiscalDAO.retrive(NotaFiscalDAO.java:100)
	at br.com.FuriniSolutions.dao.ItemNotaDAO.findAllWithIDNota(ItemNotaDAO.java:190)
	at br.com.FuriniSolutions.dao.NotaFiscalDAO.retrive(NotaFiscalDAO.java:100)
	at br.com.FuriniSolutions.dao.ItemNotaDAO.findAllWithIDNota(ItemNotaDAO.java:190)
	at br.com.FuriniSolutions.dao.NotaFiscalDAO.retrive(NotaFiscalDAO.java:100)
	at br.com.FuriniSolutions.dao.ItemNotaDAO.findAllWithIDNota(ItemNotaDAO.java:190)
	at br.com.FuriniSolutions.dao.NotaFiscalDAO.retrive(NotaFiscalDAO.java:100)
	at br.com.FuriniSolutions.dao.ItemNotaDAO.findAllWithIDNota(ItemNotaDAO.java:190)
	at br.com.FuriniSolutions.dao.NotaFiscalDAO.retrive(NotaFiscalDAO.java:100)
	at br.com.FuriniSolutions.dao.ItemNotaDAO.findAllWithIDNota(ItemNotaDAO.java:190)
	at br.com.FuriniSolutions.dao.NotaFiscalDAO.retrive(NotaFiscalDAO.java:100)
	at br.com.FuriniSolutions.dao.ItemNotaDAO.findAllWithIDNota(ItemNotaDAO.java:190)
	at br.com.FuriniSolutions.dao.NotaFiscalDAO.retrive(NotaFiscalDAO.java:100)
	at br.com.FuriniSolutions.dao.ItemNotaDAO.findAllWithIDNota(ItemNotaDAO.java:190)
	at br.com.FuriniSolutions.dao.NotaFiscalDAO.retrive(NotaFiscalDAO.java:100)
	at br.com.FuriniSolutions.dao.ItemNotaDAO.findAllWithIDNota(ItemNotaDAO.java:190)
	at br.com.FuriniSolutions.dao.NotaFiscalDAO.retrive(NotaFiscalDAO.java:100)
	at br.com.FuriniSolutions.dao.ItemNotaDAO.findAllWithIDNota(ItemNotaDAO.java:190)
	at br.com.FuriniSolutions.dao.NotaFiscalDAO.retrive(NotaFiscalDAO.java:100)
	at br.com.FuriniSolutions.dao.ItemNotaDAO.findAllWithIDNota(ItemNotaDAO.java:190)
	at br.com.FuriniSolutions.dao.NotaFiscalDAO.retrive(NotaFiscalDAO.java:100)
	at br.com.FuriniSolutions.dao.ItemNotaDAO.findAllWithIDNota(ItemNotaDAO.java:190)
	at br.com.FuriniSolutions.dao.NotaFiscalDAO.retrive(NotaFiscalDAO.java:100)
	at br.com.FuriniSolutions.dao.ItemNotaDAO.findAllWithIDNota(ItemNotaDAO.java:190)
	at br.com.FuriniSolutions.dao.NotaFiscalDAO.retrive(NotaFiscalDAO.java:100)
	at br.com.FuriniSolutions.dao.ItemNotaDAO.findAllWithIDNota(ItemNotaDAO.java:190)
	at br.com.FuriniSolutions.dao.NotaFiscalDAO.retrive(NotaFiscalDAO.java:100)
	at br.com.FuriniSolutions.dao.ItemNotaDAO.findAllWithIDNota(ItemNotaDAO.java:190)
	at br.com.FuriniSolutions.dao.NotaFiscalDAO.retrive(NotaFiscalDAO.java:100)
	at br.com.FuriniSolutions.dao.ItemNotaDAO.findAllWithIDNota(ItemNotaDAO.java:190)
	at br.com.FuriniSolutions.dao.NotaFiscalDAO.retrive(NotaFiscalDAO.java:100)
	at br.com.FuriniSolutions.dao.ItemNotaDAO.findAllWithIDNota(ItemNotaDAO.java:190)
	at br.com.FuriniSolutions.dao.NotaFiscalDAO.retrive(NotaFiscalDAO.java:100)
	at br.com.FuriniSolutions.dao.ItemNotaDAO.findAllWithIDNota(ItemNotaDAO.java:190)
	at br.com.FuriniSolutions.dao.NotaFiscalDAO.retrive(NotaFiscalDAO.java:100)
	at br.com.FuriniSolutions.dao.ItemNotaDAO.findAllWithIDNota(ItemNotaDAO.java:190)
	at br.com.FuriniSolutions.dao.NotaFiscalDAO.retrive(NotaFiscalDAO.java:100)
	at br.com.FuriniSolutions.dao.ItemNotaDAO.findAllWithIDNota(ItemNotaDAO.java:190)
	at br.com.FuriniSolutions.dao.NotaFiscalDAO.retrive(NotaFiscalDAO.java:100)
	at br.com.FuriniSolutions.dao.ItemNotaDAO.findAllWithIDNota(ItemNotaDAO.java:190)
	at br.com.FuriniSolutions.dao.NotaFiscalDAO.retrive(NotaFiscalDAO.java:100)
	at br.com.FuriniSolutions.dao.ItemNotaDAO.findAllWithIDNota(ItemNotaDAO.java:190)
	at br.com.FuriniSolutions.dao.NotaFiscalDAO.retrive(NotaFiscalDAO.java:100)
	at br.com.FuriniSolutions.dao.ItemNotaDAO.findAllWithIDNota(ItemNotaDAO.java:190)
	at br.com.FuriniSolutions.dao.NotaFiscalDAO.retrive(NotaFiscalDAO.java:100)
	at br.com.FuriniSolutions.dao.ItemNotaDAO.findAllWithIDNota(ItemNotaDAO.java:190)
	at br.com.FuriniSolutions.dao.NotaFiscalDAO.retrive(NotaFiscalDAO.java:100)
	at br.com.FuriniSolutions.dao.ItemNotaDAO.findAllWithIDNota(ItemNotaDAO.java:190)
	at br.com.FuriniSolutions.dao.NotaFiscalDAO.retrive(NotaFiscalDAO.java:100)
	at br.com.FuriniSolutions.dao.ItemNotaDAO.findAllWithIDNota(ItemNotaDAO.java:190)
	at br.com.FuriniSolutions.dao.NotaFiscalDAO.retrive(NotaFiscalDAO.java:100)
	at br.com.FuriniSolutions.dao.ItemNotaDAO.findAllWithIDNota(ItemNotaDAO.java:190)
	at br.com.FuriniSolutions.dao.NotaFiscalDAO.retrive(NotaFiscalDAO.java:100)
	at br.com.FuriniSolutions.dao.ItemNotaDAO.findAllWithIDNota(ItemNotaDAO.java:190)
	at br.com.FuriniSolutions.dao.NotaFiscalDAO.retrive(NotaFiscalDAO.java:100)
	at br.com.FuriniSolutions.dao.ItemNotaDAO.findAllWithIDNota(ItemNotaDAO.java:190)
	at br.com.FuriniSolutions.dao.NotaFiscalDAO.retrive(NotaFiscalDAO.java:100)
	at br.com.FuriniSolutions.dao.ItemNotaDAO.findAllWithIDNota(ItemNotaDAO.java:190)
	at br.com.FuriniSolutions.dao.NotaFiscalDAO.retrive(NotaFiscalDAO.java:100)
	at br.com.FuriniSolutions.dao.ItemNotaDAO.findAllWithIDNota(ItemNotaDAO.java:190)
	at br.com.FuriniSolutions.dao.NotaFiscalDAO.retrive(NotaFiscalDAO.java:100)
	at br.com.FuriniSolutions.dao.ItemNotaDAO.findAllWithIDNota(ItemNotaDAO.java:190)
	at br.com.FuriniSolutions.dao.NotaFiscalDAO.retrive(NotaFiscalDAO.java:100)
	at br.com.FuriniSolutions.dao.ItemNotaDAO.findAllWithIDNota(ItemNotaDAO.java:190)
	at br.com.FuriniSolutions.dao.NotaFiscalDAO.retrive(NotaFiscalDAO.java:100)
	at br.com.FuriniSolutions.dao.ItemNotaDAO.findAllWithIDNota(ItemNotaDAO.java:190)
	at br.com.FuriniSolutions.dao.NotaFiscalDAO.retrive(NotaFiscalDAO.java:100)
	at br.com.FuriniSolutions.dao.ItemNotaDAO.findAllWithIDNota(ItemNotaDAO.java:190)
	at br.com.FuriniSolutions.dao.NotaFiscalDAO.retrive(NotaFiscalDAO.java:100)
	at br.com.FuriniSolutions.dao.ItemNotaDAO.findAllWithIDNota(ItemNotaDAO.java:190)
	at br.com.FuriniSolutions.dao.NotaFiscalDAO.retrive(NotaFiscalDAO.java:100)
	at br.com.FuriniSolutions.dao.ItemNotaDAO.findAllWithIDNota(ItemNotaDAO.java:190)
	at br.com.FuriniSolutions.dao.NotaFiscalDAO.retrive(NotaFiscalDAO.java:100)
	at br.com.FuriniSolutions.dao.ItemNotaDAO.findAllWithIDNota(ItemNotaDAO.java:190)
	at br.com.FuriniSolutions.dao.NotaFiscalDAO.retrive(NotaFiscalDAO.java:100)
	at br.com.FuriniSolutions.dao.ItemNotaDAO.findAllWithIDNota(ItemNotaDAO.java:190)
	at br.com.FuriniSolutions.dao.NotaFiscalDAO.retrive(NotaFiscalDAO.java:100)
	at br.com.FuriniSolutions.dao.ItemNotaDAO.findAllWithIDNota(ItemNotaDAO.java:190)
	at br.com.FuriniSolutions.dao.NotaFiscalDAO.retrive(NotaFiscalDAO.java:100)
	at br.com.FuriniSolutions.dao.ItemNotaDAO.findAllWithIDNota(ItemNotaDAO.java:190)
	at br.com.FuriniSolutions.dao.NotaFiscalDAO.retrive(NotaFiscalDAO.java:100)
	at br.com.FuriniSolutions.dao.ItemNotaDAO.findAllWithIDNota(ItemNotaDAO.java:190)
	at br.com.FuriniSolutions.dao.NotaFiscalDAO.retrive(NotaFiscalDAO.java:100)
	at br.com.FuriniSolutions.dao.ItemNotaDAO.findAllWithIDNota(ItemNotaDAO.java:190)
	at br.com.FuriniSolutions.dao.NotaFiscalDAO.retrive(NotaFiscalDAO.java:100)
	at br.com.FuriniSolutions.dao.ItemNotaDAO.findAllWithIDNota(ItemNotaDAO.java:190)
	at br.com.FuriniSolutions.dao.NotaFiscalDAO.retrive(NotaFiscalDAO.java:100)
	at br.com.FuriniSolutions.dao.ItemNotaDAO.findAllWithIDNota(ItemNotaDAO.java:190)
	at br.com.FuriniSolutions.dao.NotaFiscalDAO.retrive(NotaFiscalDAO.java:100)
	at br.com.FuriniSolutions.dao.ItemNotaDAO.findAllWithIDNota(ItemNotaDAO.java:190)
	at br.com.FuriniSolutions.dao.NotaFiscalDAO.retrive(NotaFiscalDAO.java:100)
	at br.com.FuriniSolutions.dao.ItemNotaDAO.findAllWithIDNota(ItemNotaDAO.java:190)
	at br.com.FuriniSolutions.dao.NotaFiscalDAO.retrive(NotaFiscalDAO.java:100)
	at br.com.FuriniSolutions.dao.ItemNotaDAO.findAllWithIDNota(ItemNotaDAO.java:190)
	at br.com.FuriniSolutions.dao.NotaFiscalDAO.retrive(NotaFiscalDAO.java:100)
	at br.com.FuriniSolutions.dao.ItemNotaDAO.findAll(ItemNotaDAO.java:151)
	at br.com.FuriniSolutions.dao.ItemNotaDAOIT.testFindAll(ItemNotaDAOIT.java:211)
	at java.base/jdk.internal.reflect.DirectMethodHandleAccessor.invoke(DirectMethodHandleAccessor.java:104)
	at java.base/java.lang.reflect.Method.invoke(Method.java:577)
	at org.junit.platform.commons.util.ReflectionUtils.invokeMethod(ReflectionUtils.java:727)
	at org.junit.jupiter.engine.execution.MethodInvocation.proceed(MethodInvocation.java:60)
	at org.junit.jupiter.engine.execution.InvocationInterceptorChain$ValidatingInvocation.proceed(InvocationInterceptorChain.java:131)
	at org.junit.jupiter.engine.extension.TimeoutExtension.intercept(TimeoutExtension.java:156)
	at org.junit.jupiter.engine.extension.TimeoutExtension.interceptTestableMethod(TimeoutExtension.java:147)
	at org.junit.jupiter.engine.extension.TimeoutExtension.interceptTestMethod(TimeoutExtension.java:86)
	at org.junit.jupiter.engine.execution.InterceptingExecutableInvoker$ReflectiveInterceptorCall.lambda$ofVoidMethod$0(InterceptingExecutableInvoker.java:103)
	at org.junit.jupiter.engine.execution.InterceptingExecutableInvoker.lambda$invoke$0(InterceptingExecutableInvoker.java:93)
	at org.junit.jupiter.engine.execution.InvocationInterceptorChain$InterceptedInvocation.proceed(InvocationInterceptorChain.java:106)
	at org.junit.jupiter.engine.execution.InvocationInterceptorChain.proceed(InvocationInterceptorChain.java:64)
	at org.junit.jupiter.engine.execution.InvocationInterceptorChain.chainAndInvoke(InvocationInterceptorChain.java:45)
	at org.junit.jupiter.engine.execution.InvocationInterceptorChain.invoke(InvocationInterceptorChain.java:37)
	at org.junit.jupiter.engine.execution.InterceptingExecutableInvoker.invoke(InterceptingExecutableInvoker.java:92)
	at org.junit.jupiter.engine.execution.InterceptingExecutableInvoker.invoke(InterceptingExecutableInvoker.java:86)
	at org.junit.jupiter.engine.descriptor.TestMethodTestDescriptor.lambda$invokeTestMethod$7(TestMethodTestDescriptor.java:217)
	at org.junit.platform.engine.support.hierarchical.ThrowableCollector.execute(ThrowableCollector.java:73)
	at org.junit.jupiter.engine.descriptor.TestMethodTestDescriptor.invokeTestMethod(TestMethodTestDescriptor.java:213)
	at org.junit.jupiter.engine.descriptor.TestMethodTestDescriptor.execute(TestMethodTestDescriptor.java:138)
	at org.junit.jupiter.engine.descriptor.TestMethodTestDescriptor.execute(TestMethodTestDescriptor.java:68)
	at org.junit.platform.engine.support.hierarchical.NodeTestTask.lambda$executeRecursively$6(NodeTestTask.java:151)
	at org.junit.platform.engine.support.hierarchical.ThrowableCollector.execute(ThrowableCollector.java:73)
	at org.junit.platform.engine.support.hierarchical.NodeTestTask.lambda$executeRecursively$8(NodeTestTask.java:141)
	at org.junit.platform.engine.support.hierarchical.Node.around(Node.java:137)
	at org.junit.platform.engine.support.hierarchical.NodeTestTask.lambda$executeRecursively$9(NodeTestTask.java:139)
	at org.junit.platform.engine.support.hierarchical.ThrowableCollector.execute(ThrowableCollector.java:73)
	at org.junit.platform.engine.support.hierarchical.NodeTestTask.executeRecursively(NodeTestTask.java:138)
	at org.junit.platform.engine.support.hierarchical.NodeTestTask.execute(NodeTestTask.java:95)
	at java.base/java.util.ArrayList.forEach(ArrayList.java:1511)
	at org.junit.platform.engine.support.hierarchical.SameThreadHierarchicalTestExecutorService.invokeAll(SameThreadHierarchicalTestExecutorService.java:41)
	at org.junit.platform.engine.support.hierarchical.NodeTestTask.lambda$executeRecursively$6(NodeTestTask.java:155)
	at org.junit.platform.engine.support.hierarchical.ThrowableCollector.execute(ThrowableCollector.java:73)
	at org.junit.platform.engine.support.hierarchical.NodeTestTask.lambda$executeRecursively$8(NodeTestTask.java:141)
	at org.junit.platform.engine.support.hierarchical.Node.around(Node.java:137)
	at org.junit.platform.engine.support.hierarchical.NodeTestTask.lambda$executeRecursively$9(NodeTestTask.java:139)
	at org.junit.platform.engine.support.hierarchical.ThrowableCollector.execute(ThrowableCollector.java:73)
	at org.junit.platform.engine.support.hierarchical.NodeTestTask.executeRecursively(NodeTestTask.java:138)
	at org.junit.platform.engine.support.hierarchical.NodeTestTask.execute(NodeTestTask.java:95)
	at java.base/java.util.ArrayList.forEach(ArrayList.java:1511)
	at org.junit.platform.engine.support.hierarchical.SameThreadHierarchicalTestExecutorService.invokeAll(SameThreadHierarchicalTestExecutorService.java:41)
	at org.junit.platform.engine.support.hierarchical.NodeTestTask.lambda$executeRecursively$6(NodeTestTask.java:155)
	at org.junit.platform.engine.support.hierarchical.ThrowableCollector.execute(ThrowableCollector.java:73)
	at org.junit.platform.engine.support.hierarchical.NodeTestTask.lambda$executeRecursively$8(NodeTestTask.java:141)
	at org.junit.platform.engine.support.hierarchical.Node.around(Node.java:137)
	at org.junit.platform.engine.support.hierarchical.NodeTestTask.lambda$executeRecursively$9(NodeTestTask.java:139)
	at org.junit.platform.engine.support.hierarchical.ThrowableCollector.execute(ThrowableCollector.java:73)
	at org.junit.platform.engine.support.hierarchical.NodeTestTask.executeRecursively(NodeTestTask.java:138)
	at org.junit.platform.engine.support.hierarchical.NodeTestTask.execute(NodeTestTask.java:95)
	at org.junit.platform.engine.support.hierarchical.SameThreadHierarchicalTestExecutorService.submit(SameThreadHierarchicalTestExecutorService.java:35)
	at org.junit.platform.engine.support.hierarchical.HierarchicalTestExecutor.execute(HierarchicalTestExecutor.java:57)
	at org.junit.platform.engine.support.hierarchical.HierarchicalTestEngine.execute(HierarchicalTestEngine.java:54)
	at org.junit.platform.launcher.core.EngineExecutionOrchestrator.execute(EngineExecutionOrchestrator.java:147)
	at org.junit.platform.launcher.core.EngineExecutionOrchestrator.execute(EngineExecutionOrchestrator.java:127)
	at org.junit.platform.launcher.core.EngineExecutionOrchestrator.execute(EngineExecutionOrchestrator.java:90)
	at org.junit.platform.launcher.core.EngineExecutionOrchestrator.lambda$execute$0(EngineExecutionOrchestrator.java:55)
	at org.junit.platform.launcher.core.EngineExecutionOrchestrator.withInterceptedStreams(EngineExecutionOrchestrator.java:102)
	at org.junit.platform.launcher.core.EngineExecutionOrchestrator.execute(EngineExecutionOrchestrator.java:54)
	at org.junit.platform.launcher.core.DefaultLauncher.execute(DefaultLauncher.java:114)
	at org.junit.platform.launcher.core.DefaultLauncher.execute(DefaultLauncher.java:86)
	at org.junit.platform.launcher.core.DefaultLauncherSession$DelegatingLauncher.execute(DefaultLauncherSession.java:86)
	at org.junit.platform.launcher.core.SessionPerRequestLauncher.execute(SessionPerRequestLauncher.java:53)
	at org.apache.maven.surefire.junitplatform.JUnitPlatformProvider.execute(JUnitPlatformProvider.java:188)
	at org.apache.maven.surefire.junitplatform.JUnitPlatformProvider.invokeAllTests(JUnitPlatformProvider.java:154)
	at org.apache.maven.surefire.junitplatform.JUnitPlatformProvider.invoke(JUnitPlatformProvider.java:128)
	at org.apache.maven.surefire.booter.ForkedBooter.runSuitesInProcess(ForkedBooter.java:428)
	at org.apache.maven.surefire.booter.ForkedBooter.execute(ForkedBooter.java:162)
	at org.apache.maven.surefire.booter.ForkedBooter.run(ForkedBooter.java:562)
	at org.apache.maven.surefire.booter.ForkedBooter.main(ForkedBooter.java:548)
Erro ao buscar ItemNotas com IDNota: Cannot invoke "java.sql.Connection.prepareStatement(String)" because "connection" is null
java.lang.NullPointerException: Cannot invoke "java.sql.Connection.prepareStatement(String)" because "connection" is null
	at br.com.FuriniSolutions.dao.ItemNotaDAO.findAllWithIDNota(ItemNotaDAO.java:173)
	at br.com.FuriniSolutions.dao.NotaFiscalDAO.retrive(NotaFiscalDAO.java:100)
	at br.com.FuriniSolutions.dao.ItemNotaDAO.findAllWithIDNota(ItemNotaDAO.java:190)
	at br.com.FuriniSolutions.dao.NotaFiscalDAO.retrive(NotaFiscalDAO.java:100)
	at br.com.FuriniSolutions.dao.ItemNotaDAO.findAllWithIDNota(ItemNotaDAO.java:190)
	at br.com.FuriniSolutions.dao.NotaFiscalDAO.retrive(NotaFiscalDAO.java:100)
	at br.com.FuriniSolutions.dao.ItemNotaDAO.findAllWithIDNota(ItemNotaDAO.java:190)
	at br.com.FuriniSolutions.dao.NotaFiscalDAO.retrive(NotaFiscalDAO.java:100)
	at br.com.FuriniSolutions.dao.ItemNotaDAO.findAllWithIDNota(ItemNotaDAO.java:190)
	at br.com.FuriniSolutions.dao.NotaFiscalDAO.retrive(NotaFiscalDAO.java:100)
	at br.com.FuriniSolutions.dao.ItemNotaDAO.findAllWithIDNota(ItemNotaDAO.java:190)
	at br.com.FuriniSolutions.dao.NotaFiscalDAO.retrive(NotaFiscalDAO.java:100)
	at br.com.FuriniSolutions.dao.ItemNotaDAO.findAllWithIDNota(ItemNotaDAO.java:190)
	at br.com.FuriniSolutions.dao.NotaFiscalDAO.retrive(NotaFiscalDAO.java:100)
	at br.com.FuriniSolutions.dao.ItemNotaDAO.findAllWithIDNota(ItemNotaDAO.java:190)
	at br.com.FuriniSolutions.dao.NotaFiscalDAO.retrive(NotaFiscalDAO.java:100)
	at br.com.FuriniSolutions.dao.ItemNotaDAO.findAllWithIDNota(ItemNotaDAO.java:190)
	at br.com.FuriniSolutions.dao.NotaFiscalDAO.retrive(NotaFiscalDAO.java:100)
	at br.com.FuriniSolutions.dao.ItemNotaDAO.findAllWithIDNota(ItemNotaDAO.java:190)
	at br.com.FuriniSolutions.dao.NotaFiscalDAO.retrive(NotaFiscalDAO.java:100)
	at br.com.FuriniSolutions.dao.ItemNotaDAO.findAllWithIDNota(ItemNotaDAO.java:190)
	at br.com.FuriniSolutions.dao.NotaFiscalDAO.retrive(NotaFiscalDAO.java:100)
	at br.com.FuriniSolutions.dao.ItemNotaDAO.findAllWithIDNota(ItemNotaDAO.java:190)
	at br.com.FuriniSolutions.dao.NotaFiscalDAO.retrive(NotaFiscalDAO.java:100)
	at br.com.FuriniSolutions.dao.ItemNotaDAO.findAllWithIDNota(ItemNotaDAO.java:190)
	at br.com.FuriniSolutions.dao.NotaFiscalDAO.retrive(NotaFiscalDAO.java:100)
	at br.com.FuriniSolutions.dao.ItemNotaDAO.findAllWithIDNota(ItemNotaDAO.java:190)
	at br.com.FuriniSolutions.dao.NotaFiscalDAO.retrive(NotaFiscalDAO.java:100)
	at br.com.FuriniSolutions.dao.ItemNotaDAO.findAllWithIDNota(ItemNotaDAO.java:190)
	at br.com.FuriniSolutions.dao.NotaFiscalDAO.retrive(NotaFiscalDAO.java:100)
	at br.com.FuriniSolutions.dao.ItemNotaDAO.findAllWithIDNota(ItemNotaDAO.java:190)
	at br.com.FuriniSolutions.dao.NotaFiscalDAO.retrive(NotaFiscalDAO.java:100)
	at br.com.FuriniSolutions.dao.ItemNotaDAO.findAllWithIDNota(ItemNotaDAO.java:190)
	at br.com.FuriniSolutions.dao.NotaFiscalDAO.retrive(NotaFiscalDAO.java:100)
	at br.com.FuriniSolutions.dao.ItemNotaDAO.findAllWithIDNota(ItemNotaDAO.java:190)
	at br.com.FuriniSolutions.dao.NotaFiscalDAO.retrive(NotaFiscalDAO.java:100)
	at br.com.FuriniSolutions.dao.ItemNotaDAO.findAllWithIDNota(ItemNotaDAO.java:190)
	at br.com.FuriniSolutions.dao.NotaFiscalDAO.retrive(NotaFiscalDAO.java:100)
	at br.com.FuriniSolutions.dao.ItemNotaDAO.findAllWithIDNota(ItemNotaDAO.java:190)
	at br.com.FuriniSolutions.dao.NotaFiscalDAO.retrive(NotaFiscalDAO.java:100)
	at br.com.FuriniSolutions.dao.ItemNotaDAO.findAllWithIDNota(ItemNotaDAO.java:190)
	at br.com.FuriniSolutions.dao.NotaFiscalDAO.retrive(NotaFiscalDAO.java:100)
	at br.com.FuriniSolutions.dao.ItemNotaDAO.findAllWithIDNota(ItemNotaDAO.java:190)
	at br.com.FuriniSolutions.dao.NotaFiscalDAO.retrive(NotaFiscalDAO.java:100)
	at br.com.FuriniSolutions.dao.ItemNotaDAO.findAllWithIDNota(ItemNotaDAO.java:190)
	at br.com.FuriniSolutions.dao.NotaFiscalDAO.retrive(NotaFiscalDAO.java:100)
	at br.com.FuriniSolutions.dao.ItemNotaDAO.findAllWithIDNota(ItemNotaDAO.java:190)
	at br.com.FuriniSolutions.dao.NotaFiscalDAO.retrive(NotaFiscalDAO.java:100)
	at br.com.FuriniSolutions.dao.ItemNotaDAO.findAllWithIDNota(ItemNotaDAO.java:190)
	at br.com.FuriniSolutions.dao.NotaFiscalDAO.retrive(NotaFiscalDAO.java:100)
	at br.com.FuriniSolutions.dao.ItemNotaDAO.findAllWithIDNota(ItemNotaDAO.java:190)
	at br.com.FuriniSolutions.dao.NotaFiscalDAO.retrive(NotaFiscalDAO.java:100)
	at br.com.FuriniSolutions.dao.ItemNotaDAO.findAllWithIDNota(ItemNotaDAO.java:190)
	at br.com.FuriniSolutions.dao.NotaFiscalDAO.retrive(NotaFiscalDAO.java:100)
	at br.com.FuriniSolutions.dao.ItemNotaDAO.findAllWithIDNota(ItemNotaDAO.java:190)
	at br.com.FuriniSolutions.dao.NotaFiscalDAO.retrive(NotaFiscalDAO.java:100)
	at br.com.FuriniSolutions.dao.ItemNotaDAO.findAllWithIDNota(ItemNotaDAO.java:190)
	at br.com.FuriniSolutions.dao.NotaFiscalDAO.retrive(NotaFiscalDAO.java:100)
	at br.com.FuriniSolutions.dao.ItemNotaDAO.findAllWithIDNota(ItemNotaDAO.java:190)
	at br.com.FuriniSolutions.dao.NotaFiscalDAO.retrive(NotaFiscalDAO.java:100)
	at br.com.FuriniSolutions.dao.ItemNotaDAO.findAllWithIDNota(ItemNotaDAO.java:190)
	at br.com.FuriniSolutions.dao.NotaFiscalDAO.retrive(NotaFiscalDAO.java:100)
	at br.com.FuriniSolutions.dao.ItemNotaDAO.findAllWithIDNota(ItemNotaDAO.java:190)
	at br.com.FuriniSolutions.dao.NotaFiscalDAO.retrive(NotaFiscalDAO.java:100)
	at br.com.FuriniSolutions.dao.ItemNotaDAO.findAllWithIDNota(ItemNotaDAO.java:190)
	at br.com.FuriniSolutions.dao.NotaFiscalDAO.retrive(NotaFiscalDAO.java:100)
	at br.com.FuriniSolutions.dao.ItemNotaDAO.findAllWithIDNota(ItemNotaDAO.java:190)
	at br.com.FuriniSolutions.dao.NotaFiscalDAO.retrive(NotaFiscalDAO.java:100)
	at br.com.FuriniSolutions.dao.ItemNotaDAO.findAllWithIDNota(ItemNotaDAO.java:190)
	at br.com.FuriniSolutions.dao.NotaFiscalDAO.retrive(NotaFiscalDAO.java:100)
	at br.com.FuriniSolutions.dao.ItemNotaDAO.findAllWithIDNota(ItemNotaDAO.java:190)
	at br.com.FuriniSolutions.dao.NotaFiscalDAO.retrive(NotaFiscalDAO.java:100)
	at br.com.FuriniSolutions.dao.ItemNotaDAO.findAllWithIDNota(ItemNotaDAO.java:190)
	at br.com.FuriniSolutions.dao.NotaFiscalDAO.retrive(NotaFiscalDAO.java:100)
	at br.com.FuriniSolutions.dao.ItemNotaDAO.findAllWithIDNota(ItemNotaDAO.java:190)
	at br.com.FuriniSolutions.dao.NotaFiscalDAO.retrive(NotaFiscalDAO.java:100)
	at br.com.FuriniSolutions.dao.ItemNotaDAO.findAllWithIDNota(ItemNotaDAO.java:190)
	at br.com.FuriniSolutions.dao.NotaFiscalDAO.retrive(NotaFiscalDAO.java:100)
	at br.com.FuriniSolutions.dao.ItemNotaDAO.findAllWithIDNota(ItemNotaDAO.java:190)
	at br.com.FuriniSolutions.dao.NotaFiscalDAO.retrive(NotaFiscalDAO.java:100)
	at br.com.FuriniSolutions.dao.ItemNotaDAO.findAllWithIDNota(ItemNotaDAO.java:190)
	at br.com.FuriniSolutions.dao.NotaFiscalDAO.retrive(NotaFiscalDAO.java:100)
	at br.com.FuriniSolutions.dao.ItemNotaDAO.findAllWithIDNota(ItemNotaDAO.java:190)
	at br.com.FuriniSolutions.dao.NotaFiscalDAO.retrive(NotaFiscalDAO.java:100)
	at br.com.FuriniSolutions.dao.ItemNotaDAO.findAllWithIDNota(ItemNotaDAO.java:190)
	at br.com.FuriniSolutions.dao.NotaFiscalDAO.retrive(NotaFiscalDAO.java:100)
	at br.com.FuriniSolutions.dao.ItemNotaDAO.findAllWithIDNota(ItemNotaDAO.java:190)
	at br.com.FuriniSolutions.dao.NotaFiscalDAO.retrive(NotaFiscalDAO.java:100)
	at br.com.FuriniSolutions.dao.ItemNotaDAO.findAllWithIDNota(ItemNotaDAO.java:190)
	at br.com.FuriniSolutions.dao.NotaFiscalDAO.retrive(NotaFiscalDAO.java:100)
	at br.com.FuriniSolutions.dao.ItemNotaDAO.findAllWithIDNota(ItemNotaDAO.java:190)
	at br.com.FuriniSolutions.dao.NotaFiscalDAO.retrive(NotaFiscalDAO.java:100)
	at br.com.FuriniSolutions.dao.ItemNotaDAO.findAllWithIDNota(ItemNotaDAO.java:190)
	at br.com.FuriniSolutions.dao.NotaFiscalDAO.retrive(NotaFiscalDAO.java:100)
	at br.com.FuriniSolutions.dao.ItemNotaDAO.findAllWithIDNota(ItemNotaDAO.java:190)
	at br.com.FuriniSolutions.dao.NotaFiscalDAO.retrive(NotaFiscalDAO.java:100)
	at br.com.FuriniSolutions.dao.ItemNotaDAO.findAllWithIDNota(ItemNotaDAO.java:190)
	at br.com.FuriniSolutions.dao.NotaFiscalDAO.retrive(NotaFiscalDAO.java:100)
	at br.com.FuriniSolutions.dao.ItemNotaDAO.findAllWithIDNota(ItemNotaDAO.java:190)
	at br.com.FuriniSolutions.dao.NotaFiscalDAO.retrive(NotaFiscalDAO.java:100)
	at br.com.FuriniSolutions.dao.ItemNotaDAO.findAllWithIDNota(ItemNotaDAO.java:190)
	at br.com.FuriniSolutions.dao.NotaFiscalDAO.retrive(NotaFiscalDAO.java:100)
	at br.com.FuriniSolutions.dao.ItemNotaDAO.findAllWithIDNota(ItemNotaDAO.java:190)
	at br.com.FuriniSolutions.dao.NotaFiscalDAO.retrive(NotaFiscalDAO.java:100)
	at br.com.FuriniSolutions.dao.ItemNotaDAO.findAllWithIDNota(ItemNotaDAO.java:190)
	at br.com.FuriniSolutions.dao.NotaFiscalDAO.retrive(NotaFiscalDAO.java:100)
	at br.com.FuriniSolutions.dao.ItemNotaDAO.findAllWithIDNota(ItemNotaDAO.java:190)
	at br.com.FuriniSolutions.dao.NotaFiscalDAO.retrive(NotaFiscalDAO.java:100)
	at br.com.FuriniSolutions.dao.ItemNotaDAO.findAllWithIDNota(ItemNotaDAO.java:190)
	at br.com.FuriniSolutions.dao.NotaFiscalDAO.retrive(NotaFiscalDAO.java:100)
	at br.com.FuriniSolutions.dao.ItemNotaDAO.findAllWithIDNota(ItemNotaDAO.java:190)
	at br.com.FuriniSolutions.dao.NotaFiscalDAO.retrive(NotaFiscalDAO.java:100)
	at br.com.FuriniSolutions.dao.ItemNotaDAO.findAllWithIDNota(ItemNotaDAO.java:190)
	at br.com.FuriniSolutions.dao.NotaFiscalDAO.retrive(NotaFiscalDAO.java:100)
	at br.com.FuriniSolutions.dao.ItemNotaDAO.findAllWithIDNota(ItemNotaDAO.java:190)
	at br.com.FuriniSolutions.dao.NotaFiscalDAO.retrive(NotaFiscalDAO.java:100)
	at br.com.FuriniSolutions.dao.ItemNotaDAO.findAllWithIDNota(ItemNotaDAO.java:190)
	at br.com.FuriniSolutions.dao.NotaFiscalDAO.retrive(NotaFiscalDAO.java:100)
	at br.com.FuriniSolutions.dao.ItemNotaDAO.findAllWithIDNota(ItemNotaDAO.java:190)
	at br.com.FuriniSolutions.dao.NotaFiscalDAO.retrive(NotaFiscalDAO.java:100)
	at br.com.FuriniSolutions.dao.ItemNotaDAO.findAllWithIDNota(ItemNotaDAO.java:190)
	at br.com.FuriniSolutions.dao.NotaFiscalDAO.retrive(NotaFiscalDAO.java:100)
	at br.com.FuriniSolutions.dao.ItemNotaDAO.findAllWithIDNota(ItemNotaDAO.java:190)
	at br.com.FuriniSolutions.dao.NotaFiscalDAO.retrive(NotaFiscalDAO.java:100)
	at br.com.FuriniSolutions.dao.ItemNotaDAO.findAllWithIDNota(ItemNotaDAO.java:190)
	at br.com.FuriniSolutions.dao.NotaFiscalDAO.retrive(NotaFiscalDAO.java:100)
	at br.com.FuriniSolutions.dao.ItemNotaDAO.findAllWithIDNota(ItemNotaDAO.java:190)
	at br.com.FuriniSolutions.dao.NotaFiscalDAO.retrive(NotaFiscalDAO.java:100)
	at br.com.FuriniSolutions.dao.ItemNotaDAO.findAllWithIDNota(ItemNotaDAO.java:190)
	at br.com.FuriniSolutions.dao.NotaFiscalDAO.retrive(NotaFiscalDAO.java:100)
	at br.com.FuriniSolutions.dao.ItemNotaDAO.findAllWithIDNota(ItemNotaDAO.java:190)
	at br.com.FuriniSolutions.dao.NotaFiscalDAO.retrive(NotaFiscalDAO.java:100)
	at br.com.FuriniSolutions.dao.ItemNotaDAO.findAllWithIDNota(ItemNotaDAO.java:190)
	at br.com.FuriniSolutions.dao.NotaFiscalDAO.retrive(NotaFiscalDAO.java:100)
	at br.com.FuriniSolutions.dao.ItemNotaDAO.findAllWithIDNota(ItemNotaDAO.java:190)
	at br.com.FuriniSolutions.dao.NotaFiscalDAO.retrive(NotaFiscalDAO.java:100)
	at br.com.FuriniSolutions.dao.ItemNotaDAO.findAllWithIDNota(ItemNotaDAO.java:190)
	at br.com.FuriniSolutions.dao.NotaFiscalDAO.retrive(NotaFiscalDAO.java:100)
	at br.com.FuriniSolutions.dao.ItemNotaDAO.findAllWithIDNota(ItemNotaDAO.java:190)
	at br.com.FuriniSolutions.dao.NotaFiscalDAO.retrive(NotaFiscalDAO.java:100)
	at br.com.FuriniSolutions.dao.ItemNotaDAO.findAllWithIDNota(ItemNotaDAO.java:190)
	at br.com.FuriniSolutions.dao.NotaFiscalDAO.retrive(NotaFiscalDAO.java:100)
	at br.com.FuriniSolutions.dao.ItemNotaDAO.findAllWithIDNota(ItemNotaDAO.java:190)
	at br.com.FuriniSolutions.dao.NotaFiscalDAO.retrive(NotaFiscalDAO.java:100)
	at br.com.FuriniSolutions.dao.ItemNotaDAO.findAllWithIDNota(ItemNotaDAO.java:190)
	at br.com.FuriniSolutions.dao.NotaFiscalDAO.retrive(NotaFiscalDAO.java:100)
	at br.com.FuriniSolutions.dao.ItemNotaDAO.findAllWithIDNota(ItemNotaDAO.java:190)
	at br.com.FuriniSolutions.dao.NotaFiscalDAO.retrive(NotaFiscalDAO.java:100)
	at br.com.FuriniSolutions.dao.ItemNotaDAO.findAllWithIDNota(ItemNotaDAO.java:190)
	at br.com.FuriniSolutions.dao.NotaFiscalDAO.retrive(NotaFiscalDAO.java:100)
	at br.com.FuriniSolutions.dao.ItemNotaDAO.findAll(ItemNotaDAO.java:151)
	at br.com.FuriniSolutions.dao.ItemNotaDAOIT.testFindAll(ItemNotaDAOIT.java:211)
	at java.base/jdk.internal.reflect.DirectMethodHandleAccessor.invoke(DirectMethodHandleAccessor.java:104)
	at java.base/java.lang.reflect.Method.invoke(Method.java:577)
	at org.junit.platform.commons.util.ReflectionUtils.invokeMethod(ReflectionUtils.java:727)
	at org.junit.jupiter.engine.execution.MethodInvocation.proceed(MethodInvocation.java:60)
	at org.junit.jupiter.engine.execution.InvocationInterceptorChain$ValidatingInvocation.proceed(InvocationInterceptorChain.java:131)
	at org.junit.jupiter.engine.extension.TimeoutExtension.intercept(TimeoutExtension.java:156)
	at org.junit.jupiter.engine.extension.TimeoutExtension.interceptTestableMethod(TimeoutExtension.java:147)
	at org.junit.jupiter.engine.extension.TimeoutExtension.interceptTestMethod(TimeoutExtension.java:86)
	at org.junit.jupiter.engine.execution.InterceptingExecutableInvoker$ReflectiveInterceptorCall.lambda$ofVoidMethod$0(InterceptingExecutableInvoker.java:103)
	at org.junit.jupiter.engine.execution.InterceptingExecutableInvoker.lambda$invoke$0(InterceptingExecutableInvoker.java:93)
	at org.junit.jupiter.engine.execution.InvocationInterceptorChain$InterceptedInvocation.proceed(InvocationInterceptorChain.java:106)
	at org.junit.jupiter.engine.execution.InvocationInterceptorChain.proceed(InvocationInterceptorChain.java:64)
	at org.junit.jupiter.engine.execution.InvocationInterceptorChain.chainAndInvoke(InvocationInterceptorChain.java:45)
	at org.junit.jupiter.engine.execution.InvocationInterceptorChain.invoke(InvocationInterceptorChain.java:37)
	at org.junit.jupiter.engine.execution.InterceptingExecutableInvoker.invoke(InterceptingExecutableInvoker.java:92)
	at org.junit.jupiter.engine.execution.InterceptingExecutableInvoker.invoke(InterceptingExecutableInvoker.java:86)
	at org.junit.jupiter.engine.descriptor.TestMethodTestDescriptor.lambda$invokeTestMethod$7(TestMethodTestDescriptor.java:217)
	at org.junit.platform.engine.support.hierarchical.ThrowableCollector.execute(ThrowableCollector.java:73)
	at org.junit.jupiter.engine.descriptor.TestMethodTestDescriptor.invokeTestMethod(TestMethodTestDescriptor.java:213)
	at org.junit.jupiter.engine.descriptor.TestMethodTestDescriptor.execute(TestMethodTestDescriptor.java:138)
	at org.junit.jupiter.engine.descriptor.TestMethodTestDescriptor.execute(TestMethodTestDescriptor.java:68)
	at org.junit.platform.engine.support.hierarchical.NodeTestTask.lambda$executeRecursively$6(NodeTestTask.java:151)
	at org.junit.platform.engine.support.hierarchical.ThrowableCollector.execute(ThrowableCollector.java:73)
	at org.junit.platform.engine.support.hierarchical.NodeTestTask.lambda$executeRecursively$8(NodeTestTask.java:141)
	at org.junit.platform.engine.support.hierarchical.Node.around(Node.java:137)
	at org.junit.platform.engine.support.hierarchical.NodeTestTask.lambda$executeRecursively$9(NodeTestTask.java:139)
	at org.junit.platform.engine.support.hierarchical.ThrowableCollector.execute(ThrowableCollector.java:73)
	at org.junit.platform.engine.support.hierarchical.NodeTestTask.executeRecursively(NodeTestTask.java:138)
	at org.junit.platform.engine.support.hierarchical.NodeTestTask.execute(NodeTestTask.java:95)
	at java.base/java.util.ArrayList.forEach(ArrayList.java:1511)
	at org.junit.platform.engine.support.hierarchical.SameThreadHierarchicalTestExecutorService.invokeAll(SameThreadHierarchicalTestExecutorService.java:41)
	at org.junit.platform.engine.support.hierarchical.NodeTestTask.lambda$executeRecursively$6(NodeTestTask.java:155)
	at org.junit.platform.engine.support.hierarchical.ThrowableCollector.execute(ThrowableCollector.java:73)
	at org.junit.platform.engine.support.hierarchical.NodeTestTask.lambda$executeRecursively$8(NodeTestTask.java:141)
	at org.junit.platform.engine.support.hierarchical.Node.around(Node.java:137)
	at org.junit.platform.engine.support.hierarchical.NodeTestTask.lambda$executeRecursively$9(NodeTestTask.java:139)
	at org.junit.platform.engine.support.hierarchical.ThrowableCollector.execute(ThrowableCollector.java:73)
	at org.junit.platform.engine.support.hierarchical.NodeTestTask.executeRecursively(NodeTestTask.java:138)
	at org.junit.platform.engine.support.hierarchical.NodeTestTask.execute(NodeTestTask.java:95)
	at java.base/java.util.ArrayList.forEach(ArrayList.java:1511)
	at org.junit.platform.engine.support.hierarchical.SameThreadHierarchicalTestExecutorService.invokeAll(SameThreadHierarchicalTestExecutorService.java:41)
	at org.junit.platform.engine.support.hierarchical.NodeTestTask.lambda$executeRecursively$6(NodeTestTask.java:155)
	at org.junit.platform.engine.support.hierarchical.ThrowableCollector.execute(ThrowableCollector.java:73)
	at org.junit.platform.engine.support.hierarchical.NodeTestTask.lambda$executeRecursively$8(NodeTestTask.java:141)
	at org.junit.platform.engine.support.hierarchical.Node.around(Node.java:137)
	at org.junit.platform.engine.support.hierarchical.NodeTestTask.lambda$executeRecursively$9(NodeTestTask.java:139)
	at org.junit.platform.engine.support.hierarchical.ThrowableCollector.execute(ThrowableCollector.java:73)
	at org.junit.platform.engine.support.hierarchical.NodeTestTask.executeRecursively(NodeTestTask.java:138)
	at org.junit.platform.engine.support.hierarchical.NodeTestTask.execute(NodeTestTask.java:95)
	at org.junit.platform.engine.support.hierarchical.SameThreadHierarchicalTestExecutorService.submit(SameThreadHierarchicalTestExecutorService.java:35)
	at org.junit.platform.engine.support.hierarchical.HierarchicalTestExecutor.execute(HierarchicalTestExecutor.java:57)
	at org.junit.platform.engine.support.hierarchical.HierarchicalTestEngine.execute(HierarchicalTestEngine.java:54)
	at org.junit.platform.launcher.core.EngineExecutionOrchestrator.execute(EngineExecutionOrchestrator.java:147)
	at org.junit.platform.launcher.core.EngineExecutionOrchestrator.execute(EngineExecutionOrchestrator.java:127)
	at org.junit.platform.launcher.core.EngineExecutionOrchestrator.execute(EngineExecutionOrchestrator.java:90)
	at org.junit.platform.launcher.core.EngineExecutionOrchestrator.lambda$execute$0(EngineExecutionOrchestrator.java:55)
	at org.junit.platform.launcher.core.EngineExecutionOrchestrator.withInterceptedStreams(EngineExecutionOrchestrator.java:102)
	at org.junit.platform.launcher.core.EngineExecutionOrchestrator.execute(EngineExecutionOrchestrator.java:54)
	at org.junit.platform.launcher.core.DefaultLauncher.execute(DefaultLauncher.java:114)
	at org.junit.platform.launcher.core.DefaultLauncher.execute(DefaultLauncher.java:86)
	at org.junit.platform.launcher.core.DefaultLauncherSession$DelegatingLauncher.execute(DefaultLauncherSession.java:86)
	at org.junit.platform.launcher.core.SessionPerRequestLauncher.execute(SessionPerRequestLauncher.java:53)
	at org.apache.maven.surefire.junitplatform.JUnitPlatformProvider.execute(JUnitPlatformProvider.java:188)
	at org.apache.maven.surefire.junitplatform.JUnitPlatformProvider.invokeAllTests(JUnitPlatformProvider.java:154)
	at org.apache.maven.surefire.junitplatform.JUnitPlatformProvider.invoke(JUnitPlatformProvider.java:128)
	at org.apache.maven.surefire.booter.ForkedBooter.runSuitesInProcess(ForkedBooter.java:428)
	at org.apache.maven.surefire.booter.ForkedBooter.execute(ForkedBooter.java:162)
	at org.apache.maven.surefire.booter.ForkedBooter.run(ForkedBooter.java:562)
	at org.apache.maven.surefire.booter.ForkedBooter.main(ForkedBooter.java:548)
Erro ao buscar ItemNotas com IDNota: Cannot invoke "java.sql.Connection.prepareStatement(String)" because "connection" is null
java.lang.NullPointerException: Cannot invoke "java.sql.Connection.prepareStatement(String)" because "connection" is null
	at br.com.FuriniSolutions.dao.ItemNotaDAO.findAllWithIDNota(ItemNotaDAO.java:173)
	at br.com.FuriniSolutions.dao.NotaFiscalDAO.retrive(NotaFiscalDAO.java:100)
	at br.com.FuriniSolutions.dao.ItemNotaDAO.findAllWithIDNota(ItemNotaDAO.java:190)
	at br.com.FuriniSolutions.dao.NotaFiscalDAO.retrive(NotaFiscalDAO.java:100)
	at br.com.FuriniSolutions.dao.ItemNotaDAO.findAllWithIDNota(ItemNotaDAO.java:190)
	at br.com.FuriniSolutions.dao.NotaFiscalDAO.retrive(NotaFiscalDAO.java:100)
	at br.com.FuriniSolutions.dao.ItemNotaDAO.findAllWithIDNota(ItemNotaDAO.java:190)
	at br.com.FuriniSolutions.dao.NotaFiscalDAO.retrive(NotaFiscalDAO.java:100)
	at br.com.FuriniSolutions.dao.ItemNotaDAO.findAllWithIDNota(ItemNotaDAO.java:190)
	at br.com.FuriniSolutions.dao.NotaFiscalDAO.retrive(NotaFiscalDAO.java:100)
	at br.com.FuriniSolutions.dao.ItemNotaDAO.findAllWithIDNota(ItemNotaDAO.java:190)
	at br.com.FuriniSolutions.dao.NotaFiscalDAO.retrive(NotaFiscalDAO.java:100)
	at br.com.FuriniSolutions.dao.ItemNotaDAO.findAllWithIDNota(ItemNotaDAO.java:190)
	at br.com.FuriniSolutions.dao.NotaFiscalDAO.retrive(NotaFiscalDAO.java:100)
	at br.com.FuriniSolutions.dao.ItemNotaDAO.findAllWithIDNota(ItemNotaDAO.java:190)
	at br.com.FuriniSolutions.dao.NotaFiscalDAO.retrive(NotaFiscalDAO.java:100)
	at br.com.FuriniSolutions.dao.ItemNotaDAO.findAllWithIDNota(ItemNotaDAO.java:190)
	at br.com.FuriniSolutions.dao.NotaFiscalDAO.retrive(NotaFiscalDAO.java:100)
	at br.com.FuriniSolutions.dao.ItemNotaDAO.findAllWithIDNota(ItemNotaDAO.java:190)
	at br.com.FuriniSolutions.dao.NotaFiscalDAO.retrive(NotaFiscalDAO.java:100)
	at br.com.FuriniSolutions.dao.ItemNotaDAO.findAllWithIDNota(ItemNotaDAO.java:190)
	at br.com.FuriniSolutions.dao.NotaFiscalDAO.retrive(NotaFiscalDAO.java:100)
	at br.com.FuriniSolutions.dao.ItemNotaDAO.findAllWithIDNota(ItemNotaDAO.java:190)
	at br.com.FuriniSolutions.dao.NotaFiscalDAO.retrive(NotaFiscalDAO.java:100)
	at br.com.FuriniSolutions.dao.ItemNotaDAO.findAllWithIDNota(ItemNotaDAO.java:190)
	at br.com.FuriniSolutions.dao.NotaFiscalDAO.retrive(NotaFiscalDAO.java:100)
	at br.com.FuriniSolutions.dao.ItemNotaDAO.findAllWithIDNota(ItemNotaDAO.java:190)
	at br.com.FuriniSolutions.dao.NotaFiscalDAO.retrive(NotaFiscalDAO.java:100)
	at br.com.FuriniSolutions.dao.ItemNotaDAO.findAllWithIDNota(ItemNotaDAO.java:190)
	at br.com.FuriniSolutions.dao.NotaFiscalDAO.retrive(NotaFiscalDAO.java:100)
	at br.com.FuriniSolutions.dao.ItemNotaDAO.findAllWithIDNota(ItemNotaDAO.java:190)
	at br.com.FuriniSolutions.dao.NotaFiscalDAO.retrive(NotaFiscalDAO.java:100)
	at br.com.FuriniSolutions.dao.ItemNotaDAO.findAllWithIDNota(ItemNotaDAO.java:190)
	at br.com.FuriniSolutions.dao.NotaFiscalDAO.retrive(NotaFiscalDAO.java:100)
	at br.com.FuriniSolutions.dao.ItemNotaDAO.findAllWithIDNota(ItemNotaDAO.java:190)
	at br.com.FuriniSolutions.dao.NotaFiscalDAO.retrive(NotaFiscalDAO.java:100)
	at br.com.FuriniSolutions.dao.ItemNotaDAO.findAllWithIDNota(ItemNotaDAO.java:190)
	at br.com.FuriniSolutions.dao.NotaFiscalDAO.retrive(NotaFiscalDAO.java:100)
	at br.com.FuriniSolutions.dao.ItemNotaDAO.findAllWithIDNota(ItemNotaDAO.java:190)
	at br.com.FuriniSolutions.dao.NotaFiscalDAO.retrive(NotaFiscalDAO.java:100)
	at br.com.FuriniSolutions.dao.ItemNotaDAO.findAllWithIDNota(ItemNotaDAO.java:190)
	at br.com.FuriniSolutions.dao.NotaFiscalDAO.retrive(NotaFiscalDAO.java:100)
	at br.com.FuriniSolutions.dao.ItemNotaDAO.findAllWithIDNota(ItemNotaDAO.java:190)
	at br.com.FuriniSolutions.dao.NotaFiscalDAO.retrive(NotaFiscalDAO.java:100)
	at br.com.FuriniSolutions.dao.ItemNotaDAO.findAllWithIDNota(ItemNotaDAO.java:190)
	at br.com.FuriniSolutions.dao.NotaFiscalDAO.retrive(NotaFiscalDAO.java:100)
	at br.com.FuriniSolutions.dao.ItemNotaDAO.findAllWithIDNota(ItemNotaDAO.java:190)
	at br.com.FuriniSolutions.dao.NotaFiscalDAO.retrive(NotaFiscalDAO.java:100)
	at br.com.FuriniSolutions.dao.ItemNotaDAO.findAllWithIDNota(ItemNotaDAO.java:190)
	at br.com.FuriniSolutions.dao.NotaFiscalDAO.retrive(NotaFiscalDAO.java:100)
	at br.com.FuriniSolutions.dao.ItemNotaDAO.findAllWithIDNota(ItemNotaDAO.java:190)
	at br.com.FuriniSolutions.dao.NotaFiscalDAO.retrive(NotaFiscalDAO.java:100)
	at br.com.FuriniSolutions.dao.ItemNotaDAO.findAllWithIDNota(ItemNotaDAO.java:190)
	at br.com.FuriniSolutions.dao.NotaFiscalDAO.retrive(NotaFiscalDAO.java:100)
	at br.com.FuriniSolutions.dao.ItemNotaDAO.findAllWithIDNota(ItemNotaDAO.java:190)
	at br.com.FuriniSolutions.dao.NotaFiscalDAO.retrive(NotaFiscalDAO.java:100)
	at br.com.FuriniSolutions.dao.ItemNotaDAO.findAllWithIDNota(ItemNotaDAO.java:190)
	at br.com.FuriniSolutions.dao.NotaFiscalDAO.retrive(NotaFiscalDAO.java:100)
	at br.com.FuriniSolutions.dao.ItemNotaDAO.findAllWithIDNota(ItemNotaDAO.java:190)
	at br.com.FuriniSolutions.dao.NotaFiscalDAO.retrive(NotaFiscalDAO.java:100)
	at br.com.FuriniSolutions.dao.ItemNotaDAO.findAllWithIDNota(ItemNotaDAO.java:190)
	at br.com.FuriniSolutions.dao.NotaFiscalDAO.retrive(NotaFiscalDAO.java:100)
	at br.com.FuriniSolutions.dao.ItemNotaDAO.findAllWithIDNota(ItemNotaDAO.java:190)
	at br.com.FuriniSolutions.dao.NotaFiscalDAO.retrive(NotaFiscalDAO.java:100)
	at br.com.FuriniSolutions.dao.ItemNotaDAO.findAllWithIDNota(ItemNotaDAO.java:190)
	at br.com.FuriniSolutions.dao.NotaFiscalDAO.retrive(NotaFiscalDAO.java:100)
	at br.com.FuriniSolutions.dao.ItemNotaDAO.findAllWithIDNota(ItemNotaDAO.java:190)
	at br.com.FuriniSolutions.dao.NotaFiscalDAO.retrive(NotaFiscalDAO.java:100)
	at br.com.FuriniSolutions.dao.ItemNotaDAO.findAllWithIDNota(ItemNotaDAO.java:190)
	at br.com.FuriniSolutions.dao.NotaFiscalDAO.retrive(NotaFiscalDAO.java:100)
	at br.com.FuriniSolutions.dao.ItemNotaDAO.findAllWithIDNota(ItemNotaDAO.java:190)
	at br.com.FuriniSolutions.dao.NotaFiscalDAO.retrive(NotaFiscalDAO.java:100)
	at br.com.FuriniSolutions.dao.ItemNotaDAO.findAllWithIDNota(ItemNotaDAO.java:190)
	at br.com.FuriniSolutions.dao.NotaFiscalDAO.retrive(NotaFiscalDAO.java:100)
	at br.com.FuriniSolutions.dao.ItemNotaDAO.findAllWithIDNota(ItemNotaDAO.java:190)
	at br.com.FuriniSolutions.dao.NotaFiscalDAO.retrive(NotaFiscalDAO.java:100)
	at br.com.FuriniSolutions.dao.ItemNotaDAO.findAllWithIDNota(ItemNotaDAO.java:190)
	at br.com.FuriniSolutions.dao.NotaFiscalDAO.retrive(NotaFiscalDAO.java:100)
	at br.com.FuriniSolutions.dao.ItemNotaDAO.findAllWithIDNota(ItemNotaDAO.java:190)
	at br.com.FuriniSolutions.dao.NotaFiscalDAO.retrive(NotaFiscalDAO.java:100)
	at br.com.FuriniSolutions.dao.ItemNotaDAO.findAllWithIDNota(ItemNotaDAO.java:190)
	at br.com.FuriniSolutions.dao.NotaFiscalDAO.retrive(NotaFiscalDAO.java:100)
	at br.com.FuriniSolutions.dao.ItemNotaDAO.findAllWithIDNota(ItemNotaDAO.java:190)
	at br.com.FuriniSolutions.dao.NotaFiscalDAO.retrive(NotaFiscalDAO.java:100)
	at br.com.FuriniSolutions.dao.ItemNotaDAO.findAllWithIDNota(ItemNotaDAO.java:190)
	at br.com.FuriniSolutions.dao.NotaFiscalDAO.retrive(NotaFiscalDAO.java:100)
	at br.com.FuriniSolutions.dao.ItemNotaDAO.findAllWithIDNota(ItemNotaDAO.java:190)
	at br.com.FuriniSolutions.dao.NotaFiscalDAO.retrive(NotaFiscalDAO.java:100)
	at br.com.FuriniSolutions.dao.ItemNotaDAO.findAllWithIDNota(ItemNotaDAO.java:190)
	at br.com.FuriniSolutions.dao.NotaFiscalDAO.retrive(NotaFiscalDAO.java:100)
	at br.com.FuriniSolutions.dao.ItemNotaDAO.findAllWithIDNota(ItemNotaDAO.java:190)
	at br.com.FuriniSolutions.dao.NotaFiscalDAO.retrive(NotaFiscalDAO.java:100)
	at br.com.FuriniSolutions.dao.ItemNotaDAO.findAllWithIDNota(ItemNotaDAO.java:190)
	at br.com.FuriniSolutions.dao.NotaFiscalDAO.retrive(NotaFiscalDAO.java:100)
	at br.com.FuriniSolutions.dao.ItemNotaDAO.findAllWithIDNota(ItemNotaDAO.java:190)
	at br.com.FuriniSolutions.dao.NotaFiscalDAO.retrive(NotaFiscalDAO.java:100)
	at br.com.FuriniSolutions.dao.ItemNotaDAO.findAllWithIDNota(ItemNotaDAO.java:190)
	at br.com.FuriniSolutions.dao.NotaFiscalDAO.retrive(NotaFiscalDAO.java:100)
	at br.com.FuriniSolutions.dao.ItemNotaDAO.findAllWithIDNota(ItemNotaDAO.java:190)
	at br.com.FuriniSolutions.dao.NotaFiscalDAO.retrive(NotaFiscalDAO.java:100)
	at br.com.FuriniSolutions.dao.ItemNotaDAO.findAllWithIDNota(ItemNotaDAO.java:190)
	at br.com.FuriniSolutions.dao.NotaFiscalDAO.retrive(NotaFiscalDAO.java:100)
	at br.com.FuriniSolutions.dao.ItemNotaDAO.findAllWithIDNota(ItemNotaDAO.java:190)
	at br.com.FuriniSolutions.dao.NotaFiscalDAO.retrive(NotaFiscalDAO.java:100)
	at br.com.FuriniSolutions.dao.ItemNotaDAO.findAllWithIDNota(ItemNotaDAO.java:190)
	at br.com.FuriniSolutions.dao.NotaFiscalDAO.retrive(NotaFiscalDAO.java:100)
	at br.com.FuriniSolutions.dao.ItemNotaDAO.findAllWithIDNota(ItemNotaDAO.java:190)
	at br.com.FuriniSolutions.dao.NotaFiscalDAO.retrive(NotaFiscalDAO.java:100)
	at br.com.FuriniSolutions.dao.ItemNotaDAO.findAllWithIDNota(ItemNotaDAO.java:190)
	at br.com.FuriniSolutions.dao.NotaFiscalDAO.retrive(NotaFiscalDAO.java:100)
	at br.com.FuriniSolutions.dao.ItemNotaDAO.findAllWithIDNota(ItemNotaDAO.java:190)
	at br.com.FuriniSolutions.dao.NotaFiscalDAO.retrive(NotaFiscalDAO.java:100)
	at br.com.FuriniSolutions.dao.ItemNotaDAO.findAllWithIDNota(ItemNotaDAO.java:190)
	at br.com.FuriniSolutions.dao.NotaFiscalDAO.retrive(NotaFiscalDAO.java:100)
	at br.com.FuriniSolutions.dao.ItemNotaDAO.findAllWithIDNota(ItemNotaDAO.java:190)
	at br.com.FuriniSolutions.dao.NotaFiscalDAO.retrive(NotaFiscalDAO.java:100)
	at br.com.FuriniSolutions.dao.ItemNotaDAO.findAllWithIDNota(ItemNotaDAO.java:190)
	at br.com.FuriniSolutions.dao.NotaFiscalDAO.retrive(NotaFiscalDAO.java:100)
	at br.com.FuriniSolutions.dao.ItemNotaDAO.findAllWithIDNota(ItemNotaDAO.java:190)
	at br.com.FuriniSolutions.dao.NotaFiscalDAO.retrive(NotaFiscalDAO.java:100)
	at br.com.FuriniSolutions.dao.ItemNotaDAO.findAllWithIDNota(ItemNotaDAO.java:190)
	at br.com.FuriniSolutions.dao.NotaFiscalDAO.retrive(NotaFiscalDAO.java:100)
	at br.com.FuriniSolutions.dao.ItemNotaDAO.findAllWithIDNota(ItemNotaDAO.java:190)
	at br.com.FuriniSolutions.dao.NotaFiscalDAO.retrive(NotaFiscalDAO.java:100)
	at br.com.FuriniSolutions.dao.ItemNotaDAO.findAllWithIDNota(ItemNotaDAO.java:190)
	at br.com.FuriniSolutions.dao.NotaFiscalDAO.retrive(NotaFiscalDAO.java:100)
	at br.com.FuriniSolutions.dao.ItemNotaDAO.findAllWithIDNota(ItemNotaDAO.java:190)
	at br.com.FuriniSolutions.dao.NotaFiscalDAO.retrive(NotaFiscalDAO.java:100)
	at br.com.FuriniSolutions.dao.ItemNotaDAO.findAllWithIDNota(ItemNotaDAO.java:190)
	at br.com.FuriniSolutions.dao.NotaFiscalDAO.retrive(NotaFiscalDAO.java:100)
	at br.com.FuriniSolutions.dao.ItemNotaDAO.findAllWithIDNota(ItemNotaDAO.java:190)
	at br.com.FuriniSolutions.dao.NotaFiscalDAO.retrive(NotaFiscalDAO.java:100)
	at br.com.FuriniSolutions.dao.ItemNotaDAO.findAllWithIDNota(ItemNotaDAO.java:190)
	at br.com.FuriniSolutions.dao.NotaFiscalDAO.retrive(NotaFiscalDAO.java:100)
	at br.com.FuriniSolutions.dao.ItemNotaDAO.findAllWithIDNota(ItemNotaDAO.java:190)
	at br.com.FuriniSolutions.dao.NotaFiscalDAO.retrive(NotaFiscalDAO.java:100)
	at br.com.FuriniSolutions.dao.ItemNotaDAO.findAllWithIDNota(ItemNotaDAO.java:190)
	at br.com.FuriniSolutions.dao.NotaFiscalDAO.retrive(NotaFiscalDAO.java:100)
	at br.com.FuriniSolutions.dao.ItemNotaDAO.findAllWithIDNota(ItemNotaDAO.java:190)
	at br.com.FuriniSolutions.dao.NotaFiscalDAO.retrive(NotaFiscalDAO.java:100)
	at br.com.FuriniSolutions.dao.ItemNotaDAO.findAllWithIDNota(ItemNotaDAO.java:190)
	at br.com.FuriniSolutions.dao.NotaFiscalDAO.retrive(NotaFiscalDAO.java:100)
	at br.com.FuriniSolutions.dao.ItemNotaDAO.findAllWithIDNota(ItemNotaDAO.java:190)
	at br.com.FuriniSolutions.dao.NotaFiscalDAO.retrive(NotaFiscalDAO.java:100)
	at br.com.FuriniSolutions.dao.ItemNotaDAO.findAllWithIDNota(ItemNotaDAO.java:190)
	at br.com.FuriniSolutions.dao.NotaFiscalDAO.retrive(NotaFiscalDAO.java:100)
	at br.com.FuriniSolutions.dao.ItemNotaDAO.findAllWithIDNota(ItemNotaDAO.java:190)
	at br.com.FuriniSolutions.dao.NotaFiscalDAO.retrive(NotaFiscalDAO.java:100)
	at br.com.FuriniSolutions.dao.ItemNotaDAO.findAllWithIDNota(ItemNotaDAO.java:190)
	at br.com.FuriniSolutions.dao.NotaFiscalDAO.retrive(NotaFiscalDAO.java:100)
	at br.com.FuriniSolutions.dao.ItemNotaDAO.findAll(ItemNotaDAO.java:151)
	at br.com.FuriniSolutions.dao.ItemNotaDAOIT.testFindAll(ItemNotaDAOIT.java:211)
	at java.base/jdk.internal.reflect.DirectMethodHandleAccessor.invoke(DirectMethodHandleAccessor.java:104)
	at java.base/java.lang.reflect.Method.invoke(Method.java:577)
	at org.junit.platform.commons.util.ReflectionUtils.invokeMethod(ReflectionUtils.java:727)
	at org.junit.jupiter.engine.execution.MethodInvocation.proceed(MethodInvocation.java:60)
	at org.junit.jupiter.engine.execution.InvocationInterceptorChain$ValidatingInvocation.proceed(InvocationInterceptorChain.java:131)
	at org.junit.jupiter.engine.extension.TimeoutExtension.intercept(TimeoutExtension.java:156)
	at org.junit.jupiter.engine.extension.TimeoutExtension.interceptTestableMethod(TimeoutExtension.java:147)
	at org.junit.jupiter.engine.extension.TimeoutExtension.interceptTestMethod(TimeoutExtension.java:86)
	at org.junit.jupiter.engine.execution.InterceptingExecutableInvoker$ReflectiveInterceptorCall.lambda$ofVoidMethod$0(InterceptingExecutableInvoker.java:103)
	at org.junit.jupiter.engine.execution.InterceptingExecutableInvoker.lambda$invoke$0(InterceptingExecutableInvoker.java:93)
	at org.junit.jupiter.engine.execution.InvocationInterceptorChain$InterceptedInvocation.proceed(InvocationInterceptorChain.java:106)
	at org.junit.jupiter.engine.execution.InvocationInterceptorChain.proceed(InvocationInterceptorChain.java:64)
	at org.junit.jupiter.engine.execution.InvocationInterceptorChain.chainAndInvoke(InvocationInterceptorChain.java:45)
	at org.junit.jupiter.engine.execution.InvocationInterceptorChain.invoke(InvocationInterceptorChain.java:37)
	at org.junit.jupiter.engine.execution.InterceptingExecutableInvoker.invoke(InterceptingExecutableInvoker.java:92)
	at org.junit.jupiter.engine.execution.InterceptingExecutableInvoker.invoke(InterceptingExecutableInvoker.java:86)
	at org.junit.jupiter.engine.descriptor.TestMethodTestDescriptor.lambda$invokeTestMethod$7(TestMethodTestDescriptor.java:217)
	at org.junit.platform.engine.support.hierarchical.ThrowableCollector.execute(ThrowableCollector.java:73)
	at org.junit.jupiter.engine.descriptor.TestMethodTestDescriptor.invokeTestMethod(TestMethodTestDescriptor.java:213)
	at org.junit.jupiter.engine.descriptor.TestMethodTestDescriptor.execute(TestMethodTestDescriptor.java:138)
	at org.junit.jupiter.engine.descriptor.TestMethodTestDescriptor.execute(TestMethodTestDescriptor.java:68)
	at org.junit.platform.engine.support.hierarchical.NodeTestTask.lambda$executeRecursively$6(NodeTestTask.java:151)
	at org.junit.platform.engine.support.hierarchical.ThrowableCollector.execute(ThrowableCollector.java:73)
	at org.junit.platform.engine.support.hierarchical.NodeTestTask.lambda$executeRecursively$8(NodeTestTask.java:141)
	at org.junit.platform.engine.support.hierarchical.Node.around(Node.java:137)
	at org.junit.platform.engine.support.hierarchical.NodeTestTask.lambda$executeRecursively$9(NodeTestTask.java:139)
	at org.junit.platform.engine.support.hierarchical.ThrowableCollector.execute(ThrowableCollector.java:73)
	at org.junit.platform.engine.support.hierarchical.NodeTestTask.executeRecursively(NodeTestTask.java:138)
	at org.junit.platform.engine.support.hierarchical.NodeTestTask.execute(NodeTestTask.java:95)
	at java.base/java.util.ArrayList.forEach(ArrayList.java:1511)
	at org.junit.platform.engine.support.hierarchical.SameThreadHierarchicalTestExecutorService.invokeAll(SameThreadHierarchicalTestExecutorService.java:41)
	at org.junit.platform.engine.support.hierarchical.NodeTestTask.lambda$executeRecursively$6(NodeTestTask.java:155)
	at org.junit.platform.engine.support.hierarchical.ThrowableCollector.execute(ThrowableCollector.java:73)
	at org.junit.platform.engine.support.hierarchical.NodeTestTask.lambda$executeRecursively$8(NodeTestTask.java:141)
	at org.junit.platform.engine.support.hierarchical.Node.around(Node.java:137)
	at org.junit.platform.engine.support.hierarchical.NodeTestTask.lambda$executeRecursively$9(NodeTestTask.java:139)
	at org.junit.platform.engine.support.hierarchical.ThrowableCollector.execute(ThrowableCollector.java:73)
	at org.junit.platform.engine.support.hierarchical.NodeTestTask.executeRecursively(NodeTestTask.java:138)
	at org.junit.platform.engine.support.hierarchical.NodeTestTask.execute(NodeTestTask.java:95)
	at java.base/java.util.ArrayList.forEach(ArrayList.java:1511)
	at org.junit.platform.engine.support.hierarchical.SameThreadHierarchicalTestExecutorService.invokeAll(SameThreadHierarchicalTestExecutorService.java:41)
	at org.junit.platform.engine.support.hierarchical.NodeTestTask.lambda$executeRecursively$6(NodeTestTask.java:155)
	at org.junit.platform.engine.support.hierarchical.ThrowableCollector.execute(ThrowableCollector.java:73)
	at org.junit.platform.engine.support.hierarchical.NodeTestTask.lambda$executeRecursively$8(NodeTestTask.java:141)
	at org.junit.platform.engine.support.hierarchical.Node.around(Node.java:137)
	at org.junit.platform.engine.support.hierarchical.NodeTestTask.lambda$executeRecursively$9(NodeTestTask.java:139)
	at org.junit.platform.engine.support.hierarchical.ThrowableCollector.execute(ThrowableCollector.java:73)
	at org.junit.platform.engine.support.hierarchical.NodeTestTask.executeRecursively(NodeTestTask.java:138)
	at org.junit.platform.engine.support.hierarchical.NodeTestTask.execute(NodeTestTask.java:95)
	at org.junit.platform.engine.support.hierarchical.SameThreadHierarchicalTestExecutorService.submit(SameThreadHierarchicalTestExecutorService.java:35)
	at org.junit.platform.engine.support.hierarchical.HierarchicalTestExecutor.execute(HierarchicalTestExecutor.java:57)
	at org.junit.platform.engine.support.hierarchical.HierarchicalTestEngine.execute(HierarchicalTestEngine.java:54)
	at org.junit.platform.launcher.core.EngineExecutionOrchestrator.execute(EngineExecutionOrchestrator.java:147)
	at org.junit.platform.launcher.core.EngineExecutionOrchestrator.execute(EngineExecutionOrchestrator.java:127)
	at org.junit.platform.launcher.core.EngineExecutionOrchestrator.execute(EngineExecutionOrchestrator.java:90)
	at org.junit.platform.launcher.core.EngineExecutionOrchestrator.lambda$execute$0(EngineExecutionOrchestrator.java:55)
	at org.junit.platform.launcher.core.EngineExecutionOrchestrator.withInterceptedStreams(EngineExecutionOrchestrator.java:102)
	at org.junit.platform.launcher.core.EngineExecutionOrchestrator.execute(EngineExecutionOrchestrator.java:54)
	at org.junit.platform.launcher.core.DefaultLauncher.execute(DefaultLauncher.java:114)
	at org.junit.platform.launcher.core.DefaultLauncher.execute(DefaultLauncher.java:86)
	at org.junit.platform.launcher.core.DefaultLauncherSession$DelegatingLauncher.execute(DefaultLauncherSession.java:86)
	at org.junit.platform.launcher.core.SessionPerRequestLauncher.execute(SessionPerRequestLauncher.java:53)
	at org.apache.maven.surefire.junitplatform.JUnitPlatformProvider.execute(JUnitPlatformProvider.java:188)
	at org.apache.maven.surefire.junitplatform.JUnitPlatformProvider.invokeAllTests(JUnitPlatformProvider.java:154)
	at org.apache.maven.surefire.junitplatform.JUnitPlatformProvider.invoke(JUnitPlatformProvider.java:128)
	at org.apache.maven.surefire.booter.ForkedBooter.runSuitesInProcess(ForkedBooter.java:428)
	at org.apache.maven.surefire.booter.ForkedBooter.execute(ForkedBooter.java:162)
	at org.apache.maven.surefire.booter.ForkedBooter.run(ForkedBooter.java:562)
	at org.apache.maven.surefire.booter.ForkedBooter.main(ForkedBooter.java:548)
Erro ao buscar ItemNotas com IDNota: Cannot invoke "java.sql.Connection.prepareStatement(String)" because "connection" is null
java.lang.NullPointerException: Cannot invoke "java.sql.Connection.prepareStatement(String)" because "connection" is null
	at br.com.FuriniSolutions.dao.ItemNotaDAO.findAllWithIDNota(ItemNotaDAO.java:173)
	at br.com.FuriniSolutions.dao.NotaFiscalDAO.retrive(NotaFiscalDAO.java:100)
	at br.com.FuriniSolutions.dao.ItemNotaDAO.findAllWithIDNota(ItemNotaDAO.java:190)
	at br.com.FuriniSolutions.dao.NotaFiscalDAO.retrive(NotaFiscalDAO.java:100)
	at br.com.FuriniSolutions.dao.ItemNotaDAO.findAllWithIDNota(ItemNotaDAO.java:190)
	at br.com.FuriniSolutions.dao.NotaFiscalDAO.retrive(NotaFiscalDAO.java:100)
	at br.com.FuriniSolutions.dao.ItemNotaDAO.findAllWithIDNota(ItemNotaDAO.java:190)
	at br.com.FuriniSolutions.dao.NotaFiscalDAO.retrive(NotaFiscalDAO.java:100)
	at br.com.FuriniSolutions.dao.ItemNotaDAO.findAllWithIDNota(ItemNotaDAO.java:190)
	at br.com.FuriniSolutions.dao.NotaFiscalDAO.retrive(NotaFiscalDAO.java:100)
	at br.com.FuriniSolutions.dao.ItemNotaDAO.findAllWithIDNota(ItemNotaDAO.java:190)
	at br.com.FuriniSolutions.dao.NotaFiscalDAO.retrive(NotaFiscalDAO.java:100)
	at br.com.FuriniSolutions.dao.ItemNotaDAO.findAllWithIDNota(ItemNotaDAO.java:190)
	at br.com.FuriniSolutions.dao.NotaFiscalDAO.retrive(NotaFiscalDAO.java:100)
	at br.com.FuriniSolutions.dao.ItemNotaDAO.findAllWithIDNota(ItemNotaDAO.java:190)
	at br.com.FuriniSolutions.dao.NotaFiscalDAO.retrive(NotaFiscalDAO.java:100)
	at br.com.FuriniSolutions.dao.ItemNotaDAO.findAllWithIDNota(ItemNotaDAO.java:190)
	at br.com.FuriniSolutions.dao.NotaFiscalDAO.retrive(NotaFiscalDAO.java:100)
	at br.com.FuriniSolutions.dao.ItemNotaDAO.findAllWithIDNota(ItemNotaDAO.java:190)
	at br.com.FuriniSolutions.dao.NotaFiscalDAO.retrive(NotaFiscalDAO.java:100)
	at br.com.FuriniSolutions.dao.ItemNotaDAO.findAllWithIDNota(ItemNotaDAO.java:190)
	at br.com.FuriniSolutions.dao.NotaFiscalDAO.retrive(NotaFiscalDAO.java:100)
	at br.com.FuriniSolutions.dao.ItemNotaDAO.findAllWithIDNota(ItemNotaDAO.java:190)
	at br.com.FuriniSolutions.dao.NotaFiscalDAO.retrive(NotaFiscalDAO.java:100)
	at br.com.FuriniSolutions.dao.ItemNotaDAO.findAllWithIDNota(ItemNotaDAO.java:190)
	at br.com.FuriniSolutions.dao.NotaFiscalDAO.retrive(NotaFiscalDAO.java:100)
	at br.com.FuriniSolutions.dao.ItemNotaDAO.findAllWithIDNota(ItemNotaDAO.java:190)
	at br.com.FuriniSolutions.dao.NotaFiscalDAO.retrive(NotaFiscalDAO.java:100)
	at br.com.FuriniSolutions.dao.ItemNotaDAO.findAllWithIDNota(ItemNotaDAO.java:190)
	at br.com.FuriniSolutions.dao.NotaFiscalDAO.retrive(NotaFiscalDAO.java:100)
	at br.com.FuriniSolutions.dao.ItemNotaDAO.findAllWithIDNota(ItemNotaDAO.java:190)
	at br.com.FuriniSolutions.dao.NotaFiscalDAO.retrive(NotaFiscalDAO.java:100)
	at br.com.FuriniSolutions.dao.ItemNotaDAO.findAllWithIDNota(ItemNotaDAO.java:190)
	at br.com.FuriniSolutions.dao.NotaFiscalDAO.retrive(NotaFiscalDAO.java:100)
	at br.com.FuriniSolutions.dao.ItemNotaDAO.findAllWithIDNota(ItemNotaDAO.java:190)
	at br.com.FuriniSolutions.dao.NotaFiscalDAO.retrive(NotaFiscalDAO.java:100)
	at br.com.FuriniSolutions.dao.ItemNotaDAO.findAllWithIDNota(ItemNotaDAO.java:190)
	at br.com.FuriniSolutions.dao.NotaFiscalDAO.retrive(NotaFiscalDAO.java:100)
	at br.com.FuriniSolutions.dao.ItemNotaDAO.findAllWithIDNota(ItemNotaDAO.java:190)
	at br.com.FuriniSolutions.dao.NotaFiscalDAO.retrive(NotaFiscalDAO.java:100)
	at br.com.FuriniSolutions.dao.ItemNotaDAO.findAllWithIDNota(ItemNotaDAO.java:190)
	at br.com.FuriniSolutions.dao.NotaFiscalDAO.retrive(NotaFiscalDAO.java:100)
	at br.com.FuriniSolutions.dao.ItemNotaDAO.findAllWithIDNota(ItemNotaDAO.java:190)
	at br.com.FuriniSolutions.dao.NotaFiscalDAO.retrive(NotaFiscalDAO.java:100)
	at br.com.FuriniSolutions.dao.ItemNotaDAO.findAllWithIDNota(ItemNotaDAO.java:190)
	at br.com.FuriniSolutions.dao.NotaFiscalDAO.retrive(NotaFiscalDAO.java:100)
	at br.com.FuriniSolutions.dao.ItemNotaDAO.findAllWithIDNota(ItemNotaDAO.java:190)
	at br.com.FuriniSolutions.dao.NotaFiscalDAO.retrive(NotaFiscalDAO.java:100)
	at br.com.FuriniSolutions.dao.ItemNotaDAO.findAllWithIDNota(ItemNotaDAO.java:190)
	at br.com.FuriniSolutions.dao.NotaFiscalDAO.retrive(NotaFiscalDAO.java:100)
	at br.com.FuriniSolutions.dao.ItemNotaDAO.findAllWithIDNota(ItemNotaDAO.java:190)
	at br.com.FuriniSolutions.dao.NotaFiscalDAO.retrive(NotaFiscalDAO.java:100)
	at br.com.FuriniSolutions.dao.ItemNotaDAO.findAllWithIDNota(ItemNotaDAO.java:190)
	at br.com.FuriniSolutions.dao.NotaFiscalDAO.retrive(NotaFiscalDAO.java:100)
	at br.com.FuriniSolutions.dao.ItemNotaDAO.findAllWithIDNota(ItemNotaDAO.java:190)
	at br.com.FuriniSolutions.dao.NotaFiscalDAO.retrive(NotaFiscalDAO.java:100)
	at br.com.FuriniSolutions.dao.ItemNotaDAO.findAllWithIDNota(ItemNotaDAO.java:190)
	at br.com.FuriniSolutions.dao.NotaFiscalDAO.retrive(NotaFiscalDAO.java:100)
	at br.com.FuriniSolutions.dao.ItemNotaDAO.findAllWithIDNota(ItemNotaDAO.java:190)
	at br.com.FuriniSolutions.dao.NotaFiscalDAO.retrive(NotaFiscalDAO.java:100)
	at br.com.FuriniSolutions.dao.ItemNotaDAO.findAllWithIDNota(ItemNotaDAO.java:190)
	at br.com.FuriniSolutions.dao.NotaFiscalDAO.retrive(NotaFiscalDAO.java:100)
	at br.com.FuriniSolutions.dao.ItemNotaDAO.findAllWithIDNota(ItemNotaDAO.java:190)
	at br.com.FuriniSolutions.dao.NotaFiscalDAO.retrive(NotaFiscalDAO.java:100)
	at br.com.FuriniSolutions.dao.ItemNotaDAO.findAllWithIDNota(ItemNotaDAO.java:190)
	at br.com.FuriniSolutions.dao.NotaFiscalDAO.retrive(NotaFiscalDAO.java:100)
	at br.com.FuriniSolutions.dao.ItemNotaDAO.findAllWithIDNota(ItemNotaDAO.java:190)
	at br.com.FuriniSolutions.dao.NotaFiscalDAO.retrive(NotaFiscalDAO.java:100)
	at br.com.FuriniSolutions.dao.ItemNotaDAO.findAllWithIDNota(ItemNotaDAO.java:190)
	at br.com.FuriniSolutions.dao.NotaFiscalDAO.retrive(NotaFiscalDAO.java:100)
	at br.com.FuriniSolutions.dao.ItemNotaDAO.findAllWithIDNota(ItemNotaDAO.java:190)
	at br.com.FuriniSolutions.dao.NotaFiscalDAO.retrive(NotaFiscalDAO.java:100)
	at br.com.FuriniSolutions.dao.ItemNotaDAO.findAllWithIDNota(ItemNotaDAO.java:190)
	at br.com.FuriniSolutions.dao.NotaFiscalDAO.retrive(NotaFiscalDAO.java:100)
	at br.com.FuriniSolutions.dao.ItemNotaDAO.findAllWithIDNota(ItemNotaDAO.java:190)
	at br.com.FuriniSolutions.dao.NotaFiscalDAO.retrive(NotaFiscalDAO.java:100)
	at br.com.FuriniSolutions.dao.ItemNotaDAO.findAllWithIDNota(ItemNotaDAO.java:190)
	at br.com.FuriniSolutions.dao.NotaFiscalDAO.retrive(NotaFiscalDAO.java:100)
	at br.com.FuriniSolutions.dao.ItemNotaDAO.findAllWithIDNota(ItemNotaDAO.java:190)
	at br.com.FuriniSolutions.dao.NotaFiscalDAO.retrive(NotaFiscalDAO.java:100)
	at br.com.FuriniSolutions.dao.ItemNotaDAO.findAllWithIDNota(ItemNotaDAO.java:190)
	at br.com.FuriniSolutions.dao.NotaFiscalDAO.retrive(NotaFiscalDAO.java:100)
	at br.com.FuriniSolutions.dao.ItemNotaDAO.findAllWithIDNota(ItemNotaDAO.java:190)
	at br.com.FuriniSolutions.dao.NotaFiscalDAO.retrive(NotaFiscalDAO.java:100)
	at br.com.FuriniSolutions.dao.ItemNotaDAO.findAllWithIDNota(ItemNotaDAO.java:190)
	at br.com.FuriniSolutions.dao.NotaFiscalDAO.retrive(NotaFiscalDAO.java:100)
	at br.com.FuriniSolutions.dao.ItemNotaDAO.findAllWithIDNota(ItemNotaDAO.java:190)
	at br.com.FuriniSolutions.dao.NotaFiscalDAO.retrive(NotaFiscalDAO.java:100)
	at br.com.FuriniSolutions.dao.ItemNotaDAO.findAllWithIDNota(ItemNotaDAO.java:190)
	at br.com.FuriniSolutions.dao.NotaFiscalDAO.retrive(NotaFiscalDAO.java:100)
	at br.com.FuriniSolutions.dao.ItemNotaDAO.findAllWithIDNota(ItemNotaDAO.java:190)
	at br.com.FuriniSolutions.dao.NotaFiscalDAO.retrive(NotaFiscalDAO.java:100)
	at br.com.FuriniSolutions.dao.ItemNotaDAO.findAllWithIDNota(ItemNotaDAO.java:190)
	at br.com.FuriniSolutions.dao.NotaFiscalDAO.retrive(NotaFiscalDAO.java:100)
	at br.com.FuriniSolutions.dao.ItemNotaDAO.findAllWithIDNota(ItemNotaDAO.java:190)
	at br.com.FuriniSolutions.dao.NotaFiscalDAO.retrive(NotaFiscalDAO.java:100)
	at br.com.FuriniSolutions.dao.ItemNotaDAO.findAllWithIDNota(ItemNotaDAO.java:190)
	at br.com.FuriniSolutions.dao.NotaFiscalDAO.retrive(NotaFiscalDAO.java:100)
	at br.com.FuriniSolutions.dao.ItemNotaDAO.findAllWithIDNota(ItemNotaDAO.java:190)
	at br.com.FuriniSolutions.dao.NotaFiscalDAO.retrive(NotaFiscalDAO.java:100)
	at br.com.FuriniSolutions.dao.ItemNotaDAO.findAllWithIDNota(ItemNotaDAO.java:190)
	at br.com.FuriniSolutions.dao.NotaFiscalDAO.retrive(NotaFiscalDAO.java:100)
	at br.com.FuriniSolutions.dao.ItemNotaDAO.findAllWithIDNota(ItemNotaDAO.java:190)
	at br.com.FuriniSolutions.dao.NotaFiscalDAO.retrive(NotaFiscalDAO.java:100)
	at br.com.FuriniSolutions.dao.ItemNotaDAO.findAllWithIDNota(ItemNotaDAO.java:190)
	at br.com.FuriniSolutions.dao.NotaFiscalDAO.retrive(NotaFiscalDAO.java:100)
	at br.com.FuriniSolutions.dao.ItemNotaDAO.findAllWithIDNota(ItemNotaDAO.java:190)
	at br.com.FuriniSolutions.dao.NotaFiscalDAO.retrive(NotaFiscalDAO.java:100)
	at br.com.FuriniSolutions.dao.ItemNotaDAO.findAllWithIDNota(ItemNotaDAO.java:190)
	at br.com.FuriniSolutions.dao.NotaFiscalDAO.retrive(NotaFiscalDAO.java:100)
	at br.com.FuriniSolutions.dao.ItemNotaDAO.findAllWithIDNota(ItemNotaDAO.java:190)
	at br.com.FuriniSolutions.dao.NotaFiscalDAO.retrive(NotaFiscalDAO.java:100)
	at br.com.FuriniSolutions.dao.ItemNotaDAO.findAllWithIDNota(ItemNotaDAO.java:190)
	at br.com.FuriniSolutions.dao.NotaFiscalDAO.retrive(NotaFiscalDAO.java:100)
	at br.com.FuriniSolutions.dao.ItemNotaDAO.findAllWithIDNota(ItemNotaDAO.java:190)
	at br.com.FuriniSolutions.dao.NotaFiscalDAO.retrive(NotaFiscalDAO.java:100)
	at br.com.FuriniSolutions.dao.ItemNotaDAO.findAllWithIDNota(ItemNotaDAO.java:190)
	at br.com.FuriniSolutions.dao.NotaFiscalDAO.retrive(NotaFiscalDAO.java:100)
	at br.com.FuriniSolutions.dao.ItemNotaDAO.findAllWithIDNota(ItemNotaDAO.java:190)
	at br.com.FuriniSolutions.dao.NotaFiscalDAO.retrive(NotaFiscalDAO.java:100)
	at br.com.FuriniSolutions.dao.ItemNotaDAO.findAllWithIDNota(ItemNotaDAO.java:190)
	at br.com.FuriniSolutions.dao.NotaFiscalDAO.retrive(NotaFiscalDAO.java:100)
	at br.com.FuriniSolutions.dao.ItemNotaDAO.findAllWithIDNota(ItemNotaDAO.java:190)
	at br.com.FuriniSolutions.dao.NotaFiscalDAO.retrive(NotaFiscalDAO.java:100)
	at br.com.FuriniSolutions.dao.ItemNotaDAO.findAllWithIDNota(ItemNotaDAO.java:190)
	at br.com.FuriniSolutions.dao.NotaFiscalDAO.retrive(NotaFiscalDAO.java:100)
	at br.com.FuriniSolutions.dao.ItemNotaDAO.findAllWithIDNota(ItemNotaDAO.java:190)
	at br.com.FuriniSolutions.dao.NotaFiscalDAO.retrive(NotaFiscalDAO.java:100)
	at br.com.FuriniSolutions.dao.ItemNotaDAO.findAllWithIDNota(ItemNotaDAO.java:190)
	at br.com.FuriniSolutions.dao.NotaFiscalDAO.retrive(NotaFiscalDAO.java:100)
	at br.com.FuriniSolutions.dao.ItemNotaDAO.findAllWithIDNota(ItemNotaDAO.java:190)
	at br.com.FuriniSolutions.dao.NotaFiscalDAO.retrive(NotaFiscalDAO.java:100)
	at br.com.FuriniSolutions.dao.ItemNotaDAO.findAllWithIDNota(ItemNotaDAO.java:190)
	at br.com.FuriniSolutions.dao.NotaFiscalDAO.retrive(NotaFiscalDAO.java:100)
	at br.com.FuriniSolutions.dao.ItemNotaDAO.findAllWithIDNota(ItemNotaDAO.java:190)
	at br.com.FuriniSolutions.dao.NotaFiscalDAO.retrive(NotaFiscalDAO.java:100)
	at br.com.FuriniSolutions.dao.ItemNotaDAO.findAllWithIDNota(ItemNotaDAO.java:190)
	at br.com.FuriniSolutions.dao.NotaFiscalDAO.retrive(NotaFiscalDAO.java:100)
	at br.com.FuriniSolutions.dao.ItemNotaDAO.findAllWithIDNota(ItemNotaDAO.java:190)
	at br.com.FuriniSolutions.dao.NotaFiscalDAO.retrive(NotaFiscalDAO.java:100)
	at br.com.FuriniSolutions.dao.ItemNotaDAO.findAllWithIDNota(ItemNotaDAO.java:190)
	at br.com.FuriniSolutions.dao.NotaFiscalDAO.retrive(NotaFiscalDAO.java:100)
	at br.com.FuriniSolutions.dao.ItemNotaDAO.findAllWithIDNota(ItemNotaDAO.java:190)
	at br.com.FuriniSolutions.dao.NotaFiscalDAO.retrive(NotaFiscalDAO.java:100)
	at br.com.FuriniSolutions.dao.ItemNotaDAO.findAllWithIDNota(ItemNotaDAO.java:190)
	at br.com.FuriniSolutions.dao.NotaFiscalDAO.retrive(NotaFiscalDAO.java:100)
	at br.com.FuriniSolutions.dao.ItemNotaDAO.findAllWithIDNota(ItemNotaDAO.java:190)
	at br.com.FuriniSolutions.dao.NotaFiscalDAO.retrive(NotaFiscalDAO.java:100)
	at br.com.FuriniSolutions.dao.ItemNotaDAO.findAllWithIDNota(ItemNotaDAO.java:190)
	at br.com.FuriniSolutions.dao.NotaFiscalDAO.retrive(NotaFiscalDAO.java:100)
	at br.com.FuriniSolutions.dao.ItemNotaDAO.findAll(ItemNotaDAO.java:151)
	at br.com.FuriniSolutions.dao.ItemNotaDAOIT.testFindAll(ItemNotaDAOIT.java:211)
	at java.base/jdk.internal.reflect.DirectMethodHandleAccessor.invoke(DirectMethodHandleAccessor.java:104)
	at java.base/java.lang.reflect.Method.invoke(Method.java:577)
	at org.junit.platform.commons.util.ReflectionUtils.invokeMethod(ReflectionUtils.java:727)
	at org.junit.jupiter.engine.execution.MethodInvocation.proceed(MethodInvocation.java:60)
	at org.junit.jupiter.engine.execution.InvocationInterceptorChain$ValidatingInvocation.proceed(InvocationInterceptorChain.java:131)
	at org.junit.jupiter.engine.extension.TimeoutExtension.intercept(TimeoutExtension.java:156)
	at org.junit.jupiter.engine.extension.TimeoutExtension.interceptTestableMethod(TimeoutExtension.java:147)
	at org.junit.jupiter.engine.extension.TimeoutExtension.interceptTestMethod(TimeoutExtension.java:86)
	at org.junit.jupiter.engine.execution.InterceptingExecutableInvoker$ReflectiveInterceptorCall.lambda$ofVoidMethod$0(InterceptingExecutableInvoker.java:103)
	at org.junit.jupiter.engine.execution.InterceptingExecutableInvoker.lambda$invoke$0(InterceptingExecutableInvoker.java:93)
	at org.junit.jupiter.engine.execution.InvocationInterceptorChain$InterceptedInvocation.proceed(InvocationInterceptorChain.java:106)
	at org.junit.jupiter.engine.execution.InvocationInterceptorChain.proceed(InvocationInterceptorChain.java:64)
	at org.junit.jupiter.engine.execution.InvocationInterceptorChain.chainAndInvoke(InvocationInterceptorChain.java:45)
	at org.junit.jupiter.engine.execution.InvocationInterceptorChain.invoke(InvocationInterceptorChain.java:37)
	at org.junit.jupiter.engine.execution.InterceptingExecutableInvoker.invoke(InterceptingExecutableInvoker.java:92)
	at org.junit.jupiter.engine.execution.InterceptingExecutableInvoker.invoke(InterceptingExecutableInvoker.java:86)
	at org.junit.jupiter.engine.descriptor.TestMethodTestDescriptor.lambda$invokeTestMethod$7(TestMethodTestDescriptor.java:217)
	at org.junit.platform.engine.support.hierarchical.ThrowableCollector.execute(ThrowableCollector.java:73)
	at org.junit.jupiter.engine.descriptor.TestMethodTestDescriptor.invokeTestMethod(TestMethodTestDescriptor.java:213)
	at org.junit.jupiter.engine.descriptor.TestMethodTestDescriptor.execute(TestMethodTestDescriptor.java:138)
	at org.junit.jupiter.engine.descriptor.TestMethodTestDescriptor.execute(TestMethodTestDescriptor.java:68)
	at org.junit.platform.engine.support.hierarchical.NodeTestTask.lambda$executeRecursively$6(NodeTestTask.java:151)
	at org.junit.platform.engine.support.hierarchical.ThrowableCollector.execute(ThrowableCollector.java:73)
	at org.junit.platform.engine.support.hierarchical.NodeTestTask.lambda$executeRecursively$8(NodeTestTask.java:141)
	at org.junit.platform.engine.support.hierarchical.Node.around(Node.java:137)
	at org.junit.platform.engine.support.hierarchical.NodeTestTask.lambda$executeRecursively$9(NodeTestTask.java:139)
	at org.junit.platform.engine.support.hierarchical.ThrowableCollector.execute(ThrowableCollector.java:73)
	at org.junit.platform.engine.support.hierarchical.NodeTestTask.executeRecursively(NodeTestTask.java:138)
	at org.junit.platform.engine.support.hierarchical.NodeTestTask.execute(NodeTestTask.java:95)
	at java.base/java.util.ArrayList.forEach(ArrayList.java:1511)
	at org.junit.platform.engine.support.hierarchical.SameThreadHierarchicalTestExecutorService.invokeAll(SameThreadHierarchicalTestExecutorService.java:41)
	at org.junit.platform.engine.support.hierarchical.NodeTestTask.lambda$executeRecursively$6(NodeTestTask.java:155)
	at org.junit.platform.engine.support.hierarchical.ThrowableCollector.execute(ThrowableCollector.java:73)
	at org.junit.platform.engine.support.hierarchical.NodeTestTask.lambda$executeRecursively$8(NodeTestTask.java:141)
	at org.junit.platform.engine.support.hierarchical.Node.around(Node.java:137)
	at org.junit.platform.engine.support.hierarchical.NodeTestTask.lambda$executeRecursively$9(NodeTestTask.java:139)
	at org.junit.platform.engine.support.hierarchical.ThrowableCollector.execute(ThrowableCollector.java:73)
	at org.junit.platform.engine.support.hierarchical.NodeTestTask.executeRecursively(NodeTestTask.java:138)
	at org.junit.platform.engine.support.hierarchical.NodeTestTask.execute(NodeTestTask.java:95)
	at java.base/java.util.ArrayList.forEach(ArrayList.java:1511)
	at org.junit.platform.engine.support.hierarchical.SameThreadHierarchicalTestExecutorService.invokeAll(SameThreadHierarchicalTestExecutorService.java:41)
	at org.junit.platform.engine.support.hierarchical.NodeTestTask.lambda$executeRecursively$6(NodeTestTask.java:155)
	at org.junit.platform.engine.support.hierarchical.ThrowableCollector.execute(ThrowableCollector.java:73)
	at org.junit.platform.engine.support.hierarchical.NodeTestTask.lambda$executeRecursively$8(NodeTestTask.java:141)
	at org.junit.platform.engine.support.hierarchical.Node.around(Node.java:137)
	at org.junit.platform.engine.support.hierarchical.NodeTestTask.lambda$executeRecursively$9(NodeTestTask.java:139)
	at org.junit.platform.engine.support.hierarchical.ThrowableCollector.execute(ThrowableCollector.java:73)
	at org.junit.platform.engine.support.hierarchical.NodeTestTask.executeRecursively(NodeTestTask.java:138)
	at org.junit.platform.engine.support.hierarchical.NodeTestTask.execute(NodeTestTask.java:95)
	at org.junit.platform.engine.support.hierarchical.SameThreadHierarchicalTestExecutorService.submit(SameThreadHierarchicalTestExecutorService.java:35)
	at org.junit.platform.engine.support.hierarchical.HierarchicalTestExecutor.execute(HierarchicalTestExecutor.java:57)
	at org.junit.platform.engine.support.hierarchical.HierarchicalTestEngine.execute(HierarchicalTestEngine.java:54)
	at org.junit.platform.launcher.core.EngineExecutionOrchestrator.execute(EngineExecutionOrchestrator.java:147)
	at org.junit.platform.launcher.core.EngineExecutionOrchestrator.execute(EngineExecutionOrchestrator.java:127)
	at org.junit.platform.launcher.core.EngineExecutionOrchestrator.execute(EngineExecutionOrchestrator.java:90)
	at org.junit.platform.launcher.core.EngineExecutionOrchestrator.lambda$execute$0(EngineExecutionOrchestrator.java:55)
	at org.junit.platform.launcher.core.EngineExecutionOrchestrator.withInterceptedStreams(EngineExecutionOrchestrator.java:102)
	at org.junit.platform.launcher.core.EngineExecutionOrchestrator.execute(EngineExecutionOrchestrator.java:54)
	at org.junit.platform.launcher.core.DefaultLauncher.execute(DefaultLauncher.java:114)
	at org.junit.platform.launcher.core.DefaultLauncher.execute(DefaultLauncher.java:86)
	at org.junit.platform.launcher.core.DefaultLauncherSession$DelegatingLauncher.execute(DefaultLauncherSession.java:86)
	at org.junit.platform.launcher.core.SessionPerRequestLauncher.execute(SessionPerRequestLauncher.java:53)
	at org.apache.maven.surefire.junitplatform.JUnitPlatformProvider.execute(JUnitPlatformProvider.java:188)
	at org.apache.maven.surefire.junitplatform.JUnitPlatformProvider.invokeAllTests(JUnitPlatformProvider.java:154)
	at org.apache.maven.surefire.junitplatform.JUnitPlatformProvider.invoke(JUnitPlatformProvider.java:128)
	at org.apache.maven.surefire.booter.ForkedBooter.runSuitesInProcess(ForkedBooter.java:428)
	at org.apache.maven.surefire.booter.ForkedBooter.execute(ForkedBooter.java:162)
	at org.apache.maven.surefire.booter.ForkedBooter.run(ForkedBooter.java:562)
	at org.apache.maven.surefire.booter.ForkedBooter.main(ForkedBooter.java:548)
Erro ao buscar ItemNotas com IDNota: Cannot invoke "java.sql.Connection.prepareStatement(String)" because "connection" is null
java.lang.NullPointerException: Cannot invoke "java.sql.Connection.prepareStatement(String)" because "connection" is null
	at br.com.FuriniSolutions.dao.ItemNotaDAO.findAllWithIDNota(ItemNotaDAO.java:173)
	at br.com.FuriniSolutions.dao.NotaFiscalDAO.retrive(NotaFiscalDAO.java:100)
	at br.com.FuriniSolutions.dao.ItemNotaDAO.findAllWithIDNota(ItemNotaDAO.java:190)
	at br.com.FuriniSolutions.dao.NotaFiscalDAO.retrive(NotaFiscalDAO.java:100)
	at br.com.FuriniSolutions.dao.ItemNotaDAO.findAllWithIDNota(ItemNotaDAO.java:190)
	at br.com.FuriniSolutions.dao.NotaFiscalDAO.retrive(NotaFiscalDAO.java:100)
	at br.com.FuriniSolutions.dao.ItemNotaDAO.findAllWithIDNota(ItemNotaDAO.java:190)
	at br.com.FuriniSolutions.dao.NotaFiscalDAO.retrive(NotaFiscalDAO.java:100)
	at br.com.FuriniSolutions.dao.ItemNotaDAO.findAllWithIDNota(ItemNotaDAO.java:190)
	at br.com.FuriniSolutions.dao.NotaFiscalDAO.retrive(NotaFiscalDAO.java:100)
	at br.com.FuriniSolutions.dao.ItemNotaDAO.findAllWithIDNota(ItemNotaDAO.java:190)
	at br.com.FuriniSolutions.dao.NotaFiscalDAO.retrive(NotaFiscalDAO.java:100)
	at br.com.FuriniSolutions.dao.ItemNotaDAO.findAllWithIDNota(ItemNotaDAO.java:190)
	at br.com.FuriniSolutions.dao.NotaFiscalDAO.retrive(NotaFiscalDAO.java:100)
	at br.com.FuriniSolutions.dao.ItemNotaDAO.findAllWithIDNota(ItemNotaDAO.java:190)
	at br.com.FuriniSolutions.dao.NotaFiscalDAO.retrive(NotaFiscalDAO.java:100)
	at br.com.FuriniSolutions.dao.ItemNotaDAO.findAllWithIDNota(ItemNotaDAO.java:190)
	at br.com.FuriniSolutions.dao.NotaFiscalDAO.retrive(NotaFiscalDAO.java:100)
	at br.com.FuriniSolutions.dao.ItemNotaDAO.findAllWithIDNota(ItemNotaDAO.java:190)
	at br.com.FuriniSolutions.dao.NotaFiscalDAO.retrive(NotaFiscalDAO.java:100)
	at br.com.FuriniSolutions.dao.ItemNotaDAO.findAllWithIDNota(ItemNotaDAO.java:190)
	at br.com.FuriniSolutions.dao.NotaFiscalDAO.retrive(NotaFiscalDAO.java:100)
	at br.com.FuriniSolutions.dao.ItemNotaDAO.findAllWithIDNota(ItemNotaDAO.java:190)
	at br.com.FuriniSolutions.dao.NotaFiscalDAO.retrive(NotaFiscalDAO.java:100)
	at br.com.FuriniSolutions.dao.ItemNotaDAO.findAllWithIDNota(ItemNotaDAO.java:190)
	at br.com.FuriniSolutions.dao.NotaFiscalDAO.retrive(NotaFiscalDAO.java:100)
	at br.com.FuriniSolutions.dao.ItemNotaDAO.findAllWithIDNota(ItemNotaDAO.java:190)
	at br.com.FuriniSolutions.dao.NotaFiscalDAO.retrive(NotaFiscalDAO.java:100)
	at br.com.FuriniSolutions.dao.ItemNotaDAO.findAllWithIDNota(ItemNotaDAO.java:190)
	at br.com.FuriniSolutions.dao.NotaFiscalDAO.retrive(NotaFiscalDAO.java:100)
	at br.com.FuriniSolutions.dao.ItemNotaDAO.findAllWithIDNota(ItemNotaDAO.java:190)
	at br.com.FuriniSolutions.dao.NotaFiscalDAO.retrive(NotaFiscalDAO.java:100)
	at br.com.FuriniSolutions.dao.ItemNotaDAO.findAllWithIDNota(ItemNotaDAO.java:190)
	at br.com.FuriniSolutions.dao.NotaFiscalDAO.retrive(NotaFiscalDAO.java:100)
	at br.com.FuriniSolutions.dao.ItemNotaDAO.findAllWithIDNota(ItemNotaDAO.java:190)
	at br.com.FuriniSolutions.dao.NotaFiscalDAO.retrive(NotaFiscalDAO.java:100)
	at br.com.FuriniSolutions.dao.ItemNotaDAO.findAllWithIDNota(ItemNotaDAO.java:190)
	at br.com.FuriniSolutions.dao.NotaFiscalDAO.retrive(NotaFiscalDAO.java:100)
	at br.com.FuriniSolutions.dao.ItemNotaDAO.findAllWithIDNota(ItemNotaDAO.java:190)
	at br.com.FuriniSolutions.dao.NotaFiscalDAO.retrive(NotaFiscalDAO.java:100)
	at br.com.FuriniSolutions.dao.ItemNotaDAO.findAllWithIDNota(ItemNotaDAO.java:190)
	at br.com.FuriniSolutions.dao.NotaFiscalDAO.retrive(NotaFiscalDAO.java:100)
	at br.com.FuriniSolutions.dao.ItemNotaDAO.findAllWithIDNota(ItemNotaDAO.java:190)
	at br.com.FuriniSolutions.dao.NotaFiscalDAO.retrive(NotaFiscalDAO.java:100)
	at br.com.FuriniSolutions.dao.ItemNotaDAO.findAllWithIDNota(ItemNotaDAO.java:190)
	at br.com.FuriniSolutions.dao.NotaFiscalDAO.retrive(NotaFiscalDAO.java:100)
	at br.com.FuriniSolutions.dao.ItemNotaDAO.findAllWithIDNota(ItemNotaDAO.java:190)
	at br.com.FuriniSolutions.dao.NotaFiscalDAO.retrive(NotaFiscalDAO.java:100)
	at br.com.FuriniSolutions.dao.ItemNotaDAO.findAllWithIDNota(ItemNotaDAO.java:190)
	at br.com.FuriniSolutions.dao.NotaFiscalDAO.retrive(NotaFiscalDAO.java:100)
	at br.com.FuriniSolutions.dao.ItemNotaDAO.findAllWithIDNota(ItemNotaDAO.java:190)
	at br.com.FuriniSolutions.dao.NotaFiscalDAO.retrive(NotaFiscalDAO.java:100)
	at br.com.FuriniSolutions.dao.ItemNotaDAO.findAllWithIDNota(ItemNotaDAO.java:190)
	at br.com.FuriniSolutions.dao.NotaFiscalDAO.retrive(NotaFiscalDAO.java:100)
	at br.com.FuriniSolutions.dao.ItemNotaDAO.findAllWithIDNota(ItemNotaDAO.java:190)
	at br.com.FuriniSolutions.dao.NotaFiscalDAO.retrive(NotaFiscalDAO.java:100)
	at br.com.FuriniSolutions.dao.ItemNotaDAO.findAllWithIDNota(ItemNotaDAO.java:190)
	at br.com.FuriniSolutions.dao.NotaFiscalDAO.retrive(NotaFiscalDAO.java:100)
	at br.com.FuriniSolutions.dao.ItemNotaDAO.findAllWithIDNota(ItemNotaDAO.java:190)
	at br.com.FuriniSolutions.dao.NotaFiscalDAO.retrive(NotaFiscalDAO.java:100)
	at br.com.FuriniSolutions.dao.ItemNotaDAO.findAllWithIDNota(ItemNotaDAO.java:190)
	at br.com.FuriniSolutions.dao.NotaFiscalDAO.retrive(NotaFiscalDAO.java:100)
	at br.com.FuriniSolutions.dao.ItemNotaDAO.findAllWithIDNota(ItemNotaDAO.java:190)
	at br.com.FuriniSolutions.dao.NotaFiscalDAO.retrive(NotaFiscalDAO.java:100)
	at br.com.FuriniSolutions.dao.ItemNotaDAO.findAllWithIDNota(ItemNotaDAO.java:190)
	at br.com.FuriniSolutions.dao.NotaFiscalDAO.retrive(NotaFiscalDAO.java:100)
	at br.com.FuriniSolutions.dao.ItemNotaDAO.findAllWithIDNota(ItemNotaDAO.java:190)
	at br.com.FuriniSolutions.dao.NotaFiscalDAO.retrive(NotaFiscalDAO.java:100)
	at br.com.FuriniSolutions.dao.ItemNotaDAO.findAllWithIDNota(ItemNotaDAO.java:190)
	at br.com.FuriniSolutions.dao.NotaFiscalDAO.retrive(NotaFiscalDAO.java:100)
	at br.com.FuriniSolutions.dao.ItemNotaDAO.findAllWithIDNota(ItemNotaDAO.java:190)
	at br.com.FuriniSolutions.dao.NotaFiscalDAO.retrive(NotaFiscalDAO.java:100)
	at br.com.FuriniSolutions.dao.ItemNotaDAO.findAllWithIDNota(ItemNotaDAO.java:190)
	at br.com.FuriniSolutions.dao.NotaFiscalDAO.retrive(NotaFiscalDAO.java:100)
	at br.com.FuriniSolutions.dao.ItemNotaDAO.findAllWithIDNota(ItemNotaDAO.java:190)
	at br.com.FuriniSolutions.dao.NotaFiscalDAO.retrive(NotaFiscalDAO.java:100)
	at br.com.FuriniSolutions.dao.ItemNotaDAO.findAllWithIDNota(ItemNotaDAO.java:190)
	at br.com.FuriniSolutions.dao.NotaFiscalDAO.retrive(NotaFiscalDAO.java:100)
	at br.com.FuriniSolutions.dao.ItemNotaDAO.findAllWithIDNota(ItemNotaDAO.java:190)
	at br.com.FuriniSolutions.dao.NotaFiscalDAO.retrive(NotaFiscalDAO.java:100)
	at br.com.FuriniSolutions.dao.ItemNotaDAO.findAllWithIDNota(ItemNotaDAO.java:190)
	at br.com.FuriniSolutions.dao.NotaFiscalDAO.retrive(NotaFiscalDAO.java:100)
	at br.com.FuriniSolutions.dao.ItemNotaDAO.findAllWithIDNota(ItemNotaDAO.java:190)
	at br.com.FuriniSolutions.dao.NotaFiscalDAO.retrive(NotaFiscalDAO.java:100)
	at br.com.FuriniSolutions.dao.ItemNotaDAO.findAllWithIDNota(ItemNotaDAO.java:190)
	at br.com.FuriniSolutions.dao.NotaFiscalDAO.retrive(NotaFiscalDAO.java:100)
	at br.com.FuriniSolutions.dao.ItemNotaDAO.findAllWithIDNota(ItemNotaDAO.java:190)
	at br.com.FuriniSolutions.dao.NotaFiscalDAO.retrive(NotaFiscalDAO.java:100)
	at br.com.FuriniSolutions.dao.ItemNotaDAO.findAllWithIDNota(ItemNotaDAO.java:190)
	at br.com.FuriniSolutions.dao.NotaFiscalDAO.retrive(NotaFiscalDAO.java:100)
	at br.com.FuriniSolutions.dao.ItemNotaDAO.findAllWithIDNota(ItemNotaDAO.java:190)
	at br.com.FuriniSolutions.dao.NotaFiscalDAO.retrive(NotaFiscalDAO.java:100)
	at br.com.FuriniSolutions.dao.ItemNotaDAO.findAllWithIDNota(ItemNotaDAO.java:190)
	at br.com.FuriniSolutions.dao.NotaFiscalDAO.retrive(NotaFiscalDAO.java:100)
	at br.com.FuriniSolutions.dao.ItemNotaDAO.findAllWithIDNota(ItemNotaDAO.java:190)
	at br.com.FuriniSolutions.dao.NotaFiscalDAO.retrive(NotaFiscalDAO.java:100)
	at br.com.FuriniSolutions.dao.ItemNotaDAO.findAllWithIDNota(ItemNotaDAO.java:190)
	at br.com.FuriniSolutions.dao.NotaFiscalDAO.retrive(NotaFiscalDAO.java:100)
	at br.com.FuriniSolutions.dao.ItemNotaDAO.findAllWithIDNota(ItemNotaDAO.java:190)
	at br.com.FuriniSolutions.dao.NotaFiscalDAO.retrive(NotaFiscalDAO.java:100)
	at br.com.FuriniSolutions.dao.ItemNotaDAO.findAllWithIDNota(ItemNotaDAO.java:190)
	at br.com.FuriniSolutions.dao.NotaFiscalDAO.retrive(NotaFiscalDAO.java:100)
	at br.com.FuriniSolutions.dao.ItemNotaDAO.findAllWithIDNota(ItemNotaDAO.java:190)
	at br.com.FuriniSolutions.dao.NotaFiscalDAO.retrive(NotaFiscalDAO.java:100)
	at br.com.FuriniSolutions.dao.ItemNotaDAO.findAllWithIDNota(ItemNotaDAO.java:190)
	at br.com.FuriniSolutions.dao.NotaFiscalDAO.retrive(NotaFiscalDAO.java:100)
	at br.com.FuriniSolutions.dao.ItemNotaDAO.findAllWithIDNota(ItemNotaDAO.java:190)
	at br.com.FuriniSolutions.dao.NotaFiscalDAO.retrive(NotaFiscalDAO.java:100)
	at br.com.FuriniSolutions.dao.ItemNotaDAO.findAllWithIDNota(ItemNotaDAO.java:190)
	at br.com.FuriniSolutions.dao.NotaFiscalDAO.retrive(NotaFiscalDAO.java:100)
	at br.com.FuriniSolutions.dao.ItemNotaDAO.findAllWithIDNota(ItemNotaDAO.java:190)
	at br.com.FuriniSolutions.dao.NotaFiscalDAO.retrive(NotaFiscalDAO.java:100)
	at br.com.FuriniSolutions.dao.ItemNotaDAO.findAllWithIDNota(ItemNotaDAO.java:190)
	at br.com.FuriniSolutions.dao.NotaFiscalDAO.retrive(NotaFiscalDAO.java:100)
	at br.com.FuriniSolutions.dao.ItemNotaDAO.findAllWithIDNota(ItemNotaDAO.java:190)
	at br.com.FuriniSolutions.dao.NotaFiscalDAO.retrive(NotaFiscalDAO.java:100)
	at br.com.FuriniSolutions.dao.ItemNotaDAO.findAllWithIDNota(ItemNotaDAO.java:190)
	at br.com.FuriniSolutions.dao.NotaFiscalDAO.retrive(NotaFiscalDAO.java:100)
	at br.com.FuriniSolutions.dao.ItemNotaDAO.findAllWithIDNota(ItemNotaDAO.java:190)
	at br.com.FuriniSolutions.dao.NotaFiscalDAO.retrive(NotaFiscalDAO.java:100)
	at br.com.FuriniSolutions.dao.ItemNotaDAO.findAllWithIDNota(ItemNotaDAO.java:190)
	at br.com.FuriniSolutions.dao.NotaFiscalDAO.retrive(NotaFiscalDAO.java:100)
	at br.com.FuriniSolutions.dao.ItemNotaDAO.findAllWithIDNota(ItemNotaDAO.java:190)
	at br.com.FuriniSolutions.dao.NotaFiscalDAO.retrive(NotaFiscalDAO.java:100)
	at br.com.FuriniSolutions.dao.ItemNotaDAO.findAllWithIDNota(ItemNotaDAO.java:190)
	at br.com.FuriniSolutions.dao.NotaFiscalDAO.retrive(NotaFiscalDAO.java:100)
	at br.com.FuriniSolutions.dao.ItemNotaDAO.findAllWithIDNota(ItemNotaDAO.java:190)
	at br.com.FuriniSolutions.dao.NotaFiscalDAO.retrive(NotaFiscalDAO.java:100)
	at br.com.FuriniSolutions.dao.ItemNotaDAO.findAllWithIDNota(ItemNotaDAO.java:190)
	at br.com.FuriniSolutions.dao.NotaFiscalDAO.retrive(NotaFiscalDAO.java:100)
	at br.com.FuriniSolutions.dao.ItemNotaDAO.findAllWithIDNota(ItemNotaDAO.java:190)
	at br.com.FuriniSolutions.dao.NotaFiscalDAO.retrive(NotaFiscalDAO.java:100)
	at br.com.FuriniSolutions.dao.ItemNotaDAO.findAllWithIDNota(ItemNotaDAO.java:190)
	at br.com.FuriniSolutions.dao.NotaFiscalDAO.retrive(NotaFiscalDAO.java:100)
	at br.com.FuriniSolutions.dao.ItemNotaDAO.findAllWithIDNota(ItemNotaDAO.java:190)
	at br.com.FuriniSolutions.dao.NotaFiscalDAO.retrive(NotaFiscalDAO.java:100)
	at br.com.FuriniSolutions.dao.ItemNotaDAO.findAllWithIDNota(ItemNotaDAO.java:190)
	at br.com.FuriniSolutions.dao.NotaFiscalDAO.retrive(NotaFiscalDAO.java:100)
	at br.com.FuriniSolutions.dao.ItemNotaDAO.findAllWithIDNota(ItemNotaDAO.java:190)
	at br.com.FuriniSolutions.dao.NotaFiscalDAO.retrive(NotaFiscalDAO.java:100)
	at br.com.FuriniSolutions.dao.ItemNotaDAO.findAllWithIDNota(ItemNotaDAO.java:190)
	at br.com.FuriniSolutions.dao.NotaFiscalDAO.retrive(NotaFiscalDAO.java:100)
	at br.com.FuriniSolutions.dao.ItemNotaDAO.findAllWithIDNota(ItemNotaDAO.java:190)
	at br.com.FuriniSolutions.dao.NotaFiscalDAO.retrive(NotaFiscalDAO.java:100)
	at br.com.FuriniSolutions.dao.ItemNotaDAO.findAllWithIDNota(ItemNotaDAO.java:190)
	at br.com.FuriniSolutions.dao.NotaFiscalDAO.retrive(NotaFiscalDAO.java:100)
	at br.com.FuriniSolutions.dao.ItemNotaDAO.findAllWithIDNota(ItemNotaDAO.java:190)
	at br.com.FuriniSolutions.dao.NotaFiscalDAO.retrive(NotaFiscalDAO.java:100)
	at br.com.FuriniSolutions.dao.ItemNotaDAO.findAllWithIDNota(ItemNotaDAO.java:190)
	at br.com.FuriniSolutions.dao.NotaFiscalDAO.retrive(NotaFiscalDAO.java:100)
	at br.com.FuriniSolutions.dao.ItemNotaDAO.findAll(ItemNotaDAO.java:151)
	at br.com.FuriniSolutions.dao.ItemNotaDAOIT.testFindAll(ItemNotaDAOIT.java:211)
	at java.base/jdk.internal.reflect.DirectMethodHandleAccessor.invoke(DirectMethodHandleAccessor.java:104)
	at java.base/java.lang.reflect.Method.invoke(Method.java:577)
	at org.junit.platform.commons.util.ReflectionUtils.invokeMethod(ReflectionUtils.java:727)
	at org.junit.jupiter.engine.execution.MethodInvocation.proceed(MethodInvocation.java:60)
	at org.junit.jupiter.engine.execution.InvocationInterceptorChain$ValidatingInvocation.proceed(InvocationInterceptorChain.java:131)
	at org.junit.jupiter.engine.extension.TimeoutExtension.intercept(TimeoutExtension.java:156)
	at org.junit.jupiter.engine.extension.TimeoutExtension.interceptTestableMethod(TimeoutExtension.java:147)
	at org.junit.jupiter.engine.extension.TimeoutExtension.interceptTestMethod(TimeoutExtension.java:86)
	at org.junit.jupiter.engine.execution.InterceptingExecutableInvoker$ReflectiveInterceptorCall.lambda$ofVoidMethod$0(InterceptingExecutableInvoker.java:103)
	at org.junit.jupiter.engine.execution.InterceptingExecutableInvoker.lambda$invoke$0(InterceptingExecutableInvoker.java:93)
	at org.junit.jupiter.engine.execution.InvocationInterceptorChain$InterceptedInvocation.proceed(InvocationInterceptorChain.java:106)
	at org.junit.jupiter.engine.execution.InvocationInterceptorChain.proceed(InvocationInterceptorChain.java:64)
	at org.junit.jupiter.engine.execution.InvocationInterceptorChain.chainAndInvoke(InvocationInterceptorChain.java:45)
	at org.junit.jupiter.engine.execution.InvocationInterceptorChain.invoke(InvocationInterceptorChain.java:37)
	at org.junit.jupiter.engine.execution.InterceptingExecutableInvoker.invoke(InterceptingExecutableInvoker.java:92)
	at org.junit.jupiter.engine.execution.InterceptingExecutableInvoker.invoke(InterceptingExecutableInvoker.java:86)
	at org.junit.jupiter.engine.descriptor.TestMethodTestDescriptor.lambda$invokeTestMethod$7(TestMethodTestDescriptor.java:217)
	at org.junit.platform.engine.support.hierarchical.ThrowableCollector.execute(ThrowableCollector.java:73)
	at org.junit.jupiter.engine.descriptor.TestMethodTestDescriptor.invokeTestMethod(TestMethodTestDescriptor.java:213)
	at org.junit.jupiter.engine.descriptor.TestMethodTestDescriptor.execute(TestMethodTestDescriptor.java:138)
	at org.junit.jupiter.engine.descriptor.TestMethodTestDescriptor.execute(TestMethodTestDescriptor.java:68)
	at org.junit.platform.engine.support.hierarchical.NodeTestTask.lambda$executeRecursively$6(NodeTestTask.java:151)
	at org.junit.platform.engine.support.hierarchical.ThrowableCollector.execute(ThrowableCollector.java:73)
	at org.junit.platform.engine.support.hierarchical.NodeTestTask.lambda$executeRecursively$8(NodeTestTask.java:141)
	at org.junit.platform.engine.support.hierarchical.Node.around(Node.java:137)
	at org.junit.platform.engine.support.hierarchical.NodeTestTask.lambda$executeRecursively$9(NodeTestTask.java:139)
	at org.junit.platform.engine.support.hierarchical.ThrowableCollector.execute(ThrowableCollector.java:73)
	at org.junit.platform.engine.support.hierarchical.NodeTestTask.executeRecursively(NodeTestTask.java:138)
	at org.junit.platform.engine.support.hierarchical.NodeTestTask.execute(NodeTestTask.java:95)
	at java.base/java.util.ArrayList.forEach(ArrayList.java:1511)
	at org.junit.platform.engine.support.hierarchical.SameThreadHierarchicalTestExecutorService.invokeAll(SameThreadHierarchicalTestExecutorService.java:41)
	at org.junit.platform.engine.support.hierarchical.NodeTestTask.lambda$executeRecursively$6(NodeTestTask.java:155)
	at org.junit.platform.engine.support.hierarchical.ThrowableCollector.execute(ThrowableCollector.java:73)
	at org.junit.platform.engine.support.hierarchical.NodeTestTask.lambda$executeRecursively$8(NodeTestTask.java:141)
	at org.junit.platform.engine.support.hierarchical.Node.around(Node.java:137)
	at org.junit.platform.engine.support.hierarchical.NodeTestTask.lambda$executeRecursively$9(NodeTestTask.java:139)
	at org.junit.platform.engine.support.hierarchical.ThrowableCollector.execute(ThrowableCollector.java:73)
	at org.junit.platform.engine.support.hierarchical.NodeTestTask.executeRecursively(NodeTestTask.java:138)
	at org.junit.platform.engine.support.hierarchical.NodeTestTask.execute(NodeTestTask.java:95)
	at java.base/java.util.ArrayList.forEach(ArrayList.java:1511)
	at org.junit.platform.engine.support.hierarchical.SameThreadHierarchicalTestExecutorService.invokeAll(SameThreadHierarchicalTestExecutorService.java:41)
	at org.junit.platform.engine.support.hierarchical.NodeTestTask.lambda$executeRecursively$6(NodeTestTask.java:155)
	at org.junit.platform.engine.support.hierarchical.ThrowableCollector.execute(ThrowableCollector.java:73)
	at org.junit.platform.engine.support.hierarchical.NodeTestTask.lambda$executeRecursively$8(NodeTestTask.java:141)
	at org.junit.platform.engine.support.hierarchical.Node.around(Node.java:137)
	at org.junit.platform.engine.support.hierarchical.NodeTestTask.lambda$executeRecursively$9(NodeTestTask.java:139)
	at org.junit.platform.engine.support.hierarchical.ThrowableCollector.execute(ThrowableCollector.java:73)
	at org.junit.platform.engine.support.hierarchical.NodeTestTask.executeRecursively(NodeTestTask.java:138)
	at org.junit.platform.engine.support.hierarchical.NodeTestTask.execute(NodeTestTask.java:95)
	at org.junit.platform.engine.support.hierarchical.SameThreadHierarchicalTestExecutorService.submit(SameThreadHierarchicalTestExecutorService.java:35)
	at org.junit.platform.engine.support.hierarchical.HierarchicalTestExecutor.execute(HierarchicalTestExecutor.java:57)
	at org.junit.platform.engine.support.hierarchical.HierarchicalTestEngine.execute(HierarchicalTestEngine.java:54)
	at org.junit.platform.launcher.core.EngineExecutionOrchestrator.execute(EngineExecutionOrchestrator.java:147)
	at org.junit.platform.launcher.core.EngineExecutionOrchestrator.execute(EngineExecutionOrchestrator.java:127)
	at org.junit.platform.launcher.core.EngineExecutionOrchestrator.execute(EngineExecutionOrchestrator.java:90)
	at org.junit.platform.launcher.core.EngineExecutionOrchestrator.lambda$execute$0(EngineExecutionOrchestrator.java:55)
	at org.junit.platform.launcher.core.EngineExecutionOrchestrator.withInterceptedStreams(EngineExecutionOrchestrator.java:102)
	at org.junit.platform.launcher.core.EngineExecutionOrchestrator.execute(EngineExecutionOrchestrator.java:54)
	at org.junit.platform.launcher.core.DefaultLauncher.execute(DefaultLauncher.java:114)
	at org.junit.platform.launcher.core.DefaultLauncher.execute(DefaultLauncher.java:86)
	at org.junit.platform.launcher.core.DefaultLauncherSession$DelegatingLauncher.execute(DefaultLauncherSession.java:86)
	at org.junit.platform.launcher.core.SessionPerRequestLauncher.execute(SessionPerRequestLauncher.java:53)
	at org.apache.maven.surefire.junitplatform.JUnitPlatformProvider.execute(JUnitPlatformProvider.java:188)
	at org.apache.maven.surefire.junitplatform.JUnitPlatformProvider.invokeAllTests(JUnitPlatformProvider.java:154)
	at org.apache.maven.surefire.junitplatform.JUnitPlatformProvider.invoke(JUnitPlatformProvider.java:128)
	at org.apache.maven.surefire.booter.ForkedBooter.runSuitesInProcess(ForkedBooter.java:428)
	at org.apache.maven.surefire.booter.ForkedBooter.execute(ForkedBooter.java:162)
	at org.apache.maven.surefire.booter.ForkedBooter.run(ForkedBooter.java:562)
	at org.apache.maven.surefire.booter.ForkedBooter.main(ForkedBooter.java:548)
Erro ao buscar ItemNotas com IDNota: Cannot invoke "java.sql.Connection.prepareStatement(String)" because "connection" is null
java.lang.NullPointerException: Cannot invoke "java.sql.Connection.prepareStatement(String)" because "connection" is null
	at br.com.FuriniSolutions.dao.ItemNotaDAO.findAllWithIDNota(ItemNotaDAO.java:173)
	at br.com.FuriniSolutions.dao.NotaFiscalDAO.retrive(NotaFiscalDAO.java:100)
	at br.com.FuriniSolutions.dao.ItemNotaDAO.findAllWithIDNota(ItemNotaDAO.java:190)
	at br.com.FuriniSolutions.dao.NotaFiscalDAO.retrive(NotaFiscalDAO.java:100)
	at br.com.FuriniSolutions.dao.ItemNotaDAO.findAllWithIDNota(ItemNotaDAO.java:190)
	at br.com.FuriniSolutions.dao.NotaFiscalDAO.retrive(NotaFiscalDAO.java:100)
	at br.com.FuriniSolutions.dao.ItemNotaDAO.findAllWithIDNota(ItemNotaDAO.java:190)
	at br.com.FuriniSolutions.dao.NotaFiscalDAO.retrive(NotaFiscalDAO.java:100)
	at br.com.FuriniSolutions.dao.ItemNotaDAO.findAllWithIDNota(ItemNotaDAO.java:190)
	at br.com.FuriniSolutions.dao.NotaFiscalDAO.retrive(NotaFiscalDAO.java:100)
	at br.com.FuriniSolutions.dao.ItemNotaDAO.findAllWithIDNota(ItemNotaDAO.java:190)
	at br.com.FuriniSolutions.dao.NotaFiscalDAO.retrive(NotaFiscalDAO.java:100)
	at br.com.FuriniSolutions.dao.ItemNotaDAO.findAllWithIDNota(ItemNotaDAO.java:190)
	at br.com.FuriniSolutions.dao.NotaFiscalDAO.retrive(NotaFiscalDAO.java:100)
	at br.com.FuriniSolutions.dao.ItemNotaDAO.findAllWithIDNota(ItemNotaDAO.java:190)
	at br.com.FuriniSolutions.dao.NotaFiscalDAO.retrive(NotaFiscalDAO.java:100)
	at br.com.FuriniSolutions.dao.ItemNotaDAO.findAllWithIDNota(ItemNotaDAO.java:190)
	at br.com.FuriniSolutions.dao.NotaFiscalDAO.retrive(NotaFiscalDAO.java:100)
	at br.com.FuriniSolutions.dao.ItemNotaDAO.findAllWithIDNota(ItemNotaDAO.java:190)
	at br.com.FuriniSolutions.dao.NotaFiscalDAO.retrive(NotaFiscalDAO.java:100)
	at br.com.FuriniSolutions.dao.ItemNotaDAO.findAllWithIDNota(ItemNotaDAO.java:190)
	at br.com.FuriniSolutions.dao.NotaFiscalDAO.retrive(NotaFiscalDAO.java:100)
	at br.com.FuriniSolutions.dao.ItemNotaDAO.findAllWithIDNota(ItemNotaDAO.java:190)
	at br.com.FuriniSolutions.dao.NotaFiscalDAO.retrive(NotaFiscalDAO.java:100)
	at br.com.FuriniSolutions.dao.ItemNotaDAO.findAllWithIDNota(ItemNotaDAO.java:190)
	at br.com.FuriniSolutions.dao.NotaFiscalDAO.retrive(NotaFiscalDAO.java:100)
	at br.com.FuriniSolutions.dao.ItemNotaDAO.findAllWithIDNota(ItemNotaDAO.java:190)
	at br.com.FuriniSolutions.dao.NotaFiscalDAO.retrive(NotaFiscalDAO.java:100)
	at br.com.FuriniSolutions.dao.ItemNotaDAO.findAllWithIDNota(ItemNotaDAO.java:190)
	at br.com.FuriniSolutions.dao.NotaFiscalDAO.retrive(NotaFiscalDAO.java:100)
	at br.com.FuriniSolutions.dao.ItemNotaDAO.findAllWithIDNota(ItemNotaDAO.java:190)
	at br.com.FuriniSolutions.dao.NotaFiscalDAO.retrive(NotaFiscalDAO.java:100)
	at br.com.FuriniSolutions.dao.ItemNotaDAO.findAllWithIDNota(ItemNotaDAO.java:190)
	at br.com.FuriniSolutions.dao.NotaFiscalDAO.retrive(NotaFiscalDAO.java:100)
	at br.com.FuriniSolutions.dao.ItemNotaDAO.findAllWithIDNota(ItemNotaDAO.java:190)
	at br.com.FuriniSolutions.dao.NotaFiscalDAO.retrive(NotaFiscalDAO.java:100)
	at br.com.FuriniSolutions.dao.ItemNotaDAO.findAllWithIDNota(ItemNotaDAO.java:190)
	at br.com.FuriniSolutions.dao.NotaFiscalDAO.retrive(NotaFiscalDAO.java:100)
	at br.com.FuriniSolutions.dao.ItemNotaDAO.findAllWithIDNota(ItemNotaDAO.java:190)
	at br.com.FuriniSolutions.dao.NotaFiscalDAO.retrive(NotaFiscalDAO.java:100)
	at br.com.FuriniSolutions.dao.ItemNotaDAO.findAllWithIDNota(ItemNotaDAO.java:190)
	at br.com.FuriniSolutions.dao.NotaFiscalDAO.retrive(NotaFiscalDAO.java:100)
	at br.com.FuriniSolutions.dao.ItemNotaDAO.findAllWithIDNota(ItemNotaDAO.java:190)
	at br.com.FuriniSolutions.dao.NotaFiscalDAO.retrive(NotaFiscalDAO.java:100)
	at br.com.FuriniSolutions.dao.ItemNotaDAO.findAllWithIDNota(ItemNotaDAO.java:190)
	at br.com.FuriniSolutions.dao.NotaFiscalDAO.retrive(NotaFiscalDAO.java:100)
	at br.com.FuriniSolutions.dao.ItemNotaDAO.findAllWithIDNota(ItemNotaDAO.java:190)
	at br.com.FuriniSolutions.dao.NotaFiscalDAO.retrive(NotaFiscalDAO.java:100)
	at br.com.FuriniSolutions.dao.ItemNotaDAO.findAllWithIDNota(ItemNotaDAO.java:190)
	at br.com.FuriniSolutions.dao.NotaFiscalDAO.retrive(NotaFiscalDAO.java:100)
	at br.com.FuriniSolutions.dao.ItemNotaDAO.findAllWithIDNota(ItemNotaDAO.java:190)
	at br.com.FuriniSolutions.dao.NotaFiscalDAO.retrive(NotaFiscalDAO.java:100)
	at br.com.FuriniSolutions.dao.ItemNotaDAO.findAllWithIDNota(ItemNotaDAO.java:190)
	at br.com.FuriniSolutions.dao.NotaFiscalDAO.retrive(NotaFiscalDAO.java:100)
	at br.com.FuriniSolutions.dao.ItemNotaDAO.findAllWithIDNota(ItemNotaDAO.java:190)
	at br.com.FuriniSolutions.dao.NotaFiscalDAO.retrive(NotaFiscalDAO.java:100)
	at br.com.FuriniSolutions.dao.ItemNotaDAO.findAllWithIDNota(ItemNotaDAO.java:190)
	at br.com.FuriniSolutions.dao.NotaFiscalDAO.retrive(NotaFiscalDAO.java:100)
	at br.com.FuriniSolutions.dao.ItemNotaDAO.findAllWithIDNota(ItemNotaDAO.java:190)
	at br.com.FuriniSolutions.dao.NotaFiscalDAO.retrive(NotaFiscalDAO.java:100)
	at br.com.FuriniSolutions.dao.ItemNotaDAO.findAllWithIDNota(ItemNotaDAO.java:190)
	at br.com.FuriniSolutions.dao.NotaFiscalDAO.retrive(NotaFiscalDAO.java:100)
	at br.com.FuriniSolutions.dao.ItemNotaDAO.findAllWithIDNota(ItemNotaDAO.java:190)
	at br.com.FuriniSolutions.dao.NotaFiscalDAO.retrive(NotaFiscalDAO.java:100)
	at br.com.FuriniSolutions.dao.ItemNotaDAO.findAllWithIDNota(ItemNotaDAO.java:190)
	at br.com.FuriniSolutions.dao.NotaFiscalDAO.retrive(NotaFiscalDAO.java:100)
	at br.com.FuriniSolutions.dao.ItemNotaDAO.findAllWithIDNota(ItemNotaDAO.java:190)
	at br.com.FuriniSolutions.dao.NotaFiscalDAO.retrive(NotaFiscalDAO.java:100)
	at br.com.FuriniSolutions.dao.ItemNotaDAO.findAllWithIDNota(ItemNotaDAO.java:190)
	at br.com.FuriniSolutions.dao.NotaFiscalDAO.retrive(NotaFiscalDAO.java:100)
	at br.com.FuriniSolutions.dao.ItemNotaDAO.findAllWithIDNota(ItemNotaDAO.java:190)
	at br.com.FuriniSolutions.dao.NotaFiscalDAO.retrive(NotaFiscalDAO.java:100)
	at br.com.FuriniSolutions.dao.ItemNotaDAO.findAllWithIDNota(ItemNotaDAO.java:190)
	at br.com.FuriniSolutions.dao.NotaFiscalDAO.retrive(NotaFiscalDAO.java:100)
	at br.com.FuriniSolutions.dao.ItemNotaDAO.findAllWithIDNota(ItemNotaDAO.java:190)
	at br.com.FuriniSolutions.dao.NotaFiscalDAO.retrive(NotaFiscalDAO.java:100)
	at br.com.FuriniSolutions.dao.ItemNotaDAO.findAllWithIDNota(ItemNotaDAO.java:190)
	at br.com.FuriniSolutions.dao.NotaFiscalDAO.retrive(NotaFiscalDAO.java:100)
	at br.com.FuriniSolutions.dao.ItemNotaDAO.findAllWithIDNota(ItemNotaDAO.java:190)
	at br.com.FuriniSolutions.dao.NotaFiscalDAO.retrive(NotaFiscalDAO.java:100)
	at br.com.FuriniSolutions.dao.ItemNotaDAO.findAllWithIDNota(ItemNotaDAO.java:190)
	at br.com.FuriniSolutions.dao.NotaFiscalDAO.retrive(NotaFiscalDAO.java:100)
	at br.com.FuriniSolutions.dao.ItemNotaDAO.findAllWithIDNota(ItemNotaDAO.java:190)
	at br.com.FuriniSolutions.dao.NotaFiscalDAO.retrive(NotaFiscalDAO.java:100)
	at br.com.FuriniSolutions.dao.ItemNotaDAO.findAllWithIDNota(ItemNotaDAO.java:190)
	at br.com.FuriniSolutions.dao.NotaFiscalDAO.retrive(NotaFiscalDAO.java:100)
	at br.com.FuriniSolutions.dao.ItemNotaDAO.findAllWithIDNota(ItemNotaDAO.java:190)
	at br.com.FuriniSolutions.dao.NotaFiscalDAO.retrive(NotaFiscalDAO.java:100)
	at br.com.FuriniSolutions.dao.ItemNotaDAO.findAllWithIDNota(ItemNotaDAO.java:190)
	at br.com.FuriniSolutions.dao.NotaFiscalDAO.retrive(NotaFiscalDAO.java:100)
	at br.com.FuriniSolutions.dao.ItemNotaDAO.findAllWithIDNota(ItemNotaDAO.java:190)
	at br.com.FuriniSolutions.dao.NotaFiscalDAO.retrive(NotaFiscalDAO.java:100)
	at br.com.FuriniSolutions.dao.ItemNotaDAO.findAllWithIDNota(ItemNotaDAO.java:190)
	at br.com.FuriniSolutions.dao.NotaFiscalDAO.retrive(NotaFiscalDAO.java:100)
	at br.com.FuriniSolutions.dao.ItemNotaDAO.findAllWithIDNota(ItemNotaDAO.java:190)
	at br.com.FuriniSolutions.dao.NotaFiscalDAO.retrive(NotaFiscalDAO.java:100)
	at br.com.FuriniSolutions.dao.ItemNotaDAO.findAllWithIDNota(ItemNotaDAO.java:190)
	at br.com.FuriniSolutions.dao.NotaFiscalDAO.retrive(NotaFiscalDAO.java:100)
	at br.com.FuriniSolutions.dao.ItemNotaDAO.findAllWithIDNota(ItemNotaDAO.java:190)
	at br.com.FuriniSolutions.dao.NotaFiscalDAO.retrive(NotaFiscalDAO.java:100)
	at br.com.FuriniSolutions.dao.ItemNotaDAO.findAllWithIDNota(ItemNotaDAO.java:190)
	at br.com.FuriniSolutions.dao.NotaFiscalDAO.retrive(NotaFiscalDAO.java:100)
	at br.com.FuriniSolutions.dao.ItemNotaDAO.findAllWithIDNota(ItemNotaDAO.java:190)
	at br.com.FuriniSolutions.dao.NotaFiscalDAO.retrive(NotaFiscalDAO.java:100)
	at br.com.FuriniSolutions.dao.ItemNotaDAO.findAllWithIDNota(ItemNotaDAO.java:190)
	at br.com.FuriniSolutions.dao.NotaFiscalDAO.retrive(NotaFiscalDAO.java:100)
	at br.com.FuriniSolutions.dao.ItemNotaDAO.findAllWithIDNota(ItemNotaDAO.java:190)
	at br.com.FuriniSolutions.dao.NotaFiscalDAO.retrive(NotaFiscalDAO.java:100)
	at br.com.FuriniSolutions.dao.ItemNotaDAO.findAllWithIDNota(ItemNotaDAO.java:190)
	at br.com.FuriniSolutions.dao.NotaFiscalDAO.retrive(NotaFiscalDAO.java:100)
	at br.com.FuriniSolutions.dao.ItemNotaDAO.findAllWithIDNota(ItemNotaDAO.java:190)
	at br.com.FuriniSolutions.dao.NotaFiscalDAO.retrive(NotaFiscalDAO.java:100)
	at br.com.FuriniSolutions.dao.ItemNotaDAO.findAllWithIDNota(ItemNotaDAO.java:190)
	at br.com.FuriniSolutions.dao.NotaFiscalDAO.retrive(NotaFiscalDAO.java:100)
	at br.com.FuriniSolutions.dao.ItemNotaDAO.findAllWithIDNota(ItemNotaDAO.java:190)
	at br.com.FuriniSolutions.dao.NotaFiscalDAO.retrive(NotaFiscalDAO.java:100)
	at br.com.FuriniSolutions.dao.ItemNotaDAO.findAllWithIDNota(ItemNotaDAO.java:190)
	at br.com.FuriniSolutions.dao.NotaFiscalDAO.retrive(NotaFiscalDAO.java:100)
	at br.com.FuriniSolutions.dao.ItemNotaDAO.findAllWithIDNota(ItemNotaDAO.java:190)
	at br.com.FuriniSolutions.dao.NotaFiscalDAO.retrive(NotaFiscalDAO.java:100)
	at br.com.FuriniSolutions.dao.ItemNotaDAO.findAllWithIDNota(ItemNotaDAO.java:190)
	at br.com.FuriniSolutions.dao.NotaFiscalDAO.retrive(NotaFiscalDAO.java:100)
	at br.com.FuriniSolutions.dao.ItemNotaDAO.findAllWithIDNota(ItemNotaDAO.java:190)
	at br.com.FuriniSolutions.dao.NotaFiscalDAO.retrive(NotaFiscalDAO.java:100)
	at br.com.FuriniSolutions.dao.ItemNotaDAO.findAllWithIDNota(ItemNotaDAO.java:190)
	at br.com.FuriniSolutions.dao.NotaFiscalDAO.retrive(NotaFiscalDAO.java:100)
	at br.com.FuriniSolutions.dao.ItemNotaDAO.findAllWithIDNota(ItemNotaDAO.java:190)
	at br.com.FuriniSolutions.dao.NotaFiscalDAO.retrive(NotaFiscalDAO.java:100)
	at br.com.FuriniSolutions.dao.ItemNotaDAO.findAllWithIDNota(ItemNotaDAO.java:190)
	at br.com.FuriniSolutions.dao.NotaFiscalDAO.retrive(NotaFiscalDAO.java:100)
	at br.com.FuriniSolutions.dao.ItemNotaDAO.findAllWithIDNota(ItemNotaDAO.java:190)
	at br.com.FuriniSolutions.dao.NotaFiscalDAO.retrive(NotaFiscalDAO.java:100)
	at br.com.FuriniSolutions.dao.ItemNotaDAO.findAllWithIDNota(ItemNotaDAO.java:190)
	at br.com.FuriniSolutions.dao.NotaFiscalDAO.retrive(NotaFiscalDAO.java:100)
	at br.com.FuriniSolutions.dao.ItemNotaDAO.findAllWithIDNota(ItemNotaDAO.java:190)
	at br.com.FuriniSolutions.dao.NotaFiscalDAO.retrive(NotaFiscalDAO.java:100)
	at br.com.FuriniSolutions.dao.ItemNotaDAO.findAllWithIDNota(ItemNotaDAO.java:190)
	at br.com.FuriniSolutions.dao.NotaFiscalDAO.retrive(NotaFiscalDAO.java:100)
	at br.com.FuriniSolutions.dao.ItemNotaDAO.findAllWithIDNota(ItemNotaDAO.java:190)
	at br.com.FuriniSolutions.dao.NotaFiscalDAO.retrive(NotaFiscalDAO.java:100)
	at br.com.FuriniSolutions.dao.ItemNotaDAO.findAllWithIDNota(ItemNotaDAO.java:190)
	at br.com.FuriniSolutions.dao.NotaFiscalDAO.retrive(NotaFiscalDAO.java:100)
	at br.com.FuriniSolutions.dao.ItemNotaDAO.findAllWithIDNota(ItemNotaDAO.java:190)
	at br.com.FuriniSolutions.dao.NotaFiscalDAO.retrive(NotaFiscalDAO.java:100)
	at br.com.FuriniSolutions.dao.ItemNotaDAO.findAllWithIDNota(ItemNotaDAO.java:190)
	at br.com.FuriniSolutions.dao.NotaFiscalDAO.retrive(NotaFiscalDAO.java:100)
	at br.com.FuriniSolutions.dao.ItemNotaDAO.findAllWithIDNota(ItemNotaDAO.java:190)
	at br.com.FuriniSolutions.dao.NotaFiscalDAO.retrive(NotaFiscalDAO.java:100)
	at br.com.FuriniSolutions.dao.ItemNotaDAO.findAllWithIDNota(ItemNotaDAO.java:190)
	at br.com.FuriniSolutions.dao.NotaFiscalDAO.retrive(NotaFiscalDAO.java:100)
	at br.com.FuriniSolutions.dao.ItemNotaDAO.findAll(ItemNotaDAO.java:151)
	at br.com.FuriniSolutions.dao.ItemNotaDAOIT.testFindAll(ItemNotaDAOIT.java:211)
	at java.base/jdk.internal.reflect.DirectMethodHandleAccessor.invoke(DirectMethodHandleAccessor.java:104)
	at java.base/java.lang.reflect.Method.invoke(Method.java:577)
	at org.junit.platform.commons.util.ReflectionUtils.invokeMethod(ReflectionUtils.java:727)
	at org.junit.jupiter.engine.execution.MethodInvocation.proceed(MethodInvocation.java:60)
	at org.junit.jupiter.engine.execution.InvocationInterceptorChain$ValidatingInvocation.proceed(InvocationInterceptorChain.java:131)
	at org.junit.jupiter.engine.extension.TimeoutExtension.intercept(TimeoutExtension.java:156)
	at org.junit.jupiter.engine.extension.TimeoutExtension.interceptTestableMethod(TimeoutExtension.java:147)
	at org.junit.jupiter.engine.extension.TimeoutExtension.interceptTestMethod(TimeoutExtension.java:86)
	at org.junit.jupiter.engine.execution.InterceptingExecutableInvoker$ReflectiveInterceptorCall.lambda$ofVoidMethod$0(InterceptingExecutableInvoker.java:103)
	at org.junit.jupiter.engine.execution.InterceptingExecutableInvoker.lambda$invoke$0(InterceptingExecutableInvoker.java:93)
	at org.junit.jupiter.engine.execution.InvocationInterceptorChain$InterceptedInvocation.proceed(InvocationInterceptorChain.java:106)
	at org.junit.jupiter.engine.execution.InvocationInterceptorChain.proceed(InvocationInterceptorChain.java:64)
	at org.junit.jupiter.engine.execution.InvocationInterceptorChain.chainAndInvoke(InvocationInterceptorChain.java:45)
	at org.junit.jupiter.engine.execution.InvocationInterceptorChain.invoke(InvocationInterceptorChain.java:37)
	at org.junit.jupiter.engine.execution.InterceptingExecutableInvoker.invoke(InterceptingExecutableInvoker.java:92)
	at org.junit.jupiter.engine.execution.InterceptingExecutableInvoker.invoke(InterceptingExecutableInvoker.java:86)
	at org.junit.jupiter.engine.descriptor.TestMethodTestDescriptor.lambda$invokeTestMethod$7(TestMethodTestDescriptor.java:217)
	at org.junit.platform.engine.support.hierarchical.ThrowableCollector.execute(ThrowableCollector.java:73)
	at org.junit.jupiter.engine.descriptor.TestMethodTestDescriptor.invokeTestMethod(TestMethodTestDescriptor.java:213)
	at org.junit.jupiter.engine.descriptor.TestMethodTestDescriptor.execute(TestMethodTestDescriptor.java:138)
	at org.junit.jupiter.engine.descriptor.TestMethodTestDescriptor.execute(TestMethodTestDescriptor.java:68)
	at org.junit.platform.engine.support.hierarchical.NodeTestTask.lambda$executeRecursively$6(NodeTestTask.java:151)
	at org.junit.platform.engine.support.hierarchical.ThrowableCollector.execute(ThrowableCollector.java:73)
	at org.junit.platform.engine.support.hierarchical.NodeTestTask.lambda$executeRecursively$8(NodeTestTask.java:141)
	at org.junit.platform.engine.support.hierarchical.Node.around(Node.java:137)
	at org.junit.platform.engine.support.hierarchical.NodeTestTask.lambda$executeRecursively$9(NodeTestTask.java:139)
	at org.junit.platform.engine.support.hierarchical.ThrowableCollector.execute(ThrowableCollector.java:73)
	at org.junit.platform.engine.support.hierarchical.NodeTestTask.executeRecursively(NodeTestTask.java:138)
	at org.junit.platform.engine.support.hierarchical.NodeTestTask.execute(NodeTestTask.java:95)
	at java.base/java.util.ArrayList.forEach(ArrayList.java:1511)
	at org.junit.platform.engine.support.hierarchical.SameThreadHierarchicalTestExecutorService.invokeAll(SameThreadHierarchicalTestExecutorService.java:41)
	at org.junit.platform.engine.support.hierarchical.NodeTestTask.lambda$executeRecursively$6(NodeTestTask.java:155)
	at org.junit.platform.engine.support.hierarchical.ThrowableCollector.execute(ThrowableCollector.java:73)
	at org.junit.platform.engine.support.hierarchical.NodeTestTask.lambda$executeRecursively$8(NodeTestTask.java:141)
	at org.junit.platform.engine.support.hierarchical.Node.around(Node.java:137)
	at org.junit.platform.engine.support.hierarchical.NodeTestTask.lambda$executeRecursively$9(NodeTestTask.java:139)
	at org.junit.platform.engine.support.hierarchical.ThrowableCollector.execute(ThrowableCollector.java:73)
	at org.junit.platform.engine.support.hierarchical.NodeTestTask.executeRecursively(NodeTestTask.java:138)
	at org.junit.platform.engine.support.hierarchical.NodeTestTask.execute(NodeTestTask.java:95)
	at java.base/java.util.ArrayList.forEach(ArrayList.java:1511)
	at org.junit.platform.engine.support.hierarchical.SameThreadHierarchicalTestExecutorService.invokeAll(SameThreadHierarchicalTestExecutorService.java:41)
	at org.junit.platform.engine.support.hierarchical.NodeTestTask.lambda$executeRecursively$6(NodeTestTask.java:155)
	at org.junit.platform.engine.support.hierarchical.ThrowableCollector.execute(ThrowableCollector.java:73)
	at org.junit.platform.engine.support.hierarchical.NodeTestTask.lambda$executeRecursively$8(NodeTestTask.java:141)
	at org.junit.platform.engine.support.hierarchical.Node.around(Node.java:137)
	at org.junit.platform.engine.support.hierarchical.NodeTestTask.lambda$executeRecursively$9(NodeTestTask.java:139)
	at org.junit.platform.engine.support.hierarchical.ThrowableCollector.execute(ThrowableCollector.java:73)
	at org.junit.platform.engine.support.hierarchical.NodeTestTask.executeRecursively(NodeTestTask.java:138)
	at org.junit.platform.engine.support.hierarchical.NodeTestTask.execute(NodeTestTask.java:95)
	at org.junit.platform.engine.support.hierarchical.SameThreadHierarchicalTestExecutorService.submit(SameThreadHierarchicalTestExecutorService.java:35)
	at org.junit.platform.engine.support.hierarchical.HierarchicalTestExecutor.execute(HierarchicalTestExecutor.java:57)
	at org.junit.platform.engine.support.hierarchical.HierarchicalTestEngine.execute(HierarchicalTestEngine.java:54)
	at org.junit.platform.launcher.core.EngineExecutionOrchestrator.execute(EngineExecutionOrchestrator.java:147)
	at org.junit.platform.launcher.core.EngineExecutionOrchestrator.execute(EngineExecutionOrchestrator.java:127)
	at org.junit.platform.launcher.core.EngineExecutionOrchestrator.execute(EngineExecutionOrchestrator.java:90)
	at org.junit.platform.launcher.core.EngineExecutionOrchestrator.lambda$execute$0(EngineExecutionOrchestrator.java:55)
	at org.junit.platform.launcher.core.EngineExecutionOrchestrator.withInterceptedStreams(EngineExecutionOrchestrator.java:102)
	at org.junit.platform.launcher.core.EngineExecutionOrchestrator.execute(EngineExecutionOrchestrator.java:54)
	at org.junit.platform.launcher.core.DefaultLauncher.execute(DefaultLauncher.java:114)
	at org.junit.platform.launcher.core.DefaultLauncher.execute(DefaultLauncher.java:86)
	at org.junit.platform.launcher.core.DefaultLauncherSession$DelegatingLauncher.execute(DefaultLauncherSession.java:86)
	at org.junit.platform.launcher.core.SessionPerRequestLauncher.execute(SessionPerRequestLauncher.java:53)
	at org.apache.maven.surefire.junitplatform.JUnitPlatformProvider.execute(JUnitPlatformProvider.java:188)
	at org.apache.maven.surefire.junitplatform.JUnitPlatformProvider.invokeAllTests(JUnitPlatformProvider.java:154)
	at org.apache.maven.surefire.junitplatform.JUnitPlatformProvider.invoke(JUnitPlatformProvider.java:128)
	at org.apache.maven.surefire.booter.ForkedBooter.runSuitesInProcess(ForkedBooter.java:428)
	at org.apache.maven.surefire.booter.ForkedBooter.execute(ForkedBooter.java:162)
	at org.apache.maven.surefire.booter.ForkedBooter.run(ForkedBooter.java:562)
	at org.apache.maven.surefire.booter.ForkedBooter.main(ForkedBooter.java:548)
Erro ao buscar ItemNotas com IDNota: Cannot invoke "java.sql.Connection.prepareStatement(String)" because "connection" is null
java.lang.NullPointerException: Cannot invoke "java.sql.Connection.prepareStatement(String)" because "connection" is null
	at br.com.FuriniSolutions.dao.ItemNotaDAO.findAllWithIDNota(ItemNotaDAO.java:173)
	at br.com.FuriniSolutions.dao.NotaFiscalDAO.retrive(NotaFiscalDAO.java:100)
	at br.com.FuriniSolutions.dao.ItemNotaDAO.findAllWithIDNota(ItemNotaDAO.java:190)
	at br.com.FuriniSolutions.dao.NotaFiscalDAO.retrive(NotaFiscalDAO.java:100)
	at br.com.FuriniSolutions.dao.ItemNotaDAO.findAllWithIDNota(ItemNotaDAO.java:190)
	at br.com.FuriniSolutions.dao.NotaFiscalDAO.retrive(NotaFiscalDAO.java:100)
	at br.com.FuriniSolutions.dao.ItemNotaDAO.findAllWithIDNota(ItemNotaDAO.java:190)
	at br.com.FuriniSolutions.dao.NotaFiscalDAO.retrive(NotaFiscalDAO.java:100)
	at br.com.FuriniSolutions.dao.ItemNotaDAO.findAllWithIDNota(ItemNotaDAO.java:190)
	at br.com.FuriniSolutions.dao.NotaFiscalDAO.retrive(NotaFiscalDAO.java:100)
	at br.com.FuriniSolutions.dao.ItemNotaDAO.findAllWithIDNota(ItemNotaDAO.java:190)
	at br.com.FuriniSolutions.dao.NotaFiscalDAO.retrive(NotaFiscalDAO.java:100)
	at br.com.FuriniSolutions.dao.ItemNotaDAO.findAllWithIDNota(ItemNotaDAO.java:190)
	at br.com.FuriniSolutions.dao.NotaFiscalDAO.retrive(NotaFiscalDAO.java:100)
	at br.com.FuriniSolutions.dao.ItemNotaDAO.findAllWithIDNota(ItemNotaDAO.java:190)
	at br.com.FuriniSolutions.dao.NotaFiscalDAO.retrive(NotaFiscalDAO.java:100)
	at br.com.FuriniSolutions.dao.ItemNotaDAO.findAllWithIDNota(ItemNotaDAO.java:190)
	at br.com.FuriniSolutions.dao.NotaFiscalDAO.retrive(NotaFiscalDAO.java:100)
	at br.com.FuriniSolutions.dao.ItemNotaDAO.findAllWithIDNota(ItemNotaDAO.java:190)
	at br.com.FuriniSolutions.dao.NotaFiscalDAO.retrive(NotaFiscalDAO.java:100)
	at br.com.FuriniSolutions.dao.ItemNotaDAO.findAllWithIDNota(ItemNotaDAO.java:190)
	at br.com.FuriniSolutions.dao.NotaFiscalDAO.retrive(NotaFiscalDAO.java:100)
	at br.com.FuriniSolutions.dao.ItemNotaDAO.findAllWithIDNota(ItemNotaDAO.java:190)
	at br.com.FuriniSolutions.dao.NotaFiscalDAO.retrive(NotaFiscalDAO.java:100)
	at br.com.FuriniSolutions.dao.ItemNotaDAO.findAllWithIDNota(ItemNotaDAO.java:190)
	at br.com.FuriniSolutions.dao.NotaFiscalDAO.retrive(NotaFiscalDAO.java:100)
	at br.com.FuriniSolutions.dao.ItemNotaDAO.findAllWithIDNota(ItemNotaDAO.java:190)
	at br.com.FuriniSolutions.dao.NotaFiscalDAO.retrive(NotaFiscalDAO.java:100)
	at br.com.FuriniSolutions.dao.ItemNotaDAO.findAllWithIDNota(ItemNotaDAO.java:190)
	at br.com.FuriniSolutions.dao.NotaFiscalDAO.retrive(NotaFiscalDAO.java:100)
	at br.com.FuriniSolutions.dao.ItemNotaDAO.findAllWithIDNota(ItemNotaDAO.java:190)
	at br.com.FuriniSolutions.dao.NotaFiscalDAO.retrive(NotaFiscalDAO.java:100)
	at br.com.FuriniSolutions.dao.ItemNotaDAO.findAllWithIDNota(ItemNotaDAO.java:190)
	at br.com.FuriniSolutions.dao.NotaFiscalDAO.retrive(NotaFiscalDAO.java:100)
	at br.com.FuriniSolutions.dao.ItemNotaDAO.findAllWithIDNota(ItemNotaDAO.java:190)
	at br.com.FuriniSolutions.dao.NotaFiscalDAO.retrive(NotaFiscalDAO.java:100)
	at br.com.FuriniSolutions.dao.ItemNotaDAO.findAllWithIDNota(ItemNotaDAO.java:190)
	at br.com.FuriniSolutions.dao.NotaFiscalDAO.retrive(NotaFiscalDAO.java:100)
	at br.com.FuriniSolutions.dao.ItemNotaDAO.findAllWithIDNota(ItemNotaDAO.java:190)
	at br.com.FuriniSolutions.dao.NotaFiscalDAO.retrive(NotaFiscalDAO.java:100)
	at br.com.FuriniSolutions.dao.ItemNotaDAO.findAllWithIDNota(ItemNotaDAO.java:190)
	at br.com.FuriniSolutions.dao.NotaFiscalDAO.retrive(NotaFiscalDAO.java:100)
	at br.com.FuriniSolutions.dao.ItemNotaDAO.findAllWithIDNota(ItemNotaDAO.java:190)
	at br.com.FuriniSolutions.dao.NotaFiscalDAO.retrive(NotaFiscalDAO.java:100)
	at br.com.FuriniSolutions.dao.ItemNotaDAO.findAllWithIDNota(ItemNotaDAO.java:190)
	at br.com.FuriniSolutions.dao.NotaFiscalDAO.retrive(NotaFiscalDAO.java:100)
	at br.com.FuriniSolutions.dao.ItemNotaDAO.findAllWithIDNota(ItemNotaDAO.java:190)
	at br.com.FuriniSolutions.dao.NotaFiscalDAO.retrive(NotaFiscalDAO.java:100)
	at br.com.FuriniSolutions.dao.ItemNotaDAO.findAllWithIDNota(ItemNotaDAO.java:190)
	at br.com.FuriniSolutions.dao.NotaFiscalDAO.retrive(NotaFiscalDAO.java:100)
	at br.com.FuriniSolutions.dao.ItemNotaDAO.findAllWithIDNota(ItemNotaDAO.java:190)
	at br.com.FuriniSolutions.dao.NotaFiscalDAO.retrive(NotaFiscalDAO.java:100)
	at br.com.FuriniSolutions.dao.ItemNotaDAO.findAllWithIDNota(ItemNotaDAO.java:190)
	at br.com.FuriniSolutions.dao.NotaFiscalDAO.retrive(NotaFiscalDAO.java:100)
	at br.com.FuriniSolutions.dao.ItemNotaDAO.findAllWithIDNota(ItemNotaDAO.java:190)
	at br.com.FuriniSolutions.dao.NotaFiscalDAO.retrive(NotaFiscalDAO.java:100)
	at br.com.FuriniSolutions.dao.ItemNotaDAO.findAllWithIDNota(ItemNotaDAO.java:190)
	at br.com.FuriniSolutions.dao.NotaFiscalDAO.retrive(NotaFiscalDAO.java:100)
	at br.com.FuriniSolutions.dao.ItemNotaDAO.findAllWithIDNota(ItemNotaDAO.java:190)
	at br.com.FuriniSolutions.dao.NotaFiscalDAO.retrive(NotaFiscalDAO.java:100)
	at br.com.FuriniSolutions.dao.ItemNotaDAO.findAllWithIDNota(ItemNotaDAO.java:190)
	at br.com.FuriniSolutions.dao.NotaFiscalDAO.retrive(NotaFiscalDAO.java:100)
	at br.com.FuriniSolutions.dao.ItemNotaDAO.findAllWithIDNota(ItemNotaDAO.java:190)
	at br.com.FuriniSolutions.dao.NotaFiscalDAO.retrive(NotaFiscalDAO.java:100)
	at br.com.FuriniSolutions.dao.ItemNotaDAO.findAllWithIDNota(ItemNotaDAO.java:190)
	at br.com.FuriniSolutions.dao.NotaFiscalDAO.retrive(NotaFiscalDAO.java:100)
	at br.com.FuriniSolutions.dao.ItemNotaDAO.findAllWithIDNota(ItemNotaDAO.java:190)
	at br.com.FuriniSolutions.dao.NotaFiscalDAO.retrive(NotaFiscalDAO.java:100)
	at br.com.FuriniSolutions.dao.ItemNotaDAO.findAllWithIDNota(ItemNotaDAO.java:190)
	at br.com.FuriniSolutions.dao.NotaFiscalDAO.retrive(NotaFiscalDAO.java:100)
	at br.com.FuriniSolutions.dao.ItemNotaDAO.findAllWithIDNota(ItemNotaDAO.java:190)
	at br.com.FuriniSolutions.dao.NotaFiscalDAO.retrive(NotaFiscalDAO.java:100)
	at br.com.FuriniSolutions.dao.ItemNotaDAO.findAllWithIDNota(ItemNotaDAO.java:190)
	at br.com.FuriniSolutions.dao.NotaFiscalDAO.retrive(NotaFiscalDAO.java:100)
	at br.com.FuriniSolutions.dao.ItemNotaDAO.findAllWithIDNota(ItemNotaDAO.java:190)
	at br.com.FuriniSolutions.dao.NotaFiscalDAO.retrive(NotaFiscalDAO.java:100)
	at br.com.FuriniSolutions.dao.ItemNotaDAO.findAllWithIDNota(ItemNotaDAO.java:190)
	at br.com.FuriniSolutions.dao.NotaFiscalDAO.retrive(NotaFiscalDAO.java:100)
	at br.com.FuriniSolutions.dao.ItemNotaDAO.findAllWithIDNota(ItemNotaDAO.java:190)
	at br.com.FuriniSolutions.dao.NotaFiscalDAO.retrive(NotaFiscalDAO.java:100)
	at br.com.FuriniSolutions.dao.ItemNotaDAO.findAllWithIDNota(ItemNotaDAO.java:190)
	at br.com.FuriniSolutions.dao.NotaFiscalDAO.retrive(NotaFiscalDAO.java:100)
	at br.com.FuriniSolutions.dao.ItemNotaDAO.findAllWithIDNota(ItemNotaDAO.java:190)
	at br.com.FuriniSolutions.dao.NotaFiscalDAO.retrive(NotaFiscalDAO.java:100)
	at br.com.FuriniSolutions.dao.ItemNotaDAO.findAllWithIDNota(ItemNotaDAO.java:190)
	at br.com.FuriniSolutions.dao.NotaFiscalDAO.retrive(NotaFiscalDAO.java:100)
	at br.com.FuriniSolutions.dao.ItemNotaDAO.findAllWithIDNota(ItemNotaDAO.java:190)
	at br.com.FuriniSolutions.dao.NotaFiscalDAO.retrive(NotaFiscalDAO.java:100)
	at br.com.FuriniSolutions.dao.ItemNotaDAO.findAllWithIDNota(ItemNotaDAO.java:190)
	at br.com.FuriniSolutions.dao.NotaFiscalDAO.retrive(NotaFiscalDAO.java:100)
	at br.com.FuriniSolutions.dao.ItemNotaDAO.findAllWithIDNota(ItemNotaDAO.java:190)
	at br.com.FuriniSolutions.dao.NotaFiscalDAO.retrive(NotaFiscalDAO.java:100)
	at br.com.FuriniSolutions.dao.ItemNotaDAO.findAllWithIDNota(ItemNotaDAO.java:190)
	at br.com.FuriniSolutions.dao.NotaFiscalDAO.retrive(NotaFiscalDAO.java:100)
	at br.com.FuriniSolutions.dao.ItemNotaDAO.findAllWithIDNota(ItemNotaDAO.java:190)
	at br.com.FuriniSolutions.dao.NotaFiscalDAO.retrive(NotaFiscalDAO.java:100)
	at br.com.FuriniSolutions.dao.ItemNotaDAO.findAllWithIDNota(ItemNotaDAO.java:190)
	at br.com.FuriniSolutions.dao.NotaFiscalDAO.retrive(NotaFiscalDAO.java:100)
	at br.com.FuriniSolutions.dao.ItemNotaDAO.findAllWithIDNota(ItemNotaDAO.java:190)
	at br.com.FuriniSolutions.dao.NotaFiscalDAO.retrive(NotaFiscalDAO.java:100)
	at br.com.FuriniSolutions.dao.ItemNotaDAO.findAllWithIDNota(ItemNotaDAO.java:190)
	at br.com.FuriniSolutions.dao.NotaFiscalDAO.retrive(NotaFiscalDAO.java:100)
	at br.com.FuriniSolutions.dao.ItemNotaDAO.findAllWithIDNota(ItemNotaDAO.java:190)
	at br.com.FuriniSolutions.dao.NotaFiscalDAO.retrive(NotaFiscalDAO.java:100)
	at br.com.FuriniSolutions.dao.ItemNotaDAO.findAllWithIDNota(ItemNotaDAO.java:190)
	at br.com.FuriniSolutions.dao.NotaFiscalDAO.retrive(NotaFiscalDAO.java:100)
	at br.com.FuriniSolutions.dao.ItemNotaDAO.findAllWithIDNota(ItemNotaDAO.java:190)
	at br.com.FuriniSolutions.dao.NotaFiscalDAO.retrive(NotaFiscalDAO.java:100)
	at br.com.FuriniSolutions.dao.ItemNotaDAO.findAllWithIDNota(ItemNotaDAO.java:190)
	at br.com.FuriniSolutions.dao.NotaFiscalDAO.retrive(NotaFiscalDAO.java:100)
	at br.com.FuriniSolutions.dao.ItemNotaDAO.findAllWithIDNota(ItemNotaDAO.java:190)
	at br.com.FuriniSolutions.dao.NotaFiscalDAO.retrive(NotaFiscalDAO.java:100)
	at br.com.FuriniSolutions.dao.ItemNotaDAO.findAllWithIDNota(ItemNotaDAO.java:190)
	at br.com.FuriniSolutions.dao.NotaFiscalDAO.retrive(NotaFiscalDAO.java:100)
	at br.com.FuriniSolutions.dao.ItemNotaDAO.findAllWithIDNota(ItemNotaDAO.java:190)
	at br.com.FuriniSolutions.dao.NotaFiscalDAO.retrive(NotaFiscalDAO.java:100)
	at br.com.FuriniSolutions.dao.ItemNotaDAO.findAllWithIDNota(ItemNotaDAO.java:190)
	at br.com.FuriniSolutions.dao.NotaFiscalDAO.retrive(NotaFiscalDAO.java:100)
	at br.com.FuriniSolutions.dao.ItemNotaDAO.findAllWithIDNota(ItemNotaDAO.java:190)
	at br.com.FuriniSolutions.dao.NotaFiscalDAO.retrive(NotaFiscalDAO.java:100)
	at br.com.FuriniSolutions.dao.ItemNotaDAO.findAllWithIDNota(ItemNotaDAO.java:190)
	at br.com.FuriniSolutions.dao.NotaFiscalDAO.retrive(NotaFiscalDAO.java:100)
	at br.com.FuriniSolutions.dao.ItemNotaDAO.findAllWithIDNota(ItemNotaDAO.java:190)
	at br.com.FuriniSolutions.dao.NotaFiscalDAO.retrive(NotaFiscalDAO.java:100)
	at br.com.FuriniSolutions.dao.ItemNotaDAO.findAllWithIDNota(ItemNotaDAO.java:190)
	at br.com.FuriniSolutions.dao.NotaFiscalDAO.retrive(NotaFiscalDAO.java:100)
	at br.com.FuriniSolutions.dao.ItemNotaDAO.findAllWithIDNota(ItemNotaDAO.java:190)
	at br.com.FuriniSolutions.dao.NotaFiscalDAO.retrive(NotaFiscalDAO.java:100)
	at br.com.FuriniSolutions.dao.ItemNotaDAO.findAllWithIDNota(ItemNotaDAO.java:190)
	at br.com.FuriniSolutions.dao.NotaFiscalDAO.retrive(NotaFiscalDAO.java:100)
	at br.com.FuriniSolutions.dao.ItemNotaDAO.findAllWithIDNota(ItemNotaDAO.java:190)
	at br.com.FuriniSolutions.dao.NotaFiscalDAO.retrive(NotaFiscalDAO.java:100)
	at br.com.FuriniSolutions.dao.ItemNotaDAO.findAllWithIDNota(ItemNotaDAO.java:190)
	at br.com.FuriniSolutions.dao.NotaFiscalDAO.retrive(NotaFiscalDAO.java:100)
	at br.com.FuriniSolutions.dao.ItemNotaDAO.findAllWithIDNota(ItemNotaDAO.java:190)
	at br.com.FuriniSolutions.dao.NotaFiscalDAO.retrive(NotaFiscalDAO.java:100)
	at br.com.FuriniSolutions.dao.ItemNotaDAO.findAllWithIDNota(ItemNotaDAO.java:190)
	at br.com.FuriniSolutions.dao.NotaFiscalDAO.retrive(NotaFiscalDAO.java:100)
	at br.com.FuriniSolutions.dao.ItemNotaDAO.findAllWithIDNota(ItemNotaDAO.java:190)
	at br.com.FuriniSolutions.dao.NotaFiscalDAO.retrive(NotaFiscalDAO.java:100)
	at br.com.FuriniSolutions.dao.ItemNotaDAO.findAllWithIDNota(ItemNotaDAO.java:190)
	at br.com.FuriniSolutions.dao.NotaFiscalDAO.retrive(NotaFiscalDAO.java:100)
	at br.com.FuriniSolutions.dao.ItemNotaDAO.findAllWithIDNota(ItemNotaDAO.java:190)
	at br.com.FuriniSolutions.dao.NotaFiscalDAO.retrive(NotaFiscalDAO.java:100)
	at br.com.FuriniSolutions.dao.ItemNotaDAO.findAllWithIDNota(ItemNotaDAO.java:190)
	at br.com.FuriniSolutions.dao.NotaFiscalDAO.retrive(NotaFiscalDAO.java:100)
	at br.com.FuriniSolutions.dao.ItemNotaDAO.findAllWithIDNota(ItemNotaDAO.java:190)
	at br.com.FuriniSolutions.dao.NotaFiscalDAO.retrive(NotaFiscalDAO.java:100)
	at br.com.FuriniSolutions.dao.ItemNotaDAO.findAllWithIDNota(ItemNotaDAO.java:190)
	at br.com.FuriniSolutions.dao.NotaFiscalDAO.retrive(NotaFiscalDAO.java:100)
	at br.com.FuriniSolutions.dao.ItemNotaDAO.findAll(ItemNotaDAO.java:151)
	at br.com.FuriniSolutions.dao.ItemNotaDAOIT.testFindAll(ItemNotaDAOIT.java:211)
	at java.base/jdk.internal.reflect.DirectMethodHandleAccessor.invoke(DirectMethodHandleAccessor.java:104)
	at java.base/java.lang.reflect.Method.invoke(Method.java:577)
	at org.junit.platform.commons.util.ReflectionUtils.invokeMethod(ReflectionUtils.java:727)
	at org.junit.jupiter.engine.execution.MethodInvocation.proceed(MethodInvocation.java:60)
	at org.junit.jupiter.engine.execution.InvocationInterceptorChain$ValidatingInvocation.proceed(InvocationInterceptorChain.java:131)
	at org.junit.jupiter.engine.extension.TimeoutExtension.intercept(TimeoutExtension.java:156)
	at org.junit.jupiter.engine.extension.TimeoutExtension.interceptTestableMethod(TimeoutExtension.java:147)
	at org.junit.jupiter.engine.extension.TimeoutExtension.interceptTestMethod(TimeoutExtension.java:86)
	at org.junit.jupiter.engine.execution.InterceptingExecutableInvoker$ReflectiveInterceptorCall.lambda$ofVoidMethod$0(InterceptingExecutableInvoker.java:103)
	at org.junit.jupiter.engine.execution.InterceptingExecutableInvoker.lambda$invoke$0(InterceptingExecutableInvoker.java:93)
	at org.junit.jupiter.engine.execution.InvocationInterceptorChain$InterceptedInvocation.proceed(InvocationInterceptorChain.java:106)
	at org.junit.jupiter.engine.execution.InvocationInterceptorChain.proceed(InvocationInterceptorChain.java:64)
	at org.junit.jupiter.engine.execution.InvocationInterceptorChain.chainAndInvoke(InvocationInterceptorChain.java:45)
	at org.junit.jupiter.engine.execution.InvocationInterceptorChain.invoke(InvocationInterceptorChain.java:37)
	at org.junit.jupiter.engine.execution.InterceptingExecutableInvoker.invoke(InterceptingExecutableInvoker.java:92)
	at org.junit.jupiter.engine.execution.InterceptingExecutableInvoker.invoke(InterceptingExecutableInvoker.java:86)
	at org.junit.jupiter.engine.descriptor.TestMethodTestDescriptor.lambda$invokeTestMethod$7(TestMethodTestDescriptor.java:217)
	at org.junit.platform.engine.support.hierarchical.ThrowableCollector.execute(ThrowableCollector.java:73)
	at org.junit.jupiter.engine.descriptor.TestMethodTestDescriptor.invokeTestMethod(TestMethodTestDescriptor.java:213)
	at org.junit.jupiter.engine.descriptor.TestMethodTestDescriptor.execute(TestMethodTestDescriptor.java:138)
	at org.junit.jupiter.engine.descriptor.TestMethodTestDescriptor.execute(TestMethodTestDescriptor.java:68)
	at org.junit.platform.engine.support.hierarchical.NodeTestTask.lambda$executeRecursively$6(NodeTestTask.java:151)
	at org.junit.platform.engine.support.hierarchical.ThrowableCollector.execute(ThrowableCollector.java:73)
	at org.junit.platform.engine.support.hierarchical.NodeTestTask.lambda$executeRecursively$8(NodeTestTask.java:141)
	at org.junit.platform.engine.support.hierarchical.Node.around(Node.java:137)
	at org.junit.platform.engine.support.hierarchical.NodeTestTask.lambda$executeRecursively$9(NodeTestTask.java:139)
	at org.junit.platform.engine.support.hierarchical.ThrowableCollector.execute(ThrowableCollector.java:73)
	at org.junit.platform.engine.support.hierarchical.NodeTestTask.executeRecursively(NodeTestTask.java:138)
	at org.junit.platform.engine.support.hierarchical.NodeTestTask.execute(NodeTestTask.java:95)
	at java.base/java.util.ArrayList.forEach(ArrayList.java:1511)
	at org.junit.platform.engine.support.hierarchical.SameThreadHierarchicalTestExecutorService.invokeAll(SameThreadHierarchicalTestExecutorService.java:41)
	at org.junit.platform.engine.support.hierarchical.NodeTestTask.lambda$executeRecursively$6(NodeTestTask.java:155)
	at org.junit.platform.engine.support.hierarchical.ThrowableCollector.execute(ThrowableCollector.java:73)
	at org.junit.platform.engine.support.hierarchical.NodeTestTask.lambda$executeRecursively$8(NodeTestTask.java:141)
	at org.junit.platform.engine.support.hierarchical.Node.around(Node.java:137)
	at org.junit.platform.engine.support.hierarchical.NodeTestTask.lambda$executeRecursively$9(NodeTestTask.java:139)
	at org.junit.platform.engine.support.hierarchical.ThrowableCollector.execute(ThrowableCollector.java:73)
	at org.junit.platform.engine.support.hierarchical.NodeTestTask.executeRecursively(NodeTestTask.java:138)
	at org.junit.platform.engine.support.hierarchical.NodeTestTask.execute(NodeTestTask.java:95)
	at java.base/java.util.ArrayList.forEach(ArrayList.java:1511)
	at org.junit.platform.engine.support.hierarchical.SameThreadHierarchicalTestExecutorService.invokeAll(SameThreadHierarchicalTestExecutorService.java:41)
	at org.junit.platform.engine.support.hierarchical.NodeTestTask.lambda$executeRecursively$6(NodeTestTask.java:155)
	at org.junit.platform.engine.support.hierarchical.ThrowableCollector.execute(ThrowableCollector.java:73)
	at org.junit.platform.engine.support.hierarchical.NodeTestTask.lambda$executeRecursively$8(NodeTestTask.java:141)
	at org.junit.platform.engine.support.hierarchical.Node.around(Node.java:137)
	at org.junit.platform.engine.support.hierarchical.NodeTestTask.lambda$executeRecursively$9(NodeTestTask.java:139)
	at org.junit.platform.engine.support.hierarchical.ThrowableCollector.execute(ThrowableCollector.java:73)
	at org.junit.platform.engine.support.hierarchical.NodeTestTask.executeRecursively(NodeTestTask.java:138)
	at org.junit.platform.engine.support.hierarchical.NodeTestTask.execute(NodeTestTask.java:95)
	at org.junit.platform.engine.support.hierarchical.SameThreadHierarchicalTestExecutorService.submit(SameThreadHierarchicalTestExecutorService.java:35)
	at org.junit.platform.engine.support.hierarchical.HierarchicalTestExecutor.execute(HierarchicalTestExecutor.java:57)
	at org.junit.platform.engine.support.hierarchical.HierarchicalTestEngine.execute(HierarchicalTestEngine.java:54)
	at org.junit.platform.launcher.core.EngineExecutionOrchestrator.execute(EngineExecutionOrchestrator.java:147)
	at org.junit.platform.launcher.core.EngineExecutionOrchestrator.execute(EngineExecutionOrchestrator.java:127)
	at org.junit.platform.launcher.core.EngineExecutionOrchestrator.execute(EngineExecutionOrchestrator.java:90)
	at org.junit.platform.launcher.core.EngineExecutionOrchestrator.lambda$execute$0(EngineExecutionOrchestrator.java:55)
	at org.junit.platform.launcher.core.EngineExecutionOrchestrator.withInterceptedStreams(EngineExecutionOrchestrator.java:102)
	at org.junit.platform.launcher.core.EngineExecutionOrchestrator.execute(EngineExecutionOrchestrator.java:54)
	at org.junit.platform.launcher.core.DefaultLauncher.execute(DefaultLauncher.java:114)
	at org.junit.platform.launcher.core.DefaultLauncher.execute(DefaultLauncher.java:86)
	at org.junit.platform.launcher.core.DefaultLauncherSession$DelegatingLauncher.execute(DefaultLauncherSession.java:86)
	at org.junit.platform.launcher.core.SessionPerRequestLauncher.execute(SessionPerRequestLauncher.java:53)
	at org.apache.maven.surefire.junitplatform.JUnitPlatformProvider.execute(JUnitPlatformProvider.java:188)
	at org.apache.maven.surefire.junitplatform.JUnitPlatformProvider.invokeAllTests(JUnitPlatformProvider.java:154)
	at org.apache.maven.surefire.junitplatform.JUnitPlatformProvider.invoke(JUnitPlatformProvider.java:128)
	at org.apache.maven.surefire.booter.ForkedBooter.runSuitesInProcess(ForkedBooter.java:428)
	at org.apache.maven.surefire.booter.ForkedBooter.execute(ForkedBooter.java:162)
	at org.apache.maven.surefire.booter.ForkedBooter.run(ForkedBooter.java:562)
	at org.apache.maven.surefire.booter.ForkedBooter.main(ForkedBooter.java:548)
Erro ao buscar ItemNotas com IDNota: Cannot invoke "java.sql.Connection.prepareStatement(String)" because "connection" is null
java.lang.NullPointerException: Cannot invoke "java.sql.Connection.prepareStatement(String)" because "connection" is null
	at br.com.FuriniSolutions.dao.ItemNotaDAO.findAllWithIDNota(ItemNotaDAO.java:173)
	at br.com.FuriniSolutions.dao.NotaFiscalDAO.retrive(NotaFiscalDAO.java:100)
	at br.com.FuriniSolutions.dao.ItemNotaDAO.findAllWithIDNota(ItemNotaDAO.java:190)
	at br.com.FuriniSolutions.dao.NotaFiscalDAO.retrive(NotaFiscalDAO.java:100)
	at br.com.FuriniSolutions.dao.ItemNotaDAO.findAllWithIDNota(ItemNotaDAO.java:190)
	at br.com.FuriniSolutions.dao.NotaFiscalDAO.retrive(NotaFiscalDAO.java:100)
	at br.com.FuriniSolutions.dao.ItemNotaDAO.findAllWithIDNota(ItemNotaDAO.java:190)
	at br.com.FuriniSolutions.dao.NotaFiscalDAO.retrive(NotaFiscalDAO.java:100)
	at br.com.FuriniSolutions.dao.ItemNotaDAO.findAllWithIDNota(ItemNotaDAO.java:190)
	at br.com.FuriniSolutions.dao.NotaFiscalDAO.retrive(NotaFiscalDAO.java:100)
	at br.com.FuriniSolutions.dao.ItemNotaDAO.findAllWithIDNota(ItemNotaDAO.java:190)
	at br.com.FuriniSolutions.dao.NotaFiscalDAO.retrive(NotaFiscalDAO.java:100)
	at br.com.FuriniSolutions.dao.ItemNotaDAO.findAllWithIDNota(ItemNotaDAO.java:190)
	at br.com.FuriniSolutions.dao.NotaFiscalDAO.retrive(NotaFiscalDAO.java:100)
	at br.com.FuriniSolutions.dao.ItemNotaDAO.findAllWithIDNota(ItemNotaDAO.java:190)
	at br.com.FuriniSolutions.dao.NotaFiscalDAO.retrive(NotaFiscalDAO.java:100)
	at br.com.FuriniSolutions.dao.ItemNotaDAO.findAllWithIDNota(ItemNotaDAO.java:190)
	at br.com.FuriniSolutions.dao.NotaFiscalDAO.retrive(NotaFiscalDAO.java:100)
	at br.com.FuriniSolutions.dao.ItemNotaDAO.findAllWithIDNota(ItemNotaDAO.java:190)
	at br.com.FuriniSolutions.dao.NotaFiscalDAO.retrive(NotaFiscalDAO.java:100)
	at br.com.FuriniSolutions.dao.ItemNotaDAO.findAllWithIDNota(ItemNotaDAO.java:190)
	at br.com.FuriniSolutions.dao.NotaFiscalDAO.retrive(NotaFiscalDAO.java:100)
	at br.com.FuriniSolutions.dao.ItemNotaDAO.findAllWithIDNota(ItemNotaDAO.java:190)
	at br.com.FuriniSolutions.dao.NotaFiscalDAO.retrive(NotaFiscalDAO.java:100)
	at br.com.FuriniSolutions.dao.ItemNotaDAO.findAllWithIDNota(ItemNotaDAO.java:190)
	at br.com.FuriniSolutions.dao.NotaFiscalDAO.retrive(NotaFiscalDAO.java:100)
	at br.com.FuriniSolutions.dao.ItemNotaDAO.findAllWithIDNota(ItemNotaDAO.java:190)
	at br.com.FuriniSolutions.dao.NotaFiscalDAO.retrive(NotaFiscalDAO.java:100)
	at br.com.FuriniSolutions.dao.ItemNotaDAO.findAllWithIDNota(ItemNotaDAO.java:190)
	at br.com.FuriniSolutions.dao.NotaFiscalDAO.retrive(NotaFiscalDAO.java:100)
	at br.com.FuriniSolutions.dao.ItemNotaDAO.findAllWithIDNota(ItemNotaDAO.java:190)
	at br.com.FuriniSolutions.dao.NotaFiscalDAO.retrive(NotaFiscalDAO.java:100)
	at br.com.FuriniSolutions.dao.ItemNotaDAO.findAllWithIDNota(ItemNotaDAO.java:190)
	at br.com.FuriniSolutions.dao.NotaFiscalDAO.retrive(NotaFiscalDAO.java:100)
	at br.com.FuriniSolutions.dao.ItemNotaDAO.findAllWithIDNota(ItemNotaDAO.java:190)
	at br.com.FuriniSolutions.dao.NotaFiscalDAO.retrive(NotaFiscalDAO.java:100)
	at br.com.FuriniSolutions.dao.ItemNotaDAO.findAllWithIDNota(ItemNotaDAO.java:190)
	at br.com.FuriniSolutions.dao.NotaFiscalDAO.retrive(NotaFiscalDAO.java:100)
	at br.com.FuriniSolutions.dao.ItemNotaDAO.findAllWithIDNota(ItemNotaDAO.java:190)
	at br.com.FuriniSolutions.dao.NotaFiscalDAO.retrive(NotaFiscalDAO.java:100)
	at br.com.FuriniSolutions.dao.ItemNotaDAO.findAllWithIDNota(ItemNotaDAO.java:190)
	at br.com.FuriniSolutions.dao.NotaFiscalDAO.retrive(NotaFiscalDAO.java:100)
	at br.com.FuriniSolutions.dao.ItemNotaDAO.findAllWithIDNota(ItemNotaDAO.java:190)
	at br.com.FuriniSolutions.dao.NotaFiscalDAO.retrive(NotaFiscalDAO.java:100)
	at br.com.FuriniSolutions.dao.ItemNotaDAO.findAllWithIDNota(ItemNotaDAO.java:190)
	at br.com.FuriniSolutions.dao.NotaFiscalDAO.retrive(NotaFiscalDAO.java:100)
	at br.com.FuriniSolutions.dao.ItemNotaDAO.findAllWithIDNota(ItemNotaDAO.java:190)
	at br.com.FuriniSolutions.dao.NotaFiscalDAO.retrive(NotaFiscalDAO.java:100)
	at br.com.FuriniSolutions.dao.ItemNotaDAO.findAllWithIDNota(ItemNotaDAO.java:190)
	at br.com.FuriniSolutions.dao.NotaFiscalDAO.retrive(NotaFiscalDAO.java:100)
	at br.com.FuriniSolutions.dao.ItemNotaDAO.findAllWithIDNota(ItemNotaDAO.java:190)
	at br.com.FuriniSolutions.dao.NotaFiscalDAO.retrive(NotaFiscalDAO.java:100)
	at br.com.FuriniSolutions.dao.ItemNotaDAO.findAllWithIDNota(ItemNotaDAO.java:190)
	at br.com.FuriniSolutions.dao.NotaFiscalDAO.retrive(NotaFiscalDAO.java:100)
	at br.com.FuriniSolutions.dao.ItemNotaDAO.findAllWithIDNota(ItemNotaDAO.java:190)
	at br.com.FuriniSolutions.dao.NotaFiscalDAO.retrive(NotaFiscalDAO.java:100)
	at br.com.FuriniSolutions.dao.ItemNotaDAO.findAllWithIDNota(ItemNotaDAO.java:190)
	at br.com.FuriniSolutions.dao.NotaFiscalDAO.retrive(NotaFiscalDAO.java:100)
	at br.com.FuriniSolutions.dao.ItemNotaDAO.findAllWithIDNota(ItemNotaDAO.java:190)
	at br.com.FuriniSolutions.dao.NotaFiscalDAO.retrive(NotaFiscalDAO.java:100)
	at br.com.FuriniSolutions.dao.ItemNotaDAO.findAllWithIDNota(ItemNotaDAO.java:190)
	at br.com.FuriniSolutions.dao.NotaFiscalDAO.retrive(NotaFiscalDAO.java:100)
	at br.com.FuriniSolutions.dao.ItemNotaDAO.findAllWithIDNota(ItemNotaDAO.java:190)
	at br.com.FuriniSolutions.dao.NotaFiscalDAO.retrive(NotaFiscalDAO.java:100)
	at br.com.FuriniSolutions.dao.ItemNotaDAO.findAllWithIDNota(ItemNotaDAO.java:190)
	at br.com.FuriniSolutions.dao.NotaFiscalDAO.retrive(NotaFiscalDAO.java:100)
	at br.com.FuriniSolutions.dao.ItemNotaDAO.findAllWithIDNota(ItemNotaDAO.java:190)
	at br.com.FuriniSolutions.dao.NotaFiscalDAO.retrive(NotaFiscalDAO.java:100)
	at br.com.FuriniSolutions.dao.ItemNotaDAO.findAllWithIDNota(ItemNotaDAO.java:190)
	at br.com.FuriniSolutions.dao.NotaFiscalDAO.retrive(NotaFiscalDAO.java:100)
	at br.com.FuriniSolutions.dao.ItemNotaDAO.findAllWithIDNota(ItemNotaDAO.java:190)
	at br.com.FuriniSolutions.dao.NotaFiscalDAO.retrive(NotaFiscalDAO.java:100)
	at br.com.FuriniSolutions.dao.ItemNotaDAO.findAllWithIDNota(ItemNotaDAO.java:190)
	at br.com.FuriniSolutions.dao.NotaFiscalDAO.retrive(NotaFiscalDAO.java:100)
	at br.com.FuriniSolutions.dao.ItemNotaDAO.findAllWithIDNota(ItemNotaDAO.java:190)
	at br.com.FuriniSolutions.dao.NotaFiscalDAO.retrive(NotaFiscalDAO.java:100)
	at br.com.FuriniSolutions.dao.ItemNotaDAO.findAllWithIDNota(ItemNotaDAO.java:190)
	at br.com.FuriniSolutions.dao.NotaFiscalDAO.retrive(NotaFiscalDAO.java:100)
	at br.com.FuriniSolutions.dao.ItemNotaDAO.findAllWithIDNota(ItemNotaDAO.java:190)
	at br.com.FuriniSolutions.dao.NotaFiscalDAO.retrive(NotaFiscalDAO.java:100)
	at br.com.FuriniSolutions.dao.ItemNotaDAO.findAllWithIDNota(ItemNotaDAO.java:190)
	at br.com.FuriniSolutions.dao.NotaFiscalDAO.retrive(NotaFiscalDAO.java:100)
	at br.com.FuriniSolutions.dao.ItemNotaDAO.findAllWithIDNota(ItemNotaDAO.java:190)
	at br.com.FuriniSolutions.dao.NotaFiscalDAO.retrive(NotaFiscalDAO.java:100)
	at br.com.FuriniSolutions.dao.ItemNotaDAO.findAllWithIDNota(ItemNotaDAO.java:190)
	at br.com.FuriniSolutions.dao.NotaFiscalDAO.retrive(NotaFiscalDAO.java:100)
	at br.com.FuriniSolutions.dao.ItemNotaDAO.findAllWithIDNota(ItemNotaDAO.java:190)
	at br.com.FuriniSolutions.dao.NotaFiscalDAO.retrive(NotaFiscalDAO.java:100)
	at br.com.FuriniSolutions.dao.ItemNotaDAO.findAllWithIDNota(ItemNotaDAO.java:190)
	at br.com.FuriniSolutions.dao.NotaFiscalDAO.retrive(NotaFiscalDAO.java:100)
	at br.com.FuriniSolutions.dao.ItemNotaDAO.findAllWithIDNota(ItemNotaDAO.java:190)
	at br.com.FuriniSolutions.dao.NotaFiscalDAO.retrive(NotaFiscalDAO.java:100)
	at br.com.FuriniSolutions.dao.ItemNotaDAO.findAllWithIDNota(ItemNotaDAO.java:190)
	at br.com.FuriniSolutions.dao.NotaFiscalDAO.retrive(NotaFiscalDAO.java:100)
	at br.com.FuriniSolutions.dao.ItemNotaDAO.findAllWithIDNota(ItemNotaDAO.java:190)
	at br.com.FuriniSolutions.dao.NotaFiscalDAO.retrive(NotaFiscalDAO.java:100)
	at br.com.FuriniSolutions.dao.ItemNotaDAO.findAllWithIDNota(ItemNotaDAO.java:190)
	at br.com.FuriniSolutions.dao.NotaFiscalDAO.retrive(NotaFiscalDAO.java:100)
	at br.com.FuriniSolutions.dao.ItemNotaDAO.findAllWithIDNota(ItemNotaDAO.java:190)
	at br.com.FuriniSolutions.dao.NotaFiscalDAO.retrive(NotaFiscalDAO.java:100)
	at br.com.FuriniSolutions.dao.ItemNotaDAO.findAllWithIDNota(ItemNotaDAO.java:190)
	at br.com.FuriniSolutions.dao.NotaFiscalDAO.retrive(NotaFiscalDAO.java:100)
	at br.com.FuriniSolutions.dao.ItemNotaDAO.findAllWithIDNota(ItemNotaDAO.java:190)
	at br.com.FuriniSolutions.dao.NotaFiscalDAO.retrive(NotaFiscalDAO.java:100)
	at br.com.FuriniSolutions.dao.ItemNotaDAO.findAllWithIDNota(ItemNotaDAO.java:190)
	at br.com.FuriniSolutions.dao.NotaFiscalDAO.retrive(NotaFiscalDAO.java:100)
	at br.com.FuriniSolutions.dao.ItemNotaDAO.findAllWithIDNota(ItemNotaDAO.java:190)
	at br.com.FuriniSolutions.dao.NotaFiscalDAO.retrive(NotaFiscalDAO.java:100)
	at br.com.FuriniSolutions.dao.ItemNotaDAO.findAllWithIDNota(ItemNotaDAO.java:190)
	at br.com.FuriniSolutions.dao.NotaFiscalDAO.retrive(NotaFiscalDAO.java:100)
	at br.com.FuriniSolutions.dao.ItemNotaDAO.findAllWithIDNota(ItemNotaDAO.java:190)
	at br.com.FuriniSolutions.dao.NotaFiscalDAO.retrive(NotaFiscalDAO.java:100)
	at br.com.FuriniSolutions.dao.ItemNotaDAO.findAllWithIDNota(ItemNotaDAO.java:190)
	at br.com.FuriniSolutions.dao.NotaFiscalDAO.retrive(NotaFiscalDAO.java:100)
	at br.com.FuriniSolutions.dao.ItemNotaDAO.findAllWithIDNota(ItemNotaDAO.java:190)
	at br.com.FuriniSolutions.dao.NotaFiscalDAO.retrive(NotaFiscalDAO.java:100)
	at br.com.FuriniSolutions.dao.ItemNotaDAO.findAllWithIDNota(ItemNotaDAO.java:190)
	at br.com.FuriniSolutions.dao.NotaFiscalDAO.retrive(NotaFiscalDAO.java:100)
	at br.com.FuriniSolutions.dao.ItemNotaDAO.findAllWithIDNota(ItemNotaDAO.java:190)
	at br.com.FuriniSolutions.dao.NotaFiscalDAO.retrive(NotaFiscalDAO.java:100)
	at br.com.FuriniSolutions.dao.ItemNotaDAO.findAllWithIDNota(ItemNotaDAO.java:190)
	at br.com.FuriniSolutions.dao.NotaFiscalDAO.retrive(NotaFiscalDAO.java:100)
	at br.com.FuriniSolutions.dao.ItemNotaDAO.findAllWithIDNota(ItemNotaDAO.java:190)
	at br.com.FuriniSolutions.dao.NotaFiscalDAO.retrive(NotaFiscalDAO.java:100)
	at br.com.FuriniSolutions.dao.ItemNotaDAO.findAllWithIDNota(ItemNotaDAO.java:190)
	at br.com.FuriniSolutions.dao.NotaFiscalDAO.retrive(NotaFiscalDAO.java:100)
	at br.com.FuriniSolutions.dao.ItemNotaDAO.findAllWithIDNota(ItemNotaDAO.java:190)
	at br.com.FuriniSolutions.dao.NotaFiscalDAO.retrive(NotaFiscalDAO.java:100)
	at br.com.FuriniSolutions.dao.ItemNotaDAO.findAllWithIDNota(ItemNotaDAO.java:190)
	at br.com.FuriniSolutions.dao.NotaFiscalDAO.retrive(NotaFiscalDAO.java:100)
	at br.com.FuriniSolutions.dao.ItemNotaDAO.findAllWithIDNota(ItemNotaDAO.java:190)
	at br.com.FuriniSolutions.dao.NotaFiscalDAO.retrive(NotaFiscalDAO.java:100)
	at br.com.FuriniSolutions.dao.ItemNotaDAO.findAllWithIDNota(ItemNotaDAO.java:190)
	at br.com.FuriniSolutions.dao.NotaFiscalDAO.retrive(NotaFiscalDAO.java:100)
	at br.com.FuriniSolutions.dao.ItemNotaDAO.findAllWithIDNota(ItemNotaDAO.java:190)
	at br.com.FuriniSolutions.dao.NotaFiscalDAO.retrive(NotaFiscalDAO.java:100)
	at br.com.FuriniSolutions.dao.ItemNotaDAO.findAllWithIDNota(ItemNotaDAO.java:190)
	at br.com.FuriniSolutions.dao.NotaFiscalDAO.retrive(NotaFiscalDAO.java:100)
	at br.com.FuriniSolutions.dao.ItemNotaDAO.findAllWithIDNota(ItemNotaDAO.java:190)
	at br.com.FuriniSolutions.dao.NotaFiscalDAO.retrive(NotaFiscalDAO.java:100)
	at br.com.FuriniSolutions.dao.ItemNotaDAO.findAllWithIDNota(ItemNotaDAO.java:190)
	at br.com.FuriniSolutions.dao.NotaFiscalDAO.retrive(NotaFiscalDAO.java:100)
	at br.com.FuriniSolutions.dao.ItemNotaDAO.findAllWithIDNota(ItemNotaDAO.java:190)
	at br.com.FuriniSolutions.dao.NotaFiscalDAO.retrive(NotaFiscalDAO.java:100)
	at br.com.FuriniSolutions.dao.ItemNotaDAO.findAllWithIDNota(ItemNotaDAO.java:190)
	at br.com.FuriniSolutions.dao.NotaFiscalDAO.retrive(NotaFiscalDAO.java:100)
	at br.com.FuriniSolutions.dao.ItemNotaDAO.findAllWithIDNota(ItemNotaDAO.java:190)
	at br.com.FuriniSolutions.dao.NotaFiscalDAO.retrive(NotaFiscalDAO.java:100)
	at br.com.FuriniSolutions.dao.ItemNotaDAO.findAllWithIDNota(ItemNotaDAO.java:190)
	at br.com.FuriniSolutions.dao.NotaFiscalDAO.retrive(NotaFiscalDAO.java:100)
	at br.com.FuriniSolutions.dao.ItemNotaDAO.findAll(ItemNotaDAO.java:151)
	at br.com.FuriniSolutions.dao.ItemNotaDAOIT.testFindAll(ItemNotaDAOIT.java:211)
	at java.base/jdk.internal.reflect.DirectMethodHandleAccessor.invoke(DirectMethodHandleAccessor.java:104)
	at java.base/java.lang.reflect.Method.invoke(Method.java:577)
	at org.junit.platform.commons.util.ReflectionUtils.invokeMethod(ReflectionUtils.java:727)
	at org.junit.jupiter.engine.execution.MethodInvocation.proceed(MethodInvocation.java:60)
	at org.junit.jupiter.engine.execution.InvocationInterceptorChain$ValidatingInvocation.proceed(InvocationInterceptorChain.java:131)
	at org.junit.jupiter.engine.extension.TimeoutExtension.intercept(TimeoutExtension.java:156)
	at org.junit.jupiter.engine.extension.TimeoutExtension.interceptTestableMethod(TimeoutExtension.java:147)
	at org.junit.jupiter.engine.extension.TimeoutExtension.interceptTestMethod(TimeoutExtension.java:86)
	at org.junit.jupiter.engine.execution.InterceptingExecutableInvoker$ReflectiveInterceptorCall.lambda$ofVoidMethod$0(InterceptingExecutableInvoker.java:103)
	at org.junit.jupiter.engine.execution.InterceptingExecutableInvoker.lambda$invoke$0(InterceptingExecutableInvoker.java:93)
	at org.junit.jupiter.engine.execution.InvocationInterceptorChain$InterceptedInvocation.proceed(InvocationInterceptorChain.java:106)
	at org.junit.jupiter.engine.execution.InvocationInterceptorChain.proceed(InvocationInterceptorChain.java:64)
	at org.junit.jupiter.engine.execution.InvocationInterceptorChain.chainAndInvoke(InvocationInterceptorChain.java:45)
	at org.junit.jupiter.engine.execution.InvocationInterceptorChain.invoke(InvocationInterceptorChain.java:37)
	at org.junit.jupiter.engine.execution.InterceptingExecutableInvoker.invoke(InterceptingExecutableInvoker.java:92)
	at org.junit.jupiter.engine.execution.InterceptingExecutableInvoker.invoke(InterceptingExecutableInvoker.java:86)
	at org.junit.jupiter.engine.descriptor.TestMethodTestDescriptor.lambda$invokeTestMethod$7(TestMethodTestDescriptor.java:217)
	at org.junit.platform.engine.support.hierarchical.ThrowableCollector.execute(ThrowableCollector.java:73)
	at org.junit.jupiter.engine.descriptor.TestMethodTestDescriptor.invokeTestMethod(TestMethodTestDescriptor.java:213)
	at org.junit.jupiter.engine.descriptor.TestMethodTestDescriptor.execute(TestMethodTestDescriptor.java:138)
	at org.junit.jupiter.engine.descriptor.TestMethodTestDescriptor.execute(TestMethodTestDescriptor.java:68)
	at org.junit.platform.engine.support.hierarchical.NodeTestTask.lambda$executeRecursively$6(NodeTestTask.java:151)
	at org.junit.platform.engine.support.hierarchical.ThrowableCollector.execute(ThrowableCollector.java:73)
	at org.junit.platform.engine.support.hierarchical.NodeTestTask.lambda$executeRecursively$8(NodeTestTask.java:141)
	at org.junit.platform.engine.support.hierarchical.Node.around(Node.java:137)
	at org.junit.platform.engine.support.hierarchical.NodeTestTask.lambda$executeRecursively$9(NodeTestTask.java:139)
	at org.junit.platform.engine.support.hierarchical.ThrowableCollector.execute(ThrowableCollector.java:73)
	at org.junit.platform.engine.support.hierarchical.NodeTestTask.executeRecursively(NodeTestTask.java:138)
	at org.junit.platform.engine.support.hierarchical.NodeTestTask.execute(NodeTestTask.java:95)
	at java.base/java.util.ArrayList.forEach(ArrayList.java:1511)
	at org.junit.platform.engine.support.hierarchical.SameThreadHierarchicalTestExecutorService.invokeAll(SameThreadHierarchicalTestExecutorService.java:41)
	at org.junit.platform.engine.support.hierarchical.NodeTestTask.lambda$executeRecursively$6(NodeTestTask.java:155)
	at org.junit.platform.engine.support.hierarchical.ThrowableCollector.execute(ThrowableCollector.java:73)
	at org.junit.platform.engine.support.hierarchical.NodeTestTask.lambda$executeRecursively$8(NodeTestTask.java:141)
	at org.junit.platform.engine.support.hierarchical.Node.around(Node.java:137)
	at org.junit.platform.engine.support.hierarchical.NodeTestTask.lambda$executeRecursively$9(NodeTestTask.java:139)
	at org.junit.platform.engine.support.hierarchical.ThrowableCollector.execute(ThrowableCollector.java:73)
	at org.junit.platform.engine.support.hierarchical.NodeTestTask.executeRecursively(NodeTestTask.java:138)
	at org.junit.platform.engine.support.hierarchical.NodeTestTask.execute(NodeTestTask.java:95)
	at java.base/java.util.ArrayList.forEach(ArrayList.java:1511)
	at org.junit.platform.engine.support.hierarchical.SameThreadHierarchicalTestExecutorService.invokeAll(SameThreadHierarchicalTestExecutorService.java:41)
	at org.junit.platform.engine.support.hierarchical.NodeTestTask.lambda$executeRecursively$6(NodeTestTask.java:155)
	at org.junit.platform.engine.support.hierarchical.ThrowableCollector.execute(ThrowableCollector.java:73)
	at org.junit.platform.engine.support.hierarchical.NodeTestTask.lambda$executeRecursively$8(NodeTestTask.java:141)
	at org.junit.platform.engine.support.hierarchical.Node.around(Node.java:137)
	at org.junit.platform.engine.support.hierarchical.NodeTestTask.lambda$executeRecursively$9(NodeTestTask.java:139)
	at org.junit.platform.engine.support.hierarchical.ThrowableCollector.execute(ThrowableCollector.java:73)
	at org.junit.platform.engine.support.hierarchical.NodeTestTask.executeRecursively(NodeTestTask.java:138)
	at org.junit.platform.engine.support.hierarchical.NodeTestTask.execute(NodeTestTask.java:95)
	at org.junit.platform.engine.support.hierarchical.SameThreadHierarchicalTestExecutorService.submit(SameThreadHierarchicalTestExecutorService.java:35)
	at org.junit.platform.engine.support.hierarchical.HierarchicalTestExecutor.execute(HierarchicalTestExecutor.java:57)
	at org.junit.platform.engine.support.hierarchical.HierarchicalTestEngine.execute(HierarchicalTestEngine.java:54)
	at org.junit.platform.launcher.core.EngineExecutionOrchestrator.execute(EngineExecutionOrchestrator.java:147)
	at org.junit.platform.launcher.core.EngineExecutionOrchestrator.execute(EngineExecutionOrchestrator.java:127)
	at org.junit.platform.launcher.core.EngineExecutionOrchestrator.execute(EngineExecutionOrchestrator.java:90)
	at org.junit.platform.launcher.core.EngineExecutionOrchestrator.lambda$execute$0(EngineExecutionOrchestrator.java:55)
	at org.junit.platform.launcher.core.EngineExecutionOrchestrator.withInterceptedStreams(EngineExecutionOrchestrator.java:102)
	at org.junit.platform.launcher.core.EngineExecutionOrchestrator.execute(EngineExecutionOrchestrator.java:54)
	at org.junit.platform.launcher.core.DefaultLauncher.execute(DefaultLauncher.java:114)
	at org.junit.platform.launcher.core.DefaultLauncher.execute(DefaultLauncher.java:86)
	at org.junit.platform.launcher.core.DefaultLauncherSession$DelegatingLauncher.execute(DefaultLauncherSession.java:86)
	at org.junit.platform.launcher.core.SessionPerRequestLauncher.execute(SessionPerRequestLauncher.java:53)
	at org.apache.maven.surefire.junitplatform.JUnitPlatformProvider.execute(JUnitPlatformProvider.java:188)
	at org.apache.maven.surefire.junitplatform.JUnitPlatformProvider.invokeAllTests(JUnitPlatformProvider.java:154)
	at org.apache.maven.surefire.junitplatform.JUnitPlatformProvider.invoke(JUnitPlatformProvider.java:128)
	at org.apache.maven.surefire.booter.ForkedBooter.runSuitesInProcess(ForkedBooter.java:428)
	at org.apache.maven.surefire.booter.ForkedBooter.execute(ForkedBooter.java:162)
	at org.apache.maven.surefire.booter.ForkedBooter.run(ForkedBooter.java:562)
	at org.apache.maven.surefire.booter.ForkedBooter.main(ForkedBooter.java:548)
Erro ao buscar ItemNotas com IDNota: Cannot invoke "java.sql.Connection.prepareStatement(String)" because "connection" is null
java.lang.NullPointerException: Cannot invoke "java.sql.Connection.prepareStatement(String)" because "connection" is null
	at br.com.FuriniSolutions.dao.ItemNotaDAO.findAllWithIDNota(ItemNotaDAO.java:173)
	at br.com.FuriniSolutions.dao.NotaFiscalDAO.retrive(NotaFiscalDAO.java:100)
	at br.com.FuriniSolutions.dao.ItemNotaDAO.findAllWithIDNota(ItemNotaDAO.java:190)
	at br.com.FuriniSolutions.dao.NotaFiscalDAO.retrive(NotaFiscalDAO.java:100)
	at br.com.FuriniSolutions.dao.ItemNotaDAO.findAllWithIDNota(ItemNotaDAO.java:190)
	at br.com.FuriniSolutions.dao.NotaFiscalDAO.retrive(NotaFiscalDAO.java:100)
	at br.com.FuriniSolutions.dao.ItemNotaDAO.findAllWithIDNota(ItemNotaDAO.java:190)
	at br.com.FuriniSolutions.dao.NotaFiscalDAO.retrive(NotaFiscalDAO.java:100)
	at br.com.FuriniSolutions.dao.ItemNotaDAO.findAllWithIDNota(ItemNotaDAO.java:190)
	at br.com.FuriniSolutions.dao.NotaFiscalDAO.retrive(NotaFiscalDAO.java:100)
	at br.com.FuriniSolutions.dao.ItemNotaDAO.findAllWithIDNota(ItemNotaDAO.java:190)
	at br.com.FuriniSolutions.dao.NotaFiscalDAO.retrive(NotaFiscalDAO.java:100)
	at br.com.FuriniSolutions.dao.ItemNotaDAO.findAllWithIDNota(ItemNotaDAO.java:190)
	at br.com.FuriniSolutions.dao.NotaFiscalDAO.retrive(NotaFiscalDAO.java:100)
	at br.com.FuriniSolutions.dao.ItemNotaDAO.findAllWithIDNota(ItemNotaDAO.java:190)
	at br.com.FuriniSolutions.dao.NotaFiscalDAO.retrive(NotaFiscalDAO.java:100)
	at br.com.FuriniSolutions.dao.ItemNotaDAO.findAllWithIDNota(ItemNotaDAO.java:190)
	at br.com.FuriniSolutions.dao.NotaFiscalDAO.retrive(NotaFiscalDAO.java:100)
	at br.com.FuriniSolutions.dao.ItemNotaDAO.findAllWithIDNota(ItemNotaDAO.java:190)
	at br.com.FuriniSolutions.dao.NotaFiscalDAO.retrive(NotaFiscalDAO.java:100)
	at br.com.FuriniSolutions.dao.ItemNotaDAO.findAllWithIDNota(ItemNotaDAO.java:190)
	at br.com.FuriniSolutions.dao.NotaFiscalDAO.retrive(NotaFiscalDAO.java:100)
	at br.com.FuriniSolutions.dao.ItemNotaDAO.findAllWithIDNota(ItemNotaDAO.java:190)
	at br.com.FuriniSolutions.dao.NotaFiscalDAO.retrive(NotaFiscalDAO.java:100)
	at br.com.FuriniSolutions.dao.ItemNotaDAO.findAllWithIDNota(ItemNotaDAO.java:190)
	at br.com.FuriniSolutions.dao.NotaFiscalDAO.retrive(NotaFiscalDAO.java:100)
	at br.com.FuriniSolutions.dao.ItemNotaDAO.findAllWithIDNota(ItemNotaDAO.java:190)
	at br.com.FuriniSolutions.dao.NotaFiscalDAO.retrive(NotaFiscalDAO.java:100)
	at br.com.FuriniSolutions.dao.ItemNotaDAO.findAllWithIDNota(ItemNotaDAO.java:190)
	at br.com.FuriniSolutions.dao.NotaFiscalDAO.retrive(NotaFiscalDAO.java:100)
	at br.com.FuriniSolutions.dao.ItemNotaDAO.findAllWithIDNota(ItemNotaDAO.java:190)
	at br.com.FuriniSolutions.dao.NotaFiscalDAO.retrive(NotaFiscalDAO.java:100)
	at br.com.FuriniSolutions.dao.ItemNotaDAO.findAllWithIDNota(ItemNotaDAO.java:190)
	at br.com.FuriniSolutions.dao.NotaFiscalDAO.retrive(NotaFiscalDAO.java:100)
	at br.com.FuriniSolutions.dao.ItemNotaDAO.findAllWithIDNota(ItemNotaDAO.java:190)
	at br.com.FuriniSolutions.dao.NotaFiscalDAO.retrive(NotaFiscalDAO.java:100)
	at br.com.FuriniSolutions.dao.ItemNotaDAO.findAllWithIDNota(ItemNotaDAO.java:190)
	at br.com.FuriniSolutions.dao.NotaFiscalDAO.retrive(NotaFiscalDAO.java:100)
	at br.com.FuriniSolutions.dao.ItemNotaDAO.findAllWithIDNota(ItemNotaDAO.java:190)
	at br.com.FuriniSolutions.dao.NotaFiscalDAO.retrive(NotaFiscalDAO.java:100)
	at br.com.FuriniSolutions.dao.ItemNotaDAO.findAllWithIDNota(ItemNotaDAO.java:190)
	at br.com.FuriniSolutions.dao.NotaFiscalDAO.retrive(NotaFiscalDAO.java:100)
	at br.com.FuriniSolutions.dao.ItemNotaDAO.findAllWithIDNota(ItemNotaDAO.java:190)
	at br.com.FuriniSolutions.dao.NotaFiscalDAO.retrive(NotaFiscalDAO.java:100)
	at br.com.FuriniSolutions.dao.ItemNotaDAO.findAllWithIDNota(ItemNotaDAO.java:190)
	at br.com.FuriniSolutions.dao.NotaFiscalDAO.retrive(NotaFiscalDAO.java:100)
	at br.com.FuriniSolutions.dao.ItemNotaDAO.findAllWithIDNota(ItemNotaDAO.java:190)
	at br.com.FuriniSolutions.dao.NotaFiscalDAO.retrive(NotaFiscalDAO.java:100)
	at br.com.FuriniSolutions.dao.ItemNotaDAO.findAllWithIDNota(ItemNotaDAO.java:190)
	at br.com.FuriniSolutions.dao.NotaFiscalDAO.retrive(NotaFiscalDAO.java:100)
	at br.com.FuriniSolutions.dao.ItemNotaDAO.findAllWithIDNota(ItemNotaDAO.java:190)
	at br.com.FuriniSolutions.dao.NotaFiscalDAO.retrive(NotaFiscalDAO.java:100)
	at br.com.FuriniSolutions.dao.ItemNotaDAO.findAllWithIDNota(ItemNotaDAO.java:190)
	at br.com.FuriniSolutions.dao.NotaFiscalDAO.retrive(NotaFiscalDAO.java:100)
	at br.com.FuriniSolutions.dao.ItemNotaDAO.findAllWithIDNota(ItemNotaDAO.java:190)
	at br.com.FuriniSolutions.dao.NotaFiscalDAO.retrive(NotaFiscalDAO.java:100)
	at br.com.FuriniSolutions.dao.ItemNotaDAO.findAllWithIDNota(ItemNotaDAO.java:190)
	at br.com.FuriniSolutions.dao.NotaFiscalDAO.retrive(NotaFiscalDAO.java:100)
	at br.com.FuriniSolutions.dao.ItemNotaDAO.findAllWithIDNota(ItemNotaDAO.java:190)
	at br.com.FuriniSolutions.dao.NotaFiscalDAO.retrive(NotaFiscalDAO.java:100)
	at br.com.FuriniSolutions.dao.ItemNotaDAO.findAllWithIDNota(ItemNotaDAO.java:190)
	at br.com.FuriniSolutions.dao.NotaFiscalDAO.retrive(NotaFiscalDAO.java:100)
	at br.com.FuriniSolutions.dao.ItemNotaDAO.findAllWithIDNota(ItemNotaDAO.java:190)
	at br.com.FuriniSolutions.dao.NotaFiscalDAO.retrive(NotaFiscalDAO.java:100)
	at br.com.FuriniSolutions.dao.ItemNotaDAO.findAllWithIDNota(ItemNotaDAO.java:190)
	at br.com.FuriniSolutions.dao.NotaFiscalDAO.retrive(NotaFiscalDAO.java:100)
	at br.com.FuriniSolutions.dao.ItemNotaDAO.findAllWithIDNota(ItemNotaDAO.java:190)
	at br.com.FuriniSolutions.dao.NotaFiscalDAO.retrive(NotaFiscalDAO.java:100)
	at br.com.FuriniSolutions.dao.ItemNotaDAO.findAllWithIDNota(ItemNotaDAO.java:190)
	at br.com.FuriniSolutions.dao.NotaFiscalDAO.retrive(NotaFiscalDAO.java:100)
	at br.com.FuriniSolutions.dao.ItemNotaDAO.findAllWithIDNota(ItemNotaDAO.java:190)
	at br.com.FuriniSolutions.dao.NotaFiscalDAO.retrive(NotaFiscalDAO.java:100)
	at br.com.FuriniSolutions.dao.ItemNotaDAO.findAllWithIDNota(ItemNotaDAO.java:190)
	at br.com.FuriniSolutions.dao.NotaFiscalDAO.retrive(NotaFiscalDAO.java:100)
	at br.com.FuriniSolutions.dao.ItemNotaDAO.findAllWithIDNota(ItemNotaDAO.java:190)
	at br.com.FuriniSolutions.dao.NotaFiscalDAO.retrive(NotaFiscalDAO.java:100)
	at br.com.FuriniSolutions.dao.ItemNotaDAO.findAllWithIDNota(ItemNotaDAO.java:190)
	at br.com.FuriniSolutions.dao.NotaFiscalDAO.retrive(NotaFiscalDAO.java:100)
	at br.com.FuriniSolutions.dao.ItemNotaDAO.findAllWithIDNota(ItemNotaDAO.java:190)
	at br.com.FuriniSolutions.dao.NotaFiscalDAO.retrive(NotaFiscalDAO.java:100)
	at br.com.FuriniSolutions.dao.ItemNotaDAO.findAllWithIDNota(ItemNotaDAO.java:190)
	at br.com.FuriniSolutions.dao.NotaFiscalDAO.retrive(NotaFiscalDAO.java:100)
	at br.com.FuriniSolutions.dao.ItemNotaDAO.findAllWithIDNota(ItemNotaDAO.java:190)
	at br.com.FuriniSolutions.dao.NotaFiscalDAO.retrive(NotaFiscalDAO.java:100)
	at br.com.FuriniSolutions.dao.ItemNotaDAO.findAllWithIDNota(ItemNotaDAO.java:190)
	at br.com.FuriniSolutions.dao.NotaFiscalDAO.retrive(NotaFiscalDAO.java:100)
	at br.com.FuriniSolutions.dao.ItemNotaDAO.findAllWithIDNota(ItemNotaDAO.java:190)
	at br.com.FuriniSolutions.dao.NotaFiscalDAO.retrive(NotaFiscalDAO.java:100)
	at br.com.FuriniSolutions.dao.ItemNotaDAO.findAllWithIDNota(ItemNotaDAO.java:190)
	at br.com.FuriniSolutions.dao.NotaFiscalDAO.retrive(NotaFiscalDAO.java:100)
	at br.com.FuriniSolutions.dao.ItemNotaDAO.findAllWithIDNota(ItemNotaDAO.java:190)
	at br.com.FuriniSolutions.dao.NotaFiscalDAO.retrive(NotaFiscalDAO.java:100)
	at br.com.FuriniSolutions.dao.ItemNotaDAO.findAllWithIDNota(ItemNotaDAO.java:190)
	at br.com.FuriniSolutions.dao.NotaFiscalDAO.retrive(NotaFiscalDAO.java:100)
	at br.com.FuriniSolutions.dao.ItemNotaDAO.findAllWithIDNota(ItemNotaDAO.java:190)
	at br.com.FuriniSolutions.dao.NotaFiscalDAO.retrive(NotaFiscalDAO.java:100)
	at br.com.FuriniSolutions.dao.ItemNotaDAO.findAllWithIDNota(ItemNotaDAO.java:190)
	at br.com.FuriniSolutions.dao.NotaFiscalDAO.retrive(NotaFiscalDAO.java:100)
	at br.com.FuriniSolutions.dao.ItemNotaDAO.findAllWithIDNota(ItemNotaDAO.java:190)
	at br.com.FuriniSolutions.dao.NotaFiscalDAO.retrive(NotaFiscalDAO.java:100)
	at br.com.FuriniSolutions.dao.ItemNotaDAO.findAllWithIDNota(ItemNotaDAO.java:190)
	at br.com.FuriniSolutions.dao.NotaFiscalDAO.retrive(NotaFiscalDAO.java:100)
	at br.com.FuriniSolutions.dao.ItemNotaDAO.findAllWithIDNota(ItemNotaDAO.java:190)
	at br.com.FuriniSolutions.dao.NotaFiscalDAO.retrive(NotaFiscalDAO.java:100)
	at br.com.FuriniSolutions.dao.ItemNotaDAO.findAllWithIDNota(ItemNotaDAO.java:190)
	at br.com.FuriniSolutions.dao.NotaFiscalDAO.retrive(NotaFiscalDAO.java:100)
	at br.com.FuriniSolutions.dao.ItemNotaDAO.findAllWithIDNota(ItemNotaDAO.java:190)
	at br.com.FuriniSolutions.dao.NotaFiscalDAO.retrive(NotaFiscalDAO.java:100)
	at br.com.FuriniSolutions.dao.ItemNotaDAO.findAllWithIDNota(ItemNotaDAO.java:190)
	at br.com.FuriniSolutions.dao.NotaFiscalDAO.retrive(NotaFiscalDAO.java:100)
	at br.com.FuriniSolutions.dao.ItemNotaDAO.findAllWithIDNota(ItemNotaDAO.java:190)
	at br.com.FuriniSolutions.dao.NotaFiscalDAO.retrive(NotaFiscalDAO.java:100)
	at br.com.FuriniSolutions.dao.ItemNotaDAO.findAllWithIDNota(ItemNotaDAO.java:190)
	at br.com.FuriniSolutions.dao.NotaFiscalDAO.retrive(NotaFiscalDAO.java:100)
	at br.com.FuriniSolutions.dao.ItemNotaDAO.findAllWithIDNota(ItemNotaDAO.java:190)
	at br.com.FuriniSolutions.dao.NotaFiscalDAO.retrive(NotaFiscalDAO.java:100)
	at br.com.FuriniSolutions.dao.ItemNotaDAO.findAllWithIDNota(ItemNotaDAO.java:190)
	at br.com.FuriniSolutions.dao.NotaFiscalDAO.retrive(NotaFiscalDAO.java:100)
	at br.com.FuriniSolutions.dao.ItemNotaDAO.findAllWithIDNota(ItemNotaDAO.java:190)
	at br.com.FuriniSolutions.dao.NotaFiscalDAO.retrive(NotaFiscalDAO.java:100)
	at br.com.FuriniSolutions.dao.ItemNotaDAO.findAllWithIDNota(ItemNotaDAO.java:190)
	at br.com.FuriniSolutions.dao.NotaFiscalDAO.retrive(NotaFiscalDAO.java:100)
	at br.com.FuriniSolutions.dao.ItemNotaDAO.findAllWithIDNota(ItemNotaDAO.java:190)
	at br.com.FuriniSolutions.dao.NotaFiscalDAO.retrive(NotaFiscalDAO.java:100)
	at br.com.FuriniSolutions.dao.ItemNotaDAO.findAllWithIDNota(ItemNotaDAO.java:190)
	at br.com.FuriniSolutions.dao.NotaFiscalDAO.retrive(NotaFiscalDAO.java:100)
	at br.com.FuriniSolutions.dao.ItemNotaDAO.findAllWithIDNota(ItemNotaDAO.java:190)
	at br.com.FuriniSolutions.dao.NotaFiscalDAO.retrive(NotaFiscalDAO.java:100)
	at br.com.FuriniSolutions.dao.ItemNotaDAO.findAllWithIDNota(ItemNotaDAO.java:190)
	at br.com.FuriniSolutions.dao.NotaFiscalDAO.retrive(NotaFiscalDAO.java:100)
	at br.com.FuriniSolutions.dao.ItemNotaDAO.findAllWithIDNota(ItemNotaDAO.java:190)
	at br.com.FuriniSolutions.dao.NotaFiscalDAO.retrive(NotaFiscalDAO.java:100)
	at br.com.FuriniSolutions.dao.ItemNotaDAO.findAllWithIDNota(ItemNotaDAO.java:190)
	at br.com.FuriniSolutions.dao.NotaFiscalDAO.retrive(NotaFiscalDAO.java:100)
	at br.com.FuriniSolutions.dao.ItemNotaDAO.findAllWithIDNota(ItemNotaDAO.java:190)
	at br.com.FuriniSolutions.dao.NotaFiscalDAO.retrive(NotaFiscalDAO.java:100)
	at br.com.FuriniSolutions.dao.ItemNotaDAO.findAllWithIDNota(ItemNotaDAO.java:190)
	at br.com.FuriniSolutions.dao.NotaFiscalDAO.retrive(NotaFiscalDAO.java:100)
	at br.com.FuriniSolutions.dao.ItemNotaDAO.findAllWithIDNota(ItemNotaDAO.java:190)
	at br.com.FuriniSolutions.dao.NotaFiscalDAO.retrive(NotaFiscalDAO.java:100)
	at br.com.FuriniSolutions.dao.ItemNotaDAO.findAllWithIDNota(ItemNotaDAO.java:190)
	at br.com.FuriniSolutions.dao.NotaFiscalDAO.retrive(NotaFiscalDAO.java:100)
	at br.com.FuriniSolutions.dao.ItemNotaDAO.findAllWithIDNota(ItemNotaDAO.java:190)
	at br.com.FuriniSolutions.dao.NotaFiscalDAO.retrive(NotaFiscalDAO.java:100)
	at br.com.FuriniSolutions.dao.ItemNotaDAO.findAllWithIDNota(ItemNotaDAO.java:190)
	at br.com.FuriniSolutions.dao.NotaFiscalDAO.retrive(NotaFiscalDAO.java:100)
	at br.com.FuriniSolutions.dao.ItemNotaDAO.findAllWithIDNota(ItemNotaDAO.java:190)
	at br.com.FuriniSolutions.dao.NotaFiscalDAO.retrive(NotaFiscalDAO.java:100)
	at br.com.FuriniSolutions.dao.ItemNotaDAO.findAllWithIDNota(ItemNotaDAO.java:190)
	at br.com.FuriniSolutions.dao.NotaFiscalDAO.retrive(NotaFiscalDAO.java:100)
	at br.com.FuriniSolutions.dao.ItemNotaDAO.findAll(ItemNotaDAO.java:151)
	at br.com.FuriniSolutions.dao.ItemNotaDAOIT.testFindAll(ItemNotaDAOIT.java:211)
	at java.base/jdk.internal.reflect.DirectMethodHandleAccessor.invoke(DirectMethodHandleAccessor.java:104)
	at java.base/java.lang.reflect.Method.invoke(Method.java:577)
	at org.junit.platform.commons.util.ReflectionUtils.invokeMethod(ReflectionUtils.java:727)
	at org.junit.jupiter.engine.execution.MethodInvocation.proceed(MethodInvocation.java:60)
	at org.junit.jupiter.engine.execution.InvocationInterceptorChain$ValidatingInvocation.proceed(InvocationInterceptorChain.java:131)
	at org.junit.jupiter.engine.extension.TimeoutExtension.intercept(TimeoutExtension.java:156)
	at org.junit.jupiter.engine.extension.TimeoutExtension.interceptTestableMethod(TimeoutExtension.java:147)
	at org.junit.jupiter.engine.extension.TimeoutExtension.interceptTestMethod(TimeoutExtension.java:86)
	at org.junit.jupiter.engine.execution.InterceptingExecutableInvoker$ReflectiveInterceptorCall.lambda$ofVoidMethod$0(InterceptingExecutableInvoker.java:103)
	at org.junit.jupiter.engine.execution.InterceptingExecutableInvoker.lambda$invoke$0(InterceptingExecutableInvoker.java:93)
	at org.junit.jupiter.engine.execution.InvocationInterceptorChain$InterceptedInvocation.proceed(InvocationInterceptorChain.java:106)
	at org.junit.jupiter.engine.execution.InvocationInterceptorChain.proceed(InvocationInterceptorChain.java:64)
	at org.junit.jupiter.engine.execution.InvocationInterceptorChain.chainAndInvoke(InvocationInterceptorChain.java:45)
	at org.junit.jupiter.engine.execution.InvocationInterceptorChain.invoke(InvocationInterceptorChain.java:37)
	at org.junit.jupiter.engine.execution.InterceptingExecutableInvoker.invoke(InterceptingExecutableInvoker.java:92)
	at org.junit.jupiter.engine.execution.InterceptingExecutableInvoker.invoke(InterceptingExecutableInvoker.java:86)
	at org.junit.jupiter.engine.descriptor.TestMethodTestDescriptor.lambda$invokeTestMethod$7(TestMethodTestDescriptor.java:217)
	at org.junit.platform.engine.support.hierarchical.ThrowableCollector.execute(ThrowableCollector.java:73)
	at org.junit.jupiter.engine.descriptor.TestMethodTestDescriptor.invokeTestMethod(TestMethodTestDescriptor.java:213)
	at org.junit.jupiter.engine.descriptor.TestMethodTestDescriptor.execute(TestMethodTestDescriptor.java:138)
	at org.junit.jupiter.engine.descriptor.TestMethodTestDescriptor.execute(TestMethodTestDescriptor.java:68)
	at org.junit.platform.engine.support.hierarchical.NodeTestTask.lambda$executeRecursively$6(NodeTestTask.java:151)
	at org.junit.platform.engine.support.hierarchical.ThrowableCollector.execute(ThrowableCollector.java:73)
	at org.junit.platform.engine.support.hierarchical.NodeTestTask.lambda$executeRecursively$8(NodeTestTask.java:141)
	at org.junit.platform.engine.support.hierarchical.Node.around(Node.java:137)
	at org.junit.platform.engine.support.hierarchical.NodeTestTask.lambda$executeRecursively$9(NodeTestTask.java:139)
	at org.junit.platform.engine.support.hierarchical.ThrowableCollector.execute(ThrowableCollector.java:73)
	at org.junit.platform.engine.support.hierarchical.NodeTestTask.executeRecursively(NodeTestTask.java:138)
	at org.junit.platform.engine.support.hierarchical.NodeTestTask.execute(NodeTestTask.java:95)
	at java.base/java.util.ArrayList.forEach(ArrayList.java:1511)
	at org.junit.platform.engine.support.hierarchical.SameThreadHierarchicalTestExecutorService.invokeAll(SameThreadHierarchicalTestExecutorService.java:41)
	at org.junit.platform.engine.support.hierarchical.NodeTestTask.lambda$executeRecursively$6(NodeTestTask.java:155)
	at org.junit.platform.engine.support.hierarchical.ThrowableCollector.execute(ThrowableCollector.java:73)
	at org.junit.platform.engine.support.hierarchical.NodeTestTask.lambda$executeRecursively$8(NodeTestTask.java:141)
	at org.junit.platform.engine.support.hierarchical.Node.around(Node.java:137)
	at org.junit.platform.engine.support.hierarchical.NodeTestTask.lambda$executeRecursively$9(NodeTestTask.java:139)
	at org.junit.platform.engine.support.hierarchical.ThrowableCollector.execute(ThrowableCollector.java:73)
	at org.junit.platform.engine.support.hierarchical.NodeTestTask.executeRecursively(NodeTestTask.java:138)
	at org.junit.platform.engine.support.hierarchical.NodeTestTask.execute(NodeTestTask.java:95)
	at java.base/java.util.ArrayList.forEach(ArrayList.java:1511)
	at org.junit.platform.engine.support.hierarchical.SameThreadHierarchicalTestExecutorService.invokeAll(SameThreadHierarchicalTestExecutorService.java:41)
	at org.junit.platform.engine.support.hierarchical.NodeTestTask.lambda$executeRecursively$6(NodeTestTask.java:155)
	at org.junit.platform.engine.support.hierarchical.ThrowableCollector.execute(ThrowableCollector.java:73)
	at org.junit.platform.engine.support.hierarchical.NodeTestTask.lambda$executeRecursively$8(NodeTestTask.java:141)
	at org.junit.platform.engine.support.hierarchical.Node.around(Node.java:137)
	at org.junit.platform.engine.support.hierarchical.NodeTestTask.lambda$executeRecursively$9(NodeTestTask.java:139)
	at org.junit.platform.engine.support.hierarchical.ThrowableCollector.execute(ThrowableCollector.java:73)
	at org.junit.platform.engine.support.hierarchical.NodeTestTask.executeRecursively(NodeTestTask.java:138)
	at org.junit.platform.engine.support.hierarchical.NodeTestTask.execute(NodeTestTask.java:95)
	at org.junit.platform.engine.support.hierarchical.SameThreadHierarchicalTestExecutorService.submit(SameThreadHierarchicalTestExecutorService.java:35)
	at org.junit.platform.engine.support.hierarchical.HierarchicalTestExecutor.execute(HierarchicalTestExecutor.java:57)
	at org.junit.platform.engine.support.hierarchical.HierarchicalTestEngine.execute(HierarchicalTestEngine.java:54)
	at org.junit.platform.launcher.core.EngineExecutionOrchestrator.execute(EngineExecutionOrchestrator.java:147)
	at org.junit.platform.launcher.core.EngineExecutionOrchestrator.execute(EngineExecutionOrchestrator.java:127)
	at org.junit.platform.launcher.core.EngineExecutionOrchestrator.execute(EngineExecutionOrchestrator.java:90)
	at org.junit.platform.launcher.core.EngineExecutionOrchestrator.lambda$execute$0(EngineExecutionOrchestrator.java:55)
	at org.junit.platform.launcher.core.EngineExecutionOrchestrator.withInterceptedStreams(EngineExecutionOrchestrator.java:102)
	at org.junit.platform.launcher.core.EngineExecutionOrchestrator.execute(EngineExecutionOrchestrator.java:54)
	at org.junit.platform.launcher.core.DefaultLauncher.execute(DefaultLauncher.java:114)
	at org.junit.platform.launcher.core.DefaultLauncher.execute(DefaultLauncher.java:86)
	at org.junit.platform.launcher.core.DefaultLauncherSession$DelegatingLauncher.execute(DefaultLauncherSession.java:86)
	at org.junit.platform.launcher.core.SessionPerRequestLauncher.execute(SessionPerRequestLauncher.java:53)
	at org.apache.maven.surefire.junitplatform.JUnitPlatformProvider.execute(JUnitPlatformProvider.java:188)
	at org.apache.maven.surefire.junitplatform.JUnitPlatformProvider.invokeAllTests(JUnitPlatformProvider.java:154)
	at org.apache.maven.surefire.junitplatform.JUnitPlatformProvider.invoke(JUnitPlatformProvider.java:128)
	at org.apache.maven.surefire.booter.ForkedBooter.runSuitesInProcess(ForkedBooter.java:428)
	at org.apache.maven.surefire.booter.ForkedBooter.execute(ForkedBooter.java:162)
	at org.apache.maven.surefire.booter.ForkedBooter.run(ForkedBooter.java:562)
	at org.apache.maven.surefire.booter.ForkedBooter.main(ForkedBooter.java:548)
Erro ao buscar ItemNotas com IDNota: Cannot invoke "java.sql.Connection.prepareStatement(String)" because "connection" is null
java.lang.NullPointerException: Cannot invoke "java.sql.Connection.prepareStatement(String)" because "connection" is null
	at br.com.FuriniSolutions.dao.ItemNotaDAO.findAllWithIDNota(ItemNotaDAO.java:173)
	at br.com.FuriniSolutions.dao.NotaFiscalDAO.retrive(NotaFiscalDAO.java:100)
	at br.com.FuriniSolutions.dao.ItemNotaDAO.findAllWithIDNota(ItemNotaDAO.java:190)
	at br.com.FuriniSolutions.dao.NotaFiscalDAO.retrive(NotaFiscalDAO.java:100)
	at br.com.FuriniSolutions.dao.ItemNotaDAO.findAllWithIDNota(ItemNotaDAO.java:190)
	at br.com.FuriniSolutions.dao.NotaFiscalDAO.retrive(NotaFiscalDAO.java:100)
	at br.com.FuriniSolutions.dao.ItemNotaDAO.findAllWithIDNota(ItemNotaDAO.java:190)
	at br.com.FuriniSolutions.dao.NotaFiscalDAO.retrive(NotaFiscalDAO.java:100)
	at br.com.FuriniSolutions.dao.ItemNotaDAO.findAllWithIDNota(ItemNotaDAO.java:190)
	at br.com.FuriniSolutions.dao.NotaFiscalDAO.retrive(NotaFiscalDAO.java:100)
	at br.com.FuriniSolutions.dao.ItemNotaDAO.findAllWithIDNota(ItemNotaDAO.java:190)
	at br.com.FuriniSolutions.dao.NotaFiscalDAO.retrive(NotaFiscalDAO.java:100)
	at br.com.FuriniSolutions.dao.ItemNotaDAO.findAllWithIDNota(ItemNotaDAO.java:190)
	at br.com.FuriniSolutions.dao.NotaFiscalDAO.retrive(NotaFiscalDAO.java:100)
	at br.com.FuriniSolutions.dao.ItemNotaDAO.findAllWithIDNota(ItemNotaDAO.java:190)
	at br.com.FuriniSolutions.dao.NotaFiscalDAO.retrive(NotaFiscalDAO.java:100)
	at br.com.FuriniSolutions.dao.ItemNotaDAO.findAllWithIDNota(ItemNotaDAO.java:190)
	at br.com.FuriniSolutions.dao.NotaFiscalDAO.retrive(NotaFiscalDAO.java:100)
	at br.com.FuriniSolutions.dao.ItemNotaDAO.findAllWithIDNota(ItemNotaDAO.java:190)
	at br.com.FuriniSolutions.dao.NotaFiscalDAO.retrive(NotaFiscalDAO.java:100)
	at br.com.FuriniSolutions.dao.ItemNotaDAO.findAllWithIDNota(ItemNotaDAO.java:190)
	at br.com.FuriniSolutions.dao.NotaFiscalDAO.retrive(NotaFiscalDAO.java:100)
	at br.com.FuriniSolutions.dao.ItemNotaDAO.findAllWithIDNota(ItemNotaDAO.java:190)
	at br.com.FuriniSolutions.dao.NotaFiscalDAO.retrive(NotaFiscalDAO.java:100)
	at br.com.FuriniSolutions.dao.ItemNotaDAO.findAllWithIDNota(ItemNotaDAO.java:190)
	at br.com.FuriniSolutions.dao.NotaFiscalDAO.retrive(NotaFiscalDAO.java:100)
	at br.com.FuriniSolutions.dao.ItemNotaDAO.findAllWithIDNota(ItemNotaDAO.java:190)
	at br.com.FuriniSolutions.dao.NotaFiscalDAO.retrive(NotaFiscalDAO.java:100)
	at br.com.FuriniSolutions.dao.ItemNotaDAO.findAllWithIDNota(ItemNotaDAO.java:190)
	at br.com.FuriniSolutions.dao.NotaFiscalDAO.retrive(NotaFiscalDAO.java:100)
	at br.com.FuriniSolutions.dao.ItemNotaDAO.findAllWithIDNota(ItemNotaDAO.java:190)
	at br.com.FuriniSolutions.dao.NotaFiscalDAO.retrive(NotaFiscalDAO.java:100)
	at br.com.FuriniSolutions.dao.ItemNotaDAO.findAllWithIDNota(ItemNotaDAO.java:190)
	at br.com.FuriniSolutions.dao.NotaFiscalDAO.retrive(NotaFiscalDAO.java:100)
	at br.com.FuriniSolutions.dao.ItemNotaDAO.findAllWithIDNota(ItemNotaDAO.java:190)
	at br.com.FuriniSolutions.dao.NotaFiscalDAO.retrive(NotaFiscalDAO.java:100)
	at br.com.FuriniSolutions.dao.ItemNotaDAO.findAllWithIDNota(ItemNotaDAO.java:190)
	at br.com.FuriniSolutions.dao.NotaFiscalDAO.retrive(NotaFiscalDAO.java:100)
	at br.com.FuriniSolutions.dao.ItemNotaDAO.findAllWithIDNota(ItemNotaDAO.java:190)
	at br.com.FuriniSolutions.dao.NotaFiscalDAO.retrive(NotaFiscalDAO.java:100)
	at br.com.FuriniSolutions.dao.ItemNotaDAO.findAllWithIDNota(ItemNotaDAO.java:190)
	at br.com.FuriniSolutions.dao.NotaFiscalDAO.retrive(NotaFiscalDAO.java:100)
	at br.com.FuriniSolutions.dao.ItemNotaDAO.findAllWithIDNota(ItemNotaDAO.java:190)
	at br.com.FuriniSolutions.dao.NotaFiscalDAO.retrive(NotaFiscalDAO.java:100)
	at br.com.FuriniSolutions.dao.ItemNotaDAO.findAllWithIDNota(ItemNotaDAO.java:190)
	at br.com.FuriniSolutions.dao.NotaFiscalDAO.retrive(NotaFiscalDAO.java:100)
	at br.com.FuriniSolutions.dao.ItemNotaDAO.findAllWithIDNota(ItemNotaDAO.java:190)
	at br.com.FuriniSolutions.dao.NotaFiscalDAO.retrive(NotaFiscalDAO.java:100)
	at br.com.FuriniSolutions.dao.ItemNotaDAO.findAllWithIDNota(ItemNotaDAO.java:190)
	at br.com.FuriniSolutions.dao.NotaFiscalDAO.retrive(NotaFiscalDAO.java:100)
	at br.com.FuriniSolutions.dao.ItemNotaDAO.findAllWithIDNota(ItemNotaDAO.java:190)
	at br.com.FuriniSolutions.dao.NotaFiscalDAO.retrive(NotaFiscalDAO.java:100)
	at br.com.FuriniSolutions.dao.ItemNotaDAO.findAllWithIDNota(ItemNotaDAO.java:190)
	at br.com.FuriniSolutions.dao.NotaFiscalDAO.retrive(NotaFiscalDAO.java:100)
	at br.com.FuriniSolutions.dao.ItemNotaDAO.findAllWithIDNota(ItemNotaDAO.java:190)
	at br.com.FuriniSolutions.dao.NotaFiscalDAO.retrive(NotaFiscalDAO.java:100)
	at br.com.FuriniSolutions.dao.ItemNotaDAO.findAllWithIDNota(ItemNotaDAO.java:190)
	at br.com.FuriniSolutions.dao.NotaFiscalDAO.retrive(NotaFiscalDAO.java:100)
	at br.com.FuriniSolutions.dao.ItemNotaDAO.findAllWithIDNota(ItemNotaDAO.java:190)
	at br.com.FuriniSolutions.dao.NotaFiscalDAO.retrive(NotaFiscalDAO.java:100)
	at br.com.FuriniSolutions.dao.ItemNotaDAO.findAllWithIDNota(ItemNotaDAO.java:190)
	at br.com.FuriniSolutions.dao.NotaFiscalDAO.retrive(NotaFiscalDAO.java:100)
	at br.com.FuriniSolutions.dao.ItemNotaDAO.findAllWithIDNota(ItemNotaDAO.java:190)
	at br.com.FuriniSolutions.dao.NotaFiscalDAO.retrive(NotaFiscalDAO.java:100)
	at br.com.FuriniSolutions.dao.ItemNotaDAO.findAllWithIDNota(ItemNotaDAO.java:190)
	at br.com.FuriniSolutions.dao.NotaFiscalDAO.retrive(NotaFiscalDAO.java:100)
	at br.com.FuriniSolutions.dao.ItemNotaDAO.findAllWithIDNota(ItemNotaDAO.java:190)
	at br.com.FuriniSolutions.dao.NotaFiscalDAO.retrive(NotaFiscalDAO.java:100)
	at br.com.FuriniSolutions.dao.ItemNotaDAO.findAllWithIDNota(ItemNotaDAO.java:190)
	at br.com.FuriniSolutions.dao.NotaFiscalDAO.retrive(NotaFiscalDAO.java:100)
	at br.com.FuriniSolutions.dao.ItemNotaDAO.findAllWithIDNota(ItemNotaDAO.java:190)
	at br.com.FuriniSolutions.dao.NotaFiscalDAO.retrive(NotaFiscalDAO.java:100)
	at br.com.FuriniSolutions.dao.ItemNotaDAO.findAllWithIDNota(ItemNotaDAO.java:190)
	at br.com.FuriniSolutions.dao.NotaFiscalDAO.retrive(NotaFiscalDAO.java:100)
	at br.com.FuriniSolutions.dao.ItemNotaDAO.findAllWithIDNota(ItemNotaDAO.java:190)
	at br.com.FuriniSolutions.dao.NotaFiscalDAO.retrive(NotaFiscalDAO.java:100)
	at br.com.FuriniSolutions.dao.ItemNotaDAO.findAllWithIDNota(ItemNotaDAO.java:190)
	at br.com.FuriniSolutions.dao.NotaFiscalDAO.retrive(NotaFiscalDAO.java:100)
	at br.com.FuriniSolutions.dao.ItemNotaDAO.findAllWithIDNota(ItemNotaDAO.java:190)
	at br.com.FuriniSolutions.dao.NotaFiscalDAO.retrive(NotaFiscalDAO.java:100)
	at br.com.FuriniSolutions.dao.ItemNotaDAO.findAllWithIDNota(ItemNotaDAO.java:190)
	at br.com.FuriniSolutions.dao.NotaFiscalDAO.retrive(NotaFiscalDAO.java:100)
	at br.com.FuriniSolutions.dao.ItemNotaDAO.findAllWithIDNota(ItemNotaDAO.java:190)
	at br.com.FuriniSolutions.dao.NotaFiscalDAO.retrive(NotaFiscalDAO.java:100)
	at br.com.FuriniSolutions.dao.ItemNotaDAO.findAllWithIDNota(ItemNotaDAO.java:190)
	at br.com.FuriniSolutions.dao.NotaFiscalDAO.retrive(NotaFiscalDAO.java:100)
	at br.com.FuriniSolutions.dao.ItemNotaDAO.findAllWithIDNota(ItemNotaDAO.java:190)
	at br.com.FuriniSolutions.dao.NotaFiscalDAO.retrive(NotaFiscalDAO.java:100)
	at br.com.FuriniSolutions.dao.ItemNotaDAO.findAllWithIDNota(ItemNotaDAO.java:190)
	at br.com.FuriniSolutions.dao.NotaFiscalDAO.retrive(NotaFiscalDAO.java:100)
	at br.com.FuriniSolutions.dao.ItemNotaDAO.findAllWithIDNota(ItemNotaDAO.java:190)
	at br.com.FuriniSolutions.dao.NotaFiscalDAO.retrive(NotaFiscalDAO.java:100)
	at br.com.FuriniSolutions.dao.ItemNotaDAO.findAllWithIDNota(ItemNotaDAO.java:190)
	at br.com.FuriniSolutions.dao.NotaFiscalDAO.retrive(NotaFiscalDAO.java:100)
	at br.com.FuriniSolutions.dao.ItemNotaDAO.findAllWithIDNota(ItemNotaDAO.java:190)
	at br.com.FuriniSolutions.dao.NotaFiscalDAO.retrive(NotaFiscalDAO.java:100)
	at br.com.FuriniSolutions.dao.ItemNotaDAO.findAllWithIDNota(ItemNotaDAO.java:190)
	at br.com.FuriniSolutions.dao.NotaFiscalDAO.retrive(NotaFiscalDAO.java:100)
	at br.com.FuriniSolutions.dao.ItemNotaDAO.findAllWithIDNota(ItemNotaDAO.java:190)
	at br.com.FuriniSolutions.dao.NotaFiscalDAO.retrive(NotaFiscalDAO.java:100)
	at br.com.FuriniSolutions.dao.ItemNotaDAO.findAllWithIDNota(ItemNotaDAO.java:190)
	at br.com.FuriniSolutions.dao.NotaFiscalDAO.retrive(NotaFiscalDAO.java:100)
	at br.com.FuriniSolutions.dao.ItemNotaDAO.findAllWithIDNota(ItemNotaDAO.java:190)
	at br.com.FuriniSolutions.dao.NotaFiscalDAO.retrive(NotaFiscalDAO.java:100)
	at br.com.FuriniSolutions.dao.ItemNotaDAO.findAllWithIDNota(ItemNotaDAO.java:190)
	at br.com.FuriniSolutions.dao.NotaFiscalDAO.retrive(NotaFiscalDAO.java:100)
	at br.com.FuriniSolutions.dao.ItemNotaDAO.findAllWithIDNota(ItemNotaDAO.java:190)
	at br.com.FuriniSolutions.dao.NotaFiscalDAO.retrive(NotaFiscalDAO.java:100)
	at br.com.FuriniSolutions.dao.ItemNotaDAO.findAllWithIDNota(ItemNotaDAO.java:190)
	at br.com.FuriniSolutions.dao.NotaFiscalDAO.retrive(NotaFiscalDAO.java:100)
	at br.com.FuriniSolutions.dao.ItemNotaDAO.findAllWithIDNota(ItemNotaDAO.java:190)
	at br.com.FuriniSolutions.dao.NotaFiscalDAO.retrive(NotaFiscalDAO.java:100)
	at br.com.FuriniSolutions.dao.ItemNotaDAO.findAllWithIDNota(ItemNotaDAO.java:190)
	at br.com.FuriniSolutions.dao.NotaFiscalDAO.retrive(NotaFiscalDAO.java:100)
	at br.com.FuriniSolutions.dao.ItemNotaDAO.findAllWithIDNota(ItemNotaDAO.java:190)
	at br.com.FuriniSolutions.dao.NotaFiscalDAO.retrive(NotaFiscalDAO.java:100)
	at br.com.FuriniSolutions.dao.ItemNotaDAO.findAllWithIDNota(ItemNotaDAO.java:190)
	at br.com.FuriniSolutions.dao.NotaFiscalDAO.retrive(NotaFiscalDAO.java:100)
	at br.com.FuriniSolutions.dao.ItemNotaDAO.findAllWithIDNota(ItemNotaDAO.java:190)
	at br.com.FuriniSolutions.dao.NotaFiscalDAO.retrive(NotaFiscalDAO.java:100)
	at br.com.FuriniSolutions.dao.ItemNotaDAO.findAllWithIDNota(ItemNotaDAO.java:190)
	at br.com.FuriniSolutions.dao.NotaFiscalDAO.retrive(NotaFiscalDAO.java:100)
	at br.com.FuriniSolutions.dao.ItemNotaDAO.findAllWithIDNota(ItemNotaDAO.java:190)
	at br.com.FuriniSolutions.dao.NotaFiscalDAO.retrive(NotaFiscalDAO.java:100)
	at br.com.FuriniSolutions.dao.ItemNotaDAO.findAllWithIDNota(ItemNotaDAO.java:190)
	at br.com.FuriniSolutions.dao.NotaFiscalDAO.retrive(NotaFiscalDAO.java:100)
	at br.com.FuriniSolutions.dao.ItemNotaDAO.findAllWithIDNota(ItemNotaDAO.java:190)
	at br.com.FuriniSolutions.dao.NotaFiscalDAO.retrive(NotaFiscalDAO.java:100)
	at br.com.FuriniSolutions.dao.ItemNotaDAO.findAllWithIDNota(ItemNotaDAO.java:190)
	at br.com.FuriniSolutions.dao.NotaFiscalDAO.retrive(NotaFiscalDAO.java:100)
	at br.com.FuriniSolutions.dao.ItemNotaDAO.findAllWithIDNota(ItemNotaDAO.java:190)
	at br.com.FuriniSolutions.dao.NotaFiscalDAO.retrive(NotaFiscalDAO.java:100)
	at br.com.FuriniSolutions.dao.ItemNotaDAO.findAllWithIDNota(ItemNotaDAO.java:190)
	at br.com.FuriniSolutions.dao.NotaFiscalDAO.retrive(NotaFiscalDAO.java:100)
	at br.com.FuriniSolutions.dao.ItemNotaDAO.findAllWithIDNota(ItemNotaDAO.java:190)
	at br.com.FuriniSolutions.dao.NotaFiscalDAO.retrive(NotaFiscalDAO.java:100)
	at br.com.FuriniSolutions.dao.ItemNotaDAO.findAllWithIDNota(ItemNotaDAO.java:190)
	at br.com.FuriniSolutions.dao.NotaFiscalDAO.retrive(NotaFiscalDAO.java:100)
	at br.com.FuriniSolutions.dao.ItemNotaDAO.findAllWithIDNota(ItemNotaDAO.java:190)
	at br.com.FuriniSolutions.dao.NotaFiscalDAO.retrive(NotaFiscalDAO.java:100)
	at br.com.FuriniSolutions.dao.ItemNotaDAO.findAllWithIDNota(ItemNotaDAO.java:190)
	at br.com.FuriniSolutions.dao.NotaFiscalDAO.retrive(NotaFiscalDAO.java:100)
	at br.com.FuriniSolutions.dao.ItemNotaDAO.findAllWithIDNota(ItemNotaDAO.java:190)
	at br.com.FuriniSolutions.dao.NotaFiscalDAO.retrive(NotaFiscalDAO.java:100)
	at br.com.FuriniSolutions.dao.ItemNotaDAO.findAllWithIDNota(ItemNotaDAO.java:190)
	at br.com.FuriniSolutions.dao.NotaFiscalDAO.retrive(NotaFiscalDAO.java:100)
	at br.com.FuriniSolutions.dao.ItemNotaDAO.findAllWithIDNota(ItemNotaDAO.java:190)
	at br.com.FuriniSolutions.dao.NotaFiscalDAO.retrive(NotaFiscalDAO.java:100)
	at br.com.FuriniSolutions.dao.ItemNotaDAO.findAllWithIDNota(ItemNotaDAO.java:190)
	at br.com.FuriniSolutions.dao.NotaFiscalDAO.retrive(NotaFiscalDAO.java:100)
	at br.com.FuriniSolutions.dao.ItemNotaDAO.findAll(ItemNotaDAO.java:151)
	at br.com.FuriniSolutions.dao.ItemNotaDAOIT.testFindAll(ItemNotaDAOIT.java:211)
	at java.base/jdk.internal.reflect.DirectMethodHandleAccessor.invoke(DirectMethodHandleAccessor.java:104)
	at java.base/java.lang.reflect.Method.invoke(Method.java:577)
	at org.junit.platform.commons.util.ReflectionUtils.invokeMethod(ReflectionUtils.java:727)
	at org.junit.jupiter.engine.execution.MethodInvocation.proceed(MethodInvocation.java:60)
	at org.junit.jupiter.engine.execution.InvocationInterceptorChain$ValidatingInvocation.proceed(InvocationInterceptorChain.java:131)
	at org.junit.jupiter.engine.extension.TimeoutExtension.intercept(TimeoutExtension.java:156)
	at org.junit.jupiter.engine.extension.TimeoutExtension.interceptTestableMethod(TimeoutExtension.java:147)
	at org.junit.jupiter.engine.extension.TimeoutExtension.interceptTestMethod(TimeoutExtension.java:86)
	at org.junit.jupiter.engine.execution.InterceptingExecutableInvoker$ReflectiveInterceptorCall.lambda$ofVoidMethod$0(InterceptingExecutableInvoker.java:103)
	at org.junit.jupiter.engine.execution.InterceptingExecutableInvoker.lambda$invoke$0(InterceptingExecutableInvoker.java:93)
	at org.junit.jupiter.engine.execution.InvocationInterceptorChain$InterceptedInvocation.proceed(InvocationInterceptorChain.java:106)
	at org.junit.jupiter.engine.execution.InvocationInterceptorChain.proceed(InvocationInterceptorChain.java:64)
	at org.junit.jupiter.engine.execution.InvocationInterceptorChain.chainAndInvoke(InvocationInterceptorChain.java:45)
	at org.junit.jupiter.engine.execution.InvocationInterceptorChain.invoke(InvocationInterceptorChain.java:37)
	at org.junit.jupiter.engine.execution.InterceptingExecutableInvoker.invoke(InterceptingExecutableInvoker.java:92)
	at org.junit.jupiter.engine.execution.InterceptingExecutableInvoker.invoke(InterceptingExecutableInvoker.java:86)
	at org.junit.jupiter.engine.descriptor.TestMethodTestDescriptor.lambda$invokeTestMethod$7(TestMethodTestDescriptor.java:217)
	at org.junit.platform.engine.support.hierarchical.ThrowableCollector.execute(ThrowableCollector.java:73)
	at org.junit.jupiter.engine.descriptor.TestMethodTestDescriptor.invokeTestMethod(TestMethodTestDescriptor.java:213)
	at org.junit.jupiter.engine.descriptor.TestMethodTestDescriptor.execute(TestMethodTestDescriptor.java:138)
	at org.junit.jupiter.engine.descriptor.TestMethodTestDescriptor.execute(TestMethodTestDescriptor.java:68)
	at org.junit.platform.engine.support.hierarchical.NodeTestTask.lambda$executeRecursively$6(NodeTestTask.java:151)
	at org.junit.platform.engine.support.hierarchical.ThrowableCollector.execute(ThrowableCollector.java:73)
	at org.junit.platform.engine.support.hierarchical.NodeTestTask.lambda$executeRecursively$8(NodeTestTask.java:141)
	at org.junit.platform.engine.support.hierarchical.Node.around(Node.java:137)
	at org.junit.platform.engine.support.hierarchical.NodeTestTask.lambda$executeRecursively$9(NodeTestTask.java:139)
	at org.junit.platform.engine.support.hierarchical.ThrowableCollector.execute(ThrowableCollector.java:73)
	at org.junit.platform.engine.support.hierarchical.NodeTestTask.executeRecursively(NodeTestTask.java:138)
	at org.junit.platform.engine.support.hierarchical.NodeTestTask.execute(NodeTestTask.java:95)
	at java.base/java.util.ArrayList.forEach(ArrayList.java:1511)
	at org.junit.platform.engine.support.hierarchical.SameThreadHierarchicalTestExecutorService.invokeAll(SameThreadHierarchicalTestExecutorService.java:41)
	at org.junit.platform.engine.support.hierarchical.NodeTestTask.lambda$executeRecursively$6(NodeTestTask.java:155)
	at org.junit.platform.engine.support.hierarchical.ThrowableCollector.execute(ThrowableCollector.java:73)
	at org.junit.platform.engine.support.hierarchical.NodeTestTask.lambda$executeRecursively$8(NodeTestTask.java:141)
	at org.junit.platform.engine.support.hierarchical.Node.around(Node.java:137)
	at org.junit.platform.engine.support.hierarchical.NodeTestTask.lambda$executeRecursively$9(NodeTestTask.java:139)
	at org.junit.platform.engine.support.hierarchical.ThrowableCollector.execute(ThrowableCollector.java:73)
	at org.junit.platform.engine.support.hierarchical.NodeTestTask.executeRecursively(NodeTestTask.java:138)
	at org.junit.platform.engine.support.hierarchical.NodeTestTask.execute(NodeTestTask.java:95)
	at java.base/java.util.ArrayList.forEach(ArrayList.java:1511)
	at org.junit.platform.engine.support.hierarchical.SameThreadHierarchicalTestExecutorService.invokeAll(SameThreadHierarchicalTestExecutorService.java:41)
	at org.junit.platform.engine.support.hierarchical.NodeTestTask.lambda$executeRecursively$6(NodeTestTask.java:155)
	at org.junit.platform.engine.support.hierarchical.ThrowableCollector.execute(ThrowableCollector.java:73)
	at org.junit.platform.engine.support.hierarchical.NodeTestTask.lambda$executeRecursively$8(NodeTestTask.java:141)
	at org.junit.platform.engine.support.hierarchical.Node.around(Node.java:137)
	at org.junit.platform.engine.support.hierarchical.NodeTestTask.lambda$executeRecursively$9(NodeTestTask.java:139)
	at org.junit.platform.engine.support.hierarchical.ThrowableCollector.execute(ThrowableCollector.java:73)
	at org.junit.platform.engine.support.hierarchical.NodeTestTask.executeRecursively(NodeTestTask.java:138)
	at org.junit.platform.engine.support.hierarchical.NodeTestTask.execute(NodeTestTask.java:95)
	at org.junit.platform.engine.support.hierarchical.SameThreadHierarchicalTestExecutorService.submit(SameThreadHierarchicalTestExecutorService.java:35)
	at org.junit.platform.engine.support.hierarchical.HierarchicalTestExecutor.execute(HierarchicalTestExecutor.java:57)
	at org.junit.platform.engine.support.hierarchical.HierarchicalTestEngine.execute(HierarchicalTestEngine.java:54)
	at org.junit.platform.launcher.core.EngineExecutionOrchestrator.execute(EngineExecutionOrchestrator.java:147)
	at org.junit.platform.launcher.core.EngineExecutionOrchestrator.execute(EngineExecutionOrchestrator.java:127)
	at org.junit.platform.launcher.core.EngineExecutionOrchestrator.execute(EngineExecutionOrchestrator.java:90)
	at org.junit.platform.launcher.core.EngineExecutionOrchestrator.lambda$execute$0(EngineExecutionOrchestrator.java:55)
	at org.junit.platform.launcher.core.EngineExecutionOrchestrator.withInterceptedStreams(EngineExecutionOrchestrator.java:102)
	at org.junit.platform.launcher.core.EngineExecutionOrchestrator.execute(EngineExecutionOrchestrator.java:54)
	at org.junit.platform.launcher.core.DefaultLauncher.execute(DefaultLauncher.java:114)
	at org.junit.platform.launcher.core.DefaultLauncher.execute(DefaultLauncher.java:86)
	at org.junit.platform.launcher.core.DefaultLauncherSession$DelegatingLauncher.execute(DefaultLauncherSession.java:86)
	at org.junit.platform.launcher.core.SessionPerRequestLauncher.execute(SessionPerRequestLauncher.java:53)
	at org.apache.maven.surefire.junitplatform.JUnitPlatformProvider.execute(JUnitPlatformProvider.java:188)
	at org.apache.maven.surefire.junitplatform.JUnitPlatformProvider.invokeAllTests(JUnitPlatformProvider.java:154)
	at org.apache.maven.surefire.junitplatform.JUnitPlatformProvider.invoke(JUnitPlatformProvider.java:128)
	at org.apache.maven.surefire.booter.ForkedBooter.runSuitesInProcess(ForkedBooter.java:428)
	at org.apache.maven.surefire.booter.ForkedBooter.execute(ForkedBooter.java:162)
	at org.apache.maven.surefire.booter.ForkedBooter.run(ForkedBooter.java:562)
	at org.apache.maven.surefire.booter.ForkedBooter.main(ForkedBooter.java:548)
Erro ao buscar ItemNotas com IDNota: Cannot invoke "java.sql.Connection.prepareStatement(String)" because "connection" is null
java.lang.NullPointerException: Cannot invoke "java.sql.Connection.prepareStatement(String)" because "connection" is null
	at br.com.FuriniSolutions.dao.ItemNotaDAO.findAllWithIDNota(ItemNotaDAO.java:173)
	at br.com.FuriniSolutions.dao.NotaFiscalDAO.retrive(NotaFiscalDAO.java:100)
	at br.com.FuriniSolutions.dao.ItemNotaDAO.findAllWithIDNota(ItemNotaDAO.java:190)
	at br.com.FuriniSolutions.dao.NotaFiscalDAO.retrive(NotaFiscalDAO.java:100)
	at br.com.FuriniSolutions.dao.ItemNotaDAO.findAllWithIDNota(ItemNotaDAO.java:190)
	at br.com.FuriniSolutions.dao.NotaFiscalDAO.retrive(NotaFiscalDAO.java:100)
	at br.com.FuriniSolutions.dao.ItemNotaDAO.findAllWithIDNota(ItemNotaDAO.java:190)
	at br.com.FuriniSolutions.dao.NotaFiscalDAO.retrive(NotaFiscalDAO.java:100)
	at br.com.FuriniSolutions.dao.ItemNotaDAO.findAllWithIDNota(ItemNotaDAO.java:190)
	at br.com.FuriniSolutions.dao.NotaFiscalDAO.retrive(NotaFiscalDAO.java:100)
	at br.com.FuriniSolutions.dao.ItemNotaDAO.findAllWithIDNota(ItemNotaDAO.java:190)
	at br.com.FuriniSolutions.dao.NotaFiscalDAO.retrive(NotaFiscalDAO.java:100)
	at br.com.FuriniSolutions.dao.ItemNotaDAO.findAllWithIDNota(ItemNotaDAO.java:190)
	at br.com.FuriniSolutions.dao.NotaFiscalDAO.retrive(NotaFiscalDAO.java:100)
	at br.com.FuriniSolutions.dao.ItemNotaDAO.findAllWithIDNota(ItemNotaDAO.java:190)
	at br.com.FuriniSolutions.dao.NotaFiscalDAO.retrive(NotaFiscalDAO.java:100)
	at br.com.FuriniSolutions.dao.ItemNotaDAO.findAllWithIDNota(ItemNotaDAO.java:190)
	at br.com.FuriniSolutions.dao.NotaFiscalDAO.retrive(NotaFiscalDAO.java:100)
	at br.com.FuriniSolutions.dao.ItemNotaDAO.findAllWithIDNota(ItemNotaDAO.java:190)
	at br.com.FuriniSolutions.dao.NotaFiscalDAO.retrive(NotaFiscalDAO.java:100)
	at br.com.FuriniSolutions.dao.ItemNotaDAO.findAllWithIDNota(ItemNotaDAO.java:190)
	at br.com.FuriniSolutions.dao.NotaFiscalDAO.retrive(NotaFiscalDAO.java:100)
	at br.com.FuriniSolutions.dao.ItemNotaDAO.findAllWithIDNota(ItemNotaDAO.java:190)
	at br.com.FuriniSolutions.dao.NotaFiscalDAO.retrive(NotaFiscalDAO.java:100)
	at br.com.FuriniSolutions.dao.ItemNotaDAO.findAllWithIDNota(ItemNotaDAO.java:190)
	at br.com.FuriniSolutions.dao.NotaFiscalDAO.retrive(NotaFiscalDAO.java:100)
	at br.com.FuriniSolutions.dao.ItemNotaDAO.findAllWithIDNota(ItemNotaDAO.java:190)
	at br.com.FuriniSolutions.dao.NotaFiscalDAO.retrive(NotaFiscalDAO.java:100)
	at br.com.FuriniSolutions.dao.ItemNotaDAO.findAllWithIDNota(ItemNotaDAO.java:190)
	at br.com.FuriniSolutions.dao.NotaFiscalDAO.retrive(NotaFiscalDAO.java:100)
	at br.com.FuriniSolutions.dao.ItemNotaDAO.findAllWithIDNota(ItemNotaDAO.java:190)
	at br.com.FuriniSolutions.dao.NotaFiscalDAO.retrive(NotaFiscalDAO.java:100)
	at br.com.FuriniSolutions.dao.ItemNotaDAO.findAllWithIDNota(ItemNotaDAO.java:190)
	at br.com.FuriniSolutions.dao.NotaFiscalDAO.retrive(NotaFiscalDAO.java:100)
	at br.com.FuriniSolutions.dao.ItemNotaDAO.findAllWithIDNota(ItemNotaDAO.java:190)
	at br.com.FuriniSolutions.dao.NotaFiscalDAO.retrive(NotaFiscalDAO.java:100)
	at br.com.FuriniSolutions.dao.ItemNotaDAO.findAllWithIDNota(ItemNotaDAO.java:190)
	at br.com.FuriniSolutions.dao.NotaFiscalDAO.retrive(NotaFiscalDAO.java:100)
	at br.com.FuriniSolutions.dao.ItemNotaDAO.findAllWithIDNota(ItemNotaDAO.java:190)
	at br.com.FuriniSolutions.dao.NotaFiscalDAO.retrive(NotaFiscalDAO.java:100)
	at br.com.FuriniSolutions.dao.ItemNotaDAO.findAllWithIDNota(ItemNotaDAO.java:190)
	at br.com.FuriniSolutions.dao.NotaFiscalDAO.retrive(NotaFiscalDAO.java:100)
	at br.com.FuriniSolutions.dao.ItemNotaDAO.findAllWithIDNota(ItemNotaDAO.java:190)
	at br.com.FuriniSolutions.dao.NotaFiscalDAO.retrive(NotaFiscalDAO.java:100)
	at br.com.FuriniSolutions.dao.ItemNotaDAO.findAllWithIDNota(ItemNotaDAO.java:190)
	at br.com.FuriniSolutions.dao.NotaFiscalDAO.retrive(NotaFiscalDAO.java:100)
	at br.com.FuriniSolutions.dao.ItemNotaDAO.findAllWithIDNota(ItemNotaDAO.java:190)
	at br.com.FuriniSolutions.dao.NotaFiscalDAO.retrive(NotaFiscalDAO.java:100)
	at br.com.FuriniSolutions.dao.ItemNotaDAO.findAllWithIDNota(ItemNotaDAO.java:190)
	at br.com.FuriniSolutions.dao.NotaFiscalDAO.retrive(NotaFiscalDAO.java:100)
	at br.com.FuriniSolutions.dao.ItemNotaDAO.findAllWithIDNota(ItemNotaDAO.java:190)
	at br.com.FuriniSolutions.dao.NotaFiscalDAO.retrive(NotaFiscalDAO.java:100)
	at br.com.FuriniSolutions.dao.ItemNotaDAO.findAllWithIDNota(ItemNotaDAO.java:190)
	at br.com.FuriniSolutions.dao.NotaFiscalDAO.retrive(NotaFiscalDAO.java:100)
	at br.com.FuriniSolutions.dao.ItemNotaDAO.findAllWithIDNota(ItemNotaDAO.java:190)
	at br.com.FuriniSolutions.dao.NotaFiscalDAO.retrive(NotaFiscalDAO.java:100)
	at br.com.FuriniSolutions.dao.ItemNotaDAO.findAllWithIDNota(ItemNotaDAO.java:190)
	at br.com.FuriniSolutions.dao.NotaFiscalDAO.retrive(NotaFiscalDAO.java:100)
	at br.com.FuriniSolutions.dao.ItemNotaDAO.findAllWithIDNota(ItemNotaDAO.java:190)
	at br.com.FuriniSolutions.dao.NotaFiscalDAO.retrive(NotaFiscalDAO.java:100)
	at br.com.FuriniSolutions.dao.ItemNotaDAO.findAllWithIDNota(ItemNotaDAO.java:190)
	at br.com.FuriniSolutions.dao.NotaFiscalDAO.retrive(NotaFiscalDAO.java:100)
	at br.com.FuriniSolutions.dao.ItemNotaDAO.findAllWithIDNota(ItemNotaDAO.java:190)
	at br.com.FuriniSolutions.dao.NotaFiscalDAO.retrive(NotaFiscalDAO.java:100)
	at br.com.FuriniSolutions.dao.ItemNotaDAO.findAllWithIDNota(ItemNotaDAO.java:190)
	at br.com.FuriniSolutions.dao.NotaFiscalDAO.retrive(NotaFiscalDAO.java:100)
	at br.com.FuriniSolutions.dao.ItemNotaDAO.findAllWithIDNota(ItemNotaDAO.java:190)
	at br.com.FuriniSolutions.dao.NotaFiscalDAO.retrive(NotaFiscalDAO.java:100)
	at br.com.FuriniSolutions.dao.ItemNotaDAO.findAllWithIDNota(ItemNotaDAO.java:190)
	at br.com.FuriniSolutions.dao.NotaFiscalDAO.retrive(NotaFiscalDAO.java:100)
	at br.com.FuriniSolutions.dao.ItemNotaDAO.findAllWithIDNota(ItemNotaDAO.java:190)
	at br.com.FuriniSolutions.dao.NotaFiscalDAO.retrive(NotaFiscalDAO.java:100)
	at br.com.FuriniSolutions.dao.ItemNotaDAO.findAllWithIDNota(ItemNotaDAO.java:190)
	at br.com.FuriniSolutions.dao.NotaFiscalDAO.retrive(NotaFiscalDAO.java:100)
	at br.com.FuriniSolutions.dao.ItemNotaDAO.findAllWithIDNota(ItemNotaDAO.java:190)
	at br.com.FuriniSolutions.dao.NotaFiscalDAO.retrive(NotaFiscalDAO.java:100)
	at br.com.FuriniSolutions.dao.ItemNotaDAO.findAllWithIDNota(ItemNotaDAO.java:190)
	at br.com.FuriniSolutions.dao.NotaFiscalDAO.retrive(NotaFiscalDAO.java:100)
	at br.com.FuriniSolutions.dao.ItemNotaDAO.findAllWithIDNota(ItemNotaDAO.java:190)
	at br.com.FuriniSolutions.dao.NotaFiscalDAO.retrive(NotaFiscalDAO.java:100)
	at br.com.FuriniSolutions.dao.ItemNotaDAO.findAllWithIDNota(ItemNotaDAO.java:190)
	at br.com.FuriniSolutions.dao.NotaFiscalDAO.retrive(NotaFiscalDAO.java:100)
	at br.com.FuriniSolutions.dao.ItemNotaDAO.findAllWithIDNota(ItemNotaDAO.java:190)
	at br.com.FuriniSolutions.dao.NotaFiscalDAO.retrive(NotaFiscalDAO.java:100)
	at br.com.FuriniSolutions.dao.ItemNotaDAO.findAllWithIDNota(ItemNotaDAO.java:190)
	at br.com.FuriniSolutions.dao.NotaFiscalDAO.retrive(NotaFiscalDAO.java:100)
	at br.com.FuriniSolutions.dao.ItemNotaDAO.findAllWithIDNota(ItemNotaDAO.java:190)
	at br.com.FuriniSolutions.dao.NotaFiscalDAO.retrive(NotaFiscalDAO.java:100)
	at br.com.FuriniSolutions.dao.ItemNotaDAO.findAllWithIDNota(ItemNotaDAO.java:190)
	at br.com.FuriniSolutions.dao.NotaFiscalDAO.retrive(NotaFiscalDAO.java:100)
	at br.com.FuriniSolutions.dao.ItemNotaDAO.findAllWithIDNota(ItemNotaDAO.java:190)
	at br.com.FuriniSolutions.dao.NotaFiscalDAO.retrive(NotaFiscalDAO.java:100)
	at br.com.FuriniSolutions.dao.ItemNotaDAO.findAllWithIDNota(ItemNotaDAO.java:190)
	at br.com.FuriniSolutions.dao.NotaFiscalDAO.retrive(NotaFiscalDAO.java:100)
	at br.com.FuriniSolutions.dao.ItemNotaDAO.findAllWithIDNota(ItemNotaDAO.java:190)
	at br.com.FuriniSolutions.dao.NotaFiscalDAO.retrive(NotaFiscalDAO.java:100)
	at br.com.FuriniSolutions.dao.ItemNotaDAO.findAllWithIDNota(ItemNotaDAO.java:190)
	at br.com.FuriniSolutions.dao.NotaFiscalDAO.retrive(NotaFiscalDAO.java:100)
	at br.com.FuriniSolutions.dao.ItemNotaDAO.findAllWithIDNota(ItemNotaDAO.java:190)
	at br.com.FuriniSolutions.dao.NotaFiscalDAO.retrive(NotaFiscalDAO.java:100)
	at br.com.FuriniSolutions.dao.ItemNotaDAO.findAllWithIDNota(ItemNotaDAO.java:190)
	at br.com.FuriniSolutions.dao.NotaFiscalDAO.retrive(NotaFiscalDAO.java:100)
	at br.com.FuriniSolutions.dao.ItemNotaDAO.findAllWithIDNota(ItemNotaDAO.java:190)
	at br.com.FuriniSolutions.dao.NotaFiscalDAO.retrive(NotaFiscalDAO.java:100)
	at br.com.FuriniSolutions.dao.ItemNotaDAO.findAllWithIDNota(ItemNotaDAO.java:190)
	at br.com.FuriniSolutions.dao.NotaFiscalDAO.retrive(NotaFiscalDAO.java:100)
	at br.com.FuriniSolutions.dao.ItemNotaDAO.findAllWithIDNota(ItemNotaDAO.java:190)
	at br.com.FuriniSolutions.dao.NotaFiscalDAO.retrive(NotaFiscalDAO.java:100)
	at br.com.FuriniSolutions.dao.ItemNotaDAO.findAllWithIDNota(ItemNotaDAO.java:190)
	at br.com.FuriniSolutions.dao.NotaFiscalDAO.retrive(NotaFiscalDAO.java:100)
	at br.com.FuriniSolutions.dao.ItemNotaDAO.findAllWithIDNota(ItemNotaDAO.java:190)
	at br.com.FuriniSolutions.dao.NotaFiscalDAO.retrive(NotaFiscalDAO.java:100)
	at br.com.FuriniSolutions.dao.ItemNotaDAO.findAllWithIDNota(ItemNotaDAO.java:190)
	at br.com.FuriniSolutions.dao.NotaFiscalDAO.retrive(NotaFiscalDAO.java:100)
	at br.com.FuriniSolutions.dao.ItemNotaDAO.findAllWithIDNota(ItemNotaDAO.java:190)
	at br.com.FuriniSolutions.dao.NotaFiscalDAO.retrive(NotaFiscalDAO.java:100)
	at br.com.FuriniSolutions.dao.ItemNotaDAO.findAllWithIDNota(ItemNotaDAO.java:190)
	at br.com.FuriniSolutions.dao.NotaFiscalDAO.retrive(NotaFiscalDAO.java:100)
	at br.com.FuriniSolutions.dao.ItemNotaDAO.findAllWithIDNota(ItemNotaDAO.java:190)
	at br.com.FuriniSolutions.dao.NotaFiscalDAO.retrive(NotaFiscalDAO.java:100)
	at br.com.FuriniSolutions.dao.ItemNotaDAO.findAllWithIDNota(ItemNotaDAO.java:190)
	at br.com.FuriniSolutions.dao.NotaFiscalDAO.retrive(NotaFiscalDAO.java:100)
	at br.com.FuriniSolutions.dao.ItemNotaDAO.findAllWithIDNota(ItemNotaDAO.java:190)
	at br.com.FuriniSolutions.dao.NotaFiscalDAO.retrive(NotaFiscalDAO.java:100)
	at br.com.FuriniSolutions.dao.ItemNotaDAO.findAllWithIDNota(ItemNotaDAO.java:190)
	at br.com.FuriniSolutions.dao.NotaFiscalDAO.retrive(NotaFiscalDAO.java:100)
	at br.com.FuriniSolutions.dao.ItemNotaDAO.findAllWithIDNota(ItemNotaDAO.java:190)
	at br.com.FuriniSolutions.dao.NotaFiscalDAO.retrive(NotaFiscalDAO.java:100)
	at br.com.FuriniSolutions.dao.ItemNotaDAO.findAllWithIDNota(ItemNotaDAO.java:190)
	at br.com.FuriniSolutions.dao.NotaFiscalDAO.retrive(NotaFiscalDAO.java:100)
	at br.com.FuriniSolutions.dao.ItemNotaDAO.findAllWithIDNota(ItemNotaDAO.java:190)
	at br.com.FuriniSolutions.dao.NotaFiscalDAO.retrive(NotaFiscalDAO.java:100)
	at br.com.FuriniSolutions.dao.ItemNotaDAO.findAllWithIDNota(ItemNotaDAO.java:190)
	at br.com.FuriniSolutions.dao.NotaFiscalDAO.retrive(NotaFiscalDAO.java:100)
	at br.com.FuriniSolutions.dao.ItemNotaDAO.findAllWithIDNota(ItemNotaDAO.java:190)
	at br.com.FuriniSolutions.dao.NotaFiscalDAO.retrive(NotaFiscalDAO.java:100)
	at br.com.FuriniSolutions.dao.ItemNotaDAO.findAllWithIDNota(ItemNotaDAO.java:190)
	at br.com.FuriniSolutions.dao.NotaFiscalDAO.retrive(NotaFiscalDAO.java:100)
	at br.com.FuriniSolutions.dao.ItemNotaDAO.findAllWithIDNota(ItemNotaDAO.java:190)
	at br.com.FuriniSolutions.dao.NotaFiscalDAO.retrive(NotaFiscalDAO.java:100)
	at br.com.FuriniSolutions.dao.ItemNotaDAO.findAllWithIDNota(ItemNotaDAO.java:190)
	at br.com.FuriniSolutions.dao.NotaFiscalDAO.retrive(NotaFiscalDAO.java:100)
	at br.com.FuriniSolutions.dao.ItemNotaDAO.findAllWithIDNota(ItemNotaDAO.java:190)
	at br.com.FuriniSolutions.dao.NotaFiscalDAO.retrive(NotaFiscalDAO.java:100)
	at br.com.FuriniSolutions.dao.ItemNotaDAO.findAllWithIDNota(ItemNotaDAO.java:190)
	at br.com.FuriniSolutions.dao.NotaFiscalDAO.retrive(NotaFiscalDAO.java:100)
	at br.com.FuriniSolutions.dao.ItemNotaDAO.findAllWithIDNota(ItemNotaDAO.java:190)
	at br.com.FuriniSolutions.dao.NotaFiscalDAO.retrive(NotaFiscalDAO.java:100)
	at br.com.FuriniSolutions.dao.ItemNotaDAO.findAllWithIDNota(ItemNotaDAO.java:190)
	at br.com.FuriniSolutions.dao.NotaFiscalDAO.retrive(NotaFiscalDAO.java:100)
	at br.com.FuriniSolutions.dao.ItemNotaDAO.findAll(ItemNotaDAO.java:151)
	at br.com.FuriniSolutions.dao.ItemNotaDAOIT.testFindAll(ItemNotaDAOIT.java:211)
	at java.base/jdk.internal.reflect.DirectMethodHandleAccessor.invoke(DirectMethodHandleAccessor.java:104)
	at java.base/java.lang.reflect.Method.invoke(Method.java:577)
	at org.junit.platform.commons.util.ReflectionUtils.invokeMethod(ReflectionUtils.java:727)
	at org.junit.jupiter.engine.execution.MethodInvocation.proceed(MethodInvocation.java:60)
	at org.junit.jupiter.engine.execution.InvocationInterceptorChain$ValidatingInvocation.proceed(InvocationInterceptorChain.java:131)
	at org.junit.jupiter.engine.extension.TimeoutExtension.intercept(TimeoutExtension.java:156)
	at org.junit.jupiter.engine.extension.TimeoutExtension.interceptTestableMethod(TimeoutExtension.java:147)
	at org.junit.jupiter.engine.extension.TimeoutExtension.interceptTestMethod(TimeoutExtension.java:86)
	at org.junit.jupiter.engine.execution.InterceptingExecutableInvoker$ReflectiveInterceptorCall.lambda$ofVoidMethod$0(InterceptingExecutableInvoker.java:103)
	at org.junit.jupiter.engine.execution.InterceptingExecutableInvoker.lambda$invoke$0(InterceptingExecutableInvoker.java:93)
	at org.junit.jupiter.engine.execution.InvocationInterceptorChain$InterceptedInvocation.proceed(InvocationInterceptorChain.java:106)
	at org.junit.jupiter.engine.execution.InvocationInterceptorChain.proceed(InvocationInterceptorChain.java:64)
	at org.junit.jupiter.engine.execution.InvocationInterceptorChain.chainAndInvoke(InvocationInterceptorChain.java:45)
	at org.junit.jupiter.engine.execution.InvocationInterceptorChain.invoke(InvocationInterceptorChain.java:37)
	at org.junit.jupiter.engine.execution.InterceptingExecutableInvoker.invoke(InterceptingExecutableInvoker.java:92)
	at org.junit.jupiter.engine.execution.InterceptingExecutableInvoker.invoke(InterceptingExecutableInvoker.java:86)
	at org.junit.jupiter.engine.descriptor.TestMethodTestDescriptor.lambda$invokeTestMethod$7(TestMethodTestDescriptor.java:217)
	at org.junit.platform.engine.support.hierarchical.ThrowableCollector.execute(ThrowableCollector.java:73)
	at org.junit.jupiter.engine.descriptor.TestMethodTestDescriptor.invokeTestMethod(TestMethodTestDescriptor.java:213)
	at org.junit.jupiter.engine.descriptor.TestMethodTestDescriptor.execute(TestMethodTestDescriptor.java:138)
	at org.junit.jupiter.engine.descriptor.TestMethodTestDescriptor.execute(TestMethodTestDescriptor.java:68)
	at org.junit.platform.engine.support.hierarchical.NodeTestTask.lambda$executeRecursively$6(NodeTestTask.java:151)
	at org.junit.platform.engine.support.hierarchical.ThrowableCollector.execute(ThrowableCollector.java:73)
	at org.junit.platform.engine.support.hierarchical.NodeTestTask.lambda$executeRecursively$8(NodeTestTask.java:141)
	at org.junit.platform.engine.support.hierarchical.Node.around(Node.java:137)
	at org.junit.platform.engine.support.hierarchical.NodeTestTask.lambda$executeRecursively$9(NodeTestTask.java:139)
	at org.junit.platform.engine.support.hierarchical.ThrowableCollector.execute(ThrowableCollector.java:73)
	at org.junit.platform.engine.support.hierarchical.NodeTestTask.executeRecursively(NodeTestTask.java:138)
	at org.junit.platform.engine.support.hierarchical.NodeTestTask.execute(NodeTestTask.java:95)
	at java.base/java.util.ArrayList.forEach(ArrayList.java:1511)
	at org.junit.platform.engine.support.hierarchical.SameThreadHierarchicalTestExecutorService.invokeAll(SameThreadHierarchicalTestExecutorService.java:41)
	at org.junit.platform.engine.support.hierarchical.NodeTestTask.lambda$executeRecursively$6(NodeTestTask.java:155)
	at org.junit.platform.engine.support.hierarchical.ThrowableCollector.execute(ThrowableCollector.java:73)
	at org.junit.platform.engine.support.hierarchical.NodeTestTask.lambda$executeRecursively$8(NodeTestTask.java:141)
	at org.junit.platform.engine.support.hierarchical.Node.around(Node.java:137)
	at org.junit.platform.engine.support.hierarchical.NodeTestTask.lambda$executeRecursively$9(NodeTestTask.java:139)
	at org.junit.platform.engine.support.hierarchical.ThrowableCollector.execute(ThrowableCollector.java:73)
	at org.junit.platform.engine.support.hierarchical.NodeTestTask.executeRecursively(NodeTestTask.java:138)
	at org.junit.platform.engine.support.hierarchical.NodeTestTask.execute(NodeTestTask.java:95)
	at java.base/java.util.ArrayList.forEach(ArrayList.java:1511)
	at org.junit.platform.engine.support.hierarchical.SameThreadHierarchicalTestExecutorService.invokeAll(SameThreadHierarchicalTestExecutorService.java:41)
	at org.junit.platform.engine.support.hierarchical.NodeTestTask.lambda$executeRecursively$6(NodeTestTask.java:155)
	at org.junit.platform.engine.support.hierarchical.ThrowableCollector.execute(ThrowableCollector.java:73)
	at org.junit.platform.engine.support.hierarchical.NodeTestTask.lambda$executeRecursively$8(NodeTestTask.java:141)
	at org.junit.platform.engine.support.hierarchical.Node.around(Node.java:137)
	at org.junit.platform.engine.support.hierarchical.NodeTestTask.lambda$executeRecursively$9(NodeTestTask.java:139)
	at org.junit.platform.engine.support.hierarchical.ThrowableCollector.execute(ThrowableCollector.java:73)
	at org.junit.platform.engine.support.hierarchical.NodeTestTask.executeRecursively(NodeTestTask.java:138)
	at org.junit.platform.engine.support.hierarchical.NodeTestTask.execute(NodeTestTask.java:95)
	at org.junit.platform.engine.support.hierarchical.SameThreadHierarchicalTestExecutorService.submit(SameThreadHierarchicalTestExecutorService.java:35)
	at org.junit.platform.engine.support.hierarchical.HierarchicalTestExecutor.execute(HierarchicalTestExecutor.java:57)
	at org.junit.platform.engine.support.hierarchical.HierarchicalTestEngine.execute(HierarchicalTestEngine.java:54)
	at org.junit.platform.launcher.core.EngineExecutionOrchestrator.execute(EngineExecutionOrchestrator.java:147)
	at org.junit.platform.launcher.core.EngineExecutionOrchestrator.execute(EngineExecutionOrchestrator.java:127)
	at org.junit.platform.launcher.core.EngineExecutionOrchestrator.execute(EngineExecutionOrchestrator.java:90)
	at org.junit.platform.launcher.core.EngineExecutionOrchestrator.lambda$execute$0(EngineExecutionOrchestrator.java:55)
	at org.junit.platform.launcher.core.EngineExecutionOrchestrator.withInterceptedStreams(EngineExecutionOrchestrator.java:102)
	at org.junit.platform.launcher.core.EngineExecutionOrchestrator.execute(EngineExecutionOrchestrator.java:54)
	at org.junit.platform.launcher.core.DefaultLauncher.execute(DefaultLauncher.java:114)
	at org.junit.platform.launcher.core.DefaultLauncher.execute(DefaultLauncher.java:86)
	at org.junit.platform.launcher.core.DefaultLauncherSession$DelegatingLauncher.execute(DefaultLauncherSession.java:86)
	at org.junit.platform.launcher.core.SessionPerRequestLauncher.execute(SessionPerRequestLauncher.java:53)
	at org.apache.maven.surefire.junitplatform.JUnitPlatformProvider.execute(JUnitPlatformProvider.java:188)
	at org.apache.maven.surefire.junitplatform.JUnitPlatformProvider.invokeAllTests(JUnitPlatformProvider.java:154)
	at org.apache.maven.surefire.junitplatform.JUnitPlatformProvider.invoke(JUnitPlatformProvider.java:128)
	at org.apache.maven.surefire.booter.ForkedBooter.runSuitesInProcess(ForkedBooter.java:428)
	at org.apache.maven.surefire.booter.ForkedBooter.execute(ForkedBooter.java:162)
	at org.apache.maven.surefire.booter.ForkedBooter.run(ForkedBooter.java:562)
	at org.apache.maven.surefire.booter.ForkedBooter.main(ForkedBooter.java:548)
Erro ao buscar ItemNotas com IDNota: Cannot invoke "java.sql.Connection.prepareStatement(String)" because "connection" is null
java.lang.NullPointerException: Cannot invoke "java.sql.Connection.prepareStatement(String)" because "connection" is null
	at br.com.FuriniSolutions.dao.ItemNotaDAO.findAllWithIDNota(ItemNotaDAO.java:173)
	at br.com.FuriniSolutions.dao.NotaFiscalDAO.retrive(NotaFiscalDAO.java:100)
	at br.com.FuriniSolutions.dao.ItemNotaDAO.findAllWithIDNota(ItemNotaDAO.java:190)
	at br.com.FuriniSolutions.dao.NotaFiscalDAO.retrive(NotaFiscalDAO.java:100)
	at br.com.FuriniSolutions.dao.ItemNotaDAO.findAllWithIDNota(ItemNotaDAO.java:190)
	at br.com.FuriniSolutions.dao.NotaFiscalDAO.retrive(NotaFiscalDAO.java:100)
	at br.com.FuriniSolutions.dao.ItemNotaDAO.findAllWithIDNota(ItemNotaDAO.java:190)
	at br.com.FuriniSolutions.dao.NotaFiscalDAO.retrive(NotaFiscalDAO.java:100)
	at br.com.FuriniSolutions.dao.ItemNotaDAO.findAllWithIDNota(ItemNotaDAO.java:190)
	at br.com.FuriniSolutions.dao.NotaFiscalDAO.retrive(NotaFiscalDAO.java:100)
	at br.com.FuriniSolutions.dao.ItemNotaDAO.findAllWithIDNota(ItemNotaDAO.java:190)
	at br.com.FuriniSolutions.dao.NotaFiscalDAO.retrive(NotaFiscalDAO.java:100)
	at br.com.FuriniSolutions.dao.ItemNotaDAO.findAllWithIDNota(ItemNotaDAO.java:190)
	at br.com.FuriniSolutions.dao.NotaFiscalDAO.retrive(NotaFiscalDAO.java:100)
	at br.com.FuriniSolutions.dao.ItemNotaDAO.findAllWithIDNota(ItemNotaDAO.java:190)
	at br.com.FuriniSolutions.dao.NotaFiscalDAO.retrive(NotaFiscalDAO.java:100)
	at br.com.FuriniSolutions.dao.ItemNotaDAO.findAllWithIDNota(ItemNotaDAO.java:190)
	at br.com.FuriniSolutions.dao.NotaFiscalDAO.retrive(NotaFiscalDAO.java:100)
	at br.com.FuriniSolutions.dao.ItemNotaDAO.findAllWithIDNota(ItemNotaDAO.java:190)
	at br.com.FuriniSolutions.dao.NotaFiscalDAO.retrive(NotaFiscalDAO.java:100)
	at br.com.FuriniSolutions.dao.ItemNotaDAO.findAllWithIDNota(ItemNotaDAO.java:190)
	at br.com.FuriniSolutions.dao.NotaFiscalDAO.retrive(NotaFiscalDAO.java:100)
	at br.com.FuriniSolutions.dao.ItemNotaDAO.findAllWithIDNota(ItemNotaDAO.java:190)
	at br.com.FuriniSolutions.dao.NotaFiscalDAO.retrive(NotaFiscalDAO.java:100)
	at br.com.FuriniSolutions.dao.ItemNotaDAO.findAllWithIDNota(ItemNotaDAO.java:190)
	at br.com.FuriniSolutions.dao.NotaFiscalDAO.retrive(NotaFiscalDAO.java:100)
	at br.com.FuriniSolutions.dao.ItemNotaDAO.findAllWithIDNota(ItemNotaDAO.java:190)
	at br.com.FuriniSolutions.dao.NotaFiscalDAO.retrive(NotaFiscalDAO.java:100)
	at br.com.FuriniSolutions.dao.ItemNotaDAO.findAllWithIDNota(ItemNotaDAO.java:190)
	at br.com.FuriniSolutions.dao.NotaFiscalDAO.retrive(NotaFiscalDAO.java:100)
	at br.com.FuriniSolutions.dao.ItemNotaDAO.findAllWithIDNota(ItemNotaDAO.java:190)
	at br.com.FuriniSolutions.dao.NotaFiscalDAO.retrive(NotaFiscalDAO.java:100)
	at br.com.FuriniSolutions.dao.ItemNotaDAO.findAllWithIDNota(ItemNotaDAO.java:190)
	at br.com.FuriniSolutions.dao.NotaFiscalDAO.retrive(NotaFiscalDAO.java:100)
	at br.com.FuriniSolutions.dao.ItemNotaDAO.findAllWithIDNota(ItemNotaDAO.java:190)
	at br.com.FuriniSolutions.dao.NotaFiscalDAO.retrive(NotaFiscalDAO.java:100)
	at br.com.FuriniSolutions.dao.ItemNotaDAO.findAllWithIDNota(ItemNotaDAO.java:190)
	at br.com.FuriniSolutions.dao.NotaFiscalDAO.retrive(NotaFiscalDAO.java:100)
	at br.com.FuriniSolutions.dao.ItemNotaDAO.findAllWithIDNota(ItemNotaDAO.java:190)
	at br.com.FuriniSolutions.dao.NotaFiscalDAO.retrive(NotaFiscalDAO.java:100)
	at br.com.FuriniSolutions.dao.ItemNotaDAO.findAllWithIDNota(ItemNotaDAO.java:190)
	at br.com.FuriniSolutions.dao.NotaFiscalDAO.retrive(NotaFiscalDAO.java:100)
	at br.com.FuriniSolutions.dao.ItemNotaDAO.findAllWithIDNota(ItemNotaDAO.java:190)
	at br.com.FuriniSolutions.dao.NotaFiscalDAO.retrive(NotaFiscalDAO.java:100)
	at br.com.FuriniSolutions.dao.ItemNotaDAO.findAllWithIDNota(ItemNotaDAO.java:190)
	at br.com.FuriniSolutions.dao.NotaFiscalDAO.retrive(NotaFiscalDAO.java:100)
	at br.com.FuriniSolutions.dao.ItemNotaDAO.findAllWithIDNota(ItemNotaDAO.java:190)
	at br.com.FuriniSolutions.dao.NotaFiscalDAO.retrive(NotaFiscalDAO.java:100)
	at br.com.FuriniSolutions.dao.ItemNotaDAO.findAllWithIDNota(ItemNotaDAO.java:190)
	at br.com.FuriniSolutions.dao.NotaFiscalDAO.retrive(NotaFiscalDAO.java:100)
	at br.com.FuriniSolutions.dao.ItemNotaDAO.findAllWithIDNota(ItemNotaDAO.java:190)
	at br.com.FuriniSolutions.dao.NotaFiscalDAO.retrive(NotaFiscalDAO.java:100)
	at br.com.FuriniSolutions.dao.ItemNotaDAO.findAllWithIDNota(ItemNotaDAO.java:190)
	at br.com.FuriniSolutions.dao.NotaFiscalDAO.retrive(NotaFiscalDAO.java:100)
	at br.com.FuriniSolutions.dao.ItemNotaDAO.findAllWithIDNota(ItemNotaDAO.java:190)
	at br.com.FuriniSolutions.dao.NotaFiscalDAO.retrive(NotaFiscalDAO.java:100)
	at br.com.FuriniSolutions.dao.ItemNotaDAO.findAllWithIDNota(ItemNotaDAO.java:190)
	at br.com.FuriniSolutions.dao.NotaFiscalDAO.retrive(NotaFiscalDAO.java:100)
	at br.com.FuriniSolutions.dao.ItemNotaDAO.findAllWithIDNota(ItemNotaDAO.java:190)
	at br.com.FuriniSolutions.dao.NotaFiscalDAO.retrive(NotaFiscalDAO.java:100)
	at br.com.FuriniSolutions.dao.ItemNotaDAO.findAllWithIDNota(ItemNotaDAO.java:190)
	at br.com.FuriniSolutions.dao.NotaFiscalDAO.retrive(NotaFiscalDAO.java:100)
	at br.com.FuriniSolutions.dao.ItemNotaDAO.findAllWithIDNota(ItemNotaDAO.java:190)
	at br.com.FuriniSolutions.dao.NotaFiscalDAO.retrive(NotaFiscalDAO.java:100)
	at br.com.FuriniSolutions.dao.ItemNotaDAO.findAllWithIDNota(ItemNotaDAO.java:190)
	at br.com.FuriniSolutions.dao.NotaFiscalDAO.retrive(NotaFiscalDAO.java:100)
	at br.com.FuriniSolutions.dao.ItemNotaDAO.findAllWithIDNota(ItemNotaDAO.java:190)
	at br.com.FuriniSolutions.dao.NotaFiscalDAO.retrive(NotaFiscalDAO.java:100)
	at br.com.FuriniSolutions.dao.ItemNotaDAO.findAllWithIDNota(ItemNotaDAO.java:190)
	at br.com.FuriniSolutions.dao.NotaFiscalDAO.retrive(NotaFiscalDAO.java:100)
	at br.com.FuriniSolutions.dao.ItemNotaDAO.findAllWithIDNota(ItemNotaDAO.java:190)
	at br.com.FuriniSolutions.dao.NotaFiscalDAO.retrive(NotaFiscalDAO.java:100)
	at br.com.FuriniSolutions.dao.ItemNotaDAO.findAllWithIDNota(ItemNotaDAO.java:190)
	at br.com.FuriniSolutions.dao.NotaFiscalDAO.retrive(NotaFiscalDAO.java:100)
	at br.com.FuriniSolutions.dao.ItemNotaDAO.findAllWithIDNota(ItemNotaDAO.java:190)
	at br.com.FuriniSolutions.dao.NotaFiscalDAO.retrive(NotaFiscalDAO.java:100)
	at br.com.FuriniSolutions.dao.ItemNotaDAO.findAllWithIDNota(ItemNotaDAO.java:190)
	at br.com.FuriniSolutions.dao.NotaFiscalDAO.retrive(NotaFiscalDAO.java:100)
	at br.com.FuriniSolutions.dao.ItemNotaDAO.findAllWithIDNota(ItemNotaDAO.java:190)
	at br.com.FuriniSolutions.dao.NotaFiscalDAO.retrive(NotaFiscalDAO.java:100)
	at br.com.FuriniSolutions.dao.ItemNotaDAO.findAllWithIDNota(ItemNotaDAO.java:190)
	at br.com.FuriniSolutions.dao.NotaFiscalDAO.retrive(NotaFiscalDAO.java:100)
	at br.com.FuriniSolutions.dao.ItemNotaDAO.findAllWithIDNota(ItemNotaDAO.java:190)
	at br.com.FuriniSolutions.dao.NotaFiscalDAO.retrive(NotaFiscalDAO.java:100)
	at br.com.FuriniSolutions.dao.ItemNotaDAO.findAllWithIDNota(ItemNotaDAO.java:190)
	at br.com.FuriniSolutions.dao.NotaFiscalDAO.retrive(NotaFiscalDAO.java:100)
	at br.com.FuriniSolutions.dao.ItemNotaDAO.findAllWithIDNota(ItemNotaDAO.java:190)
	at br.com.FuriniSolutions.dao.NotaFiscalDAO.retrive(NotaFiscalDAO.java:100)
	at br.com.FuriniSolutions.dao.ItemNotaDAO.findAllWithIDNota(ItemNotaDAO.java:190)
	at br.com.FuriniSolutions.dao.NotaFiscalDAO.retrive(NotaFiscalDAO.java:100)
	at br.com.FuriniSolutions.dao.ItemNotaDAO.findAllWithIDNota(ItemNotaDAO.java:190)
	at br.com.FuriniSolutions.dao.NotaFiscalDAO.retrive(NotaFiscalDAO.java:100)
	at br.com.FuriniSolutions.dao.ItemNotaDAO.findAllWithIDNota(ItemNotaDAO.java:190)
	at br.com.FuriniSolutions.dao.NotaFiscalDAO.retrive(NotaFiscalDAO.java:100)
	at br.com.FuriniSolutions.dao.ItemNotaDAO.findAllWithIDNota(ItemNotaDAO.java:190)
	at br.com.FuriniSolutions.dao.NotaFiscalDAO.retrive(NotaFiscalDAO.java:100)
	at br.com.FuriniSolutions.dao.ItemNotaDAO.findAllWithIDNota(ItemNotaDAO.java:190)
	at br.com.FuriniSolutions.dao.NotaFiscalDAO.retrive(NotaFiscalDAO.java:100)
	at br.com.FuriniSolutions.dao.ItemNotaDAO.findAllWithIDNota(ItemNotaDAO.java:190)
	at br.com.FuriniSolutions.dao.NotaFiscalDAO.retrive(NotaFiscalDAO.java:100)
	at br.com.FuriniSolutions.dao.ItemNotaDAO.findAllWithIDNota(ItemNotaDAO.java:190)
	at br.com.FuriniSolutions.dao.NotaFiscalDAO.retrive(NotaFiscalDAO.java:100)
	at br.com.FuriniSolutions.dao.ItemNotaDAO.findAllWithIDNota(ItemNotaDAO.java:190)
	at br.com.FuriniSolutions.dao.NotaFiscalDAO.retrive(NotaFiscalDAO.java:100)
	at br.com.FuriniSolutions.dao.ItemNotaDAO.findAllWithIDNota(ItemNotaDAO.java:190)
	at br.com.FuriniSolutions.dao.NotaFiscalDAO.retrive(NotaFiscalDAO.java:100)
	at br.com.FuriniSolutions.dao.ItemNotaDAO.findAllWithIDNota(ItemNotaDAO.java:190)
	at br.com.FuriniSolutions.dao.NotaFiscalDAO.retrive(NotaFiscalDAO.java:100)
	at br.com.FuriniSolutions.dao.ItemNotaDAO.findAllWithIDNota(ItemNotaDAO.java:190)
	at br.com.FuriniSolutions.dao.NotaFiscalDAO.retrive(NotaFiscalDAO.java:100)
	at br.com.FuriniSolutions.dao.ItemNotaDAO.findAllWithIDNota(ItemNotaDAO.java:190)
	at br.com.FuriniSolutions.dao.NotaFiscalDAO.retrive(NotaFiscalDAO.java:100)
	at br.com.FuriniSolutions.dao.ItemNotaDAO.findAllWithIDNota(ItemNotaDAO.java:190)
	at br.com.FuriniSolutions.dao.NotaFiscalDAO.retrive(NotaFiscalDAO.java:100)
	at br.com.FuriniSolutions.dao.ItemNotaDAO.findAllWithIDNota(ItemNotaDAO.java:190)
	at br.com.FuriniSolutions.dao.NotaFiscalDAO.retrive(NotaFiscalDAO.java:100)
	at br.com.FuriniSolutions.dao.ItemNotaDAO.findAllWithIDNota(ItemNotaDAO.java:190)
	at br.com.FuriniSolutions.dao.NotaFiscalDAO.retrive(NotaFiscalDAO.java:100)
	at br.com.FuriniSolutions.dao.ItemNotaDAO.findAllWithIDNota(ItemNotaDAO.java:190)
	at br.com.FuriniSolutions.dao.NotaFiscalDAO.retrive(NotaFiscalDAO.java:100)
	at br.com.FuriniSolutions.dao.ItemNotaDAO.findAllWithIDNota(ItemNotaDAO.java:190)
	at br.com.FuriniSolutions.dao.NotaFiscalDAO.retrive(NotaFiscalDAO.java:100)
	at br.com.FuriniSolutions.dao.ItemNotaDAO.findAllWithIDNota(ItemNotaDAO.java:190)
	at br.com.FuriniSolutions.dao.NotaFiscalDAO.retrive(NotaFiscalDAO.java:100)
	at br.com.FuriniSolutions.dao.ItemNotaDAO.findAllWithIDNota(ItemNotaDAO.java:190)
	at br.com.FuriniSolutions.dao.NotaFiscalDAO.retrive(NotaFiscalDAO.java:100)
	at br.com.FuriniSolutions.dao.ItemNotaDAO.findAllWithIDNota(ItemNotaDAO.java:190)
	at br.com.FuriniSolutions.dao.NotaFiscalDAO.retrive(NotaFiscalDAO.java:100)
	at br.com.FuriniSolutions.dao.ItemNotaDAO.findAllWithIDNota(ItemNotaDAO.java:190)
	at br.com.FuriniSolutions.dao.NotaFiscalDAO.retrive(NotaFiscalDAO.java:100)
	at br.com.FuriniSolutions.dao.ItemNotaDAO.findAllWithIDNota(ItemNotaDAO.java:190)
	at br.com.FuriniSolutions.dao.NotaFiscalDAO.retrive(NotaFiscalDAO.java:100)
	at br.com.FuriniSolutions.dao.ItemNotaDAO.findAllWithIDNota(ItemNotaDAO.java:190)
	at br.com.FuriniSolutions.dao.NotaFiscalDAO.retrive(NotaFiscalDAO.java:100)
	at br.com.FuriniSolutions.dao.ItemNotaDAO.findAllWithIDNota(ItemNotaDAO.java:190)
	at br.com.FuriniSolutions.dao.NotaFiscalDAO.retrive(NotaFiscalDAO.java:100)
	at br.com.FuriniSolutions.dao.ItemNotaDAO.findAllWithIDNota(ItemNotaDAO.java:190)
	at br.com.FuriniSolutions.dao.NotaFiscalDAO.retrive(NotaFiscalDAO.java:100)
	at br.com.FuriniSolutions.dao.ItemNotaDAO.findAllWithIDNota(ItemNotaDAO.java:190)
	at br.com.FuriniSolutions.dao.NotaFiscalDAO.retrive(NotaFiscalDAO.java:100)
	at br.com.FuriniSolutions.dao.ItemNotaDAO.findAllWithIDNota(ItemNotaDAO.java:190)
	at br.com.FuriniSolutions.dao.NotaFiscalDAO.retrive(NotaFiscalDAO.java:100)
	at br.com.FuriniSolutions.dao.ItemNotaDAO.findAllWithIDNota(ItemNotaDAO.java:190)
	at br.com.FuriniSolutions.dao.NotaFiscalDAO.retrive(NotaFiscalDAO.java:100)
	at br.com.FuriniSolutions.dao.ItemNotaDAO.findAllWithIDNota(ItemNotaDAO.java:190)
	at br.com.FuriniSolutions.dao.NotaFiscalDAO.retrive(NotaFiscalDAO.java:100)
	at br.com.FuriniSolutions.dao.ItemNotaDAO.findAllWithIDNota(ItemNotaDAO.java:190)
	at br.com.FuriniSolutions.dao.NotaFiscalDAO.retrive(NotaFiscalDAO.java:100)
	at br.com.FuriniSolutions.dao.ItemNotaDAO.findAllWithIDNota(ItemNotaDAO.java:190)
	at br.com.FuriniSolutions.dao.NotaFiscalDAO.retrive(NotaFiscalDAO.java:100)
	at br.com.FuriniSolutions.dao.ItemNotaDAO.findAll(ItemNotaDAO.java:151)
	at br.com.FuriniSolutions.dao.ItemNotaDAOIT.testFindAll(ItemNotaDAOIT.java:211)
	at java.base/jdk.internal.reflect.DirectMethodHandleAccessor.invoke(DirectMethodHandleAccessor.java:104)
	at java.base/java.lang.reflect.Method.invoke(Method.java:577)
	at org.junit.platform.commons.util.ReflectionUtils.invokeMethod(ReflectionUtils.java:727)
	at org.junit.jupiter.engine.execution.MethodInvocation.proceed(MethodInvocation.java:60)
	at org.junit.jupiter.engine.execution.InvocationInterceptorChain$ValidatingInvocation.proceed(InvocationInterceptorChain.java:131)
	at org.junit.jupiter.engine.extension.TimeoutExtension.intercept(TimeoutExtension.java:156)
	at org.junit.jupiter.engine.extension.TimeoutExtension.interceptTestableMethod(TimeoutExtension.java:147)
	at org.junit.jupiter.engine.extension.TimeoutExtension.interceptTestMethod(TimeoutExtension.java:86)
	at org.junit.jupiter.engine.execution.InterceptingExecutableInvoker$ReflectiveInterceptorCall.lambda$ofVoidMethod$0(InterceptingExecutableInvoker.java:103)
	at org.junit.jupiter.engine.execution.InterceptingExecutableInvoker.lambda$invoke$0(InterceptingExecutableInvoker.java:93)
	at org.junit.jupiter.engine.execution.InvocationInterceptorChain$InterceptedInvocation.proceed(InvocationInterceptorChain.java:106)
	at org.junit.jupiter.engine.execution.InvocationInterceptorChain.proceed(InvocationInterceptorChain.java:64)
	at org.junit.jupiter.engine.execution.InvocationInterceptorChain.chainAndInvoke(InvocationInterceptorChain.java:45)
	at org.junit.jupiter.engine.execution.InvocationInterceptorChain.invoke(InvocationInterceptorChain.java:37)
	at org.junit.jupiter.engine.execution.InterceptingExecutableInvoker.invoke(InterceptingExecutableInvoker.java:92)
	at org.junit.jupiter.engine.execution.InterceptingExecutableInvoker.invoke(InterceptingExecutableInvoker.java:86)
	at org.junit.jupiter.engine.descriptor.TestMethodTestDescriptor.lambda$invokeTestMethod$7(TestMethodTestDescriptor.java:217)
	at org.junit.platform.engine.support.hierarchical.ThrowableCollector.execute(ThrowableCollector.java:73)
	at org.junit.jupiter.engine.descriptor.TestMethodTestDescriptor.invokeTestMethod(TestMethodTestDescriptor.java:213)
	at org.junit.jupiter.engine.descriptor.TestMethodTestDescriptor.execute(TestMethodTestDescriptor.java:138)
	at org.junit.jupiter.engine.descriptor.TestMethodTestDescriptor.execute(TestMethodTestDescriptor.java:68)
	at org.junit.platform.engine.support.hierarchical.NodeTestTask.lambda$executeRecursively$6(NodeTestTask.java:151)
	at org.junit.platform.engine.support.hierarchical.ThrowableCollector.execute(ThrowableCollector.java:73)
	at org.junit.platform.engine.support.hierarchical.NodeTestTask.lambda$executeRecursively$8(NodeTestTask.java:141)
	at org.junit.platform.engine.support.hierarchical.Node.around(Node.java:137)
	at org.junit.platform.engine.support.hierarchical.NodeTestTask.lambda$executeRecursively$9(NodeTestTask.java:139)
	at org.junit.platform.engine.support.hierarchical.ThrowableCollector.execute(ThrowableCollector.java:73)
	at org.junit.platform.engine.support.hierarchical.NodeTestTask.executeRecursively(NodeTestTask.java:138)
	at org.junit.platform.engine.support.hierarchical.NodeTestTask.execute(NodeTestTask.java:95)
	at java.base/java.util.ArrayList.forEach(ArrayList.java:1511)
	at org.junit.platform.engine.support.hierarchical.SameThreadHierarchicalTestExecutorService.invokeAll(SameThreadHierarchicalTestExecutorService.java:41)
	at org.junit.platform.engine.support.hierarchical.NodeTestTask.lambda$executeRecursively$6(NodeTestTask.java:155)
	at org.junit.platform.engine.support.hierarchical.ThrowableCollector.execute(ThrowableCollector.java:73)
	at org.junit.platform.engine.support.hierarchical.NodeTestTask.lambda$executeRecursively$8(NodeTestTask.java:141)
	at org.junit.platform.engine.support.hierarchical.Node.around(Node.java:137)
	at org.junit.platform.engine.support.hierarchical.NodeTestTask.lambda$executeRecursively$9(NodeTestTask.java:139)
	at org.junit.platform.engine.support.hierarchical.ThrowableCollector.execute(ThrowableCollector.java:73)
	at org.junit.platform.engine.support.hierarchical.NodeTestTask.executeRecursively(NodeTestTask.java:138)
	at org.junit.platform.engine.support.hierarchical.NodeTestTask.execute(NodeTestTask.java:95)
	at java.base/java.util.ArrayList.forEach(ArrayList.java:1511)
	at org.junit.platform.engine.support.hierarchical.SameThreadHierarchicalTestExecutorService.invokeAll(SameThreadHierarchicalTestExecutorService.java:41)
	at org.junit.platform.engine.support.hierarchical.NodeTestTask.lambda$executeRecursively$6(NodeTestTask.java:155)
	at org.junit.platform.engine.support.hierarchical.ThrowableCollector.execute(ThrowableCollector.java:73)
	at org.junit.platform.engine.support.hierarchical.NodeTestTask.lambda$executeRecursively$8(NodeTestTask.java:141)
	at org.junit.platform.engine.support.hierarchical.Node.around(Node.java:137)
	at org.junit.platform.engine.support.hierarchical.NodeTestTask.lambda$executeRecursively$9(NodeTestTask.java:139)
	at org.junit.platform.engine.support.hierarchical.ThrowableCollector.execute(ThrowableCollector.java:73)
	at org.junit.platform.engine.support.hierarchical.NodeTestTask.executeRecursively(NodeTestTask.java:138)
	at org.junit.platform.engine.support.hierarchical.NodeTestTask.execute(NodeTestTask.java:95)
	at org.junit.platform.engine.support.hierarchical.SameThreadHierarchicalTestExecutorService.submit(SameThreadHierarchicalTestExecutorService.java:35)
	at org.junit.platform.engine.support.hierarchical.HierarchicalTestExecutor.execute(HierarchicalTestExecutor.java:57)
	at org.junit.platform.engine.support.hierarchical.HierarchicalTestEngine.execute(HierarchicalTestEngine.java:54)
	at org.junit.platform.launcher.core.EngineExecutionOrchestrator.execute(EngineExecutionOrchestrator.java:147)
	at org.junit.platform.launcher.core.EngineExecutionOrchestrator.execute(EngineExecutionOrchestrator.java:127)
	at org.junit.platform.launcher.core.EngineExecutionOrchestrator.execute(EngineExecutionOrchestrator.java:90)
	at org.junit.platform.launcher.core.EngineExecutionOrchestrator.lambda$execute$0(EngineExecutionOrchestrator.java:55)
	at org.junit.platform.launcher.core.EngineExecutionOrchestrator.withInterceptedStreams(EngineExecutionOrchestrator.java:102)
	at org.junit.platform.launcher.core.EngineExecutionOrchestrator.execute(EngineExecutionOrchestrator.java:54)
	at org.junit.platform.launcher.core.DefaultLauncher.execute(DefaultLauncher.java:114)
	at org.junit.platform.launcher.core.DefaultLauncher.execute(DefaultLauncher.java:86)
	at org.junit.platform.launcher.core.DefaultLauncherSession$DelegatingLauncher.execute(DefaultLauncherSession.java:86)
	at org.junit.platform.launcher.core.SessionPerRequestLauncher.execute(SessionPerRequestLauncher.java:53)
	at org.apache.maven.surefire.junitplatform.JUnitPlatformProvider.execute(JUnitPlatformProvider.java:188)
	at org.apache.maven.surefire.junitplatform.JUnitPlatformProvider.invokeAllTests(JUnitPlatformProvider.java:154)
	at org.apache.maven.surefire.junitplatform.JUnitPlatformProvider.invoke(JUnitPlatformProvider.java:128)
	at org.apache.maven.surefire.booter.ForkedBooter.runSuitesInProcess(ForkedBooter.java:428)
	at org.apache.maven.surefire.booter.ForkedBooter.execute(ForkedBooter.java:162)
	at org.apache.maven.surefire.booter.ForkedBooter.run(ForkedBooter.java:562)
	at org.apache.maven.surefire.booter.ForkedBooter.main(ForkedBooter.java:548)
Erro ao buscar ItemNotas com IDNota: Cannot invoke "java.sql.Connection.prepareStatement(String)" because "connection" is null
java.lang.NullPointerException: Cannot invoke "java.sql.Connection.prepareStatement(String)" because "connection" is null
	at br.com.FuriniSolutions.dao.ItemNotaDAO.findAllWithIDNota(ItemNotaDAO.java:173)
	at br.com.FuriniSolutions.dao.NotaFiscalDAO.retrive(NotaFiscalDAO.java:100)
	at br.com.FuriniSolutions.dao.ItemNotaDAO.findAllWithIDNota(ItemNotaDAO.java:190)
	at br.com.FuriniSolutions.dao.NotaFiscalDAO.retrive(NotaFiscalDAO.java:100)
	at br.com.FuriniSolutions.dao.ItemNotaDAO.findAllWithIDNota(ItemNotaDAO.java:190)
	at br.com.FuriniSolutions.dao.NotaFiscalDAO.retrive(NotaFiscalDAO.java:100)
	at br.com.FuriniSolutions.dao.ItemNotaDAO.findAllWithIDNota(ItemNotaDAO.java:190)
	at br.com.FuriniSolutions.dao.NotaFiscalDAO.retrive(NotaFiscalDAO.java:100)
	at br.com.FuriniSolutions.dao.ItemNotaDAO.findAllWithIDNota(ItemNotaDAO.java:190)
	at br.com.FuriniSolutions.dao.NotaFiscalDAO.retrive(NotaFiscalDAO.java:100)
	at br.com.FuriniSolutions.dao.ItemNotaDAO.findAllWithIDNota(ItemNotaDAO.java:190)
	at br.com.FuriniSolutions.dao.NotaFiscalDAO.retrive(NotaFiscalDAO.java:100)
	at br.com.FuriniSolutions.dao.ItemNotaDAO.findAllWithIDNota(ItemNotaDAO.java:190)
	at br.com.FuriniSolutions.dao.NotaFiscalDAO.retrive(NotaFiscalDAO.java:100)
	at br.com.FuriniSolutions.dao.ItemNotaDAO.findAllWithIDNota(ItemNotaDAO.java:190)
	at br.com.FuriniSolutions.dao.NotaFiscalDAO.retrive(NotaFiscalDAO.java:100)
	at br.com.FuriniSolutions.dao.ItemNotaDAO.findAllWithIDNota(ItemNotaDAO.java:190)
	at br.com.FuriniSolutions.dao.NotaFiscalDAO.retrive(NotaFiscalDAO.java:100)
	at br.com.FuriniSolutions.dao.ItemNotaDAO.findAllWithIDNota(ItemNotaDAO.java:190)
	at br.com.FuriniSolutions.dao.NotaFiscalDAO.retrive(NotaFiscalDAO.java:100)
	at br.com.FuriniSolutions.dao.ItemNotaDAO.findAllWithIDNota(ItemNotaDAO.java:190)
	at br.com.FuriniSolutions.dao.NotaFiscalDAO.retrive(NotaFiscalDAO.java:100)
	at br.com.FuriniSolutions.dao.ItemNotaDAO.findAllWithIDNota(ItemNotaDAO.java:190)
	at br.com.FuriniSolutions.dao.NotaFiscalDAO.retrive(NotaFiscalDAO.java:100)
	at br.com.FuriniSolutions.dao.ItemNotaDAO.findAllWithIDNota(ItemNotaDAO.java:190)
	at br.com.FuriniSolutions.dao.NotaFiscalDAO.retrive(NotaFiscalDAO.java:100)
	at br.com.FuriniSolutions.dao.ItemNotaDAO.findAllWithIDNota(ItemNotaDAO.java:190)
	at br.com.FuriniSolutions.dao.NotaFiscalDAO.retrive(NotaFiscalDAO.java:100)
	at br.com.FuriniSolutions.dao.ItemNotaDAO.findAllWithIDNota(ItemNotaDAO.java:190)
	at br.com.FuriniSolutions.dao.NotaFiscalDAO.retrive(NotaFiscalDAO.java:100)
	at br.com.FuriniSolutions.dao.ItemNotaDAO.findAllWithIDNota(ItemNotaDAO.java:190)
	at br.com.FuriniSolutions.dao.NotaFiscalDAO.retrive(NotaFiscalDAO.java:100)
	at br.com.FuriniSolutions.dao.ItemNotaDAO.findAllWithIDNota(ItemNotaDAO.java:190)
	at br.com.FuriniSolutions.dao.NotaFiscalDAO.retrive(NotaFiscalDAO.java:100)
	at br.com.FuriniSolutions.dao.ItemNotaDAO.findAllWithIDNota(ItemNotaDAO.java:190)
	at br.com.FuriniSolutions.dao.NotaFiscalDAO.retrive(NotaFiscalDAO.java:100)
	at br.com.FuriniSolutions.dao.ItemNotaDAO.findAllWithIDNota(ItemNotaDAO.java:190)
	at br.com.FuriniSolutions.dao.NotaFiscalDAO.retrive(NotaFiscalDAO.java:100)
	at br.com.FuriniSolutions.dao.ItemNotaDAO.findAllWithIDNota(ItemNotaDAO.java:190)
	at br.com.FuriniSolutions.dao.NotaFiscalDAO.retrive(NotaFiscalDAO.java:100)
	at br.com.FuriniSolutions.dao.ItemNotaDAO.findAllWithIDNota(ItemNotaDAO.java:190)
	at br.com.FuriniSolutions.dao.NotaFiscalDAO.retrive(NotaFiscalDAO.java:100)
	at br.com.FuriniSolutions.dao.ItemNotaDAO.findAllWithIDNota(ItemNotaDAO.java:190)
	at br.com.FuriniSolutions.dao.NotaFiscalDAO.retrive(NotaFiscalDAO.java:100)
	at br.com.FuriniSolutions.dao.ItemNotaDAO.findAllWithIDNota(ItemNotaDAO.java:190)
	at br.com.FuriniSolutions.dao.NotaFiscalDAO.retrive(NotaFiscalDAO.java:100)
	at br.com.FuriniSolutions.dao.ItemNotaDAO.findAllWithIDNota(ItemNotaDAO.java:190)
	at br.com.FuriniSolutions.dao.NotaFiscalDAO.retrive(NotaFiscalDAO.java:100)
	at br.com.FuriniSolutions.dao.ItemNotaDAO.findAllWithIDNota(ItemNotaDAO.java:190)
	at br.com.FuriniSolutions.dao.NotaFiscalDAO.retrive(NotaFiscalDAO.java:100)
	at br.com.FuriniSolutions.dao.ItemNotaDAO.findAllWithIDNota(ItemNotaDAO.java:190)
	at br.com.FuriniSolutions.dao.NotaFiscalDAO.retrive(NotaFiscalDAO.java:100)
	at br.com.FuriniSolutions.dao.ItemNotaDAO.findAllWithIDNota(ItemNotaDAO.java:190)
	at br.com.FuriniSolutions.dao.NotaFiscalDAO.retrive(NotaFiscalDAO.java:100)
	at br.com.FuriniSolutions.dao.ItemNotaDAO.findAllWithIDNota(ItemNotaDAO.java:190)
	at br.com.FuriniSolutions.dao.NotaFiscalDAO.retrive(NotaFiscalDAO.java:100)
	at br.com.FuriniSolutions.dao.ItemNotaDAO.findAllWithIDNota(ItemNotaDAO.java:190)
	at br.com.FuriniSolutions.dao.NotaFiscalDAO.retrive(NotaFiscalDAO.java:100)
	at br.com.FuriniSolutions.dao.ItemNotaDAO.findAllWithIDNota(ItemNotaDAO.java:190)
	at br.com.FuriniSolutions.dao.NotaFiscalDAO.retrive(NotaFiscalDAO.java:100)
	at br.com.FuriniSolutions.dao.ItemNotaDAO.findAllWithIDNota(ItemNotaDAO.java:190)
	at br.com.FuriniSolutions.dao.NotaFiscalDAO.retrive(NotaFiscalDAO.java:100)
	at br.com.FuriniSolutions.dao.ItemNotaDAO.findAllWithIDNota(ItemNotaDAO.java:190)
	at br.com.FuriniSolutions.dao.NotaFiscalDAO.retrive(NotaFiscalDAO.java:100)
	at br.com.FuriniSolutions.dao.ItemNotaDAO.findAllWithIDNota(ItemNotaDAO.java:190)
	at br.com.FuriniSolutions.dao.NotaFiscalDAO.retrive(NotaFiscalDAO.java:100)
	at br.com.FuriniSolutions.dao.ItemNotaDAO.findAllWithIDNota(ItemNotaDAO.java:190)
	at br.com.FuriniSolutions.dao.NotaFiscalDAO.retrive(NotaFiscalDAO.java:100)
	at br.com.FuriniSolutions.dao.ItemNotaDAO.findAllWithIDNota(ItemNotaDAO.java:190)
	at br.com.FuriniSolutions.dao.NotaFiscalDAO.retrive(NotaFiscalDAO.java:100)
	at br.com.FuriniSolutions.dao.ItemNotaDAO.findAllWithIDNota(ItemNotaDAO.java:190)
	at br.com.FuriniSolutions.dao.NotaFiscalDAO.retrive(NotaFiscalDAO.java:100)
	at br.com.FuriniSolutions.dao.ItemNotaDAO.findAllWithIDNota(ItemNotaDAO.java:190)
	at br.com.FuriniSolutions.dao.NotaFiscalDAO.retrive(NotaFiscalDAO.java:100)
	at br.com.FuriniSolutions.dao.ItemNotaDAO.findAllWithIDNota(ItemNotaDAO.java:190)
	at br.com.FuriniSolutions.dao.NotaFiscalDAO.retrive(NotaFiscalDAO.java:100)
	at br.com.FuriniSolutions.dao.ItemNotaDAO.findAllWithIDNota(ItemNotaDAO.java:190)
	at br.com.FuriniSolutions.dao.NotaFiscalDAO.retrive(NotaFiscalDAO.java:100)
	at br.com.FuriniSolutions.dao.ItemNotaDAO.findAllWithIDNota(ItemNotaDAO.java:190)
	at br.com.FuriniSolutions.dao.NotaFiscalDAO.retrive(NotaFiscalDAO.java:100)
	at br.com.FuriniSolutions.dao.ItemNotaDAO.findAllWithIDNota(ItemNotaDAO.java:190)
	at br.com.FuriniSolutions.dao.NotaFiscalDAO.retrive(NotaFiscalDAO.java:100)
	at br.com.FuriniSolutions.dao.ItemNotaDAO.findAllWithIDNota(ItemNotaDAO.java:190)
	at br.com.FuriniSolutions.dao.NotaFiscalDAO.retrive(NotaFiscalDAO.java:100)
	at br.com.FuriniSolutions.dao.ItemNotaDAO.findAllWithIDNota(ItemNotaDAO.java:190)
	at br.com.FuriniSolutions.dao.NotaFiscalDAO.retrive(NotaFiscalDAO.java:100)
	at br.com.FuriniSolutions.dao.ItemNotaDAO.findAllWithIDNota(ItemNotaDAO.java:190)
	at br.com.FuriniSolutions.dao.NotaFiscalDAO.retrive(NotaFiscalDAO.java:100)
	at br.com.FuriniSolutions.dao.ItemNotaDAO.findAllWithIDNota(ItemNotaDAO.java:190)
	at br.com.FuriniSolutions.dao.NotaFiscalDAO.retrive(NotaFiscalDAO.java:100)
	at br.com.FuriniSolutions.dao.ItemNotaDAO.findAllWithIDNota(ItemNotaDAO.java:190)
	at br.com.FuriniSolutions.dao.NotaFiscalDAO.retrive(NotaFiscalDAO.java:100)
	at br.com.FuriniSolutions.dao.ItemNotaDAO.findAllWithIDNota(ItemNotaDAO.java:190)
	at br.com.FuriniSolutions.dao.NotaFiscalDAO.retrive(NotaFiscalDAO.java:100)
	at br.com.FuriniSolutions.dao.ItemNotaDAO.findAllWithIDNota(ItemNotaDAO.java:190)
	at br.com.FuriniSolutions.dao.NotaFiscalDAO.retrive(NotaFiscalDAO.java:100)
	at br.com.FuriniSolutions.dao.ItemNotaDAO.findAllWithIDNota(ItemNotaDAO.java:190)
	at br.com.FuriniSolutions.dao.NotaFiscalDAO.retrive(NotaFiscalDAO.java:100)
	at br.com.FuriniSolutions.dao.ItemNotaDAO.findAllWithIDNota(ItemNotaDAO.java:190)
	at br.com.FuriniSolutions.dao.NotaFiscalDAO.retrive(NotaFiscalDAO.java:100)
	at br.com.FuriniSolutions.dao.ItemNotaDAO.findAllWithIDNota(ItemNotaDAO.java:190)
	at br.com.FuriniSolutions.dao.NotaFiscalDAO.retrive(NotaFiscalDAO.java:100)
	at br.com.FuriniSolutions.dao.ItemNotaDAO.findAllWithIDNota(ItemNotaDAO.java:190)
	at br.com.FuriniSolutions.dao.NotaFiscalDAO.retrive(NotaFiscalDAO.java:100)
	at br.com.FuriniSolutions.dao.ItemNotaDAO.findAllWithIDNota(ItemNotaDAO.java:190)
	at br.com.FuriniSolutions.dao.NotaFiscalDAO.retrive(NotaFiscalDAO.java:100)
	at br.com.FuriniSolutions.dao.ItemNotaDAO.findAllWithIDNota(ItemNotaDAO.java:190)
	at br.com.FuriniSolutions.dao.NotaFiscalDAO.retrive(NotaFiscalDAO.java:100)
	at br.com.FuriniSolutions.dao.ItemNotaDAO.findAllWithIDNota(ItemNotaDAO.java:190)
	at br.com.FuriniSolutions.dao.NotaFiscalDAO.retrive(NotaFiscalDAO.java:100)
	at br.com.FuriniSolutions.dao.ItemNotaDAO.findAllWithIDNota(ItemNotaDAO.java:190)
	at br.com.FuriniSolutions.dao.NotaFiscalDAO.retrive(NotaFiscalDAO.java:100)
	at br.com.FuriniSolutions.dao.ItemNotaDAO.findAllWithIDNota(ItemNotaDAO.java:190)
	at br.com.FuriniSolutions.dao.NotaFiscalDAO.retrive(NotaFiscalDAO.java:100)
	at br.com.FuriniSolutions.dao.ItemNotaDAO.findAllWithIDNota(ItemNotaDAO.java:190)
	at br.com.FuriniSolutions.dao.NotaFiscalDAO.retrive(NotaFiscalDAO.java:100)
	at br.com.FuriniSolutions.dao.ItemNotaDAO.findAllWithIDNota(ItemNotaDAO.java:190)
	at br.com.FuriniSolutions.dao.NotaFiscalDAO.retrive(NotaFiscalDAO.java:100)
	at br.com.FuriniSolutions.dao.ItemNotaDAO.findAllWithIDNota(ItemNotaDAO.java:190)
	at br.com.FuriniSolutions.dao.NotaFiscalDAO.retrive(NotaFiscalDAO.java:100)
	at br.com.FuriniSolutions.dao.ItemNotaDAO.findAllWithIDNota(ItemNotaDAO.java:190)
	at br.com.FuriniSolutions.dao.NotaFiscalDAO.retrive(NotaFiscalDAO.java:100)
	at br.com.FuriniSolutions.dao.ItemNotaDAO.findAllWithIDNota(ItemNotaDAO.java:190)
	at br.com.FuriniSolutions.dao.NotaFiscalDAO.retrive(NotaFiscalDAO.java:100)
	at br.com.FuriniSolutions.dao.ItemNotaDAO.findAllWithIDNota(ItemNotaDAO.java:190)
	at br.com.FuriniSolutions.dao.NotaFiscalDAO.retrive(NotaFiscalDAO.java:100)
	at br.com.FuriniSolutions.dao.ItemNotaDAO.findAllWithIDNota(ItemNotaDAO.java:190)
	at br.com.FuriniSolutions.dao.NotaFiscalDAO.retrive(NotaFiscalDAO.java:100)
	at br.com.FuriniSolutions.dao.ItemNotaDAO.findAllWithIDNota(ItemNotaDAO.java:190)
	at br.com.FuriniSolutions.dao.NotaFiscalDAO.retrive(NotaFiscalDAO.java:100)
	at br.com.FuriniSolutions.dao.ItemNotaDAO.findAllWithIDNota(ItemNotaDAO.java:190)
	at br.com.FuriniSolutions.dao.NotaFiscalDAO.retrive(NotaFiscalDAO.java:100)
	at br.com.FuriniSolutions.dao.ItemNotaDAO.findAllWithIDNota(ItemNotaDAO.java:190)
	at br.com.FuriniSolutions.dao.NotaFiscalDAO.retrive(NotaFiscalDAO.java:100)
	at br.com.FuriniSolutions.dao.ItemNotaDAO.findAllWithIDNota(ItemNotaDAO.java:190)
	at br.com.FuriniSolutions.dao.NotaFiscalDAO.retrive(NotaFiscalDAO.java:100)
	at br.com.FuriniSolutions.dao.ItemNotaDAO.findAllWithIDNota(ItemNotaDAO.java:190)
	at br.com.FuriniSolutions.dao.NotaFiscalDAO.retrive(NotaFiscalDAO.java:100)
	at br.com.FuriniSolutions.dao.ItemNotaDAO.findAllWithIDNota(ItemNotaDAO.java:190)
	at br.com.FuriniSolutions.dao.NotaFiscalDAO.retrive(NotaFiscalDAO.java:100)
	at br.com.FuriniSolutions.dao.ItemNotaDAO.findAllWithIDNota(ItemNotaDAO.java:190)
	at br.com.FuriniSolutions.dao.NotaFiscalDAO.retrive(NotaFiscalDAO.java:100)
	at br.com.FuriniSolutions.dao.ItemNotaDAO.findAllWithIDNota(ItemNotaDAO.java:190)
	at br.com.FuriniSolutions.dao.NotaFiscalDAO.retrive(NotaFiscalDAO.java:100)
	at br.com.FuriniSolutions.dao.ItemNotaDAO.findAllWithIDNota(ItemNotaDAO.java:190)
	at br.com.FuriniSolutions.dao.NotaFiscalDAO.retrive(NotaFiscalDAO.java:100)
	at br.com.FuriniSolutions.dao.ItemNotaDAO.findAllWithIDNota(ItemNotaDAO.java:190)
	at br.com.FuriniSolutions.dao.NotaFiscalDAO.retrive(NotaFiscalDAO.java:100)
	at br.com.FuriniSolutions.dao.ItemNotaDAO.findAllWithIDNota(ItemNotaDAO.java:190)
	at br.com.FuriniSolutions.dao.NotaFiscalDAO.retrive(NotaFiscalDAO.java:100)
	at br.com.FuriniSolutions.dao.ItemNotaDAO.findAll(ItemNotaDAO.java:151)
	at br.com.FuriniSolutions.dao.ItemNotaDAOIT.testFindAll(ItemNotaDAOIT.java:211)
	at java.base/jdk.internal.reflect.DirectMethodHandleAccessor.invoke(DirectMethodHandleAccessor.java:104)
	at java.base/java.lang.reflect.Method.invoke(Method.java:577)
	at org.junit.platform.commons.util.ReflectionUtils.invokeMethod(ReflectionUtils.java:727)
	at org.junit.jupiter.engine.execution.MethodInvocation.proceed(MethodInvocation.java:60)
	at org.junit.jupiter.engine.execution.InvocationInterceptorChain$ValidatingInvocation.proceed(InvocationInterceptorChain.java:131)
	at org.junit.jupiter.engine.extension.TimeoutExtension.intercept(TimeoutExtension.java:156)
	at org.junit.jupiter.engine.extension.TimeoutExtension.interceptTestableMethod(TimeoutExtension.java:147)
	at org.junit.jupiter.engine.extension.TimeoutExtension.interceptTestMethod(TimeoutExtension.java:86)
	at org.junit.jupiter.engine.execution.InterceptingExecutableInvoker$ReflectiveInterceptorCall.lambda$ofVoidMethod$0(InterceptingExecutableInvoker.java:103)
	at org.junit.jupiter.engine.execution.InterceptingExecutableInvoker.lambda$invoke$0(InterceptingExecutableInvoker.java:93)
	at org.junit.jupiter.engine.execution.InvocationInterceptorChain$InterceptedInvocation.proceed(InvocationInterceptorChain.java:106)
	at org.junit.jupiter.engine.execution.InvocationInterceptorChain.proceed(InvocationInterceptorChain.java:64)
	at org.junit.jupiter.engine.execution.InvocationInterceptorChain.chainAndInvoke(InvocationInterceptorChain.java:45)
	at org.junit.jupiter.engine.execution.InvocationInterceptorChain.invoke(InvocationInterceptorChain.java:37)
	at org.junit.jupiter.engine.execution.InterceptingExecutableInvoker.invoke(InterceptingExecutableInvoker.java:92)
	at org.junit.jupiter.engine.execution.InterceptingExecutableInvoker.invoke(InterceptingExecutableInvoker.java:86)
	at org.junit.jupiter.engine.descriptor.TestMethodTestDescriptor.lambda$invokeTestMethod$7(TestMethodTestDescriptor.java:217)
	at org.junit.platform.engine.support.hierarchical.ThrowableCollector.execute(ThrowableCollector.java:73)
	at org.junit.jupiter.engine.descriptor.TestMethodTestDescriptor.invokeTestMethod(TestMethodTestDescriptor.java:213)
	at org.junit.jupiter.engine.descriptor.TestMethodTestDescriptor.execute(TestMethodTestDescriptor.java:138)
	at org.junit.jupiter.engine.descriptor.TestMethodTestDescriptor.execute(TestMethodTestDescriptor.java:68)
	at org.junit.platform.engine.support.hierarchical.NodeTestTask.lambda$executeRecursively$6(NodeTestTask.java:151)
	at org.junit.platform.engine.support.hierarchical.ThrowableCollector.execute(ThrowableCollector.java:73)
	at org.junit.platform.engine.support.hierarchical.NodeTestTask.lambda$executeRecursively$8(NodeTestTask.java:141)
	at org.junit.platform.engine.support.hierarchical.Node.around(Node.java:137)
	at org.junit.platform.engine.support.hierarchical.NodeTestTask.lambda$executeRecursively$9(NodeTestTask.java:139)
	at org.junit.platform.engine.support.hierarchical.ThrowableCollector.execute(ThrowableCollector.java:73)
	at org.junit.platform.engine.support.hierarchical.NodeTestTask.executeRecursively(NodeTestTask.java:138)
	at org.junit.platform.engine.support.hierarchical.NodeTestTask.execute(NodeTestTask.java:95)
	at java.base/java.util.ArrayList.forEach(ArrayList.java:1511)
	at org.junit.platform.engine.support.hierarchical.SameThreadHierarchicalTestExecutorService.invokeAll(SameThreadHierarchicalTestExecutorService.java:41)
	at org.junit.platform.engine.support.hierarchical.NodeTestTask.lambda$executeRecursively$6(NodeTestTask.java:155)
	at org.junit.platform.engine.support.hierarchical.ThrowableCollector.execute(ThrowableCollector.java:73)
	at org.junit.platform.engine.support.hierarchical.NodeTestTask.lambda$executeRecursively$8(NodeTestTask.java:141)
	at org.junit.platform.engine.support.hierarchical.Node.around(Node.java:137)
	at org.junit.platform.engine.support.hierarchical.NodeTestTask.lambda$executeRecursively$9(NodeTestTask.java:139)
	at org.junit.platform.engine.support.hierarchical.ThrowableCollector.execute(ThrowableCollector.java:73)
	at org.junit.platform.engine.support.hierarchical.NodeTestTask.executeRecursively(NodeTestTask.java:138)
	at org.junit.platform.engine.support.hierarchical.NodeTestTask.execute(NodeTestTask.java:95)
	at java.base/java.util.ArrayList.forEach(ArrayList.java:1511)
	at org.junit.platform.engine.support.hierarchical.SameThreadHierarchicalTestExecutorService.invokeAll(SameThreadHierarchicalTestExecutorService.java:41)
	at org.junit.platform.engine.support.hierarchical.NodeTestTask.lambda$executeRecursively$6(NodeTestTask.java:155)
	at org.junit.platform.engine.support.hierarchical.ThrowableCollector.execute(ThrowableCollector.java:73)
	at org.junit.platform.engine.support.hierarchical.NodeTestTask.lambda$executeRecursively$8(NodeTestTask.java:141)
	at org.junit.platform.engine.support.hierarchical.Node.around(Node.java:137)
	at org.junit.platform.engine.support.hierarchical.NodeTestTask.lambda$executeRecursively$9(NodeTestTask.java:139)
	at org.junit.platform.engine.support.hierarchical.ThrowableCollector.execute(ThrowableCollector.java:73)
	at org.junit.platform.engine.support.hierarchical.NodeTestTask.executeRecursively(NodeTestTask.java:138)
	at org.junit.platform.engine.support.hierarchical.NodeTestTask.execute(NodeTestTask.java:95)
	at org.junit.platform.engine.support.hierarchical.SameThreadHierarchicalTestExecutorService.submit(SameThreadHierarchicalTestExecutorService.java:35)
	at org.junit.platform.engine.support.hierarchical.HierarchicalTestExecutor.execute(HierarchicalTestExecutor.java:57)
	at org.junit.platform.engine.support.hierarchical.HierarchicalTestEngine.execute(HierarchicalTestEngine.java:54)
	at org.junit.platform.launcher.core.EngineExecutionOrchestrator.execute(EngineExecutionOrchestrator.java:147)
	at org.junit.platform.launcher.core.EngineExecutionOrchestrator.execute(EngineExecutionOrchestrator.java:127)
	at org.junit.platform.launcher.core.EngineExecutionOrchestrator.execute(EngineExecutionOrchestrator.java:90)
	at org.junit.platform.launcher.core.EngineExecutionOrchestrator.lambda$execute$0(EngineExecutionOrchestrator.java:55)
	at org.junit.platform.launcher.core.EngineExecutionOrchestrator.withInterceptedStreams(EngineExecutionOrchestrator.java:102)
	at org.junit.platform.launcher.core.EngineExecutionOrchestrator.execute(EngineExecutionOrchestrator.java:54)
	at org.junit.platform.launcher.core.DefaultLauncher.execute(DefaultLauncher.java:114)
	at org.junit.platform.launcher.core.DefaultLauncher.execute(DefaultLauncher.java:86)
	at org.junit.platform.launcher.core.DefaultLauncherSession$DelegatingLauncher.execute(DefaultLauncherSession.java:86)
	at org.junit.platform.launcher.core.SessionPerRequestLauncher.execute(SessionPerRequestLauncher.java:53)
	at org.apache.maven.surefire.junitplatform.JUnitPlatformProvider.execute(JUnitPlatformProvider.java:188)
	at org.apache.maven.surefire.junitplatform.JUnitPlatformProvider.invokeAllTests(JUnitPlatformProvider.java:154)
	at org.apache.maven.surefire.junitplatform.JUnitPlatformProvider.invoke(JUnitPlatformProvider.java:128)
	at org.apache.maven.surefire.booter.ForkedBooter.runSuitesInProcess(ForkedBooter.java:428)
	at org.apache.maven.surefire.booter.ForkedBooter.execute(ForkedBooter.java:162)
	at org.apache.maven.surefire.booter.ForkedBooter.run(ForkedBooter.java:562)
	at org.apache.maven.surefire.booter.ForkedBooter.main(ForkedBooter.java:548)
Erro ao buscar ItemNotas com IDNota: Cannot invoke "java.sql.Connection.prepareStatement(String)" because "connection" is null
java.lang.NullPointerException: Cannot invoke "java.sql.Connection.prepareStatement(String)" because "connection" is null
	at br.com.FuriniSolutions.dao.ItemNotaDAO.findAllWithIDNota(ItemNotaDAO.java:173)
	at br.com.FuriniSolutions.dao.NotaFiscalDAO.retrive(NotaFiscalDAO.java:100)
	at br.com.FuriniSolutions.dao.ItemNotaDAO.findAllWithIDNota(ItemNotaDAO.java:190)
	at br.com.FuriniSolutions.dao.NotaFiscalDAO.retrive(NotaFiscalDAO.java:100)
	at br.com.FuriniSolutions.dao.ItemNotaDAO.findAllWithIDNota(ItemNotaDAO.java:190)
	at br.com.FuriniSolutions.dao.NotaFiscalDAO.retrive(NotaFiscalDAO.java:100)
	at br.com.FuriniSolutions.dao.ItemNotaDAO.findAllWithIDNota(ItemNotaDAO.java:190)
	at br.com.FuriniSolutions.dao.NotaFiscalDAO.retrive(NotaFiscalDAO.java:100)
	at br.com.FuriniSolutions.dao.ItemNotaDAO.findAllWithIDNota(ItemNotaDAO.java:190)
	at br.com.FuriniSolutions.dao.NotaFiscalDAO.retrive(NotaFiscalDAO.java:100)
	at br.com.FuriniSolutions.dao.ItemNotaDAO.findAllWithIDNota(ItemNotaDAO.java:190)
	at br.com.FuriniSolutions.dao.NotaFiscalDAO.retrive(NotaFiscalDAO.java:100)
	at br.com.FuriniSolutions.dao.ItemNotaDAO.findAllWithIDNota(ItemNotaDAO.java:190)
	at br.com.FuriniSolutions.dao.NotaFiscalDAO.retrive(NotaFiscalDAO.java:100)
	at br.com.FuriniSolutions.dao.ItemNotaDAO.findAllWithIDNota(ItemNotaDAO.java:190)
	at br.com.FuriniSolutions.dao.NotaFiscalDAO.retrive(NotaFiscalDAO.java:100)
	at br.com.FuriniSolutions.dao.ItemNotaDAO.findAllWithIDNota(ItemNotaDAO.java:190)
	at br.com.FuriniSolutions.dao.NotaFiscalDAO.retrive(NotaFiscalDAO.java:100)
	at br.com.FuriniSolutions.dao.ItemNotaDAO.findAllWithIDNota(ItemNotaDAO.java:190)
	at br.com.FuriniSolutions.dao.NotaFiscalDAO.retrive(NotaFiscalDAO.java:100)
	at br.com.FuriniSolutions.dao.ItemNotaDAO.findAllWithIDNota(ItemNotaDAO.java:190)
	at br.com.FuriniSolutions.dao.NotaFiscalDAO.retrive(NotaFiscalDAO.java:100)
	at br.com.FuriniSolutions.dao.ItemNotaDAO.findAllWithIDNota(ItemNotaDAO.java:190)
	at br.com.FuriniSolutions.dao.NotaFiscalDAO.retrive(NotaFiscalDAO.java:100)
	at br.com.FuriniSolutions.dao.ItemNotaDAO.findAllWithIDNota(ItemNotaDAO.java:190)
	at br.com.FuriniSolutions.dao.NotaFiscalDAO.retrive(NotaFiscalDAO.java:100)
	at br.com.FuriniSolutions.dao.ItemNotaDAO.findAllWithIDNota(ItemNotaDAO.java:190)
	at br.com.FuriniSolutions.dao.NotaFiscalDAO.retrive(NotaFiscalDAO.java:100)
	at br.com.FuriniSolutions.dao.ItemNotaDAO.findAllWithIDNota(ItemNotaDAO.java:190)
	at br.com.FuriniSolutions.dao.NotaFiscalDAO.retrive(NotaFiscalDAO.java:100)
	at br.com.FuriniSolutions.dao.ItemNotaDAO.findAllWithIDNota(ItemNotaDAO.java:190)
	at br.com.FuriniSolutions.dao.NotaFiscalDAO.retrive(NotaFiscalDAO.java:100)
	at br.com.FuriniSolutions.dao.ItemNotaDAO.findAllWithIDNota(ItemNotaDAO.java:190)
	at br.com.FuriniSolutions.dao.NotaFiscalDAO.retrive(NotaFiscalDAO.java:100)
	at br.com.FuriniSolutions.dao.ItemNotaDAO.findAllWithIDNota(ItemNotaDAO.java:190)
	at br.com.FuriniSolutions.dao.NotaFiscalDAO.retrive(NotaFiscalDAO.java:100)
	at br.com.FuriniSolutions.dao.ItemNotaDAO.findAllWithIDNota(ItemNotaDAO.java:190)
	at br.com.FuriniSolutions.dao.NotaFiscalDAO.retrive(NotaFiscalDAO.java:100)
	at br.com.FuriniSolutions.dao.ItemNotaDAO.findAllWithIDNota(ItemNotaDAO.java:190)
	at br.com.FuriniSolutions.dao.NotaFiscalDAO.retrive(NotaFiscalDAO.java:100)
	at br.com.FuriniSolutions.dao.ItemNotaDAO.findAllWithIDNota(ItemNotaDAO.java:190)
	at br.com.FuriniSolutions.dao.NotaFiscalDAO.retrive(NotaFiscalDAO.java:100)
	at br.com.FuriniSolutions.dao.ItemNotaDAO.findAllWithIDNota(ItemNotaDAO.java:190)
	at br.com.FuriniSolutions.dao.NotaFiscalDAO.retrive(NotaFiscalDAO.java:100)
	at br.com.FuriniSolutions.dao.ItemNotaDAO.findAllWithIDNota(ItemNotaDAO.java:190)
	at br.com.FuriniSolutions.dao.NotaFiscalDAO.retrive(NotaFiscalDAO.java:100)
	at br.com.FuriniSolutions.dao.ItemNotaDAO.findAllWithIDNota(ItemNotaDAO.java:190)
	at br.com.FuriniSolutions.dao.NotaFiscalDAO.retrive(NotaFiscalDAO.java:100)
	at br.com.FuriniSolutions.dao.ItemNotaDAO.findAllWithIDNota(ItemNotaDAO.java:190)
	at br.com.FuriniSolutions.dao.NotaFiscalDAO.retrive(NotaFiscalDAO.java:100)
	at br.com.FuriniSolutions.dao.ItemNotaDAO.findAllWithIDNota(ItemNotaDAO.java:190)
	at br.com.FuriniSolutions.dao.NotaFiscalDAO.retrive(NotaFiscalDAO.java:100)
	at br.com.FuriniSolutions.dao.ItemNotaDAO.findAllWithIDNota(ItemNotaDAO.java:190)
	at br.com.FuriniSolutions.dao.NotaFiscalDAO.retrive(NotaFiscalDAO.java:100)
	at br.com.FuriniSolutions.dao.ItemNotaDAO.findAllWithIDNota(ItemNotaDAO.java:190)
	at br.com.FuriniSolutions.dao.NotaFiscalDAO.retrive(NotaFiscalDAO.java:100)
	at br.com.FuriniSolutions.dao.ItemNotaDAO.findAllWithIDNota(ItemNotaDAO.java:190)
	at br.com.FuriniSolutions.dao.NotaFiscalDAO.retrive(NotaFiscalDAO.java:100)
	at br.com.FuriniSolutions.dao.ItemNotaDAO.findAllWithIDNota(ItemNotaDAO.java:190)
	at br.com.FuriniSolutions.dao.NotaFiscalDAO.retrive(NotaFiscalDAO.java:100)
	at br.com.FuriniSolutions.dao.ItemNotaDAO.findAllWithIDNota(ItemNotaDAO.java:190)
	at br.com.FuriniSolutions.dao.NotaFiscalDAO.retrive(NotaFiscalDAO.java:100)
	at br.com.FuriniSolutions.dao.ItemNotaDAO.findAllWithIDNota(ItemNotaDAO.java:190)
	at br.com.FuriniSolutions.dao.NotaFiscalDAO.retrive(NotaFiscalDAO.java:100)
	at br.com.FuriniSolutions.dao.ItemNotaDAO.findAllWithIDNota(ItemNotaDAO.java:190)
	at br.com.FuriniSolutions.dao.NotaFiscalDAO.retrive(NotaFiscalDAO.java:100)
	at br.com.FuriniSolutions.dao.ItemNotaDAO.findAllWithIDNota(ItemNotaDAO.java:190)
	at br.com.FuriniSolutions.dao.NotaFiscalDAO.retrive(NotaFiscalDAO.java:100)
	at br.com.FuriniSolutions.dao.ItemNotaDAO.findAllWithIDNota(ItemNotaDAO.java:190)
	at br.com.FuriniSolutions.dao.NotaFiscalDAO.retrive(NotaFiscalDAO.java:100)
	at br.com.FuriniSolutions.dao.ItemNotaDAO.findAllWithIDNota(ItemNotaDAO.java:190)
	at br.com.FuriniSolutions.dao.NotaFiscalDAO.retrive(NotaFiscalDAO.java:100)
	at br.com.FuriniSolutions.dao.ItemNotaDAO.findAllWithIDNota(ItemNotaDAO.java:190)
	at br.com.FuriniSolutions.dao.NotaFiscalDAO.retrive(NotaFiscalDAO.java:100)
	at br.com.FuriniSolutions.dao.ItemNotaDAO.findAllWithIDNota(ItemNotaDAO.java:190)
	at br.com.FuriniSolutions.dao.NotaFiscalDAO.retrive(NotaFiscalDAO.java:100)
	at br.com.FuriniSolutions.dao.ItemNotaDAO.findAllWithIDNota(ItemNotaDAO.java:190)
	at br.com.FuriniSolutions.dao.NotaFiscalDAO.retrive(NotaFiscalDAO.java:100)
	at br.com.FuriniSolutions.dao.ItemNotaDAO.findAllWithIDNota(ItemNotaDAO.java:190)
	at br.com.FuriniSolutions.dao.NotaFiscalDAO.retrive(NotaFiscalDAO.java:100)
	at br.com.FuriniSolutions.dao.ItemNotaDAO.findAllWithIDNota(ItemNotaDAO.java:190)
	at br.com.FuriniSolutions.dao.NotaFiscalDAO.retrive(NotaFiscalDAO.java:100)
	at br.com.FuriniSolutions.dao.ItemNotaDAO.findAllWithIDNota(ItemNotaDAO.java:190)
	at br.com.FuriniSolutions.dao.NotaFiscalDAO.retrive(NotaFiscalDAO.java:100)
	at br.com.FuriniSolutions.dao.ItemNotaDAO.findAllWithIDNota(ItemNotaDAO.java:190)
	at br.com.FuriniSolutions.dao.NotaFiscalDAO.retrive(NotaFiscalDAO.java:100)
	at br.com.FuriniSolutions.dao.ItemNotaDAO.findAllWithIDNota(ItemNotaDAO.java:190)
	at br.com.FuriniSolutions.dao.NotaFiscalDAO.retrive(NotaFiscalDAO.java:100)
	at br.com.FuriniSolutions.dao.ItemNotaDAO.findAllWithIDNota(ItemNotaDAO.java:190)
	at br.com.FuriniSolutions.dao.NotaFiscalDAO.retrive(NotaFiscalDAO.java:100)
	at br.com.FuriniSolutions.dao.ItemNotaDAO.findAllWithIDNota(ItemNotaDAO.java:190)
	at br.com.FuriniSolutions.dao.NotaFiscalDAO.retrive(NotaFiscalDAO.java:100)
	at br.com.FuriniSolutions.dao.ItemNotaDAO.findAllWithIDNota(ItemNotaDAO.java:190)
	at br.com.FuriniSolutions.dao.NotaFiscalDAO.retrive(NotaFiscalDAO.java:100)
	at br.com.FuriniSolutions.dao.ItemNotaDAO.findAllWithIDNota(ItemNotaDAO.java:190)
	at br.com.FuriniSolutions.dao.NotaFiscalDAO.retrive(NotaFiscalDAO.java:100)
	at br.com.FuriniSolutions.dao.ItemNotaDAO.findAllWithIDNota(ItemNotaDAO.java:190)
	at br.com.FuriniSolutions.dao.NotaFiscalDAO.retrive(NotaFiscalDAO.java:100)
	at br.com.FuriniSolutions.dao.ItemNotaDAO.findAllWithIDNota(ItemNotaDAO.java:190)
	at br.com.FuriniSolutions.dao.NotaFiscalDAO.retrive(NotaFiscalDAO.java:100)
	at br.com.FuriniSolutions.dao.ItemNotaDAO.findAllWithIDNota(ItemNotaDAO.java:190)
	at br.com.FuriniSolutions.dao.NotaFiscalDAO.retrive(NotaFiscalDAO.java:100)
	at br.com.FuriniSolutions.dao.ItemNotaDAO.findAllWithIDNota(ItemNotaDAO.java:190)
	at br.com.FuriniSolutions.dao.NotaFiscalDAO.retrive(NotaFiscalDAO.java:100)
	at br.com.FuriniSolutions.dao.ItemNotaDAO.findAllWithIDNota(ItemNotaDAO.java:190)
	at br.com.FuriniSolutions.dao.NotaFiscalDAO.retrive(NotaFiscalDAO.java:100)
	at br.com.FuriniSolutions.dao.ItemNotaDAO.findAllWithIDNota(ItemNotaDAO.java:190)
	at br.com.FuriniSolutions.dao.NotaFiscalDAO.retrive(NotaFiscalDAO.java:100)
	at br.com.FuriniSolutions.dao.ItemNotaDAO.findAllWithIDNota(ItemNotaDAO.java:190)
	at br.com.FuriniSolutions.dao.NotaFiscalDAO.retrive(NotaFiscalDAO.java:100)
	at br.com.FuriniSolutions.dao.ItemNotaDAO.findAllWithIDNota(ItemNotaDAO.java:190)
	at br.com.FuriniSolutions.dao.NotaFiscalDAO.retrive(NotaFiscalDAO.java:100)
	at br.com.FuriniSolutions.dao.ItemNotaDAO.findAllWithIDNota(ItemNotaDAO.java:190)
	at br.com.FuriniSolutions.dao.NotaFiscalDAO.retrive(NotaFiscalDAO.java:100)
	at br.com.FuriniSolutions.dao.ItemNotaDAO.findAllWithIDNota(ItemNotaDAO.java:190)
	at br.com.FuriniSolutions.dao.NotaFiscalDAO.retrive(NotaFiscalDAO.java:100)
	at br.com.FuriniSolutions.dao.ItemNotaDAO.findAllWithIDNota(ItemNotaDAO.java:190)
	at br.com.FuriniSolutions.dao.NotaFiscalDAO.retrive(NotaFiscalDAO.java:100)
	at br.com.FuriniSolutions.dao.ItemNotaDAO.findAllWithIDNota(ItemNotaDAO.java:190)
	at br.com.FuriniSolutions.dao.NotaFiscalDAO.retrive(NotaFiscalDAO.java:100)
	at br.com.FuriniSolutions.dao.ItemNotaDAO.findAllWithIDNota(ItemNotaDAO.java:190)
	at br.com.FuriniSolutions.dao.NotaFiscalDAO.retrive(NotaFiscalDAO.java:100)
	at br.com.FuriniSolutions.dao.ItemNotaDAO.findAllWithIDNota(ItemNotaDAO.java:190)
	at br.com.FuriniSolutions.dao.NotaFiscalDAO.retrive(NotaFiscalDAO.java:100)
	at br.com.FuriniSolutions.dao.ItemNotaDAO.findAllWithIDNota(ItemNotaDAO.java:190)
	at br.com.FuriniSolutions.dao.NotaFiscalDAO.retrive(NotaFiscalDAO.java:100)
	at br.com.FuriniSolutions.dao.ItemNotaDAO.findAllWithIDNota(ItemNotaDAO.java:190)
	at br.com.FuriniSolutions.dao.NotaFiscalDAO.retrive(NotaFiscalDAO.java:100)
	at br.com.FuriniSolutions.dao.ItemNotaDAO.findAllWithIDNota(ItemNotaDAO.java:190)
	at br.com.FuriniSolutions.dao.NotaFiscalDAO.retrive(NotaFiscalDAO.java:100)
	at br.com.FuriniSolutions.dao.ItemNotaDAO.findAllWithIDNota(ItemNotaDAO.java:190)
	at br.com.FuriniSolutions.dao.NotaFiscalDAO.retrive(NotaFiscalDAO.java:100)
	at br.com.FuriniSolutions.dao.ItemNotaDAO.findAllWithIDNota(ItemNotaDAO.java:190)
	at br.com.FuriniSolutions.dao.NotaFiscalDAO.retrive(NotaFiscalDAO.java:100)
	at br.com.FuriniSolutions.dao.ItemNotaDAO.findAllWithIDNota(ItemNotaDAO.java:190)
	at br.com.FuriniSolutions.dao.NotaFiscalDAO.retrive(NotaFiscalDAO.java:100)
	at br.com.FuriniSolutions.dao.ItemNotaDAO.findAllWithIDNota(ItemNotaDAO.java:190)
	at br.com.FuriniSolutions.dao.NotaFiscalDAO.retrive(NotaFiscalDAO.java:100)
	at br.com.FuriniSolutions.dao.ItemNotaDAO.findAllWithIDNota(ItemNotaDAO.java:190)
	at br.com.FuriniSolutions.dao.NotaFiscalDAO.retrive(NotaFiscalDAO.java:100)
	at br.com.FuriniSolutions.dao.ItemNotaDAO.findAllWithIDNota(ItemNotaDAO.java:190)
	at br.com.FuriniSolutions.dao.NotaFiscalDAO.retrive(NotaFiscalDAO.java:100)
	at br.com.FuriniSolutions.dao.ItemNotaDAO.findAllWithIDNota(ItemNotaDAO.java:190)
	at br.com.FuriniSolutions.dao.NotaFiscalDAO.retrive(NotaFiscalDAO.java:100)
	at br.com.FuriniSolutions.dao.ItemNotaDAO.findAllWithIDNota(ItemNotaDAO.java:190)
	at br.com.FuriniSolutions.dao.NotaFiscalDAO.retrive(NotaFiscalDAO.java:100)
	at br.com.FuriniSolutions.dao.ItemNotaDAO.findAllWithIDNota(ItemNotaDAO.java:190)
	at br.com.FuriniSolutions.dao.NotaFiscalDAO.retrive(NotaFiscalDAO.java:100)
	at br.com.FuriniSolutions.dao.ItemNotaDAO.findAllWithIDNota(ItemNotaDAO.java:190)
	at br.com.FuriniSolutions.dao.NotaFiscalDAO.retrive(NotaFiscalDAO.java:100)
	at br.com.FuriniSolutions.dao.ItemNotaDAO.findAll(ItemNotaDAO.java:151)
	at br.com.FuriniSolutions.dao.ItemNotaDAOIT.testFindAll(ItemNotaDAOIT.java:211)
	at java.base/jdk.internal.reflect.DirectMethodHandleAccessor.invoke(DirectMethodHandleAccessor.java:104)
	at java.base/java.lang.reflect.Method.invoke(Method.java:577)
	at org.junit.platform.commons.util.ReflectionUtils.invokeMethod(ReflectionUtils.java:727)
	at org.junit.jupiter.engine.execution.MethodInvocation.proceed(MethodInvocation.java:60)
	at org.junit.jupiter.engine.execution.InvocationInterceptorChain$ValidatingInvocation.proceed(InvocationInterceptorChain.java:131)
	at org.junit.jupiter.engine.extension.TimeoutExtension.intercept(TimeoutExtension.java:156)
	at org.junit.jupiter.engine.extension.TimeoutExtension.interceptTestableMethod(TimeoutExtension.java:147)
	at org.junit.jupiter.engine.extension.TimeoutExtension.interceptTestMethod(TimeoutExtension.java:86)
	at org.junit.jupiter.engine.execution.InterceptingExecutableInvoker$ReflectiveInterceptorCall.lambda$ofVoidMethod$0(InterceptingExecutableInvoker.java:103)
	at org.junit.jupiter.engine.execution.InterceptingExecutableInvoker.lambda$invoke$0(InterceptingExecutableInvoker.java:93)
	at org.junit.jupiter.engine.execution.InvocationInterceptorChain$InterceptedInvocation.proceed(InvocationInterceptorChain.java:106)
	at org.junit.jupiter.engine.execution.InvocationInterceptorChain.proceed(InvocationInterceptorChain.java:64)
	at org.junit.jupiter.engine.execution.InvocationInterceptorChain.chainAndInvoke(InvocationInterceptorChain.java:45)
	at org.junit.jupiter.engine.execution.InvocationInterceptorChain.invoke(InvocationInterceptorChain.java:37)
	at org.junit.jupiter.engine.execution.InterceptingExecutableInvoker.invoke(InterceptingExecutableInvoker.java:92)
	at org.junit.jupiter.engine.execution.InterceptingExecutableInvoker.invoke(InterceptingExecutableInvoker.java:86)
	at org.junit.jupiter.engine.descriptor.TestMethodTestDescriptor.lambda$invokeTestMethod$7(TestMethodTestDescriptor.java:217)
	at org.junit.platform.engine.support.hierarchical.ThrowableCollector.execute(ThrowableCollector.java:73)
	at org.junit.jupiter.engine.descriptor.TestMethodTestDescriptor.invokeTestMethod(TestMethodTestDescriptor.java:213)
	at org.junit.jupiter.engine.descriptor.TestMethodTestDescriptor.execute(TestMethodTestDescriptor.java:138)
	at org.junit.jupiter.engine.descriptor.TestMethodTestDescriptor.execute(TestMethodTestDescriptor.java:68)
	at org.junit.platform.engine.support.hierarchical.NodeTestTask.lambda$executeRecursively$6(NodeTestTask.java:151)
	at org.junit.platform.engine.support.hierarchical.ThrowableCollector.execute(ThrowableCollector.java:73)
	at org.junit.platform.engine.support.hierarchical.NodeTestTask.lambda$executeRecursively$8(NodeTestTask.java:141)
	at org.junit.platform.engine.support.hierarchical.Node.around(Node.java:137)
	at org.junit.platform.engine.support.hierarchical.NodeTestTask.lambda$executeRecursively$9(NodeTestTask.java:139)
	at org.junit.platform.engine.support.hierarchical.ThrowableCollector.execute(ThrowableCollector.java:73)
	at org.junit.platform.engine.support.hierarchical.NodeTestTask.executeRecursively(NodeTestTask.java:138)
	at org.junit.platform.engine.support.hierarchical.NodeTestTask.execute(NodeTestTask.java:95)
	at java.base/java.util.ArrayList.forEach(ArrayList.java:1511)
	at org.junit.platform.engine.support.hierarchical.SameThreadHierarchicalTestExecutorService.invokeAll(SameThreadHierarchicalTestExecutorService.java:41)
	at org.junit.platform.engine.support.hierarchical.NodeTestTask.lambda$executeRecursively$6(NodeTestTask.java:155)
	at org.junit.platform.engine.support.hierarchical.ThrowableCollector.execute(ThrowableCollector.java:73)
	at org.junit.platform.engine.support.hierarchical.NodeTestTask.lambda$executeRecursively$8(NodeTestTask.java:141)
	at org.junit.platform.engine.support.hierarchical.Node.around(Node.java:137)
	at org.junit.platform.engine.support.hierarchical.NodeTestTask.lambda$executeRecursively$9(NodeTestTask.java:139)
	at org.junit.platform.engine.support.hierarchical.ThrowableCollector.execute(ThrowableCollector.java:73)
	at org.junit.platform.engine.support.hierarchical.NodeTestTask.executeRecursively(NodeTestTask.java:138)
	at org.junit.platform.engine.support.hierarchical.NodeTestTask.execute(NodeTestTask.java:95)
	at java.base/java.util.ArrayList.forEach(ArrayList.java:1511)
	at org.junit.platform.engine.support.hierarchical.SameThreadHierarchicalTestExecutorService.invokeAll(SameThreadHierarchicalTestExecutorService.java:41)
	at org.junit.platform.engine.support.hierarchical.NodeTestTask.lambda$executeRecursively$6(NodeTestTask.java:155)
	at org.junit.platform.engine.support.hierarchical.ThrowableCollector.execute(ThrowableCollector.java:73)
	at org.junit.platform.engine.support.hierarchical.NodeTestTask.lambda$executeRecursively$8(NodeTestTask.java:141)
	at org.junit.platform.engine.support.hierarchical.Node.around(Node.java:137)
	at org.junit.platform.engine.support.hierarchical.NodeTestTask.lambda$executeRecursively$9(NodeTestTask.java:139)
	at org.junit.platform.engine.support.hierarchical.ThrowableCollector.execute(ThrowableCollector.java:73)
	at org.junit.platform.engine.support.hierarchical.NodeTestTask.executeRecursively(NodeTestTask.java:138)
	at org.junit.platform.engine.support.hierarchical.NodeTestTask.execute(NodeTestTask.java:95)
	at org.junit.platform.engine.support.hierarchical.SameThreadHierarchicalTestExecutorService.submit(SameThreadHierarchicalTestExecutorService.java:35)
	at org.junit.platform.engine.support.hierarchical.HierarchicalTestExecutor.execute(HierarchicalTestExecutor.java:57)
	at org.junit.platform.engine.support.hierarchical.HierarchicalTestEngine.execute(HierarchicalTestEngine.java:54)
	at org.junit.platform.launcher.core.EngineExecutionOrchestrator.execute(EngineExecutionOrchestrator.java:147)
	at org.junit.platform.launcher.core.EngineExecutionOrchestrator.execute(EngineExecutionOrchestrator.java:127)
	at org.junit.platform.launcher.core.EngineExecutionOrchestrator.execute(EngineExecutionOrchestrator.java:90)
	at org.junit.platform.launcher.core.EngineExecutionOrchestrator.lambda$execute$0(EngineExecutionOrchestrator.java:55)
	at org.junit.platform.launcher.core.EngineExecutionOrchestrator.withInterceptedStreams(EngineExecutionOrchestrator.java:102)
	at org.junit.platform.launcher.core.EngineExecutionOrchestrator.execute(EngineExecutionOrchestrator.java:54)
	at org.junit.platform.launcher.core.DefaultLauncher.execute(DefaultLauncher.java:114)
	at org.junit.platform.launcher.core.DefaultLauncher.execute(DefaultLauncher.java:86)
	at org.junit.platform.launcher.core.DefaultLauncherSession$DelegatingLauncher.execute(DefaultLauncherSession.java:86)
	at org.junit.platform.launcher.core.SessionPerRequestLauncher.execute(SessionPerRequestLauncher.java:53)
	at org.apache.maven.surefire.junitplatform.JUnitPlatformProvider.execute(JUnitPlatformProvider.java:188)
	at org.apache.maven.surefire.junitplatform.JUnitPlatformProvider.invokeAllTests(JUnitPlatformProvider.java:154)
	at org.apache.maven.surefire.junitplatform.JUnitPlatformProvider.invoke(JUnitPlatformProvider.java:128)
	at org.apache.maven.surefire.booter.ForkedBooter.runSuitesInProcess(ForkedBooter.java:428)
	at org.apache.maven.surefire.booter.ForkedBooter.execute(ForkedBooter.java:162)
	at org.apache.maven.surefire.booter.ForkedBooter.run(ForkedBooter.java:562)
	at org.apache.maven.surefire.booter.ForkedBooter.main(ForkedBooter.java:548)
]]></system-err>
  </testcase>
  <testcase name="testRetrieve" classname="br.com.FuriniSolutions.dao.ItemNotaDAOIT" time="0.289">
    <system-out><![CDATA[INICIANDO TESTES DE ITEM NOTA
TESTANDO RETRIEVE
não foi possível conectar ao banco de dados
jdbc:mysql://localhost:3306/furini
Connection exception, SQL-server rejected establishment of SQL-connection,  message from server: "Too many connections"
Cannot invoke "java.sql.Connection.prepareStatement(String)" because "this.con" is null
não foi possível conectar ao banco de dados
jdbc:mysql://localhost:3306/furini
Connection exception, SQL-server rejected establishment of SQL-connection,  message from server: "Too many connections"
FINALIZANDO TESTES DE ITEM NOTA
]]></system-out>
    <system-err><![CDATA[Erro ao buscar ItemNotas com IDNota: Cannot invoke "java.sql.Connection.prepareStatement(String)" because "connection" is null
java.lang.NullPointerException: Cannot invoke "java.sql.Connection.prepareStatement(String)" because "connection" is null
	at br.com.FuriniSolutions.dao.ItemNotaDAO.findAllWithIDNota(ItemNotaDAO.java:173)
	at br.com.FuriniSolutions.dao.NotaFiscalDAO.retrive(NotaFiscalDAO.java:100)
	at br.com.FuriniSolutions.dao.ItemNotaDAO.findAllWithIDNota(ItemNotaDAO.java:190)
	at br.com.FuriniSolutions.dao.NotaFiscalDAO.retrive(NotaFiscalDAO.java:100)
	at br.com.FuriniSolutions.dao.ItemNotaDAO.findAllWithIDNota(ItemNotaDAO.java:190)
	at br.com.FuriniSolutions.dao.NotaFiscalDAO.retrive(NotaFiscalDAO.java:100)
	at br.com.FuriniSolutions.dao.ItemNotaDAO.findAllWithIDNota(ItemNotaDAO.java:190)
	at br.com.FuriniSolutions.dao.NotaFiscalDAO.retrive(NotaFiscalDAO.java:100)
	at br.com.FuriniSolutions.dao.ItemNotaDAO.findAllWithIDNota(ItemNotaDAO.java:190)
	at br.com.FuriniSolutions.dao.NotaFiscalDAO.retrive(NotaFiscalDAO.java:100)
	at br.com.FuriniSolutions.dao.ItemNotaDAO.findAllWithIDNota(ItemNotaDAO.java:190)
	at br.com.FuriniSolutions.dao.NotaFiscalDAO.retrive(NotaFiscalDAO.java:100)
	at br.com.FuriniSolutions.dao.ItemNotaDAO.findAllWithIDNota(ItemNotaDAO.java:190)
	at br.com.FuriniSolutions.dao.NotaFiscalDAO.retrive(NotaFiscalDAO.java:100)
	at br.com.FuriniSolutions.dao.ItemNotaDAO.findAllWithIDNota(ItemNotaDAO.java:190)
	at br.com.FuriniSolutions.dao.NotaFiscalDAO.retrive(NotaFiscalDAO.java:100)
	at br.com.FuriniSolutions.dao.ItemNotaDAO.findAllWithIDNota(ItemNotaDAO.java:190)
	at br.com.FuriniSolutions.dao.NotaFiscalDAO.retrive(NotaFiscalDAO.java:100)
	at br.com.FuriniSolutions.dao.ItemNotaDAO.findAllWithIDNota(ItemNotaDAO.java:190)
	at br.com.FuriniSolutions.dao.NotaFiscalDAO.retrive(NotaFiscalDAO.java:100)
	at br.com.FuriniSolutions.dao.ItemNotaDAO.findAllWithIDNota(ItemNotaDAO.java:190)
	at br.com.FuriniSolutions.dao.NotaFiscalDAO.retrive(NotaFiscalDAO.java:100)
	at br.com.FuriniSolutions.dao.ItemNotaDAO.findAllWithIDNota(ItemNotaDAO.java:190)
	at br.com.FuriniSolutions.dao.NotaFiscalDAO.retrive(NotaFiscalDAO.java:100)
	at br.com.FuriniSolutions.dao.ItemNotaDAO.findAllWithIDNota(ItemNotaDAO.java:190)
	at br.com.FuriniSolutions.dao.NotaFiscalDAO.retrive(NotaFiscalDAO.java:100)
	at br.com.FuriniSolutions.dao.ItemNotaDAO.findAllWithIDNota(ItemNotaDAO.java:190)
	at br.com.FuriniSolutions.dao.NotaFiscalDAO.retrive(NotaFiscalDAO.java:100)
	at br.com.FuriniSolutions.dao.ItemNotaDAO.findAllWithIDNota(ItemNotaDAO.java:190)
	at br.com.FuriniSolutions.dao.NotaFiscalDAO.retrive(NotaFiscalDAO.java:100)
	at br.com.FuriniSolutions.dao.ItemNotaDAO.findAllWithIDNota(ItemNotaDAO.java:190)
	at br.com.FuriniSolutions.dao.NotaFiscalDAO.retrive(NotaFiscalDAO.java:100)
	at br.com.FuriniSolutions.dao.ItemNotaDAO.findAllWithIDNota(ItemNotaDAO.java:190)
	at br.com.FuriniSolutions.dao.NotaFiscalDAO.retrive(NotaFiscalDAO.java:100)
	at br.com.FuriniSolutions.dao.ItemNotaDAO.findAllWithIDNota(ItemNotaDAO.java:190)
	at br.com.FuriniSolutions.dao.NotaFiscalDAO.retrive(NotaFiscalDAO.java:100)
	at br.com.FuriniSolutions.dao.ItemNotaDAO.findAllWithIDNota(ItemNotaDAO.java:190)
	at br.com.FuriniSolutions.dao.NotaFiscalDAO.retrive(NotaFiscalDAO.java:100)
	at br.com.FuriniSolutions.dao.ItemNotaDAO.findAllWithIDNota(ItemNotaDAO.java:190)
	at br.com.FuriniSolutions.dao.NotaFiscalDAO.retrive(NotaFiscalDAO.java:100)
	at br.com.FuriniSolutions.dao.ItemNotaDAO.findAllWithIDNota(ItemNotaDAO.java:190)
	at br.com.FuriniSolutions.dao.NotaFiscalDAO.retrive(NotaFiscalDAO.java:100)
	at br.com.FuriniSolutions.dao.ItemNotaDAO.findAllWithIDNota(ItemNotaDAO.java:190)
	at br.com.FuriniSolutions.dao.NotaFiscalDAO.retrive(NotaFiscalDAO.java:100)
	at br.com.FuriniSolutions.dao.ItemNotaDAO.findAllWithIDNota(ItemNotaDAO.java:190)
	at br.com.FuriniSolutions.dao.NotaFiscalDAO.retrive(NotaFiscalDAO.java:100)
	at br.com.FuriniSolutions.dao.ItemNotaDAO.findAllWithIDNota(ItemNotaDAO.java:190)
	at br.com.FuriniSolutions.dao.NotaFiscalDAO.retrive(NotaFiscalDAO.java:100)
	at br.com.FuriniSolutions.dao.ItemNotaDAO.findAllWithIDNota(ItemNotaDAO.java:190)
	at br.com.FuriniSolutions.dao.NotaFiscalDAO.retrive(NotaFiscalDAO.java:100)
	at br.com.FuriniSolutions.dao.ItemNotaDAO.findAllWithIDNota(ItemNotaDAO.java:190)
	at br.com.FuriniSolutions.dao.NotaFiscalDAO.retrive(NotaFiscalDAO.java:100)
	at br.com.FuriniSolutions.dao.ItemNotaDAO.findAllWithIDNota(ItemNotaDAO.java:190)
	at br.com.FuriniSolutions.dao.NotaFiscalDAO.retrive(NotaFiscalDAO.java:100)
	at br.com.FuriniSolutions.dao.ItemNotaDAO.findAllWithIDNota(ItemNotaDAO.java:190)
	at br.com.FuriniSolutions.dao.NotaFiscalDAO.retrive(NotaFiscalDAO.java:100)
	at br.com.FuriniSolutions.dao.ItemNotaDAO.findAllWithIDNota(ItemNotaDAO.java:190)
	at br.com.FuriniSolutions.dao.NotaFiscalDAO.retrive(NotaFiscalDAO.java:100)
	at br.com.FuriniSolutions.dao.ItemNotaDAO.findAllWithIDNota(ItemNotaDAO.java:190)
	at br.com.FuriniSolutions.dao.NotaFiscalDAO.retrive(NotaFiscalDAO.java:100)
	at br.com.FuriniSolutions.dao.ItemNotaDAO.findAllWithIDNota(ItemNotaDAO.java:190)
	at br.com.FuriniSolutions.dao.NotaFiscalDAO.retrive(NotaFiscalDAO.java:100)
	at br.com.FuriniSolutions.dao.ItemNotaDAO.findAllWithIDNota(ItemNotaDAO.java:190)
	at br.com.FuriniSolutions.dao.NotaFiscalDAO.retrive(NotaFiscalDAO.java:100)
	at br.com.FuriniSolutions.dao.ItemNotaDAO.findAllWithIDNota(ItemNotaDAO.java:190)
	at br.com.FuriniSolutions.dao.NotaFiscalDAO.retrive(NotaFiscalDAO.java:100)
	at br.com.FuriniSolutions.dao.ItemNotaDAO.findAllWithIDNota(ItemNotaDAO.java:190)
	at br.com.FuriniSolutions.dao.NotaFiscalDAO.retrive(NotaFiscalDAO.java:100)
	at br.com.FuriniSolutions.dao.ItemNotaDAO.findAllWithIDNota(ItemNotaDAO.java:190)
	at br.com.FuriniSolutions.dao.NotaFiscalDAO.retrive(NotaFiscalDAO.java:100)
	at br.com.FuriniSolutions.dao.ItemNotaDAO.findAllWithIDNota(ItemNotaDAO.java:190)
	at br.com.FuriniSolutions.dao.NotaFiscalDAO.retrive(NotaFiscalDAO.java:100)
	at br.com.FuriniSolutions.dao.ItemNotaDAO.findAllWithIDNota(ItemNotaDAO.java:190)
	at br.com.FuriniSolutions.dao.NotaFiscalDAO.retrive(NotaFiscalDAO.java:100)
	at br.com.FuriniSolutions.dao.ItemNotaDAO.findAllWithIDNota(ItemNotaDAO.java:190)
	at br.com.FuriniSolutions.dao.NotaFiscalDAO.retrive(NotaFiscalDAO.java:100)
	at br.com.FuriniSolutions.dao.ItemNotaDAO.findAllWithIDNota(ItemNotaDAO.java:190)
	at br.com.FuriniSolutions.dao.NotaFiscalDAO.retrive(NotaFiscalDAO.java:100)
	at br.com.FuriniSolutions.dao.ItemNotaDAO.findAllWithIDNota(ItemNotaDAO.java:190)
	at br.com.FuriniSolutions.dao.NotaFiscalDAO.retrive(NotaFiscalDAO.java:100)
	at br.com.FuriniSolutions.dao.ItemNotaDAO.findAllWithIDNota(ItemNotaDAO.java:190)
	at br.com.FuriniSolutions.dao.NotaFiscalDAO.retrive(NotaFiscalDAO.java:100)
	at br.com.FuriniSolutions.dao.ItemNotaDAO.findAllWithIDNota(ItemNotaDAO.java:190)
	at br.com.FuriniSolutions.dao.NotaFiscalDAO.retrive(NotaFiscalDAO.java:100)
	at br.com.FuriniSolutions.dao.ItemNotaDAO.findAllWithIDNota(ItemNotaDAO.java:190)
	at br.com.FuriniSolutions.dao.NotaFiscalDAO.retrive(NotaFiscalDAO.java:100)
	at br.com.FuriniSolutions.dao.ItemNotaDAO.findAllWithIDNota(ItemNotaDAO.java:190)
	at br.com.FuriniSolutions.dao.NotaFiscalDAO.retrive(NotaFiscalDAO.java:100)
	at br.com.FuriniSolutions.dao.ItemNotaDAO.findAllWithIDNota(ItemNotaDAO.java:190)
	at br.com.FuriniSolutions.dao.NotaFiscalDAO.retrive(NotaFiscalDAO.java:100)
	at br.com.FuriniSolutions.dao.ItemNotaDAO.findAllWithIDNota(ItemNotaDAO.java:190)
	at br.com.FuriniSolutions.dao.NotaFiscalDAO.retrive(NotaFiscalDAO.java:100)
	at br.com.FuriniSolutions.dao.ItemNotaDAO.findAllWithIDNota(ItemNotaDAO.java:190)
	at br.com.FuriniSolutions.dao.NotaFiscalDAO.retrive(NotaFiscalDAO.java:100)
	at br.com.FuriniSolutions.dao.ItemNotaDAO.findAllWithIDNota(ItemNotaDAO.java:190)
	at br.com.FuriniSolutions.dao.NotaFiscalDAO.retrive(NotaFiscalDAO.java:100)
	at br.com.FuriniSolutions.dao.ItemNotaDAO.findAllWithIDNota(ItemNotaDAO.java:190)
	at br.com.FuriniSolutions.dao.NotaFiscalDAO.retrive(NotaFiscalDAO.java:100)
	at br.com.FuriniSolutions.dao.ItemNotaDAO.findAllWithIDNota(ItemNotaDAO.java:190)
	at br.com.FuriniSolutions.dao.NotaFiscalDAO.retrive(NotaFiscalDAO.java:100)
	at br.com.FuriniSolutions.dao.ItemNotaDAO.findAllWithIDNota(ItemNotaDAO.java:190)
	at br.com.FuriniSolutions.dao.NotaFiscalDAO.retrive(NotaFiscalDAO.java:100)
	at br.com.FuriniSolutions.dao.ItemNotaDAO.findAllWithIDNota(ItemNotaDAO.java:190)
	at br.com.FuriniSolutions.dao.NotaFiscalDAO.retrive(NotaFiscalDAO.java:100)
	at br.com.FuriniSolutions.dao.ItemNotaDAO.findAllWithIDNota(ItemNotaDAO.java:190)
	at br.com.FuriniSolutions.dao.NotaFiscalDAO.retrive(NotaFiscalDAO.java:100)
	at br.com.FuriniSolutions.dao.ItemNotaDAO.findAllWithIDNota(ItemNotaDAO.java:190)
	at br.com.FuriniSolutions.dao.NotaFiscalDAO.retrive(NotaFiscalDAO.java:100)
	at br.com.FuriniSolutions.dao.ItemNotaDAO.findAllWithIDNota(ItemNotaDAO.java:190)
	at br.com.FuriniSolutions.dao.NotaFiscalDAO.retrive(NotaFiscalDAO.java:100)
	at br.com.FuriniSolutions.dao.ItemNotaDAO.findAllWithIDNota(ItemNotaDAO.java:190)
	at br.com.FuriniSolutions.dao.NotaFiscalDAO.retrive(NotaFiscalDAO.java:100)
	at br.com.FuriniSolutions.dao.ItemNotaDAO.findAllWithIDNota(ItemNotaDAO.java:190)
	at br.com.FuriniSolutions.dao.NotaFiscalDAO.retrive(NotaFiscalDAO.java:100)
	at br.com.FuriniSolutions.dao.ItemNotaDAO.findAllWithIDNota(ItemNotaDAO.java:190)
	at br.com.FuriniSolutions.dao.NotaFiscalDAO.retrive(NotaFiscalDAO.java:100)
	at br.com.FuriniSolutions.dao.ItemNotaDAO.findAllWithIDNota(ItemNotaDAO.java:190)
	at br.com.FuriniSolutions.dao.NotaFiscalDAO.retrive(NotaFiscalDAO.java:100)
	at br.com.FuriniSolutions.dao.ItemNotaDAO.findAllWithIDNota(ItemNotaDAO.java:190)
	at br.com.FuriniSolutions.dao.NotaFiscalDAO.retrive(NotaFiscalDAO.java:100)
	at br.com.FuriniSolutions.dao.ItemNotaDAO.findAllWithIDNota(ItemNotaDAO.java:190)
	at br.com.FuriniSolutions.dao.NotaFiscalDAO.retrive(NotaFiscalDAO.java:100)
	at br.com.FuriniSolutions.dao.ItemNotaDAO.findAllWithIDNota(ItemNotaDAO.java:190)
	at br.com.FuriniSolutions.dao.NotaFiscalDAO.retrive(NotaFiscalDAO.java:100)
	at br.com.FuriniSolutions.dao.ItemNotaDAO.findAllWithIDNota(ItemNotaDAO.java:190)
	at br.com.FuriniSolutions.dao.NotaFiscalDAO.retrive(NotaFiscalDAO.java:100)
	at br.com.FuriniSolutions.dao.ItemNotaDAO.findAllWithIDNota(ItemNotaDAO.java:190)
	at br.com.FuriniSolutions.dao.NotaFiscalDAO.retrive(NotaFiscalDAO.java:100)
	at br.com.FuriniSolutions.dao.ItemNotaDAO.findAllWithIDNota(ItemNotaDAO.java:190)
	at br.com.FuriniSolutions.dao.NotaFiscalDAO.retrive(NotaFiscalDAO.java:100)
	at br.com.FuriniSolutions.dao.ItemNotaDAO.findAllWithIDNota(ItemNotaDAO.java:190)
	at br.com.FuriniSolutions.dao.NotaFiscalDAO.retrive(NotaFiscalDAO.java:100)
	at br.com.FuriniSolutions.dao.ItemNotaDAO.findAllWithIDNota(ItemNotaDAO.java:190)
	at br.com.FuriniSolutions.dao.NotaFiscalDAO.retrive(NotaFiscalDAO.java:100)
	at br.com.FuriniSolutions.dao.ItemNotaDAO.findAllWithIDNota(ItemNotaDAO.java:190)
	at br.com.FuriniSolutions.dao.NotaFiscalDAO.retrive(NotaFiscalDAO.java:100)
	at br.com.FuriniSolutions.dao.ItemNotaDAO.findAllWithIDNota(ItemNotaDAO.java:190)
	at br.com.FuriniSolutions.dao.NotaFiscalDAO.retrive(NotaFiscalDAO.java:100)
	at br.com.FuriniSolutions.dao.ItemNotaDAO.findAllWithIDNota(ItemNotaDAO.java:190)
	at br.com.FuriniSolutions.dao.NotaFiscalDAO.retrive(NotaFiscalDAO.java:100)
	at br.com.FuriniSolutions.dao.ItemNotaDAO.findAllWithIDNota(ItemNotaDAO.java:190)
	at br.com.FuriniSolutions.dao.NotaFiscalDAO.retrive(NotaFiscalDAO.java:100)
	at br.com.FuriniSolutions.dao.ItemNotaDAO.findAllWithIDNota(ItemNotaDAO.java:190)
	at br.com.FuriniSolutions.dao.NotaFiscalDAO.retrive(NotaFiscalDAO.java:100)
	at br.com.FuriniSolutions.dao.ItemNotaDAO.findAllWithIDNota(ItemNotaDAO.java:190)
	at br.com.FuriniSolutions.dao.NotaFiscalDAO.retrive(NotaFiscalDAO.java:100)
	at br.com.FuriniSolutions.dao.ItemNotaDAO.findAllWithIDNota(ItemNotaDAO.java:190)
	at br.com.FuriniSolutions.dao.NotaFiscalDAO.retrive(NotaFiscalDAO.java:100)
	at br.com.FuriniSolutions.dao.ItemNotaDAO.findAllWithIDNota(ItemNotaDAO.java:190)
	at br.com.FuriniSolutions.dao.NotaFiscalDAO.retrive(NotaFiscalDAO.java:100)
	at br.com.FuriniSolutions.dao.ItemNotaDAO.findAllWithIDNota(ItemNotaDAO.java:190)
	at br.com.FuriniSolutions.dao.NotaFiscalDAO.retrive(NotaFiscalDAO.java:100)
	at br.com.FuriniSolutions.dao.ItemNotaDAO.retrive(ItemNotaDAO.java:76)
	at br.com.FuriniSolutions.dao.ItemNotaDAOIT.testRetrieve(ItemNotaDAOIT.java:110)
	at java.base/jdk.internal.reflect.DirectMethodHandleAccessor.invoke(DirectMethodHandleAccessor.java:104)
	at java.base/java.lang.reflect.Method.invoke(Method.java:577)
	at org.junit.platform.commons.util.ReflectionUtils.invokeMethod(ReflectionUtils.java:727)
	at org.junit.jupiter.engine.execution.MethodInvocation.proceed(MethodInvocation.java:60)
	at org.junit.jupiter.engine.execution.InvocationInterceptorChain$ValidatingInvocation.proceed(InvocationInterceptorChain.java:131)
	at org.junit.jupiter.engine.extension.TimeoutExtension.intercept(TimeoutExtension.java:156)
	at org.junit.jupiter.engine.extension.TimeoutExtension.interceptTestableMethod(TimeoutExtension.java:147)
	at org.junit.jupiter.engine.extension.TimeoutExtension.interceptTestMethod(TimeoutExtension.java:86)
	at org.junit.jupiter.engine.execution.InterceptingExecutableInvoker$ReflectiveInterceptorCall.lambda$ofVoidMethod$0(InterceptingExecutableInvoker.java:103)
	at org.junit.jupiter.engine.execution.InterceptingExecutableInvoker.lambda$invoke$0(InterceptingExecutableInvoker.java:93)
	at org.junit.jupiter.engine.execution.InvocationInterceptorChain$InterceptedInvocation.proceed(InvocationInterceptorChain.java:106)
	at org.junit.jupiter.engine.execution.InvocationInterceptorChain.proceed(InvocationInterceptorChain.java:64)
	at org.junit.jupiter.engine.execution.InvocationInterceptorChain.chainAndInvoke(InvocationInterceptorChain.java:45)
	at org.junit.jupiter.engine.execution.InvocationInterceptorChain.invoke(InvocationInterceptorChain.java:37)
	at org.junit.jupiter.engine.execution.InterceptingExecutableInvoker.invoke(InterceptingExecutableInvoker.java:92)
	at org.junit.jupiter.engine.execution.InterceptingExecutableInvoker.invoke(InterceptingExecutableInvoker.java:86)
	at org.junit.jupiter.engine.descriptor.TestMethodTestDescriptor.lambda$invokeTestMethod$7(TestMethodTestDescriptor.java:217)
	at org.junit.platform.engine.support.hierarchical.ThrowableCollector.execute(ThrowableCollector.java:73)
	at org.junit.jupiter.engine.descriptor.TestMethodTestDescriptor.invokeTestMethod(TestMethodTestDescriptor.java:213)
	at org.junit.jupiter.engine.descriptor.TestMethodTestDescriptor.execute(TestMethodTestDescriptor.java:138)
	at org.junit.jupiter.engine.descriptor.TestMethodTestDescriptor.execute(TestMethodTestDescriptor.java:68)
	at org.junit.platform.engine.support.hierarchical.NodeTestTask.lambda$executeRecursively$6(NodeTestTask.java:151)
	at org.junit.platform.engine.support.hierarchical.ThrowableCollector.execute(ThrowableCollector.java:73)
	at org.junit.platform.engine.support.hierarchical.NodeTestTask.lambda$executeRecursively$8(NodeTestTask.java:141)
	at org.junit.platform.engine.support.hierarchical.Node.around(Node.java:137)
	at org.junit.platform.engine.support.hierarchical.NodeTestTask.lambda$executeRecursively$9(NodeTestTask.java:139)
	at org.junit.platform.engine.support.hierarchical.ThrowableCollector.execute(ThrowableCollector.java:73)
	at org.junit.platform.engine.support.hierarchical.NodeTestTask.executeRecursively(NodeTestTask.java:138)
	at org.junit.platform.engine.support.hierarchical.NodeTestTask.execute(NodeTestTask.java:95)
	at java.base/java.util.ArrayList.forEach(ArrayList.java:1511)
	at org.junit.platform.engine.support.hierarchical.SameThreadHierarchicalTestExecutorService.invokeAll(SameThreadHierarchicalTestExecutorService.java:41)
	at org.junit.platform.engine.support.hierarchical.NodeTestTask.lambda$executeRecursively$6(NodeTestTask.java:155)
	at org.junit.platform.engine.support.hierarchical.ThrowableCollector.execute(ThrowableCollector.java:73)
	at org.junit.platform.engine.support.hierarchical.NodeTestTask.lambda$executeRecursively$8(NodeTestTask.java:141)
	at org.junit.platform.engine.support.hierarchical.Node.around(Node.java:137)
	at org.junit.platform.engine.support.hierarchical.NodeTestTask.lambda$executeRecursively$9(NodeTestTask.java:139)
	at org.junit.platform.engine.support.hierarchical.ThrowableCollector.execute(ThrowableCollector.java:73)
	at org.junit.platform.engine.support.hierarchical.NodeTestTask.executeRecursively(NodeTestTask.java:138)
	at org.junit.platform.engine.support.hierarchical.NodeTestTask.execute(NodeTestTask.java:95)
	at java.base/java.util.ArrayList.forEach(ArrayList.java:1511)
	at org.junit.platform.engine.support.hierarchical.SameThreadHierarchicalTestExecutorService.invokeAll(SameThreadHierarchicalTestExecutorService.java:41)
	at org.junit.platform.engine.support.hierarchical.NodeTestTask.lambda$executeRecursively$6(NodeTestTask.java:155)
	at org.junit.platform.engine.support.hierarchical.ThrowableCollector.execute(ThrowableCollector.java:73)
	at org.junit.platform.engine.support.hierarchical.NodeTestTask.lambda$executeRecursively$8(NodeTestTask.java:141)
	at org.junit.platform.engine.support.hierarchical.Node.around(Node.java:137)
	at org.junit.platform.engine.support.hierarchical.NodeTestTask.lambda$executeRecursively$9(NodeTestTask.java:139)
	at org.junit.platform.engine.support.hierarchical.ThrowableCollector.execute(ThrowableCollector.java:73)
	at org.junit.platform.engine.support.hierarchical.NodeTestTask.executeRecursively(NodeTestTask.java:138)
	at org.junit.platform.engine.support.hierarchical.NodeTestTask.execute(NodeTestTask.java:95)
	at org.junit.platform.engine.support.hierarchical.SameThreadHierarchicalTestExecutorService.submit(SameThreadHierarchicalTestExecutorService.java:35)
	at org.junit.platform.engine.support.hierarchical.HierarchicalTestExecutor.execute(HierarchicalTestExecutor.java:57)
	at org.junit.platform.engine.support.hierarchical.HierarchicalTestEngine.execute(HierarchicalTestEngine.java:54)
	at org.junit.platform.launcher.core.EngineExecutionOrchestrator.execute(EngineExecutionOrchestrator.java:147)
	at org.junit.platform.launcher.core.EngineExecutionOrchestrator.execute(EngineExecutionOrchestrator.java:127)
	at org.junit.platform.launcher.core.EngineExecutionOrchestrator.execute(EngineExecutionOrchestrator.java:90)
	at org.junit.platform.launcher.core.EngineExecutionOrchestrator.lambda$execute$0(EngineExecutionOrchestrator.java:55)
	at org.junit.platform.launcher.core.EngineExecutionOrchestrator.withInterceptedStreams(EngineExecutionOrchestrator.java:102)
	at org.junit.platform.launcher.core.EngineExecutionOrchestrator.execute(EngineExecutionOrchestrator.java:54)
	at org.junit.platform.launcher.core.DefaultLauncher.execute(DefaultLauncher.java:114)
	at org.junit.platform.launcher.core.DefaultLauncher.execute(DefaultLauncher.java:86)
	at org.junit.platform.launcher.core.DefaultLauncherSession$DelegatingLauncher.execute(DefaultLauncherSession.java:86)
	at org.junit.platform.launcher.core.SessionPerRequestLauncher.execute(SessionPerRequestLauncher.java:53)
	at org.apache.maven.surefire.junitplatform.JUnitPlatformProvider.execute(JUnitPlatformProvider.java:188)
	at org.apache.maven.surefire.junitplatform.JUnitPlatformProvider.invokeAllTests(JUnitPlatformProvider.java:154)
	at org.apache.maven.surefire.junitplatform.JUnitPlatformProvider.invoke(JUnitPlatformProvider.java:128)
	at org.apache.maven.surefire.booter.ForkedBooter.runSuitesInProcess(ForkedBooter.java:428)
	at org.apache.maven.surefire.booter.ForkedBooter.execute(ForkedBooter.java:162)
	at org.apache.maven.surefire.booter.ForkedBooter.run(ForkedBooter.java:562)
	at org.apache.maven.surefire.booter.ForkedBooter.main(ForkedBooter.java:548)
]]></system-err>
  </testcase>
  <testcase name="testCreate" classname="br.com.FuriniSolutions.dao.ItemNotaDAOIT" time="0.012">
    <system-out><![CDATA[INICIANDO TESTES DE ITEM NOTA
TESTANDO CREATE
ItemNota{id=21, quantidade=5, valorItem=100.0, produto=Produto{id=36, descricao=Produto Teste, valor=20.0}, notaFiscal=NotaFiscal{id=21, dataEmissao=2024-10-10, cliente=Cliente{id=36, nome=Cliente Teste, endereco=Rua Exemplo}}}
FINALIZANDO TESTES DE ITEM NOTA
]]></system-out>
  </testcase>
  <testcase name="testDelete" classname="br.com.FuriniSolutions.dao.ItemNotaDAOIT" time="0.01">
    <system-out><![CDATA[INICIANDO TESTES DE ITEM NOTA
TESTANDO DELETE
FINALIZANDO TESTES DE ITEM NOTA
]]></system-out>
  </testcase>
  <testcase name="testUpdate" classname="br.com.FuriniSolutions.dao.ItemNotaDAOIT" time="0.327">
    <system-out><![CDATA[INICIANDO TESTES DE ITEM NOTA
TESTANDO UPDATE
não foi possível conectar ao banco de dados
jdbc:mysql://localhost:3306/furini
Connection exception, SQL-server rejected establishment of SQL-connection,  message from server: "Too many connections"
Cannot invoke "java.sql.Connection.prepareStatement(String)" because "this.con" is null
não foi possível conectar ao banco de dados
jdbc:mysql://localhost:3306/furini
Connection exception, SQL-server rejected establishment of SQL-connection,  message from server: "Too many connections"
FINALIZANDO TESTES DE ITEM NOTA
]]></system-out>
    <system-err><![CDATA[Erro ao buscar ItemNotas com IDNota: Cannot invoke "java.sql.Connection.prepareStatement(String)" because "connection" is null
java.lang.NullPointerException: Cannot invoke "java.sql.Connection.prepareStatement(String)" because "connection" is null
	at br.com.FuriniSolutions.dao.ItemNotaDAO.findAllWithIDNota(ItemNotaDAO.java:173)
	at br.com.FuriniSolutions.dao.NotaFiscalDAO.retrive(NotaFiscalDAO.java:100)
	at br.com.FuriniSolutions.dao.ItemNotaDAO.findAllWithIDNota(ItemNotaDAO.java:190)
	at br.com.FuriniSolutions.dao.NotaFiscalDAO.retrive(NotaFiscalDAO.java:100)
	at br.com.FuriniSolutions.dao.ItemNotaDAO.findAllWithIDNota(ItemNotaDAO.java:190)
	at br.com.FuriniSolutions.dao.NotaFiscalDAO.retrive(NotaFiscalDAO.java:100)
	at br.com.FuriniSolutions.dao.ItemNotaDAO.findAllWithIDNota(ItemNotaDAO.java:190)
	at br.com.FuriniSolutions.dao.NotaFiscalDAO.retrive(NotaFiscalDAO.java:100)
	at br.com.FuriniSolutions.dao.ItemNotaDAO.findAllWithIDNota(ItemNotaDAO.java:190)
	at br.com.FuriniSolutions.dao.NotaFiscalDAO.retrive(NotaFiscalDAO.java:100)
	at br.com.FuriniSolutions.dao.ItemNotaDAO.findAllWithIDNota(ItemNotaDAO.java:190)
	at br.com.FuriniSolutions.dao.NotaFiscalDAO.retrive(NotaFiscalDAO.java:100)
	at br.com.FuriniSolutions.dao.ItemNotaDAO.findAllWithIDNota(ItemNotaDAO.java:190)
	at br.com.FuriniSolutions.dao.NotaFiscalDAO.retrive(NotaFiscalDAO.java:100)
	at br.com.FuriniSolutions.dao.ItemNotaDAO.findAllWithIDNota(ItemNotaDAO.java:190)
	at br.com.FuriniSolutions.dao.NotaFiscalDAO.retrive(NotaFiscalDAO.java:100)
	at br.com.FuriniSolutions.dao.ItemNotaDAO.findAllWithIDNota(ItemNotaDAO.java:190)
	at br.com.FuriniSolutions.dao.NotaFiscalDAO.retrive(NotaFiscalDAO.java:100)
	at br.com.FuriniSolutions.dao.ItemNotaDAO.findAllWithIDNota(ItemNotaDAO.java:190)
	at br.com.FuriniSolutions.dao.NotaFiscalDAO.retrive(NotaFiscalDAO.java:100)
	at br.com.FuriniSolutions.dao.ItemNotaDAO.findAllWithIDNota(ItemNotaDAO.java:190)
	at br.com.FuriniSolutions.dao.NotaFiscalDAO.retrive(NotaFiscalDAO.java:100)
	at br.com.FuriniSolutions.dao.ItemNotaDAO.findAllWithIDNota(ItemNotaDAO.java:190)
	at br.com.FuriniSolutions.dao.NotaFiscalDAO.retrive(NotaFiscalDAO.java:100)
	at br.com.FuriniSolutions.dao.ItemNotaDAO.findAllWithIDNota(ItemNotaDAO.java:190)
	at br.com.FuriniSolutions.dao.NotaFiscalDAO.retrive(NotaFiscalDAO.java:100)
	at br.com.FuriniSolutions.dao.ItemNotaDAO.findAllWithIDNota(ItemNotaDAO.java:190)
	at br.com.FuriniSolutions.dao.NotaFiscalDAO.retrive(NotaFiscalDAO.java:100)
	at br.com.FuriniSolutions.dao.ItemNotaDAO.findAllWithIDNota(ItemNotaDAO.java:190)
	at br.com.FuriniSolutions.dao.NotaFiscalDAO.retrive(NotaFiscalDAO.java:100)
	at br.com.FuriniSolutions.dao.ItemNotaDAO.findAllWithIDNota(ItemNotaDAO.java:190)
	at br.com.FuriniSolutions.dao.NotaFiscalDAO.retrive(NotaFiscalDAO.java:100)
	at br.com.FuriniSolutions.dao.ItemNotaDAO.findAllWithIDNota(ItemNotaDAO.java:190)
	at br.com.FuriniSolutions.dao.NotaFiscalDAO.retrive(NotaFiscalDAO.java:100)
	at br.com.FuriniSolutions.dao.ItemNotaDAO.findAllWithIDNota(ItemNotaDAO.java:190)
	at br.com.FuriniSolutions.dao.NotaFiscalDAO.retrive(NotaFiscalDAO.java:100)
	at br.com.FuriniSolutions.dao.ItemNotaDAO.findAllWithIDNota(ItemNotaDAO.java:190)
	at br.com.FuriniSolutions.dao.NotaFiscalDAO.retrive(NotaFiscalDAO.java:100)
	at br.com.FuriniSolutions.dao.ItemNotaDAO.findAllWithIDNota(ItemNotaDAO.java:190)
	at br.com.FuriniSolutions.dao.NotaFiscalDAO.retrive(NotaFiscalDAO.java:100)
	at br.com.FuriniSolutions.dao.ItemNotaDAO.findAllWithIDNota(ItemNotaDAO.java:190)
	at br.com.FuriniSolutions.dao.NotaFiscalDAO.retrive(NotaFiscalDAO.java:100)
	at br.com.FuriniSolutions.dao.ItemNotaDAO.findAllWithIDNota(ItemNotaDAO.java:190)
	at br.com.FuriniSolutions.dao.NotaFiscalDAO.retrive(NotaFiscalDAO.java:100)
	at br.com.FuriniSolutions.dao.ItemNotaDAO.findAllWithIDNota(ItemNotaDAO.java:190)
	at br.com.FuriniSolutions.dao.NotaFiscalDAO.retrive(NotaFiscalDAO.java:100)
	at br.com.FuriniSolutions.dao.ItemNotaDAO.findAllWithIDNota(ItemNotaDAO.java:190)
	at br.com.FuriniSolutions.dao.NotaFiscalDAO.retrive(NotaFiscalDAO.java:100)
	at br.com.FuriniSolutions.dao.ItemNotaDAO.findAllWithIDNota(ItemNotaDAO.java:190)
	at br.com.FuriniSolutions.dao.NotaFiscalDAO.retrive(NotaFiscalDAO.java:100)
	at br.com.FuriniSolutions.dao.ItemNotaDAO.findAllWithIDNota(ItemNotaDAO.java:190)
	at br.com.FuriniSolutions.dao.NotaFiscalDAO.retrive(NotaFiscalDAO.java:100)
	at br.com.FuriniSolutions.dao.ItemNotaDAO.findAllWithIDNota(ItemNotaDAO.java:190)
	at br.com.FuriniSolutions.dao.NotaFiscalDAO.retrive(NotaFiscalDAO.java:100)
	at br.com.FuriniSolutions.dao.ItemNotaDAO.findAllWithIDNota(ItemNotaDAO.java:190)
	at br.com.FuriniSolutions.dao.NotaFiscalDAO.retrive(NotaFiscalDAO.java:100)
	at br.com.FuriniSolutions.dao.ItemNotaDAO.findAllWithIDNota(ItemNotaDAO.java:190)
	at br.com.FuriniSolutions.dao.NotaFiscalDAO.retrive(NotaFiscalDAO.java:100)
	at br.com.FuriniSolutions.dao.ItemNotaDAO.findAllWithIDNota(ItemNotaDAO.java:190)
	at br.com.FuriniSolutions.dao.NotaFiscalDAO.retrive(NotaFiscalDAO.java:100)
	at br.com.FuriniSolutions.dao.ItemNotaDAO.findAllWithIDNota(ItemNotaDAO.java:190)
	at br.com.FuriniSolutions.dao.NotaFiscalDAO.retrive(NotaFiscalDAO.java:100)
	at br.com.FuriniSolutions.dao.ItemNotaDAO.findAllWithIDNota(ItemNotaDAO.java:190)
	at br.com.FuriniSolutions.dao.NotaFiscalDAO.retrive(NotaFiscalDAO.java:100)
	at br.com.FuriniSolutions.dao.ItemNotaDAO.findAllWithIDNota(ItemNotaDAO.java:190)
	at br.com.FuriniSolutions.dao.NotaFiscalDAO.retrive(NotaFiscalDAO.java:100)
	at br.com.FuriniSolutions.dao.ItemNotaDAO.findAllWithIDNota(ItemNotaDAO.java:190)
	at br.com.FuriniSolutions.dao.NotaFiscalDAO.retrive(NotaFiscalDAO.java:100)
	at br.com.FuriniSolutions.dao.ItemNotaDAO.findAllWithIDNota(ItemNotaDAO.java:190)
	at br.com.FuriniSolutions.dao.NotaFiscalDAO.retrive(NotaFiscalDAO.java:100)
	at br.com.FuriniSolutions.dao.ItemNotaDAO.findAllWithIDNota(ItemNotaDAO.java:190)
	at br.com.FuriniSolutions.dao.NotaFiscalDAO.retrive(NotaFiscalDAO.java:100)
	at br.com.FuriniSolutions.dao.ItemNotaDAO.findAllWithIDNota(ItemNotaDAO.java:190)
	at br.com.FuriniSolutions.dao.NotaFiscalDAO.retrive(NotaFiscalDAO.java:100)
	at br.com.FuriniSolutions.dao.ItemNotaDAO.findAllWithIDNota(ItemNotaDAO.java:190)
	at br.com.FuriniSolutions.dao.NotaFiscalDAO.retrive(NotaFiscalDAO.java:100)
	at br.com.FuriniSolutions.dao.ItemNotaDAO.findAllWithIDNota(ItemNotaDAO.java:190)
	at br.com.FuriniSolutions.dao.NotaFiscalDAO.retrive(NotaFiscalDAO.java:100)
	at br.com.FuriniSolutions.dao.ItemNotaDAO.findAllWithIDNota(ItemNotaDAO.java:190)
	at br.com.FuriniSolutions.dao.NotaFiscalDAO.retrive(NotaFiscalDAO.java:100)
	at br.com.FuriniSolutions.dao.ItemNotaDAO.findAllWithIDNota(ItemNotaDAO.java:190)
	at br.com.FuriniSolutions.dao.NotaFiscalDAO.retrive(NotaFiscalDAO.java:100)
	at br.com.FuriniSolutions.dao.ItemNotaDAO.findAllWithIDNota(ItemNotaDAO.java:190)
	at br.com.FuriniSolutions.dao.NotaFiscalDAO.retrive(NotaFiscalDAO.java:100)
	at br.com.FuriniSolutions.dao.ItemNotaDAO.findAllWithIDNota(ItemNotaDAO.java:190)
	at br.com.FuriniSolutions.dao.NotaFiscalDAO.retrive(NotaFiscalDAO.java:100)
	at br.com.FuriniSolutions.dao.ItemNotaDAO.findAllWithIDNota(ItemNotaDAO.java:190)
	at br.com.FuriniSolutions.dao.NotaFiscalDAO.retrive(NotaFiscalDAO.java:100)
	at br.com.FuriniSolutions.dao.ItemNotaDAO.findAllWithIDNota(ItemNotaDAO.java:190)
	at br.com.FuriniSolutions.dao.NotaFiscalDAO.retrive(NotaFiscalDAO.java:100)
	at br.com.FuriniSolutions.dao.ItemNotaDAO.findAllWithIDNota(ItemNotaDAO.java:190)
	at br.com.FuriniSolutions.dao.NotaFiscalDAO.retrive(NotaFiscalDAO.java:100)
	at br.com.FuriniSolutions.dao.ItemNotaDAO.findAllWithIDNota(ItemNotaDAO.java:190)
	at br.com.FuriniSolutions.dao.NotaFiscalDAO.retrive(NotaFiscalDAO.java:100)
	at br.com.FuriniSolutions.dao.ItemNotaDAO.findAllWithIDNota(ItemNotaDAO.java:190)
	at br.com.FuriniSolutions.dao.NotaFiscalDAO.retrive(NotaFiscalDAO.java:100)
	at br.com.FuriniSolutions.dao.ItemNotaDAO.findAllWithIDNota(ItemNotaDAO.java:190)
	at br.com.FuriniSolutions.dao.NotaFiscalDAO.retrive(NotaFiscalDAO.java:100)
	at br.com.FuriniSolutions.dao.ItemNotaDAO.findAllWithIDNota(ItemNotaDAO.java:190)
	at br.com.FuriniSolutions.dao.NotaFiscalDAO.retrive(NotaFiscalDAO.java:100)
	at br.com.FuriniSolutions.dao.ItemNotaDAO.findAllWithIDNota(ItemNotaDAO.java:190)
	at br.com.FuriniSolutions.dao.NotaFiscalDAO.retrive(NotaFiscalDAO.java:100)
	at br.com.FuriniSolutions.dao.ItemNotaDAO.findAllWithIDNota(ItemNotaDAO.java:190)
	at br.com.FuriniSolutions.dao.NotaFiscalDAO.retrive(NotaFiscalDAO.java:100)
	at br.com.FuriniSolutions.dao.ItemNotaDAO.findAllWithIDNota(ItemNotaDAO.java:190)
	at br.com.FuriniSolutions.dao.NotaFiscalDAO.retrive(NotaFiscalDAO.java:100)
	at br.com.FuriniSolutions.dao.ItemNotaDAO.findAllWithIDNota(ItemNotaDAO.java:190)
	at br.com.FuriniSolutions.dao.NotaFiscalDAO.retrive(NotaFiscalDAO.java:100)
	at br.com.FuriniSolutions.dao.ItemNotaDAO.findAllWithIDNota(ItemNotaDAO.java:190)
	at br.com.FuriniSolutions.dao.NotaFiscalDAO.retrive(NotaFiscalDAO.java:100)
	at br.com.FuriniSolutions.dao.ItemNotaDAO.findAllWithIDNota(ItemNotaDAO.java:190)
	at br.com.FuriniSolutions.dao.NotaFiscalDAO.retrive(NotaFiscalDAO.java:100)
	at br.com.FuriniSolutions.dao.ItemNotaDAO.findAllWithIDNota(ItemNotaDAO.java:190)
	at br.com.FuriniSolutions.dao.NotaFiscalDAO.retrive(NotaFiscalDAO.java:100)
	at br.com.FuriniSolutions.dao.ItemNotaDAO.findAllWithIDNota(ItemNotaDAO.java:190)
	at br.com.FuriniSolutions.dao.NotaFiscalDAO.retrive(NotaFiscalDAO.java:100)
	at br.com.FuriniSolutions.dao.ItemNotaDAO.findAllWithIDNota(ItemNotaDAO.java:190)
	at br.com.FuriniSolutions.dao.NotaFiscalDAO.retrive(NotaFiscalDAO.java:100)
	at br.com.FuriniSolutions.dao.ItemNotaDAO.findAllWithIDNota(ItemNotaDAO.java:190)
	at br.com.FuriniSolutions.dao.NotaFiscalDAO.retrive(NotaFiscalDAO.java:100)
	at br.com.FuriniSolutions.dao.ItemNotaDAO.findAllWithIDNota(ItemNotaDAO.java:190)
	at br.com.FuriniSolutions.dao.NotaFiscalDAO.retrive(NotaFiscalDAO.java:100)
	at br.com.FuriniSolutions.dao.ItemNotaDAO.findAllWithIDNota(ItemNotaDAO.java:190)
	at br.com.FuriniSolutions.dao.NotaFiscalDAO.retrive(NotaFiscalDAO.java:100)
	at br.com.FuriniSolutions.dao.ItemNotaDAO.findAllWithIDNota(ItemNotaDAO.java:190)
	at br.com.FuriniSolutions.dao.NotaFiscalDAO.retrive(NotaFiscalDAO.java:100)
	at br.com.FuriniSolutions.dao.ItemNotaDAO.findAllWithIDNota(ItemNotaDAO.java:190)
	at br.com.FuriniSolutions.dao.NotaFiscalDAO.retrive(NotaFiscalDAO.java:100)
	at br.com.FuriniSolutions.dao.ItemNotaDAO.findAllWithIDNota(ItemNotaDAO.java:190)
	at br.com.FuriniSolutions.dao.NotaFiscalDAO.retrive(NotaFiscalDAO.java:100)
	at br.com.FuriniSolutions.dao.ItemNotaDAO.findAllWithIDNota(ItemNotaDAO.java:190)
	at br.com.FuriniSolutions.dao.NotaFiscalDAO.retrive(NotaFiscalDAO.java:100)
	at br.com.FuriniSolutions.dao.ItemNotaDAO.findAllWithIDNota(ItemNotaDAO.java:190)
	at br.com.FuriniSolutions.dao.NotaFiscalDAO.retrive(NotaFiscalDAO.java:100)
	at br.com.FuriniSolutions.dao.ItemNotaDAO.findAllWithIDNota(ItemNotaDAO.java:190)
	at br.com.FuriniSolutions.dao.NotaFiscalDAO.retrive(NotaFiscalDAO.java:100)
	at br.com.FuriniSolutions.dao.ItemNotaDAO.findAllWithIDNota(ItemNotaDAO.java:190)
	at br.com.FuriniSolutions.dao.NotaFiscalDAO.retrive(NotaFiscalDAO.java:100)
	at br.com.FuriniSolutions.dao.ItemNotaDAO.findAllWithIDNota(ItemNotaDAO.java:190)
	at br.com.FuriniSolutions.dao.NotaFiscalDAO.retrive(NotaFiscalDAO.java:100)
	at br.com.FuriniSolutions.dao.ItemNotaDAO.findAllWithIDNota(ItemNotaDAO.java:190)
	at br.com.FuriniSolutions.dao.NotaFiscalDAO.retrive(NotaFiscalDAO.java:100)
	at br.com.FuriniSolutions.dao.ItemNotaDAO.findAllWithIDNota(ItemNotaDAO.java:190)
	at br.com.FuriniSolutions.dao.NotaFiscalDAO.retrive(NotaFiscalDAO.java:100)
	at br.com.FuriniSolutions.dao.ItemNotaDAO.findAllWithIDNota(ItemNotaDAO.java:190)
	at br.com.FuriniSolutions.dao.NotaFiscalDAO.retrive(NotaFiscalDAO.java:100)
	at br.com.FuriniSolutions.dao.ItemNotaDAO.findAllWithIDNota(ItemNotaDAO.java:190)
	at br.com.FuriniSolutions.dao.NotaFiscalDAO.retrive(NotaFiscalDAO.java:100)
	at br.com.FuriniSolutions.dao.ItemNotaDAO.findAllWithIDNota(ItemNotaDAO.java:190)
	at br.com.FuriniSolutions.dao.NotaFiscalDAO.retrive(NotaFiscalDAO.java:100)
	at br.com.FuriniSolutions.dao.ItemNotaDAO.findAllWithIDNota(ItemNotaDAO.java:190)
	at br.com.FuriniSolutions.dao.NotaFiscalDAO.retrive(NotaFiscalDAO.java:100)
	at br.com.FuriniSolutions.dao.ItemNotaDAO.retrive(ItemNotaDAO.java:76)
	at br.com.FuriniSolutions.dao.ItemNotaDAOIT.testUpdate(ItemNotaDAOIT.java:156)
	at java.base/jdk.internal.reflect.DirectMethodHandleAccessor.invoke(DirectMethodHandleAccessor.java:104)
	at java.base/java.lang.reflect.Method.invoke(Method.java:577)
	at org.junit.platform.commons.util.ReflectionUtils.invokeMethod(ReflectionUtils.java:727)
	at org.junit.jupiter.engine.execution.MethodInvocation.proceed(MethodInvocation.java:60)
	at org.junit.jupiter.engine.execution.InvocationInterceptorChain$ValidatingInvocation.proceed(InvocationInterceptorChain.java:131)
	at org.junit.jupiter.engine.extension.TimeoutExtension.intercept(TimeoutExtension.java:156)
	at org.junit.jupiter.engine.extension.TimeoutExtension.interceptTestableMethod(TimeoutExtension.java:147)
	at org.junit.jupiter.engine.extension.TimeoutExtension.interceptTestMethod(TimeoutExtension.java:86)
	at org.junit.jupiter.engine.execution.InterceptingExecutableInvoker$ReflectiveInterceptorCall.lambda$ofVoidMethod$0(InterceptingExecutableInvoker.java:103)
	at org.junit.jupiter.engine.execution.InterceptingExecutableInvoker.lambda$invoke$0(InterceptingExecutableInvoker.java:93)
	at org.junit.jupiter.engine.execution.InvocationInterceptorChain$InterceptedInvocation.proceed(InvocationInterceptorChain.java:106)
	at org.junit.jupiter.engine.execution.InvocationInterceptorChain.proceed(InvocationInterceptorChain.java:64)
	at org.junit.jupiter.engine.execution.InvocationInterceptorChain.chainAndInvoke(InvocationInterceptorChain.java:45)
	at org.junit.jupiter.engine.execution.InvocationInterceptorChain.invoke(InvocationInterceptorChain.java:37)
	at org.junit.jupiter.engine.execution.InterceptingExecutableInvoker.invoke(InterceptingExecutableInvoker.java:92)
	at org.junit.jupiter.engine.execution.InterceptingExecutableInvoker.invoke(InterceptingExecutableInvoker.java:86)
	at org.junit.jupiter.engine.descriptor.TestMethodTestDescriptor.lambda$invokeTestMethod$7(TestMethodTestDescriptor.java:217)
	at org.junit.platform.engine.support.hierarchical.ThrowableCollector.execute(ThrowableCollector.java:73)
	at org.junit.jupiter.engine.descriptor.TestMethodTestDescriptor.invokeTestMethod(TestMethodTestDescriptor.java:213)
	at org.junit.jupiter.engine.descriptor.TestMethodTestDescriptor.execute(TestMethodTestDescriptor.java:138)
	at org.junit.jupiter.engine.descriptor.TestMethodTestDescriptor.execute(TestMethodTestDescriptor.java:68)
	at org.junit.platform.engine.support.hierarchical.NodeTestTask.lambda$executeRecursively$6(NodeTestTask.java:151)
	at org.junit.platform.engine.support.hierarchical.ThrowableCollector.execute(ThrowableCollector.java:73)
	at org.junit.platform.engine.support.hierarchical.NodeTestTask.lambda$executeRecursively$8(NodeTestTask.java:141)
	at org.junit.platform.engine.support.hierarchical.Node.around(Node.java:137)
	at org.junit.platform.engine.support.hierarchical.NodeTestTask.lambda$executeRecursively$9(NodeTestTask.java:139)
	at org.junit.platform.engine.support.hierarchical.ThrowableCollector.execute(ThrowableCollector.java:73)
	at org.junit.platform.engine.support.hierarchical.NodeTestTask.executeRecursively(NodeTestTask.java:138)
	at org.junit.platform.engine.support.hierarchical.NodeTestTask.execute(NodeTestTask.java:95)
	at java.base/java.util.ArrayList.forEach(ArrayList.java:1511)
	at org.junit.platform.engine.support.hierarchical.SameThreadHierarchicalTestExecutorService.invokeAll(SameThreadHierarchicalTestExecutorService.java:41)
	at org.junit.platform.engine.support.hierarchical.NodeTestTask.lambda$executeRecursively$6(NodeTestTask.java:155)
	at org.junit.platform.engine.support.hierarchical.ThrowableCollector.execute(ThrowableCollector.java:73)
	at org.junit.platform.engine.support.hierarchical.NodeTestTask.lambda$executeRecursively$8(NodeTestTask.java:141)
	at org.junit.platform.engine.support.hierarchical.Node.around(Node.java:137)
	at org.junit.platform.engine.support.hierarchical.NodeTestTask.lambda$executeRecursively$9(NodeTestTask.java:139)
	at org.junit.platform.engine.support.hierarchical.ThrowableCollector.execute(ThrowableCollector.java:73)
	at org.junit.platform.engine.support.hierarchical.NodeTestTask.executeRecursively(NodeTestTask.java:138)
	at org.junit.platform.engine.support.hierarchical.NodeTestTask.execute(NodeTestTask.java:95)
	at java.base/java.util.ArrayList.forEach(ArrayList.java:1511)
	at org.junit.platform.engine.support.hierarchical.SameThreadHierarchicalTestExecutorService.invokeAll(SameThreadHierarchicalTestExecutorService.java:41)
	at org.junit.platform.engine.support.hierarchical.NodeTestTask.lambda$executeRecursively$6(NodeTestTask.java:155)
	at org.junit.platform.engine.support.hierarchical.ThrowableCollector.execute(ThrowableCollector.java:73)
	at org.junit.platform.engine.support.hierarchical.NodeTestTask.lambda$executeRecursively$8(NodeTestTask.java:141)
	at org.junit.platform.engine.support.hierarchical.Node.around(Node.java:137)
	at org.junit.platform.engine.support.hierarchical.NodeTestTask.lambda$executeRecursively$9(NodeTestTask.java:139)
	at org.junit.platform.engine.support.hierarchical.ThrowableCollector.execute(ThrowableCollector.java:73)
	at org.junit.platform.engine.support.hierarchical.NodeTestTask.executeRecursively(NodeTestTask.java:138)
	at org.junit.platform.engine.support.hierarchical.NodeTestTask.execute(NodeTestTask.java:95)
	at org.junit.platform.engine.support.hierarchical.SameThreadHierarchicalTestExecutorService.submit(SameThreadHierarchicalTestExecutorService.java:35)
	at org.junit.platform.engine.support.hierarchical.HierarchicalTestExecutor.execute(HierarchicalTestExecutor.java:57)
	at org.junit.platform.engine.support.hierarchical.HierarchicalTestEngine.execute(HierarchicalTestEngine.java:54)
	at org.junit.platform.launcher.core.EngineExecutionOrchestrator.execute(EngineExecutionOrchestrator.java:147)
	at org.junit.platform.launcher.core.EngineExecutionOrchestrator.execute(EngineExecutionOrchestrator.java:127)
	at org.junit.platform.launcher.core.EngineExecutionOrchestrator.execute(EngineExecutionOrchestrator.java:90)
	at org.junit.platform.launcher.core.EngineExecutionOrchestrator.lambda$execute$0(EngineExecutionOrchestrator.java:55)
	at org.junit.platform.launcher.core.EngineExecutionOrchestrator.withInterceptedStreams(EngineExecutionOrchestrator.java:102)
	at org.junit.platform.launcher.core.EngineExecutionOrchestrator.execute(EngineExecutionOrchestrator.java:54)
	at org.junit.platform.launcher.core.DefaultLauncher.execute(DefaultLauncher.java:114)
	at org.junit.platform.launcher.core.DefaultLauncher.execute(DefaultLauncher.java:86)
	at org.junit.platform.launcher.core.DefaultLauncherSession$DelegatingLauncher.execute(DefaultLauncherSession.java:86)
	at org.junit.platform.launcher.core.SessionPerRequestLauncher.execute(SessionPerRequestLauncher.java:53)
	at org.apache.maven.surefire.junitplatform.JUnitPlatformProvider.execute(JUnitPlatformProvider.java:188)
	at org.apache.maven.surefire.junitplatform.JUnitPlatformProvider.invokeAllTests(JUnitPlatformProvider.java:154)
	at org.apache.maven.surefire.junitplatform.JUnitPlatformProvider.invoke(JUnitPlatformProvider.java:128)
	at org.apache.maven.surefire.booter.ForkedBooter.runSuitesInProcess(ForkedBooter.java:428)
	at org.apache.maven.surefire.booter.ForkedBooter.execute(ForkedBooter.java:162)
	at org.apache.maven.surefire.booter.ForkedBooter.run(ForkedBooter.java:562)
	at org.apache.maven.surefire.booter.ForkedBooter.main(ForkedBooter.java:548)
]]></system-err>
  </testcase>
  <testcase name="testFindAllWithIDNota" classname="br.com.FuriniSolutions.dao.ItemNotaDAOIT" time="0.333">
    <failure type="org.opentest4j.AssertionFailedError"><![CDATA[org.opentest4j.AssertionFailedError: A quantidade deve corresponder. ==> expected: <5> but was: <100>
	at br.com.FuriniSolutions.dao.ItemNotaDAOIT.testFindAllWithIDNota(ItemNotaDAOIT.java:266)
]]></failure>
    <system-out><![CDATA[INICIANDO TESTES DE ITEM NOTA
TESTANDO FINDALLWITHIDNOTA
não foi possível conectar ao banco de dados
jdbc:mysql://localhost:3306/furini
Connection exception, SQL-server rejected establishment of SQL-connection,  message from server: "Too many connections"
FINALIZANDO TESTES DE ITEM NOTA
]]></system-out>
    <system-err><![CDATA[Erro ao buscar ItemNotas com IDNota: Cannot invoke "java.sql.Connection.prepareStatement(String)" because "connection" is null
java.lang.NullPointerException: Cannot invoke "java.sql.Connection.prepareStatement(String)" because "connection" is null
	at br.com.FuriniSolutions.dao.ItemNotaDAO.findAllWithIDNota(ItemNotaDAO.java:173)
	at br.com.FuriniSolutions.dao.NotaFiscalDAO.retrive(NotaFiscalDAO.java:100)
	at br.com.FuriniSolutions.dao.ItemNotaDAO.findAllWithIDNota(ItemNotaDAO.java:190)
	at br.com.FuriniSolutions.dao.NotaFiscalDAO.retrive(NotaFiscalDAO.java:100)
	at br.com.FuriniSolutions.dao.ItemNotaDAO.findAllWithIDNota(ItemNotaDAO.java:190)
	at br.com.FuriniSolutions.dao.NotaFiscalDAO.retrive(NotaFiscalDAO.java:100)
	at br.com.FuriniSolutions.dao.ItemNotaDAO.findAllWithIDNota(ItemNotaDAO.java:190)
	at br.com.FuriniSolutions.dao.NotaFiscalDAO.retrive(NotaFiscalDAO.java:100)
	at br.com.FuriniSolutions.dao.ItemNotaDAO.findAllWithIDNota(ItemNotaDAO.java:190)
	at br.com.FuriniSolutions.dao.NotaFiscalDAO.retrive(NotaFiscalDAO.java:100)
	at br.com.FuriniSolutions.dao.ItemNotaDAO.findAllWithIDNota(ItemNotaDAO.java:190)
	at br.com.FuriniSolutions.dao.NotaFiscalDAO.retrive(NotaFiscalDAO.java:100)
	at br.com.FuriniSolutions.dao.ItemNotaDAO.findAllWithIDNota(ItemNotaDAO.java:190)
	at br.com.FuriniSolutions.dao.NotaFiscalDAO.retrive(NotaFiscalDAO.java:100)
	at br.com.FuriniSolutions.dao.ItemNotaDAO.findAllWithIDNota(ItemNotaDAO.java:190)
	at br.com.FuriniSolutions.dao.NotaFiscalDAO.retrive(NotaFiscalDAO.java:100)
	at br.com.FuriniSolutions.dao.ItemNotaDAO.findAllWithIDNota(ItemNotaDAO.java:190)
	at br.com.FuriniSolutions.dao.NotaFiscalDAO.retrive(NotaFiscalDAO.java:100)
	at br.com.FuriniSolutions.dao.ItemNotaDAO.findAllWithIDNota(ItemNotaDAO.java:190)
	at br.com.FuriniSolutions.dao.NotaFiscalDAO.retrive(NotaFiscalDAO.java:100)
	at br.com.FuriniSolutions.dao.ItemNotaDAO.findAllWithIDNota(ItemNotaDAO.java:190)
	at br.com.FuriniSolutions.dao.NotaFiscalDAO.retrive(NotaFiscalDAO.java:100)
	at br.com.FuriniSolutions.dao.ItemNotaDAO.findAllWithIDNota(ItemNotaDAO.java:190)
	at br.com.FuriniSolutions.dao.NotaFiscalDAO.retrive(NotaFiscalDAO.java:100)
	at br.com.FuriniSolutions.dao.ItemNotaDAO.findAllWithIDNota(ItemNotaDAO.java:190)
	at br.com.FuriniSolutions.dao.NotaFiscalDAO.retrive(NotaFiscalDAO.java:100)
	at br.com.FuriniSolutions.dao.ItemNotaDAO.findAllWithIDNota(ItemNotaDAO.java:190)
	at br.com.FuriniSolutions.dao.NotaFiscalDAO.retrive(NotaFiscalDAO.java:100)
	at br.com.FuriniSolutions.dao.ItemNotaDAO.findAllWithIDNota(ItemNotaDAO.java:190)
	at br.com.FuriniSolutions.dao.NotaFiscalDAO.retrive(NotaFiscalDAO.java:100)
	at br.com.FuriniSolutions.dao.ItemNotaDAO.findAllWithIDNota(ItemNotaDAO.java:190)
	at br.com.FuriniSolutions.dao.NotaFiscalDAO.retrive(NotaFiscalDAO.java:100)
	at br.com.FuriniSolutions.dao.ItemNotaDAO.findAllWithIDNota(ItemNotaDAO.java:190)
	at br.com.FuriniSolutions.dao.NotaFiscalDAO.retrive(NotaFiscalDAO.java:100)
	at br.com.FuriniSolutions.dao.ItemNotaDAO.findAllWithIDNota(ItemNotaDAO.java:190)
	at br.com.FuriniSolutions.dao.NotaFiscalDAO.retrive(NotaFiscalDAO.java:100)
	at br.com.FuriniSolutions.dao.ItemNotaDAO.findAllWithIDNota(ItemNotaDAO.java:190)
	at br.com.FuriniSolutions.dao.NotaFiscalDAO.retrive(NotaFiscalDAO.java:100)
	at br.com.FuriniSolutions.dao.ItemNotaDAO.findAllWithIDNota(ItemNotaDAO.java:190)
	at br.com.FuriniSolutions.dao.NotaFiscalDAO.retrive(NotaFiscalDAO.java:100)
	at br.com.FuriniSolutions.dao.ItemNotaDAO.findAllWithIDNota(ItemNotaDAO.java:190)
	at br.com.FuriniSolutions.dao.NotaFiscalDAO.retrive(NotaFiscalDAO.java:100)
	at br.com.FuriniSolutions.dao.ItemNotaDAO.findAllWithIDNota(ItemNotaDAO.java:190)
	at br.com.FuriniSolutions.dao.NotaFiscalDAO.retrive(NotaFiscalDAO.java:100)
	at br.com.FuriniSolutions.dao.ItemNotaDAO.findAllWithIDNota(ItemNotaDAO.java:190)
	at br.com.FuriniSolutions.dao.NotaFiscalDAO.retrive(NotaFiscalDAO.java:100)
	at br.com.FuriniSolutions.dao.ItemNotaDAO.findAllWithIDNota(ItemNotaDAO.java:190)
	at br.com.FuriniSolutions.dao.NotaFiscalDAO.retrive(NotaFiscalDAO.java:100)
	at br.com.FuriniSolutions.dao.ItemNotaDAO.findAllWithIDNota(ItemNotaDAO.java:190)
	at br.com.FuriniSolutions.dao.NotaFiscalDAO.retrive(NotaFiscalDAO.java:100)
	at br.com.FuriniSolutions.dao.ItemNotaDAO.findAllWithIDNota(ItemNotaDAO.java:190)
	at br.com.FuriniSolutions.dao.NotaFiscalDAO.retrive(NotaFiscalDAO.java:100)
	at br.com.FuriniSolutions.dao.ItemNotaDAO.findAllWithIDNota(ItemNotaDAO.java:190)
	at br.com.FuriniSolutions.dao.NotaFiscalDAO.retrive(NotaFiscalDAO.java:100)
	at br.com.FuriniSolutions.dao.ItemNotaDAO.findAllWithIDNota(ItemNotaDAO.java:190)
	at br.com.FuriniSolutions.dao.NotaFiscalDAO.retrive(NotaFiscalDAO.java:100)
	at br.com.FuriniSolutions.dao.ItemNotaDAO.findAllWithIDNota(ItemNotaDAO.java:190)
	at br.com.FuriniSolutions.dao.NotaFiscalDAO.retrive(NotaFiscalDAO.java:100)
	at br.com.FuriniSolutions.dao.ItemNotaDAO.findAllWithIDNota(ItemNotaDAO.java:190)
	at br.com.FuriniSolutions.dao.NotaFiscalDAO.retrive(NotaFiscalDAO.java:100)
	at br.com.FuriniSolutions.dao.ItemNotaDAO.findAllWithIDNota(ItemNotaDAO.java:190)
	at br.com.FuriniSolutions.dao.NotaFiscalDAO.retrive(NotaFiscalDAO.java:100)
	at br.com.FuriniSolutions.dao.ItemNotaDAO.findAllWithIDNota(ItemNotaDAO.java:190)
	at br.com.FuriniSolutions.dao.NotaFiscalDAO.retrive(NotaFiscalDAO.java:100)
	at br.com.FuriniSolutions.dao.ItemNotaDAO.findAllWithIDNota(ItemNotaDAO.java:190)
	at br.com.FuriniSolutions.dao.NotaFiscalDAO.retrive(NotaFiscalDAO.java:100)
	at br.com.FuriniSolutions.dao.ItemNotaDAO.findAllWithIDNota(ItemNotaDAO.java:190)
	at br.com.FuriniSolutions.dao.NotaFiscalDAO.retrive(NotaFiscalDAO.java:100)
	at br.com.FuriniSolutions.dao.ItemNotaDAO.findAllWithIDNota(ItemNotaDAO.java:190)
	at br.com.FuriniSolutions.dao.NotaFiscalDAO.retrive(NotaFiscalDAO.java:100)
	at br.com.FuriniSolutions.dao.ItemNotaDAO.findAllWithIDNota(ItemNotaDAO.java:190)
	at br.com.FuriniSolutions.dao.NotaFiscalDAO.retrive(NotaFiscalDAO.java:100)
	at br.com.FuriniSolutions.dao.ItemNotaDAO.findAllWithIDNota(ItemNotaDAO.java:190)
	at br.com.FuriniSolutions.dao.NotaFiscalDAO.retrive(NotaFiscalDAO.java:100)
	at br.com.FuriniSolutions.dao.ItemNotaDAO.findAllWithIDNota(ItemNotaDAO.java:190)
	at br.com.FuriniSolutions.dao.NotaFiscalDAO.retrive(NotaFiscalDAO.java:100)
	at br.com.FuriniSolutions.dao.ItemNotaDAO.findAllWithIDNota(ItemNotaDAO.java:190)
	at br.com.FuriniSolutions.dao.NotaFiscalDAO.retrive(NotaFiscalDAO.java:100)
	at br.com.FuriniSolutions.dao.ItemNotaDAO.findAllWithIDNota(ItemNotaDAO.java:190)
	at br.com.FuriniSolutions.dao.NotaFiscalDAO.retrive(NotaFiscalDAO.java:100)
	at br.com.FuriniSolutions.dao.ItemNotaDAO.findAllWithIDNota(ItemNotaDAO.java:190)
	at br.com.FuriniSolutions.dao.NotaFiscalDAO.retrive(NotaFiscalDAO.java:100)
	at br.com.FuriniSolutions.dao.ItemNotaDAO.findAllWithIDNota(ItemNotaDAO.java:190)
	at br.com.FuriniSolutions.dao.NotaFiscalDAO.retrive(NotaFiscalDAO.java:100)
	at br.com.FuriniSolutions.dao.ItemNotaDAO.findAllWithIDNota(ItemNotaDAO.java:190)
	at br.com.FuriniSolutions.dao.NotaFiscalDAO.retrive(NotaFiscalDAO.java:100)
	at br.com.FuriniSolutions.dao.ItemNotaDAO.findAllWithIDNota(ItemNotaDAO.java:190)
	at br.com.FuriniSolutions.dao.NotaFiscalDAO.retrive(NotaFiscalDAO.java:100)
	at br.com.FuriniSolutions.dao.ItemNotaDAO.findAllWithIDNota(ItemNotaDAO.java:190)
	at br.com.FuriniSolutions.dao.NotaFiscalDAO.retrive(NotaFiscalDAO.java:100)
	at br.com.FuriniSolutions.dao.ItemNotaDAO.findAllWithIDNota(ItemNotaDAO.java:190)
	at br.com.FuriniSolutions.dao.NotaFiscalDAO.retrive(NotaFiscalDAO.java:100)
	at br.com.FuriniSolutions.dao.ItemNotaDAO.findAllWithIDNota(ItemNotaDAO.java:190)
	at br.com.FuriniSolutions.dao.NotaFiscalDAO.retrive(NotaFiscalDAO.java:100)
	at br.com.FuriniSolutions.dao.ItemNotaDAO.findAllWithIDNota(ItemNotaDAO.java:190)
	at br.com.FuriniSolutions.dao.NotaFiscalDAO.retrive(NotaFiscalDAO.java:100)
	at br.com.FuriniSolutions.dao.ItemNotaDAO.findAllWithIDNota(ItemNotaDAO.java:190)
	at br.com.FuriniSolutions.dao.NotaFiscalDAO.retrive(NotaFiscalDAO.java:100)
	at br.com.FuriniSolutions.dao.ItemNotaDAO.findAllWithIDNota(ItemNotaDAO.java:190)
	at br.com.FuriniSolutions.dao.NotaFiscalDAO.retrive(NotaFiscalDAO.java:100)
	at br.com.FuriniSolutions.dao.ItemNotaDAO.findAllWithIDNota(ItemNotaDAO.java:190)
	at br.com.FuriniSolutions.dao.NotaFiscalDAO.retrive(NotaFiscalDAO.java:100)
	at br.com.FuriniSolutions.dao.ItemNotaDAO.findAllWithIDNota(ItemNotaDAO.java:190)
	at br.com.FuriniSolutions.dao.NotaFiscalDAO.retrive(NotaFiscalDAO.java:100)
	at br.com.FuriniSolutions.dao.ItemNotaDAO.findAllWithIDNota(ItemNotaDAO.java:190)
	at br.com.FuriniSolutions.dao.NotaFiscalDAO.retrive(NotaFiscalDAO.java:100)
	at br.com.FuriniSolutions.dao.ItemNotaDAO.findAllWithIDNota(ItemNotaDAO.java:190)
	at br.com.FuriniSolutions.dao.NotaFiscalDAO.retrive(NotaFiscalDAO.java:100)
	at br.com.FuriniSolutions.dao.ItemNotaDAO.findAllWithIDNota(ItemNotaDAO.java:190)
	at br.com.FuriniSolutions.dao.NotaFiscalDAO.retrive(NotaFiscalDAO.java:100)
	at br.com.FuriniSolutions.dao.ItemNotaDAO.findAllWithIDNota(ItemNotaDAO.java:190)
	at br.com.FuriniSolutions.dao.NotaFiscalDAO.retrive(NotaFiscalDAO.java:100)
	at br.com.FuriniSolutions.dao.ItemNotaDAO.findAllWithIDNota(ItemNotaDAO.java:190)
	at br.com.FuriniSolutions.dao.NotaFiscalDAO.retrive(NotaFiscalDAO.java:100)
	at br.com.FuriniSolutions.dao.ItemNotaDAO.findAllWithIDNota(ItemNotaDAO.java:190)
	at br.com.FuriniSolutions.dao.NotaFiscalDAO.retrive(NotaFiscalDAO.java:100)
	at br.com.FuriniSolutions.dao.ItemNotaDAO.findAllWithIDNota(ItemNotaDAO.java:190)
	at br.com.FuriniSolutions.dao.NotaFiscalDAO.retrive(NotaFiscalDAO.java:100)
	at br.com.FuriniSolutions.dao.ItemNotaDAO.findAllWithIDNota(ItemNotaDAO.java:190)
	at br.com.FuriniSolutions.dao.NotaFiscalDAO.retrive(NotaFiscalDAO.java:100)
	at br.com.FuriniSolutions.dao.ItemNotaDAO.findAllWithIDNota(ItemNotaDAO.java:190)
	at br.com.FuriniSolutions.dao.NotaFiscalDAO.retrive(NotaFiscalDAO.java:100)
	at br.com.FuriniSolutions.dao.ItemNotaDAO.findAllWithIDNota(ItemNotaDAO.java:190)
	at br.com.FuriniSolutions.dao.NotaFiscalDAO.retrive(NotaFiscalDAO.java:100)
	at br.com.FuriniSolutions.dao.ItemNotaDAO.findAllWithIDNota(ItemNotaDAO.java:190)
	at br.com.FuriniSolutions.dao.NotaFiscalDAO.retrive(NotaFiscalDAO.java:100)
	at br.com.FuriniSolutions.dao.ItemNotaDAO.findAllWithIDNota(ItemNotaDAO.java:190)
	at br.com.FuriniSolutions.dao.NotaFiscalDAO.retrive(NotaFiscalDAO.java:100)
	at br.com.FuriniSolutions.dao.ItemNotaDAO.findAllWithIDNota(ItemNotaDAO.java:190)
	at br.com.FuriniSolutions.dao.NotaFiscalDAO.retrive(NotaFiscalDAO.java:100)
	at br.com.FuriniSolutions.dao.ItemNotaDAO.findAllWithIDNota(ItemNotaDAO.java:190)
	at br.com.FuriniSolutions.dao.NotaFiscalDAO.retrive(NotaFiscalDAO.java:100)
	at br.com.FuriniSolutions.dao.ItemNotaDAO.findAllWithIDNota(ItemNotaDAO.java:190)
	at br.com.FuriniSolutions.dao.NotaFiscalDAO.retrive(NotaFiscalDAO.java:100)
	at br.com.FuriniSolutions.dao.ItemNotaDAO.findAllWithIDNota(ItemNotaDAO.java:190)
	at br.com.FuriniSolutions.dao.NotaFiscalDAO.retrive(NotaFiscalDAO.java:100)
	at br.com.FuriniSolutions.dao.ItemNotaDAO.findAllWithIDNota(ItemNotaDAO.java:190)
	at br.com.FuriniSolutions.dao.NotaFiscalDAO.retrive(NotaFiscalDAO.java:100)
	at br.com.FuriniSolutions.dao.ItemNotaDAO.findAllWithIDNota(ItemNotaDAO.java:190)
	at br.com.FuriniSolutions.dao.NotaFiscalDAO.retrive(NotaFiscalDAO.java:100)
	at br.com.FuriniSolutions.dao.ItemNotaDAO.findAllWithIDNota(ItemNotaDAO.java:190)
	at br.com.FuriniSolutions.dao.NotaFiscalDAO.retrive(NotaFiscalDAO.java:100)
	at br.com.FuriniSolutions.dao.ItemNotaDAO.findAllWithIDNota(ItemNotaDAO.java:190)
	at br.com.FuriniSolutions.dao.NotaFiscalDAO.retrive(NotaFiscalDAO.java:100)
	at br.com.FuriniSolutions.dao.ItemNotaDAO.findAllWithIDNota(ItemNotaDAO.java:190)
	at br.com.FuriniSolutions.dao.NotaFiscalDAO.retrive(NotaFiscalDAO.java:100)
	at br.com.FuriniSolutions.dao.ItemNotaDAO.findAllWithIDNota(ItemNotaDAO.java:190)
	at br.com.FuriniSolutions.dao.NotaFiscalDAO.retrive(NotaFiscalDAO.java:100)
	at br.com.FuriniSolutions.dao.ItemNotaDAO.findAllWithIDNota(ItemNotaDAO.java:190)
	at br.com.FuriniSolutions.dao.NotaFiscalDAO.retrive(NotaFiscalDAO.java:100)
	at br.com.FuriniSolutions.dao.ItemNotaDAO.findAllWithIDNota(ItemNotaDAO.java:190)
	at br.com.FuriniSolutions.dao.ItemNotaDAOIT.testFindAllWithIDNota(ItemNotaDAOIT.java:256)
	at java.base/jdk.internal.reflect.DirectMethodHandleAccessor.invoke(DirectMethodHandleAccessor.java:104)
	at java.base/java.lang.reflect.Method.invoke(Method.java:577)
	at org.junit.platform.commons.util.ReflectionUtils.invokeMethod(ReflectionUtils.java:727)
	at org.junit.jupiter.engine.execution.MethodInvocation.proceed(MethodInvocation.java:60)
	at org.junit.jupiter.engine.execution.InvocationInterceptorChain$ValidatingInvocation.proceed(InvocationInterceptorChain.java:131)
	at org.junit.jupiter.engine.extension.TimeoutExtension.intercept(TimeoutExtension.java:156)
	at org.junit.jupiter.engine.extension.TimeoutExtension.interceptTestableMethod(TimeoutExtension.java:147)
	at org.junit.jupiter.engine.extension.TimeoutExtension.interceptTestMethod(TimeoutExtension.java:86)
	at org.junit.jupiter.engine.execution.InterceptingExecutableInvoker$ReflectiveInterceptorCall.lambda$ofVoidMethod$0(InterceptingExecutableInvoker.java:103)
	at org.junit.jupiter.engine.execution.InterceptingExecutableInvoker.lambda$invoke$0(InterceptingExecutableInvoker.java:93)
	at org.junit.jupiter.engine.execution.InvocationInterceptorChain$InterceptedInvocation.proceed(InvocationInterceptorChain.java:106)
	at org.junit.jupiter.engine.execution.InvocationInterceptorChain.proceed(InvocationInterceptorChain.java:64)
	at org.junit.jupiter.engine.execution.InvocationInterceptorChain.chainAndInvoke(InvocationInterceptorChain.java:45)
	at org.junit.jupiter.engine.execution.InvocationInterceptorChain.invoke(InvocationInterceptorChain.java:37)
	at org.junit.jupiter.engine.execution.InterceptingExecutableInvoker.invoke(InterceptingExecutableInvoker.java:92)
	at org.junit.jupiter.engine.execution.InterceptingExecutableInvoker.invoke(InterceptingExecutableInvoker.java:86)
	at org.junit.jupiter.engine.descriptor.TestMethodTestDescriptor.lambda$invokeTestMethod$7(TestMethodTestDescriptor.java:217)
	at org.junit.platform.engine.support.hierarchical.ThrowableCollector.execute(ThrowableCollector.java:73)
	at org.junit.jupiter.engine.descriptor.TestMethodTestDescriptor.invokeTestMethod(TestMethodTestDescriptor.java:213)
	at org.junit.jupiter.engine.descriptor.TestMethodTestDescriptor.execute(TestMethodTestDescriptor.java:138)
	at org.junit.jupiter.engine.descriptor.TestMethodTestDescriptor.execute(TestMethodTestDescriptor.java:68)
	at org.junit.platform.engine.support.hierarchical.NodeTestTask.lambda$executeRecursively$6(NodeTestTask.java:151)
	at org.junit.platform.engine.support.hierarchical.ThrowableCollector.execute(ThrowableCollector.java:73)
	at org.junit.platform.engine.support.hierarchical.NodeTestTask.lambda$executeRecursively$8(NodeTestTask.java:141)
	at org.junit.platform.engine.support.hierarchical.Node.around(Node.java:137)
	at org.junit.platform.engine.support.hierarchical.NodeTestTask.lambda$executeRecursively$9(NodeTestTask.java:139)
	at org.junit.platform.engine.support.hierarchical.ThrowableCollector.execute(ThrowableCollector.java:73)
	at org.junit.platform.engine.support.hierarchical.NodeTestTask.executeRecursively(NodeTestTask.java:138)
	at org.junit.platform.engine.support.hierarchical.NodeTestTask.execute(NodeTestTask.java:95)
	at java.base/java.util.ArrayList.forEach(ArrayList.java:1511)
	at org.junit.platform.engine.support.hierarchical.SameThreadHierarchicalTestExecutorService.invokeAll(SameThreadHierarchicalTestExecutorService.java:41)
	at org.junit.platform.engine.support.hierarchical.NodeTestTask.lambda$executeRecursively$6(NodeTestTask.java:155)
	at org.junit.platform.engine.support.hierarchical.ThrowableCollector.execute(ThrowableCollector.java:73)
	at org.junit.platform.engine.support.hierarchical.NodeTestTask.lambda$executeRecursively$8(NodeTestTask.java:141)
	at org.junit.platform.engine.support.hierarchical.Node.around(Node.java:137)
	at org.junit.platform.engine.support.hierarchical.NodeTestTask.lambda$executeRecursively$9(NodeTestTask.java:139)
	at org.junit.platform.engine.support.hierarchical.ThrowableCollector.execute(ThrowableCollector.java:73)
	at org.junit.platform.engine.support.hierarchical.NodeTestTask.executeRecursively(NodeTestTask.java:138)
	at org.junit.platform.engine.support.hierarchical.NodeTestTask.execute(NodeTestTask.java:95)
	at java.base/java.util.ArrayList.forEach(ArrayList.java:1511)
	at org.junit.platform.engine.support.hierarchical.SameThreadHierarchicalTestExecutorService.invokeAll(SameThreadHierarchicalTestExecutorService.java:41)
	at org.junit.platform.engine.support.hierarchical.NodeTestTask.lambda$executeRecursively$6(NodeTestTask.java:155)
	at org.junit.platform.engine.support.hierarchical.ThrowableCollector.execute(ThrowableCollector.java:73)
	at org.junit.platform.engine.support.hierarchical.NodeTestTask.lambda$executeRecursively$8(NodeTestTask.java:141)
	at org.junit.platform.engine.support.hierarchical.Node.around(Node.java:137)
	at org.junit.platform.engine.support.hierarchical.NodeTestTask.lambda$executeRecursively$9(NodeTestTask.java:139)
	at org.junit.platform.engine.support.hierarchical.ThrowableCollector.execute(ThrowableCollector.java:73)
	at org.junit.platform.engine.support.hierarchical.NodeTestTask.executeRecursively(NodeTestTask.java:138)
	at org.junit.platform.engine.support.hierarchical.NodeTestTask.execute(NodeTestTask.java:95)
	at org.junit.platform.engine.support.hierarchical.SameThreadHierarchicalTestExecutorService.submit(SameThreadHierarchicalTestExecutorService.java:35)
	at org.junit.platform.engine.support.hierarchical.HierarchicalTestExecutor.execute(HierarchicalTestExecutor.java:57)
	at org.junit.platform.engine.support.hierarchical.HierarchicalTestEngine.execute(HierarchicalTestEngine.java:54)
	at org.junit.platform.launcher.core.EngineExecutionOrchestrator.execute(EngineExecutionOrchestrator.java:147)
	at org.junit.platform.launcher.core.EngineExecutionOrchestrator.execute(EngineExecutionOrchestrator.java:127)
	at org.junit.platform.launcher.core.EngineExecutionOrchestrator.execute(EngineExecutionOrchestrator.java:90)
	at org.junit.platform.launcher.core.EngineExecutionOrchestrator.lambda$execute$0(EngineExecutionOrchestrator.java:55)
	at org.junit.platform.launcher.core.EngineExecutionOrchestrator.withInterceptedStreams(EngineExecutionOrchestrator.java:102)
	at org.junit.platform.launcher.core.EngineExecutionOrchestrator.execute(EngineExecutionOrchestrator.java:54)
	at org.junit.platform.launcher.core.DefaultLauncher.execute(DefaultLauncher.java:114)
	at org.junit.platform.launcher.core.DefaultLauncher.execute(DefaultLauncher.java:86)
	at org.junit.platform.launcher.core.DefaultLauncherSession$DelegatingLauncher.execute(DefaultLauncherSession.java:86)
	at org.junit.platform.launcher.core.SessionPerRequestLauncher.execute(SessionPerRequestLauncher.java:53)
	at org.apache.maven.surefire.junitplatform.JUnitPlatformProvider.execute(JUnitPlatformProvider.java:188)
	at org.apache.maven.surefire.junitplatform.JUnitPlatformProvider.invokeAllTests(JUnitPlatformProvider.java:154)
	at org.apache.maven.surefire.junitplatform.JUnitPlatformProvider.invoke(JUnitPlatformProvider.java:128)
	at org.apache.maven.surefire.booter.ForkedBooter.runSuitesInProcess(ForkedBooter.java:428)
	at org.apache.maven.surefire.booter.ForkedBooter.execute(ForkedBooter.java:162)
	at org.apache.maven.surefire.booter.ForkedBooter.run(ForkedBooter.java:562)
	at org.apache.maven.surefire.booter.ForkedBooter.main(ForkedBooter.java:548)
]]></system-err>
  </testcase>
</testsuite>